ResName	Chain	ResID	RMSF
MET  A   1  0.243598
ALA  A   2  0.233851
ILE  A   3  0.228926
GLN  A   4  0.167667
THR  A   5  0.154651
ARG  A   6  0.144303
PHE  A   7  0.067251
ALA  A   8  0.118375
SER  A   9  0.212843
GLY  A  10  0.095361
THR  A  11  0.224399
SER  A  12  0.128614
LEU  A  13  0.173738
SER  A  14  0.128861
ASP  A  15  0.133062
LEU  A  16  0.171176
LYS  A  17  0.109005
PRO  A  18  0.168605
LYS  A  19  0.096919
PRO  A  20  0.215257
SER  A  21  0.127621
ALA  A  22  0.137482
THR  A  23  0.139926
SER  A  24  0.070490
ILE  A  25  0.146482
SER  A  26  0.105939
ILE  A  27  0.226990
PRO  A  28  0.225264
MET  A  29  0.378690
GLN  A  30  0.495451
ASN  A  31  0.650627
VAL  A  32  0.809313
MET  A  33  0.737369
ASN  A  34  0.809125
LYS  A  35  0.832501
PRO  A  36  0.842516
VAL  A  37  0.917546
THR  A  38  0.939262
GLU  A  39  0.930150
GLN  A  40  0.932991
ASP  A  41  0.943928
SER  A  42  0.977678
LEU  A  43  0.990417
PHE  A  44  0.990634
HIS  A  45  0.975384
ILE  A  46  0.984662
CYS  A  47  0.992300
ALA  A  48  0.974420
ASN  A  49  0.977235
ILE  A  50  0.984881
ARG  A  51  0.980848
LYS  A  52  0.969653
ARG  A  53  0.977826
LEU  A  54  0.980038
GLU  A  55  0.969578
VAL  A  56  0.964327
LEU  A  57  0.971221
PRO  A  58  0.963046
GLN  A  59  0.965230
LEU  A  60  0.982317
LYS  A  61  0.974642
PRO  A  62  0.976495
PHE  A  63  0.992228
LEU  A  64  0.984954
GLN  A  65  0.980038
LEU  A  66  0.974271
ALA  A  67  0.988673
TYR  A  68  0.984369
GLN  A  69  0.972562
SER  A  70  0.974494
SER  A  71  0.976347
GLU  A  72  0.968157
VAL  A  73  0.964177
LEU  A  74  0.976125
SER  A  75  0.961460
GLU  A  76  0.949872
ARG  A  77  0.961082
GLN  A  78  0.965531
SER  A  79  0.945090
LEU  A  80  0.943851
LEU  A  81  0.949565
LEU  A  82  0.942687
SER  A  83  0.924036
GLN  A  84  0.922439
LYS  A  85  0.907656
GLN  A  86  0.885598
HIS  A  87  0.891053
GLN  A  88  0.888205
GLU  A  89  0.855738
LEU  A  90  0.846803
LEU  A  91  0.828400
LYS  A  92  0.817066
SER  A  93  0.708365
ASN  A  94  0.614250
GLY  A  95  0.496185
ALA  A  96  0.479700
ASN  A  97  0.431334
ARG  A  98  0.328887
ASP  A  99  0.289611
SER  A 100  0.402240
SER  A 101  0.390564
ASP  A 102  0.331862
LEU  A 103  0.331306
ALA  A 104  0.381634
PRO  A 105  0.395495
THR  A 106  0.300948
LEU  A 107  0.324401
ARG  A 108  0.245489
SER  A 109  0.305201
SER  A 110  0.194353
SER  A 111  0.309045
ILE  A 112  0.290792
SER  A 113  0.215476
THR  A 114  0.205994
ALA  A 115  0.172807
THR  A 116  0.241913
SER  A 117  0.085677
LEU  A 118  0.221148
MET  A 119  0.172807
SER  A 120  0.140170
MET  A 121  0.216570
GLU  A 122  0.147448
GLY  A 123  0.182516
ILE  A 124  0.103374
SER  A 125  0.116612
TYR  A 126  0.080120
THR  A 127  0.257969
ASN  A 128  0.151298
SER  A 129  0.140901
ASN  A 130  0.157511
PRO  A 131  0.163670
SER  A 132  0.201316
ALA  A 133  0.126379
THR  A 134  0.277085
PRO  A 135  0.378690
ASN  A 136  0.551622
MET  A 137  0.595519
GLU  A 138  0.672654
ASP  A 139  0.749850
THR  A 140  0.854506
LEU  A 141  0.929122
LEU  A 142  0.959188
THR  A 143  0.976865
PHE  A 144  0.981362
SER  A 145  0.979080
MET  A 146  0.966508
GLY  A 147  0.939808
ILE  A 148  0.952864
LEU  A 149  0.959416
PRO  A 150  0.951638
ILE  A 151  0.907493
THR  A 152  0.926742
MET  A 153  0.948256
ASP  A 154  0.929280
CYS  A 155  0.937934
ASP  A 156  0.955690
PRO  A 157  0.968307
VAL  A 158  0.996197
THR  A 159  0.994900
GLN  A 160  0.989691
LEU  A 161  0.994179
SER  A 162  0.993963
GLN  A 163  0.992734
LEU  A 164  0.996700
PHE  A 165  0.994540
GLN  A 166  0.992445
GLN  A 167  0.993385
GLY  A 168  0.993313
ALA  A 169  0.993529
PRO  A 170  0.995549
LEU  A 171  0.995693
CYS  A 172  0.994612
ILE  A 173  0.990054
LEU  A 174  0.986561
PHE  A 175  0.987071
ASN  A 176  0.983710
SER  A 177  0.971072
VAL  A 178  0.967333
LYS  A 179  0.957745
PRO  A 180  0.952558
GLN  A 181  0.944316
PHE  A 182  0.955614
LYS  A 183  0.963800
LEU  A 184  0.977013
PRO  A 185  0.973677
VAL  A 186  0.973751
ILE  A 187  0.964553
ALA  A 188  0.960173
SER  A 189  0.951791
ASP  A 190  0.936603
ASP  A 191  0.973974
LEU  A 192  0.971370
LYS  A 193  0.984369
VAL  A 194  0.987727
CYS  A 195  0.990054
LYS  A 196  0.995693
LYS  A 197  0.996053
SER  A 198  0.997060
ILE  A 199  0.996628
TYR  A 200  0.994251
ASP  A 201  0.990562
PHE  A 202  0.992300
ILE  A 203  0.984369
LEU  A 204  0.971519
GLY  A 205  0.972562
CYS  A 206  0.972487
LYS  A 207  0.958960
LYS  A 208  0.951868
HIS  A 209  0.944548
PHE  A 210  0.891303
ALA  A 211  0.879506
PHE  A 212  0.905367
ASN  A 213  0.902412
ASP  A 214  0.900683
GLU  A 215  0.896880
GLU  A 216  0.921479
LEU  A 217  0.961989
PHE  A 218  0.983930
THR  A 219  0.986998
ILE  A 220  0.993240
SER  A 221  0.988455
ASP  A 222  0.988528
VAL  A 223  0.990924
PHE  A 224  0.982757
ALA  A 225  0.969952
ASN  A 226  0.954393
SER  A 227  0.971221
THR  A 228  0.987873
SER  A 229  0.980553
GLN  A 230  0.981656
LEU  A 231  0.994323
VAL  A 232  0.988673
LYS  A 233  0.980774
VAL  A 234  0.993746
LEU  A 235  0.993385
GLU  A 236  0.978490
VAL  A 237  0.984149
VAL  A 238  0.985393
GLU  A 239  0.972785
THR  A 240  0.965531
LEU  A 241  0.967183
MET  A 242  0.969205
ASN  A 243  0.960401
SER  A 244  0.948795
SER  A 245  0.946945
PRO  A 246  0.927774
THR  A 247  0.934564
ILE  A 248  0.944858
PHE  A 249  0.960628
PRO  A 250  0.942609
SER  A 251  0.941054
LYS  A 252  0.933069
SER  A 253  0.934956
LYS  A 254  0.934249
THR  A 255  0.931808
GLN  A 256  0.912051
GLN  A 257  0.923876
ILE  A 258  0.924514
MET  A 259  0.902001
ASN  A 260  0.894139
ALA  A 261  0.898122
GLU  A 262  0.861516
ASN  A 263  0.804223
GLN  A 264  0.733821
HIS  A 265  0.663695
ARG  A 266  0.640305
HIS  A 267  0.610019
GLN  A 268  0.509561
PRO  A 269  0.557026
GLN  A 270  0.605763
GLN  A 271  0.613629
SER  A 272  0.741416
SER  A 273  0.853008
LYS  A 274  0.908472
LYS  A 275  0.906676
HIS  A 276  0.916257
ASN  A 277  0.927139
GLU  A 278  0.955156
TYR  A 279  0.964327
VAL  A 280  0.957897
LYS  A 281  0.966883
ILE  A 282  0.980333
ILE  A 283  0.982904
LYS  A 284  0.973454
GLU  A 285  0.982390
PHE  A 286  0.991649
VAL  A 287  0.992662
ALA  A 288  0.983490
THR  A 289  0.983417
GLU  A 290  0.998065
ARG  A 291  0.994828
LYS  A 292  0.980774
TYR  A 293  0.995621
VAL  A 294  0.996916
HIS  A 295  0.983710
ASP  A 296  0.978121
LEU  A 297  0.989255
GLU  A 298  0.980480
ILE  A 299  0.968906
LEU  A 300  0.966733
ASP  A 301  0.974939
LYS  A 302  0.957745
TYR  A 303  0.946636
ARG  A 304  0.949488
GLN  A 305  0.936133
GLN  A 306  0.915692
LEU  A 307  0.908798
LEU  A 308  0.906104
ASP  A 309  0.899032
SER  A 310  0.874303
ASN  A 311  0.855298
LEU  A 312  0.848137
ILE  A 313  0.874902
THR  A 314  0.908717
SER  A 315  0.910427
GLU  A 316  0.909939
GLU  A 317  0.928963
LEU  A 318  0.938012
TYR  A 319  0.937777
MET  A 320  0.939964
LEU  A 321  0.946250
PHE  A 322  0.968007
PRO  A 323  0.964553
ASN  A 324  0.956147
LEU  A 325  0.981142
GLY  A 326  0.978712
ASP  A 327  0.978638
ALA  A 328  0.982390
ILE  A 329  0.995045
ASP  A 330  0.989691
PHE  A 331  0.989545
GLN  A 332  0.996556
ARG  A 333  0.998782
ARG  A 334  0.995765
PHE  A 335  0.996628
LEU  A 336  1.000000
ILE  A 337  0.996916
SER  A 338  0.992083
LEU  A 339  0.992011
GLU  A 340  0.988964
ILE  A 341  0.980259
ASN  A 342  0.975013
ALA  A 343  0.967408
LEU  A 344  0.947331
VAL  A 345  0.939496
GLU  A 346  0.926504
PRO  A 347  0.932439
SER  A 348  0.921239
LYS  A 349  0.942299
GLN  A 350  0.965606
ARG  A 351  0.963800
ILE  A 352  0.979670
GLY  A 353  0.976421
ALA  A 354  0.960779
LEU  A 355  0.981289
PHE  A 356  0.986853
MET  A 357  0.965305
HIS  A 358  0.955004
SER  A 359  0.965305
LYS  A 360  0.958733
HIS  A 361  0.939340
PHE  A 362  0.961687
PHE  A 363  0.972934
LYS  A 364  0.955461
LEU  A 365  0.956147
TYR  A 366  0.971594
GLU  A 367  0.961157
PRO  A 368  0.964779
TRP  A 369  0.968531
SER  A 370  0.956757
ILE  A 371  0.948487
GLY  A 372  0.926106
GLN  A 373  0.929992
ASN  A 374  0.914804
ALA  A 375  0.922519
ALA  A 376  0.940197
ILE  A 377  0.913348
GLU  A 378  0.907738
PHE  A 379  0.911645
LEU  A 380  0.872331
SER  A 381  0.834678
SER  A 382  0.838833
THR  A 383  0.797282
LEU  A 384  0.722858
HIS  A 385  0.723176
LYS  A 386  0.689791
MET  A 387  0.665657
ARG  A 388  0.623859
VAL  A 389  0.544807
ASP  A 390  0.593222
GLU  A 391  0.567976
SER  A 392  0.579019
GLN  A 393  0.664619
ARG  A 394  0.772087
PHE  A 395  0.851152
ILE  A 396  0.879166
ILE  A 397  0.874816
ASN  A 398  0.771889
ASN  A 399  0.793546
LYS  A 400  0.810439
LEU  A 401  0.833137
GLU  A 402  0.874902
LEU  A 403  0.904793
GLN  A 404  0.916096
SER  A 405  0.920438
PHE  A 406  0.941910
LEU  A 407  0.953399
TYR  A 408  0.945477
LYS  A 409  0.958809
PRO  A 410  0.980112
VAL  A 411  0.973082
GLN  A 412  0.970549
ARG  A 413  0.992662
LEU  A 414  0.983344
CYS  A 415  0.973157
ARG  A 416  0.984881
TYR  A 417  0.998926
PRO  A 418  0.992517
LEU  A 419  0.988819
LEU  A 420  0.987509
VAL  A 421  0.993890
LYS  A 422  0.990634
GLU  A 423  0.983710
LEU  A 424  0.973826
LEU  A 425  0.975532
ALA  A 426  0.968681
GLU  A 427  0.953552
SER  A 428  0.929201
SER  A 429  0.875757
ASP  A 430  0.866642
ASP  A 431  0.849912
ASN  A 432  0.847337
ASN  A 433  0.884249
THR  A 434  0.939808
LYS  A 435  0.955766
GLU  A 436  0.960401
LEU  A 437  0.985100
GLU  A 438  0.989691
ALA  A 439  0.979744
ALA  A 440  0.993168
LEU  A 441  0.998997
ASP  A 442  0.995765
ILE  A 443  0.991866
SER  A 444  0.992951
LYS  A 445  0.994323
ASN  A 446  0.987727
ILE  A 447  0.977678
ALA  A 448  0.968457
ARG  A 449  0.965982
SER  A 450  0.964327
ILE  A 451  0.953017
ASN  A 452  0.935741
GLU  A 453  0.947254
ASN  A 454  0.951331
GLN  A 455  0.931572
ARG  A 456  0.937073
ARG  A 457  0.939262
THR  A 458  0.935506
GLU  A 459  0.932991
ASN  A 460  0.954011
HIS  A 461  0.938012
GLN  A 462  0.927536
VAL  A 463  0.956376
VAL  A 464  0.965305
LYS  A 465  0.943541
LYS  A 466  0.951101
LEU  A 467  0.965381
TYR  A 468  0.952098
GLY  A 469  0.944626
ARG  A 470  0.968531
VAL  A 471  0.966658
VAL  A 472  0.950564
ASN  A 473  0.948333
TRP  A 474  0.950026
LYS  A 475  0.938325
GLY  A 476  0.921639
TYR  A 477  0.935427
ARG  A 478  0.935506
ILE  A 479  0.940042
SER  A 480  0.927536
LYS  A 481  0.952711
PHE  A 482  0.967708
GLY  A 483  0.955309
GLU  A 484  0.954469
LEU  A 485  0.979817
LEU  A 486  0.963800
TYR  A 487  0.965531
PHE  A 488  0.969952
ASP  A 489  0.963649
LYS  A 490  0.964553
VAL  A 491  0.961460
PHE  A 492  0.955843
ILE  A 493  0.938403
SER  A 494  0.897377
THR  A 495  0.825928
THR  A 496  0.697434
ASN  A 497  0.635146
SER  A 498  0.594372
SER  A 499  0.614498
SER  A 500  0.661263
GLU  A 501  0.724767
PRO  A 502  0.783873
GLU  A 503  0.867766
ARG  A 504  0.913753
GLU  A 505  0.951791
PHE  A 506  0.968082
GLU  A 507  0.975606
VAL  A 508  0.980185
TYR  A 509  0.989255
LEU  A 510  0.985539
PHE  A 511  0.988018
GLU  A 512  0.968980
LYS  A 513  0.966057
ILE  A 514  0.976347
ILE  A 515  0.981068
ILE  A 516  0.978638
LEU  A 517  0.977456
PHE  A 518  0.979154
SER  A 519  0.961006
GLU  A 520  0.948487
VAL  A 521  0.922919
VAL  A 522  0.851240
THR  A 523  0.715166
LYS  A 524  0.561320
LYS  A 525  0.445361
SER  A 526  0.356115
ALA  A 527  0.260027
SER  A 528  0.277085
SER  A 529  0.318186
LEU  A 530  0.304237
ILE  A 531  0.335932
LEU  A 532  0.310194
LYS  A 533  0.341445
LYS  A 534  0.318942
LYS  A 535  0.243598
SER  A 536  0.300754
SER  A 537  0.281883
THR  A 538  0.291971
SER  A 539  0.272657
ALA  A 540  0.320829
SER  A 541  0.236194
ILE  A 542  0.350537
SER  A 543  0.311914
ALA  A 544  0.213502
SER  A 545  0.310385
ASN  A 546  0.178602
ILE  A 547  0.326087
THR  A 548  0.232356
ASP  A 549  0.241068
ASN  A 550  0.306741
ASN  A 551  0.247585
GLY  A 552  0.299006
SER  A 553  0.242966
PRO  A 554  0.388855
HIS  A 555  0.230000
HIS  A 556  0.329074
SER  A 557  0.189597
TYR  A 558  0.211743
HIS  A 559  0.286253
LYS  A 560  0.114338
ARG  A 561  0.171642
HIS  A 562  0.105170
SER  A 563  0.201093
ASN  A 564  0.057442
SER  A 565  0.138705
SER  A 566  0.170709
SER  A 567  0.105939
SER  A 568  0.132322
ASN  A 569  0.165083
ASN  A 570  0.101315
ILE  A 571  0.132076
HIS  A 572  0.049161
LEU  A 573  0.122638
SER  A 574  0.000000
SER  A 575  0.154173
SER  A 576  0.059633
SER  A 577  0.053314
ALA  A 578  0.084622
ALA  A 579  0.041344
ALA  A 580  0.022276
ILE  A 581  0.126379
ILE  A 582  0.115602
HIS  A 583  0.086204
SER  A 584  0.113832
SER  A 585  0.020543
THR  A 586  0.174667
ASN  A 587  0.006226
SER  A 588  0.205328
SER  A 589  0.079854
ASP  A 590  0.218972
ASN  A 591  0.133800
ASN  A 592  0.173970
SER  A 593  0.159886
ASN  A 594  0.197956
ASN  A 595  0.094841
SER  A 596  0.181367
SER  A 597  0.077458
SER  A 598  0.088045
SER  A 599  0.172341
SER  A 600  0.091712
LEU  A 601  0.205328
PHE  A 602  0.323651
LYS  A 603  0.197282
LEU  A 604  0.338510
SER  A 605  0.387486
ALA  A 606  0.553383
ASN  A 607  0.710964
GLU  A 608  0.835403
PRO  A 609  0.910264
LYS  A 610  0.964628
LEU  A 611  0.968082
ASP  A 612  0.966282
LEU  A 613  0.965982
ARG  A 614  0.953935
GLY  A 615  0.939340
ARG  A 616  0.955004
ILE  A 617  0.957213
MET  A 618  0.954927
ILE  A 619  0.959643
MET  A 620  0.940120
ASN  A 621  0.952098
LEU  A 622  0.950026
ASN  A 623  0.899858
GLN  A 624  0.916338
ILE  A 625  0.939106
ILE  A 626  0.945941
PRO  A 627  0.926822
GLN  A 628  0.883911
ASN  A 629  0.878315
ASN  A 630  0.894222
ARG  A 631  0.929676
SER  A 632  0.943075
LEU  A 633  0.955233
ASN  A 634  0.960552
ILE  A 635  0.953399
THR  A 636  0.948641
TRP  A 637  0.944238
GLU  A 638  0.931414
SER  A 639  0.880016
ILE  A 640  0.869837
LYS  A 641  0.871042
GLU  A 642  0.874731
GLN  A 643  0.907901
GLY  A 644  0.901095
ASN  A 645  0.924594
PHE  A 646  0.916902
LEU  A 647  0.941210
LEU  A 648  0.951945
LYS  A 649  0.955995
PHE  A 650  0.955614
LYS  A 651  0.936760
ASN  A 652  0.947022
GLU  A 653  0.959491
GLU  A 654  0.945168
THR  A 655  0.944161
ARG  A 656  0.963951
ASP  A 657  0.956224
ASN  A 658  0.954469
TRP  A 659  0.968157
SER  A 660  0.965907
SER  A 661  0.963121
CYS  A 662  0.961913
LEU  A 663  0.970027
GLN  A 664  0.960249
GLN  A 665  0.952251
LEU  A 666  0.954393
ILE  A 667  0.938090
HIS  A 668  0.926345
ASP  A 669  0.917466
LEU  A 670  0.897211
LYS  A 671  0.880355
ASN  A 672  0.883150
GLU  A 673  0.841619
GLN  A 674  0.797951
PHE  A 675  0.730886
LYS  A 676  0.738097
ALA  A 677  0.700402
ARG  A 678  0.624592
HIS  A 679  0.600344
HIS  A 680  0.538755
SER  A 681  0.495745
SER  A 682  0.496038
THR  A 683  0.384738
SER  A 684  0.326461
THR  A 685  0.276683
THR  A 686  0.274270
SER  A 687  0.265555
SER  A 688  0.297059
THR  A 689  0.323838
ALA  A 690  0.326274
LYS  A 691  0.345824
SER  A 692  0.291382
SER  A 693  0.355398
SER  A 694  0.339612
MET  A 695  0.397863
MET  A 696  0.393289
SER  A 697  0.438063
PRO  A 698  0.509561
THR  A 699  0.361116
THR  A 700  0.367140
THR  A 701  0.399045
MET  A 702  0.406257
ASN  A 703  0.344731
THR  A 704  0.387828
PRO  A 705  0.379384
ASN  A 706  0.323838
HIS  A 707  0.363957
HIS  A 708  0.390735
ASN  A 709  0.340346
SER  A 710  0.294128
ARG  A 711  0.293345
GLN  A 712  0.327395
THR  A 713  0.333900
HIS  A 714  0.303851
ASP  A 715  0.287835
SER  A 716  0.286451
MET  A 717  0.298812
ALA  A 718  0.287835
SER  A 719  0.178140
PHE  A 720  0.230643
SER  A 721  0.142118
SER  A 722  0.221365
SER  A 723  0.172341
HIS  A 724  0.182745
MET  A 725  0.157749
LYS  A 726  0.172807
ARG  A 727  0.145030
VAL  A 728  0.106707
SER  A 729  0.106195
ASP  A 730  0.119631
VAL  A 731  0.241279
LEU  A 732  0.148653
PRO  A 733  0.261260
LYS  A 734  0.215476
ARG  A 735  0.091974
ARG  A 736  0.174435
THR  A 737  0.099766
THR  A 738  0.197731
SER  A 739  0.099250
SER  A 740  0.123887
SER  A 741  0.157749
PHE  A 742  0.092757
GLU  A 743  0.177447
SER  A 744  0.211082
GLU  A 745  0.207103
ILE  A 746  0.284667
LYS  A 747  0.339061
SER  A 748  0.468948
ILE  A 749  0.525367
SER  A 750  0.505517
GLU  A 751  0.582143
ASN  A 752  0.512579
PHE  A 753  0.637070
LYS  A 754  0.693900
ASN  A 755  0.736014
SER  A 756  0.779869
ILE  A 757  0.774066
PRO  A 758  0.832955
GLU  A 759  0.819292
SER  A 760  0.887869
SER  A 761  0.897957
ILE  A 762  0.904465
LEU  A 763  0.896133
PHE  A 764  0.925231
ARG  A 765  0.861342
ILE  A 766  0.882728
SER  A 767  0.844305
TYR  A 768  0.802518
ASN  A 769  0.707389
ASN  A 770  0.649448
ASN  A 771  0.554464
SER  A 772  0.433263
ASN  A 773  0.337223
ASN  A 774  0.393119
THR  A 775  0.308278
SER  A 776  0.396680
SER  A 777  0.441563
SER  A 778  0.612013
GLU  A 779  0.719449
ILE  A 780  0.750054
PHE  A 781  0.806867
THR  A 782  0.841171
LEU  A 783  0.880100
LEU  A 784  0.892472
VAL  A 785  0.908961
GLU  A 786  0.907983
LYS  A 787  0.891971
VAL  A 788  0.925390
TRP  A 789  0.921799
ASN  A 790  0.935270
PHE  A 791  0.927298
ASP  A 792  0.907738
ASP  A 793  0.923797
LEU  A 794  0.917627
ILE  A 795  0.915450
MET  A 796  0.904301
ALA  A 797  0.898949
ILE  A 798  0.896548
ASN  A 799  0.885429
SER  A 800  0.853008
LYS  A 801  0.839733
ILE  A 802  0.798905
SER  A 803  0.775940
ASN  A 804  0.726038
THR  A 805  0.674478
HIS  A 806  0.648267
ASN  A 807  0.542338
ASN  A 808  0.547132
ASN  A 809  0.572335
ILE  A 810  0.650155
SER  A 811  0.695559
PRO  A 812  0.723601
ILE  A 813  0.747802
THR  A 814  0.736952
LYS  A 815  0.783581
ILE  A 816  0.918351
LYS  A 817  0.934013
TYR  A 818  0.950103
GLN  A 819  0.934249
ASP  A 820  0.927378
GLU  A 821  0.868457
ASP  A 822  0.870181
GLY  A 823  0.842516
ASP  A 824  0.888372
PHE  A 825  0.903563
VAL  A 826  0.926027
VAL  A 827  0.931256
LEU  A 828  0.925470
GLY  A 829  0.904875
SER  A 830  0.933935
ASP  A 831  0.934642
GLU  A 832  0.935113
ASP  A 833  0.943851
TRP  A 834  0.942609
ASN  A 835  0.941443
VAL  A 836  0.940976
ALA  A 837  0.933305
LYS  A 838  0.932675
GLU  A 839  0.930545
MET  A 840  0.943308
LEU  A 841  0.910752
ALA  A 842  0.891220
GLU  A 843  0.888205
ASN  A 844  0.854594
ASN  A 845  0.847603
GLU  A 846  0.860120
LYS  A 847  0.854066
PHE  A 848  0.895469
LEU  A 849  0.919556
ASN  A 850  0.907575
ILE  A 851  0.917546
ARG  A 852  0.880864
LEU  A 853  0.849557
