ResName	Chain	ResID	RMSF
MET  A   1  0.000000
GLY  A   2  0.241655
CYS  A   3  0.359331
THR  A   4  0.515305
LEU  A   5  0.557395
SER  A   6  0.773180
ALA  A   7  0.796583
GLU  A   8  0.813857
ASP  A   9  0.836971
LYS  A  10  0.837764
ALA  A  11  0.862858
ALA  A  12  0.862211
VAL  A  13  0.883098
GLU  A  14  0.896979
ARG  A  15  0.904354
SER  A  16  0.916500
LYS  A  17  0.917855
MET  A  18  0.905849
ILE  A  19  0.897104
ASP  A  20  0.897355
ARG  A  21  0.893965
ASN  A  22  0.883733
LEU  A  23  0.848942
ARG  A  24  0.810342
GLU  A  25  0.808038
ASP  A  26  0.790950
GLY  A  27  0.759242
GLU  A  28  0.744987
LYS  A  29  0.741827
ALA  A  30  0.712831
ALA  A  31  0.750140
ARG  A  32  0.853122
GLU  A  33  0.915390
VAL  A  34  0.938595
LYS  A  35  0.955989
LEU  A  36  0.973940
LEU  A  37  0.987103
LEU  A  38  0.991034
LEU  A  39  0.992418
GLY  A  40  0.988376
ALA  A  41  0.975462
GLY  A  42  0.947505
GLU  A  43  0.953009
SER  A  44  0.984784
GLY  A  45  0.978500
LYS  A  46  0.985712
SER  A  47  0.983739
THR  A  48  0.986408
ILE  A  49  0.985480
VAL  A  50  0.975696
LYS  A  51  0.974526
GLN  A  52  0.981763
MET  A  53  0.963700
LYS  A  54  0.951815
ILE  A  55  0.960029
ILE  A  56  0.952770
HIS  A  57  0.926685
GLU  A  58  0.878391
ALA  A  59  0.904230
GLY  A  60  0.941854
TYR  A  61  0.964527
SER  A  62  0.970067
GLU  A  63  0.968890
GLU  A  64  0.969008
GLU  A  65  0.972181
CYS  A  66  0.983042
LYS  A  67  0.965708
GLN  A  68  0.959198
TYR  A  69  0.975696
LYS  A  70  0.966534
ALA  A  71  0.958723
VAL  A  72  0.971712
VAL  A  73  0.983391
TYR  A  74  0.971712
SER  A  75  0.960385
ASN  A  76  0.978617
THR  A  77  0.984088
ILE  A  78  0.971007
GLN  A  79  0.970419
SER  A  80  0.991264
ILE  A  81  0.994261
ILE  A  82  0.988492
ALA  A  83  0.994030
ILE  A  84  0.999084
ILE  A  85  0.996100
ARG  A  86  0.992072
ALA  A  87  0.994376
MET  A  88  0.995296
GLY  A  89  0.979550
ARG  A  90  0.977449
LEU  A  91  0.988607
LYS  A  92  0.988607
ILE  A  93  0.992187
ASP  A  94  0.992648
PHE  A  95  0.996904
GLY  A  96  0.988260
ASP  A  97  0.986640
SER  A  98  0.966534
ALA  A  99  0.963464
ARG  A 100  0.990687
ALA  A 101  0.979783
ASP  A 102  0.985480
ASP  A 103  0.992533
ALA  A 104  0.988839
ARG  A 105  0.979550
GLN  A 106  0.980599
LEU  A 107  0.983856
PHE  A 108  0.969479
VAL  A 109  0.968066
LEU  A 110  0.956227
ALA  A 111  0.931683
GLY  A 112  0.901485
ALA  A 113  0.893965
ALA  A 114  0.821927
GLU  A 115  0.816149
GLU  A 116  0.765740
GLY  A 117  0.747996
PHE  A 118  0.848680
MET  A 119  0.918594
THR  A 120  0.927784
ALA  A 121  0.929248
GLU  A 122  0.953486
LEU  A 123  0.965354
ALA  A 124  0.973588
GLY  A 125  0.980016
VAL  A 126  0.989763
ILE  A 127  0.993109
LYS  A 128  0.990456
ARG  A 129  0.994606
LEU  A 130  0.998396
TRP  A 131  0.997019
LYS  A 132  0.993915
ASP  A 133  0.998740
SER  A 134  0.996330
GLY  A 135  0.997363
VAL  A 136  0.998625
GLN  A 137  0.998052
ALA  A 138  0.993685
CYS  A 139  0.997019
PHE  A 140  0.993685
ASN  A 141  0.975930
ARG  A 142  0.973940
SER  A 143  0.973588
ARG  A 144  0.949542
GLU  A 145  0.963937
TYR  A 146  0.979200
GLN  A 147  0.973471
LEU  A 148  0.983972
ASN  A 149  0.948344
ASP  A 150  0.948464
SER  A 151  0.974994
ALA  A 152  0.992533
ALA  A 153  0.986524
TYR  A 154  0.992418
TYR  A 155  0.992994
LEU  A 156  0.994951
ASN  A 157  0.991957
ASP  A 158  0.981297
LEU  A 159  0.973823
ASP  A 160  0.962636
ARG  A 161  0.974760
ILE  A 162  0.962280
ALA  A 163  0.946665
GLN  A 164  0.948943
SER  A 165  0.901110
ASN  A 166  0.932048
TYR  A 167  0.959673
ILE  A 168  0.966180
PRO  A 169  0.988492
THR  A 170  0.984900
GLN  A 171  0.982345
GLN  A 172  0.985712
ASP  A 173  0.990803
VAL  A 174  0.989532
LEU  A 175  0.988954
ARG  A 176  0.987913
THR  A 177  0.986524
ARG  A 178  0.963818
VAL  A 179  0.958129
LYS  A 180  0.949662
THR  A 181  0.943420
THR  A 182  0.934234
GLY  A 183  0.931926
ILE  A 184  0.946785
VAL  A 185  0.953247
GLU  A 186  0.962872
THR  A 187  0.952531
HIS  A 188  0.953605
PHE  A 189  0.947865
THR  A 190  0.915513
PHE  A 191  0.910072
LYS  A 192  0.878773
ASP  A 193  0.841458
LEU  A 194  0.912919
HIS  A 195  0.928516
PHE  A 196  0.956941
LYS  A 197  0.965000
MET  A 198  0.975813
PHE  A 199  0.986292
ASP  A 200  0.983856
VAL  A 201  0.979317
GLY  A 202  0.969243
GLY  A 203  0.953486
GLN  A 204  0.955512
ARG  A 205  0.953247
SER  A 206  0.947745
GLU  A 207  0.964882
ARG  A 208  0.955512
LYS  A 209  0.939561
LYS  A 210  0.955393
TRP  A 211  0.966298
ILE  A 212  0.927052
HIS  A 213  0.930953
CYS  A 214  0.952889
PHE  A 215  0.945705
GLU  A 216  0.922892
GLY  A 217  0.900485
VAL  A 218  0.950021
THR  A 219  0.928028
ALA  A 220  0.955393
ILE  A 221  0.978500
ILE  A 222  0.988145
PHE  A 223  0.997019
CYS  A 224  0.997937
VAL  A 225  1.000000
ALA  A 226  0.996445
LEU  A 227  0.998969
SER  A 228  0.990225
ASP  A 229  0.990803
TYR  A 230  0.992302
ASP  A 231  0.982577
LEU  A 232  0.983391
VAL  A 233  0.976632
LEU  A 234  0.957416
ALA  A 235  0.926197
GLU  A 236  0.929492
ASP  A 237  0.938232
GLU  A 238  0.906968
GLU  A 239  0.937627
MET  A 240  0.969243
ASN  A 241  0.986060
ARG  A 242  0.989186
MET  A 243  0.994836
HIS  A 244  0.991957
GLU  A 245  0.989417
SER  A 246  0.996215
MET  A 247  0.997249
LYS  A 248  0.991264
LEU  A 249  0.987913
PHE  A 250  0.995871
ASP  A 251  0.994261
SER  A 252  0.978967
ILE  A 253  0.975111
CYS  A 254  0.975228
ASN  A 255  0.976515
ASN  A 256  0.953009
LYS  A 257  0.942697
TRP  A 258  0.938232
PHE  A 259  0.945945
THR  A 260  0.914032
ASP  A 261  0.878773
THR  A 262  0.925218
SER  A 263  0.924729
ILE  A 264  0.965118
ILE  A 265  0.981181
LEU  A 266  0.994030
PHE  A 267  0.998281
LEU  A 268  0.999542
ASN  A 269  0.998511
LYS  A 270  0.994145
LYS  A 271  0.992763
ASP  A 272  0.986176
LEU  A 273  0.989186
PHE  A 274  0.996789
GLU  A 275  0.994376
GLU  A 276  0.976047
LYS  A 277  0.983042
ILE  A 278  0.990456
LYS  A 279  0.976982
LYS  A 280  0.959792
SER  A 281  0.972768
PRO  A 282  0.983042
LEU  A 283  0.994261
THR  A 284  0.991495
ILE  A 285  0.970889
CYS  A 286  0.987450
TYR  A 287  0.987682
PRO  A 288  0.982926
GLU  A 289  0.972416
TYR  A 290  0.989879
THR  A 291  0.978033
GLY  A 292  0.968655
SER  A 293  0.978267
ASN  A 294  0.980249
THR  A 295  0.989532
TYR  A 296  0.993340
GLU  A 297  0.991495
GLU  A 298  0.992763
ALA  A 299  0.997363
ALA  A 300  0.997708
ALA  A 301  0.995181
TYR  A 302  0.998052
ILE  A 303  0.998281
GLN  A 304  0.996789
CYS  A 305  0.988954
GLN  A 306  0.993570
PHE  A 307  0.997478
GLU  A 308  0.987566
ASP  A 309  0.983856
LEU  A 310  0.990918
ASN  A 311  0.982693
LYS  A 312  0.970184
ARG  A 313  0.935084
LYS  A 314  0.913908
ASP  A 315  0.898358
THR  A 316  0.893965
LYS  A 317  0.891573
GLU  A 318  0.904230
ILE  A 319  0.959436
TYR  A 320  0.958129
THR  A 321  0.985596
HIS  A 322  0.990456
PHE  A 323  0.994145
THR  A 324  0.994145
CYS  A 325  0.991034
ALA  A 326  0.983158
THR  A 327  0.976865
ASP  A 328  0.988839
THR  A 329  0.983042
LYS  A 330  0.980366
ASN  A 331  0.983739
VAL  A 332  0.979317
GLN  A 333  0.967242
PHE  A 334  0.965236
VAL  A 335  0.950858
PHE  A 336  0.940044
ASP  A 337  0.946785
ALA  A 338  0.924974
VAL  A 339  0.910443
THR  A 340  0.919332
ASP  A 341  0.888671
VAL  A 342  0.846322
ILE  A 343  0.860917
ILE  A 344  0.844221
LYS  A 345  0.811695
ASN  A 346  0.770939
ASN  A 347  0.702899
LEU  A 348  0.654532
LYS  A 349  0.623177
ASP  A 350  0.574036
CYS  A 351  0.485386
GLY  A 352  0.309005
LEU  A 353  0.275397
