ResName	Chain	ResID	RMSF
MET  A   1  0.000000
THR  A   2  0.093646
HIS  A   3  0.386464
ASN  A   4  0.487618
ILE  A   5  0.595185
HIS  A   6  0.541907
ASP  A   7  0.607970
ASN  A   8  0.649820
ILE  A   9  0.786976
SER  A  10  0.801161
GLN  A  11  0.801669
TRP  A  12  0.757476
MET  A  13  0.801161
LYS  A  14  0.752432
SER  A  15  0.635164
ASN  A  16  0.513443
GLU  A  17  0.676232
GLU  A  18  0.748967
THR  A  19  0.858550
PRO  A  20  0.899848
ILE  A  21  0.970489
VAL  A  22  0.963574
MET  A  23  0.944977
SER  A  24  0.950262
SER  A  25  0.970920
ARG  A  26  0.984394
ILE  A  27  0.996646
ARG  A  28  0.992016
LEU  A  29  0.993386
ALA  A  30  0.989799
ARG  A  31  0.990749
ASN  A  32  0.990116
LEU  A  33  0.988212
GLU  A  34  0.961621
ASN  A  35  0.935551
HIS  A  36  0.961838
VAL  A  37  0.946300
HIS  A  38  0.942324
PRO  A  39  0.942103
LEU  A  40  0.901691
MET  A  41  0.941881
TYR  A  42  0.953223
ALA  A  43  0.935885
THR  A  44  0.950152
GLU  A  45  0.944093
ASN  A  46  0.965956
ASP  A  47  0.966281
GLY  A  48  0.980349
PHE  A  49  0.985987
ARG  A  50  0.981735
VAL  A  51  0.989904
ILE  A  52  0.993070
ASN  A  53  0.985138
GLU  A  54  0.988318
VAL  A  55  0.992543
GLN  A  56  0.987683
ASP  A  57  0.987259
ALA  A  58  0.988424
LEU  A  59  0.986729
PRO  A  60  0.956939
ASN  A  61  0.953661
PHE  A  62  0.983969
GLU  A  63  0.984076
LEU  A  64  0.990855
MET  A  65  0.986835
ARG  A  66  0.987683
LEU  A  67  0.982161
ASP  A  68  0.952237
GLN  A  69  0.963682
MET  A  70  0.961946
ASP  A  71  0.951030
GLN  A  72  0.941549
GLN  A  73  0.930189
SER  A  74  0.940773
LYS  A  75  0.964982
MET  A  76  0.948723
LYS  A  77  0.938887
MET  A  78  0.947953
VAL  A  79  0.947733
ALA  A  80  0.911545
LYS  A  81  0.916323
HIS  A  82  0.917570
LEU  A  83  0.941327
ILE  A  84  0.968765
SER  A  85  0.952894
PRO  A  86  0.941881
GLU  A  87  0.945308
LEU  A  88  0.977037
ILE  A  89  0.967577
LYS  A  90  0.936219
GLN  A  91  0.942656
PRO  A  92  0.901691
ALA  A  93  0.963899
ALA  A  94  0.987259
ALA  A  95  0.997695
VAL  A  96  0.998324
LEU  A  97  0.997695
VAL  A  98  0.986199
ASN  A  99  0.970920
ASP  A 100  0.928396
ASP  A 101  0.917570
GLU  A 102  0.945859
SER  A 103  0.955738
LEU  A 104  0.983863
SER  A 105  0.989587
VAL  A 106  0.999372
MET  A 107  1.000000
ILE  A 108  0.998743
ASN  A 109  0.989164
GLU  A 110  0.963032
GLU  A 111  0.944314
ASP  A 112  0.979816
HIS  A 113  0.991594
ILE  A 114  0.996856
ARG  A 115  0.994123
ILE  A 116  0.999372
GLN  A 117  0.998429
ALA  A 118  0.993597
MET  A 119  0.966172
GLY  A 120  0.942324
THR  A 121  0.917570
ASP  A 122  0.861667
THR  A 123  0.871197
THR  A 124  0.953223
LEU  A 125  0.990116
GLN  A 126  0.988000
ALA  A 127  0.987683
LEU  A 128  0.993807
TYR  A 129  0.999372
ASN  A 130  0.996541
GLN  A 131  0.990010
ALA  A 132  0.998324
SER  A 133  0.993597
SER  A 134  0.991277
ILE  A 135  0.994754
ASP  A 136  0.994649
ASP  A 137  0.987789
GLU  A 138  0.985987
LEU  A 139  0.991488
ASP  A 140  0.965199
ARG  A 141  0.974895
SER  A 142  0.973715
LEU  A 143  0.983225
ASP  A 144  0.978000
ILE  A 145  0.988530
SER  A 146  0.979816
TYR  A 147  0.977144
ASP  A 148  0.972533
GLU  A 149  0.955520
GLN  A 150  0.949712
LEU  A 151  0.959228
GLY  A 152  0.973178
TYR  A 153  0.979389
LEU  A 154  0.964549
THR  A 155  0.948173
THR  A 156  0.930749
CYS  A 157  0.872264
PRO  A 158  0.861547
THR  A 159  0.831303
ASN  A 160  0.910860
ILE  A 161  0.940441
GLY  A 162  0.972748
THR  A 163  0.976288
GLY  A 164  0.975645
MET  A 165  0.988424
ARG  A 166  0.978748
ALA  A 167  0.990010
SER  A 168  0.986623
VAL  A 169  0.985244
MET  A 170  0.971565
LEU  A 171  0.981095
HIS  A 172  0.984501
LEU  A 173  0.992438
PRO  A 174  0.986517
GLY  A 175  0.985562
LEU  A 176  0.986517
SER  A 177  0.971243
ILE  A 178  0.954098
MET  A 179  0.951908
LYS  A 180  0.957921
ARG  A 181  0.963465
MET  A 182  0.958248
THR  A 183  0.938776
ARG  A 184  0.951579
ILE  A 185  0.957594
ALA  A 186  0.953770
GLN  A 187  0.952237
THR  A 188  0.951908
ILE  A 189  0.959446
ASN  A 190  0.947623
ARG  A 191  0.905942
PHE  A 192  0.874512
GLY  A 193  0.930749
TYR  A 194  0.961946
THR  A 195  0.959555
ILE  A 196  0.957048
ARG  A 197  0.925700
GLY  A 198  0.910746
ILE  A 199  0.829823
TYR  A 200  0.740925
GLY  A 201  0.593013
GLU  A 202  0.507722
GLY  A 203  0.608429
SER  A 204  0.547279
GLN  A 205  0.695957
VAL  A 206  0.826237
TYR  A 207  0.915187
GLY  A 208  0.942988
HIS  A 209  0.975109
THR  A 210  0.968765
TYR  A 211  0.972748
GLN  A 212  0.968765
VAL  A 213  0.984288
SER  A 214  0.979922
ASN  A 215  0.972211
GLN  A 216  0.924688
LEU  A 217  0.884862
THR  A 218  0.914732
LEU  A 219  0.928845
GLY  A 220  0.928957
LYS  A 221  0.927835
SER  A 222  0.962923
GLU  A 223  0.980349
LEU  A 224  0.977893
GLU  A 225  0.972855
ILE  A 226  0.979495
ILE  A 227  0.988318
GLU  A 228  0.977465
THR  A 229  0.967469
LEU  A 230  0.985562
THR  A 231  0.982587
GLU  A 232  0.977893
VAL  A 233  0.976609
VAL  A 234  0.983331
ASN  A 235  0.983225
GLN  A 236  0.981202
ILE  A 237  0.989799
ILE  A 238  0.989799
HIS  A 239  0.989799
ASP  A 240  0.987365
GLU  A 241  0.997905
LYS  A 242  0.992754
GLN  A 243  0.986199
ILE  A 244  0.984394
ARG  A 245  0.989164
GLN  A 246  0.975324
LYS  A 247  0.966929
LEU  A 248  0.958139
ASP  A 249  0.951579
THR  A 250  0.954208
TYR  A 251  0.939553
ASN  A 252  0.910518
GLN  A 253  0.953332
LEU  A 254  0.977786
GLU  A 255  0.976288
THR  A 256  0.979495
GLN  A 257  0.988635
ASP  A 258  0.994965
ARG  A 259  0.982267
VAL  A 260  0.993702
PHE  A 261  0.996856
ARG  A 262  0.998429
SER  A 263  0.997380
LEU  A 264  0.994544
GLY  A 265  0.994965
ILE  A 266  0.998534
LEU  A 267  0.992332
GLN  A 268  0.983438
ASN  A 269  0.994123
CYS  A 270  0.991066
ARG  A 271  0.990221
MET  A 272  0.986517
ILE  A 273  0.994333
THR  A 274  0.975538
MET  A 275  0.955301
GLU  A 276  0.960425
GLU  A 277  0.981415
ALA  A 278  0.989482
SER  A 279  0.982161
TYR  A 280  0.980989
ARG  A 281  0.993597
LEU  A 282  0.989376
SER  A 283  0.988741
GLU  A 284  0.986199
VAL  A 285  0.988530
LYS  A 286  0.981415
LEU  A 287  0.983119
GLY  A 288  0.984182
ILE  A 289  0.968225
ASP  A 290  0.962598
LEU  A 291  0.966821
ASN  A 292  0.958793
TYR  A 293  0.969412
ILE  A 294  0.954973
GLU  A 295  0.937665
LEU  A 296  0.916096
GLN  A 297  0.792622
ASN  A 298  0.817780
PHE  A 299  0.911545
LYS  A 300  0.910061
PHE  A 301  0.938110
ASN  A 302  0.909947
GLU  A 303  0.911773
LEU  A 304  0.936775
MET  A 305  0.935105
VAL  A 306  0.923336
ALA  A 307  0.923448
ILE  A 308  0.944314
GLN  A 309  0.934213
SER  A 310  0.934659
PRO  A 311  0.927386
PHE  A 312  0.928620
LEU  A 313  0.932427
LEU  A 314  0.887783
ASP  A 315  0.841972
GLU  A 316  0.724376
GLU  A 317  0.822266
ASP  A 318  0.851564
ASP  A 319  0.893253
LYS  A 320  0.928733
SER  A 321  0.948613
VAL  A 322  0.955411
LYS  A 323  0.977786
GLU  A 324  0.979175
LYS  A 325  0.963899
ARG  A 326  0.972641
ALA  A 327  0.982161
ASP  A 328  0.959337
ILE  A 329  0.941106
LEU  A 330  0.963574
ARG  A 331  0.961077
GLU  A 332  0.932315
HIS  A 333  0.909261
ILE  A 334  0.893717
