ResName	Chain	ResID	RMSF
MET  A   1  0.206636
ARG  A   2  0.212723
ILE  A   3  0.288615
GLU  A   4  0.262232
GLU  A   5  0.256314
ARG  A   6  0.267499
LYS  A   7  0.282102
SER  A   8  0.285661
GLN  A   9  0.260196
HIS  A  10  0.296826
LEU  A  11  0.341243
THR  A  12  0.443413
GLY  A  13  0.577615
LEU  A  14  0.565985
THR  A  15  0.814180
ASP  A  16  0.828106
GLU  A  17  0.775187
LYS  A  18  0.801737
VAL  A  19  0.806617
LYS  A  20  0.807629
ALA  A  21  0.786290
TYR  A  22  0.839265
LEU  A  23  0.833510
SER  A  24  0.774026
LEU  A  25  0.783999
HIS  A  26  0.818284
PRO  A  27  0.838293
GLN  A  28  0.860360
VAL  A  29  0.869110
LEU  A  30  0.853328
ASP  A  31  0.852468
GLU  A  32  0.885954
PHE  A  33  0.886686
VAL  A  34  0.895418
SER  A  35  0.845750
GLU  A  36  0.914894
SER  A  37  0.916128
VAL  A  38  0.896864
SER  A  39  0.885679
ALA  A  40  0.874703
GLU  A  41  0.856282
THR  A  42  0.863665
VAL  A  43  0.860550
GLU  A  44  0.828796
LYS  A  45  0.838973
TRP  A  46  0.861778
LEU  A  47  0.807629
LYS  A  48  0.747157
ARG  A  49  0.766702
LYS  A  50  0.732812
ASN  A  51  0.510287
ASN  A  52  0.385534
LYS  A  53  0.430570
SER  A  54  0.252413
GLU  A  55  0.062529
ASP  A  56  0.066716
GLU  A  57  0.031480
SER  A  58  0.040439
ALA  A  59  0.000000
PRO  A  60  0.169081
LYS  A  61  0.080173
GLU  A  62  0.209033
VAL  A  63  0.134434
SER  A  64  0.100183
ARG  A  65  0.215534
TYR  A  66  0.207509
GLN  A  67  0.250352
ASP  A  68  0.249113
THR  A  69  0.365129
ASN  A  70  0.393824
MET  A  71  0.466137
GLN  A  72  0.439857
GLY  A  73  0.457475
VAL  A  74  0.483178
VAL  A  75  0.477178
TYR  A  76  0.530308
GLU  A  77  0.515157
LEU  A  78  0.517653
ASN  A  79  0.530452
SER  A  80  0.627847
TYR  A  81  0.587601
ILE  A  82  0.559757
GLU  A  83  0.571616
GLN  A  84  0.572984
ARG  A  85  0.537489
LEU  A  86  0.478721
ASP  A  87  0.448075
THR  A  88  0.382925
GLY  A  89  0.401857
GLY  A  90  0.486542
ASP  A  91  0.662355
ASN  A  92  0.732589
GLN  A  93  0.796622
LEU  A  94  0.798262
LEU  A  95  0.783477
LEU  A  96  0.853423
TYR  A  97  0.875446
GLU  A  98  0.836734
LEU  A  99  0.861211
SER  A 100  0.902353
SER  A 101  0.883753
ILE  A 102  0.858656
ILE  A 103  0.900018
LYS  A 104  0.934499
ILE  A 105  0.895509
ALA  A 106  0.864888
THR  A 107  0.902532
LYS  A 108  0.907180
ALA  A 109  0.937762
ASP  A 110  0.938789
GLY  A 111  0.935101
PHE  A 112  0.951101
ALA  A 113  0.944247
LEU  A 114  0.939559
TYR  A 115  0.942034
PHE  A 116  0.925411
LEU  A 117  0.875260
GLY  A 118  0.802145
GLU  A 119  0.692125
CYS  A 120  0.635831
ASN  A 121  0.707919
ASN  A 122  0.813879
SER  A 123  0.882283
LEU  A 124  0.905663
CYS  A 125  0.893607
ILE  A 126  0.912154
PHE  A 127  0.896322
THR  A 128  0.832432
PRO  A 129  0.764459
PRO  A 130  0.687773
GLY  A 131  0.554179
ILE  A 132  0.455254
LYS  A 133  0.362630
GLU  A 134  0.331444
GLY  A 135  0.485626
LYS  A 136  0.471910
PRO  A 137  0.573120
ARG  A 138  0.711819
LEU  A 139  0.800308
ILE  A 140  0.832922
PRO  A 141  0.841982
ALA  A 142  0.838195
GLY  A 143  0.834292
PRO  A 144  0.867330
ILE  A 145  0.874889
THR  A 146  0.845557
GLN  A 147  0.801839
GLY  A 148  0.804181
THR  A 149  0.867611
THR  A 150  0.917097
VAL  A 151  0.928278
SER  A 152  0.936046
ALA  A 153  0.928278
TYR  A 154  0.932776
VAL  A 155  0.947639
ALA  A 156  0.932431
LYS  A 157  0.911799
SER  A 158  0.917536
ARG  A 159  0.911799
LYS  A 160  0.930530
THR  A 161  0.948569
LEU  A 162  0.949752
LEU  A 163  0.954295
VAL  A 164  0.945775
GLU  A 165  0.928192
ASP  A 166  0.916128
ILE  A 167  0.897045
LEU  A 168  0.835758
GLY  A 169  0.845943
ASP  A 170  0.875724
GLU  A 171  0.879703
ARG  A 172  0.869484
PHE  A 173  0.901725
PRO  A 174  0.835172
ARG  A 175  0.836149
GLY  A 176  0.873587
THR  A 177  0.858371
GLY  A 178  0.801839
LEU  A 179  0.748905
GLU  A 180  0.538632
SER  A 181  0.526257
GLY  A 182  0.581814
THR  A 183  0.642984
ARG  A 184  0.833705
ILE  A 185  0.890427
GLN  A 186  0.901097
SER  A 187  0.949498
VAL  A 188  0.963138
LEU  A 189  0.975238
CYS  A 190  0.969829
LEU  A 191  0.965540
PRO  A 192  0.952111
ILE  A 193  0.922096
VAL  A 194  0.876188
THR  A 195  0.793743
ALA  A 196  0.733480
ILE  A 197  0.754882
GLY  A 198  0.792196
ASP  A 199  0.858276
LEU  A 200  0.892700
ILE  A 201  0.864794
GLY  A 202  0.920433
ILE  A 203  0.950848
LEU  A 204  0.964878
GLU  A 205  0.966284
LEU  A 206  0.968182
TYR  A 207  0.962640
ARG  A 208  0.953876
HIS  A 209  0.925846
TRP  A 210  0.870045
GLY  A 211  0.875724
LYS  A 212  0.893426
GLU  A 213  0.914982
ALA  A 214  0.936818
PHE  A 215  0.953792
CYS  A 216  0.933293
LEU  A 217  0.924017
SER  A 218  0.897406
HIS  A 219  0.934240
GLN  A 220  0.924801
GLU  A 221  0.887417
VAL  A 222  0.877022
ALA  A 223  0.908515
THR  A 224  0.887691
ALA  A 225  0.850076
ASN  A 226  0.845461
LEU  A 227  0.858276
ALA  A 228  0.803774
TRP  A 229  0.764031
ALA  A 230  0.773603
SER  A 231  0.766808
VAL  A 232  0.758016
ALA  A 233  0.752605
ILE  A 234  0.769363
HIS  A 235  0.760062
GLN  A 236  0.764245
VAL  A 237  0.748031
GLN  A 238  0.761995
VAL  A 239  0.791266
CYS  A 240  0.781910
ARG  A 241  0.767767
GLY  A 242  0.795800
LEU  A 243  0.844013
ALA  A 244  0.814180
LYS  A 245  0.775925
GLN  A 246  0.814882
THR  A 247  0.850746
GLU  A 248  0.802960
LEU  A 249  0.801635
ASN  A 250  0.828599
ASP  A 251  0.854091
PHE  A 252  0.810256
LEU  A 253  0.810458
LEU  A 254  0.828894
ASP  A 255  0.773286
VAL  A 256  0.771380
SER  A 257  0.777399
LYS  A 258  0.777189
THR  A 259  0.744638
TYR  A 260  0.732143
PHE  A 261  0.732366
ASP  A 262  0.739134
ASN  A 263  0.710445
ILE  A 264  0.709298
VAL  A 265  0.692477
ALA  A 266  0.720238
ILE  A 267  0.770638
ASP  A 268  0.769257
SER  A 269  0.793227
LEU  A 270  0.827415
LEU  A 271  0.864136
GLU  A 272  0.849980
HIS  A 273  0.829583
ILE  A 274  0.877022
MET  A 275  0.899748
ILE  A 276  0.872191
TYR  A 277  0.851129
ALA  A 278  0.899298
LYS  A 279  0.916392
ASN  A 280  0.886228
LEU  A 281  0.874796
VAL  A 282  0.906734
ASN  A 283  0.908248
ALA  A 284  0.937762
ASP  A 285  0.928538
ARG  A 286  0.918854
CYS  A 287  0.927410
ALA  A 288  0.917009
LEU  A 289  0.923231
PHE  A 290  0.932517
GLN  A 291  0.936733
VAL  A 292  0.943737
ASP  A 293  0.941267
HIS  A 294  0.921658
LYS  A 295  0.925672
ASN  A 296  0.949583
LYS  A 297  0.945945
GLU  A 298  0.962142
LEU  A 299  0.941096
TYR  A 300  0.918766
SER  A 301  0.877577
ASP  A 302  0.788471
LEU  A 303  0.810458
PHE  A 304  0.801533
ASP  A 305  0.808236
ILE  A 306  0.711819
GLY  A 307  0.720465
GLU  A 308  0.730693
GLU  A 309  0.702381
LYS  A 310  0.625679
GLU  A 311  0.660036
GLY  A 312  0.624273
LYS  A 313  0.616558
PRO  A 314  0.636838
VAL  A 315  0.673967
PHE  A 316  0.706884
LYS  A 317  0.651309
LYS  A 318  0.631279
THR  A 319  0.524370
LYS  A 320  0.660280
GLU  A 321  0.811566
ILE  A 322  0.822069
ARG  A 323  0.893426
PHE  A 324  0.913923
SER  A 325  0.938361
ILE  A 326  0.946792
GLU  A 327  0.913481
LYS  A 328  0.892700
GLY  A 329  0.925324
ILE  A 330  0.955971
ALA  A 331  0.945606
GLY  A 332  0.951943
GLN  A 333  0.958562
VAL  A 334  0.971882
ALA  A 335  0.964961
ARG  A 336  0.962059
THR  A 337  0.958229
GLY  A 338  0.951016
GLU  A 339  0.957059
VAL  A 340  0.960812
LEU  A 341  0.964961
ASN  A 342  0.965954
ILE  A 343  0.960729
PRO  A 344  0.939046
ASP  A 345  0.939644
ALA  A 346  0.934154
TYR  A 347  0.921746
ALA  A 348  0.925933
ASP  A 349  0.920170
PRO  A 350  0.910470
ARG  A 351  0.906110
PHE  A 352  0.907981
ASN  A 353  0.845557
ARG  A 354  0.850076
GLU  A 355  0.803469
VAL  A 356  0.758555
ASP  A 357  0.814381
LEU  A 358  0.816085
TYR  A 359  0.726550
THR  A 360  0.757260
GLY  A 361  0.809651
TYR  A 362  0.864041
THR  A 363  0.910115
THR  A 364  0.933121
ARG  A 365  0.944332
ASN  A 366  0.952195
ILE  A 367  0.966449
LEU  A 368  0.971390
CYS  A 369  0.971062
MET  A 370  0.968100
PRO  A 371  0.968017
ILE  A 372  0.951522
VAL  A 373  0.920082
SER  A 374  0.874889
ARG  A 375  0.852086
GLY  A 376  0.878779
SER  A 377  0.927150
VAL  A 378  0.950595
ILE  A 379  0.936647
GLY  A 380  0.943822
VAL  A 381  0.956474
VAL  A 382  0.954043
GLN  A 383  0.948907
MET  A 384  0.954211
VAL  A 385  0.946538
ASN  A 386  0.947385
LYS  A 387  0.949245
ILE  A 388  0.915776
SER  A 389  0.846810
GLY  A 390  0.823657
SER  A 391  0.876836
ALA  A 392  0.914806
PHE  A 393  0.946708
SER  A 394  0.921658
LYS  A 395  0.896322
THR  A 396  0.869390
ASP  A 397  0.913834
GLU  A 398  0.927584
ASN  A 399  0.893970
ASN  A 400  0.867799
PHE  A 401  0.905931
LYS  A 402  0.900108
MET  A 403  0.849692
PHE  A 404  0.848732
ALA  A 405  0.878872
VAL  A 406  0.862345
PHE  A 407  0.847098
CYS  A 408  0.869764
ALA  A 409  0.881178
LEU  A 410  0.851034
ALA  A 411  0.843337
LEU  A 412  0.854854
HIS  A 413  0.851799
CYS  A 414  0.842466
ALA  A 415  0.827119
ASN  A 416  0.825439
MET  A 417  0.856947
TYR  A 418  0.853805
HIS  A 419  0.852564
ARG  A 420  0.883569
ILE  A 421  0.893970
ARG  A 422  0.889334
HIS  A 423  0.908871
SER  A 424  0.939815
GLU  A 425  0.940499
CYS  A 426  0.948654
ILE  A 427  0.953708
TYR  A 428  0.929751
ARG  A 429  0.916656
VAL  A 430  0.945775
THR  A 431  0.932689
MET  A 432  0.880348
GLU  A 433  0.896684
LYS  A 434  0.914541
LEU  A 435  0.898848
SER  A 436  0.890791
TYR  A 437  0.901545
HIS  A 438  0.922096
SER  A 439  0.924278
ILE  A 440  0.957728
CYS  A 441  0.965871
THR  A 442  0.965458
SER  A 443  0.958646
GLU  A 444  0.976463
GLU  A 445  0.977929
TRP  A 446  0.978662
GLN  A 447  0.989805
GLY  A 448  0.985947
LEU  A 449  0.988039
MET  A 450  0.976952
GLN  A 451  0.969500
PHE  A 452  0.962142
THR  A 453  0.941693
LEU  A 454  0.944417
PRO  A 455  0.948316
VAL  A 456  0.920345
ARG  A 457  0.913481
LEU  A 458  0.940499
CYS  A 459  0.945096
LYS  A 460  0.934412
GLU  A 461  0.958312
ILE  A 462  0.971964
GLU  A 463  0.948907
LEU  A 464  0.971964
PHE  A 465  0.974585
HIS  A 466  0.967605
PHE  A 467  0.978336
ASP  A 468  0.970322
ILE  A 469  0.971472
GLY  A 470  0.957310
PRO  A 471  0.964713
PHE  A 472  0.969911
GLU  A 473  0.952279
ASN  A 474  0.951353
MET  A 475  0.980935
TRP  A 476  0.990366
PRO  A 477  0.992126
GLY  A 478  0.987717
ILE  A 479  0.991566
PHE  A 480  0.993085
VAL  A 481  0.988922
TYR  A 482  0.982798
MET  A 483  0.988199
VAL  A 484  0.985060
HIS  A 485  0.973930
ARG  A 486  0.969335
SER  A 487  0.968677
CYS  A 488  0.963553
GLY  A 489  0.953540
THR  A 490  0.937504
SER  A 491  0.926802
CYS  A 492  0.939815
PHE  A 493  0.974830
GLU  A 494  0.978905
LEU  A 495  0.977033
GLU  A 496  0.984414
LYS  A 497  0.991406
LEU  A 498  0.993085
CYS  A 499  0.994839
ARG  A 500  0.994521
PHE  A 501  0.995237
ILE  A 502  0.996033
MET  A 503  0.991726
SER  A 504  0.991246
VAL  A 505  0.995237
LYS  A 506  0.990446
LYS  A 507  0.980449
ASN  A 508  0.984172
TYR  A 509  0.993244
ARG  A 510  0.980124
ARG  A 511  0.969911
VAL  A 512  0.982313
PRO  A 513  0.987154
TYR  A 514  0.990846
HIS  A 515  0.992606
ASN  A 516  0.990446
TRP  A 517  0.993165
LYS  A 518  0.991966
HIS  A 519  0.994042
ALA  A 520  0.997146
VAL  A 521  0.996828
THR  A 522  0.994919
VAL  A 523  0.998416
ALA  A 524  0.998257
HIS  A 525  0.996431
CYS  A 526  0.996987
MET  A 527  0.997464
TYR  A 528  0.995635
ALA  A 529  0.990766
ILE  A 530  0.994122
LEU  A 531  0.988681
GLN  A 532  0.970815
ASN  A 533  0.973685
ASN  A 534  0.966119
HIS  A 535  0.881362
THR  A 536  0.905842
LEU  A 537  0.957728
PHE  A 538  0.972784
THR  A 539  0.966449
ASP  A 540  0.960146
LEU  A 541  0.974830
GLU  A 542  0.985947
ARG  A 543  0.986993
LYS  A 544  0.986510
GLY  A 545  0.992765
LEU  A 546  0.998336
LEU  A 547  0.996590
ILE  A 548  0.997702
ALA  A 549  0.999842
CYS  A 550  1.000000
LEU  A 551  0.998495
CYS  A 552  0.999446
HIS  A 553  0.996987
ASP  A 554  0.995635
LEU  A 555  0.988842
ASP  A 556  0.977929
HIS  A 557  0.984172
ARG  A 558  0.960313
GLY  A 559  0.967358
PHE  A 560  0.962889
SER  A 561  0.951690
ASN  A 562  0.951101
SER  A 563  0.935788
TYR  A 564  0.951606
LEU  A 565  0.945436
GLN  A 566  0.919644
LYS  A 567  0.924104
PHE  A 568  0.926281
ASP  A 569  0.894242
HIS  A 570  0.922882
PRO  A 571  0.916392
LEU  A 572  0.902353
ALA  A 573  0.898848
ALA  A 574  0.881086
LEU  A 575  0.867705
TYR  A 576  0.891155
SER  A 577  0.837221
THR  A 578  0.909493
SER  A 579  0.957477
THR  A 580  0.958395
MET  A 581  0.968265
GLU  A 582  0.988119
GLN  A 583  0.978499
HIS  A 584  0.980530
HIS  A 585  0.991406
PHE  A 586  0.993883
SER  A 587  0.980935
GLN  A 588  0.975402
THR  A 589  0.992765
VAL  A 590  0.988842
SER  A 591  0.962391
ILE  A 592  0.980043
LEU  A 593  0.985221
GLN  A 594  0.963138
LEU  A 595  0.952784
GLU  A 596  0.939302
GLY  A 597  0.970322
HIS  A 598  0.982960
ASN  A 599  0.989805
ILE  A 600  0.991886
PHE  A 601  0.989404
SER  A 602  0.970651
THR  A 603  0.959063
LEU  A 604  0.975483
SER  A 605  0.985302
SER  A 606  0.982151
SER  A 607  0.990205
GLU  A 608  0.990526
TYR  A 609  0.989644
GLU  A 610  0.990285
GLN  A 611  0.990366
VAL  A 612  0.992206
LEU  A 613  0.994600
GLU  A 614  0.992925
ILE  A 615  0.995715
ILE  A 616  0.998336
ARG  A 617  0.996669
LYS  A 618  0.991326
ALA  A 619  0.997860
ILE  A 620  0.998178
ILE  A 621  0.990526
ALA  A 622  0.990846
THR  A 623  0.988039
ASP  A 624  0.984091
LEU  A 625  0.965706
ALA  A 626  0.967935
LEU  A 627  0.973767
TYR  A 628  0.984657
PHE  A 629  0.984334
GLY  A 630  0.984495
ASN  A 631  0.991406
ARG  A 632  0.991566
LYS  A 633  0.986510
GLN  A 634  0.988119
LEU  A 635  0.992126
GLU  A 636  0.979231
GLU  A 637  0.985221
MET  A 638  0.985383
TYR  A 639  0.967852
GLN  A 640  0.973112
THR  A 641  0.982636
GLY  A 642  0.969582
SER  A 643  0.977278
LEU  A 644  0.976626
ASN  A 645  0.971882
LEU  A 646  0.953036
ASN  A 647  0.948823
ASN  A 648  0.975075
GLN  A 649  0.966036
SER  A 650  0.975320
HIS  A 651  0.987556
ARG  A 652  0.975647
ASP  A 653  0.986188
ARG  A 654  0.991806
VAL  A 655  0.993085
ILE  A 656  0.992446
GLY  A 657  0.994760
LEU  A 658  0.997702
MET  A 659  0.997702
MET  A 660  0.997860
THR  A 661  0.995795
ALA  A 662  0.997940
CYS  A 663  0.998733
ASP  A 664  0.996669
LEU  A 665  0.991726
CYS  A 666  0.991326
SER  A 667  0.977359
VAL  A 668  0.987958
THR  A 669  0.989564
LYS  A 670  0.985705
LEU  A 671  0.983122
TRP  A 672  0.979312
PRO  A 673  0.964796
VAL  A 674  0.972374
THR  A 675  0.981179
LYS  A 676  0.966862
LEU  A 677  0.963967
THR  A 678  0.974258
ALA  A 679  0.974912
ASN  A 680  0.971882
ASP  A 681  0.983607
ILE  A 682  0.980692
TYR  A 683  0.983364
ALA  A 684  0.982636
GLU  A 685  0.984414
PHE  A 686  0.984657
TRP  A 687  0.986269
ALA  A 688  0.982636
GLU  A 689  0.979149
GLY  A 690  0.985141
ASP  A 691  0.983445
GLU  A 692  0.971144
MET  A 693  0.969088
LYS  A 694  0.970158
LYS  A 695  0.966780
LEU  A 696  0.945181
GLY  A 697  0.952111
ILE  A 698  0.958312
GLN  A 699  0.955804
PRO  A 700  0.961311
ILE  A 701  0.955218
PRO  A 702  0.944757
MET  A 703  0.953204
MET  A 704  0.964961
ASP  A 705  0.971882
ARG  A 706  0.970487
ASP  A 707  0.963967
LYS  A 708  0.957059
LYS  A 709  0.942120
ASP  A 710  0.937247
GLU  A 711  0.951269
VAL  A 712  0.951774
PRO  A 713  0.951606
GLN  A 714  0.954379
GLY  A 715  0.954715
GLN  A 716  0.974176
LEU  A 717  0.973112
GLY  A 718  0.973930
PHE  A 719  0.981179
TYR  A 720  0.994281
ASN  A 721  0.992206
ALA  A 722  0.982960
VAL  A 723  0.990846
ALA  A 724  0.992446
ILE  A 725  0.996749
PRO  A 726  0.995795
CYS  A 727  0.997305
TYR  A 728  0.998019
THR  A 729  0.996987
THR  A 730  0.994361
LEU  A 731  0.995476
THR  A 732  0.993883
GLN  A 733  0.987878
ILE  A 734  0.982474
LEU  A 735  0.984091
PRO  A 736  0.983122
PRO  A 737  0.984253
THR  A 738  0.992206
GLU  A 739  0.994600
PRO  A 740  0.993643
LEU  A 741  0.995874
LEU  A 742  0.997464
LYS  A 743  0.995874
ALA  A 744  0.992366
CYS  A 745  0.994760
ARG  A 746  0.996431
ASP  A 747  0.989323
ASN  A 748  0.988601
LEU  A 749  0.987556
SER  A 750  0.982960
GLN  A 751  0.980043
TRP  A 752  0.971226
GLU  A 753  0.970404
LYS  A 754  0.963470
VAL  A 755  0.946030
ILE  A 756  0.933810
ARG  A 757  0.942290
GLY  A 758  0.896774
GLU  A 759  0.889516
GLU  A 760  0.775503
THR  A 761  0.799593
ALA  A 762  0.702497
THR  A 763  0.561423
TRP  A 764  0.368685
ILE  A 765  0.256724
SER  A 766  0.261418
SER  A 767  0.141345
PRO  A 768  0.161025
SER  A 769  0.382053
VAL  A 770  0.448235
ALA  A 771  0.419011
GLN  A 772  0.348923
LYS  A 773  0.379783
ALA  A 774  0.430898
ALA  A 775  0.334415
ALA  A 776  0.372579
SER  A 777  0.402537
GLU  A 778  0.310514
