ResName	Chain	ResID	RMSF
ILE  B 684  0.511262
PRO  B 685  0.288698
PRO  B 686  0.258796
LEU  B 687  0.143716
ILE  B 688  0.144680
ASN  B 689  0.182003
LEU  B 690  0.168613
LEU  B 691  0.099786
MET  B 692  0.208420
SER  B 693  0.278858
ILE  B 694  0.237941
GLU  B 695  0.336974
PRO  B 696  0.478332
ASP  B 697  0.489362
VAL  B 698  0.524270
ILE  B 699  0.349212
TYR  B 700  0.357048
ALA  B 701  0.383354
GLY  B 702  0.543923
HIS  B 703  0.460988
ASP  B 704  0.540464
ASN  B 705  0.622101
THR  B 706  0.746633
LYS  B 707  0.710574
PRO  B 708  0.612066
ASP  B 709  0.501726
THR  B 710  0.434250
SER  B 711  0.428023
SER  B 712  0.368100
SER  B 713  0.252632
LEU  B 714  0.192299
LEU  B 715  0.151732
THR  B 716  0.147138
SER  B 717  0.171868
LEU  B 718  0.116223
ASN  B 719  0.101466
GLN  B 720  0.135707
LEU  B 721  0.080780
GLY  B 722  0.075031
GLU  B 723  0.079825
ARG  B 724  0.118011
GLN  B 725  0.125533
LEU  B 726  0.093304
LEU  B 727  0.120555
SER  B 728  0.074161
VAL  B 729  0.063956
VAL  B 730  0.101688
LYS  B 731  0.133747
TRP  B 732  0.094796
SER  B 733  0.089523
LYS  B 734  0.157151
SER  B 735  0.145608
LEU  B 736  0.045616
PRO  B 737  0.129739
GLY  B 738  0.151373
PHE  B 739  0.091192
ARG  B 740  0.182429
ASN  B 741  0.191587
LEU  B 742  0.172803
HIS  B 743  0.228132
ILE  B 744  0.299843
ASP  B 745  0.245036
ASP  B 746  0.132025
GLN  B 747  0.084790
ILE  B 748  0.131907
THR  B 749  0.055617
LEU  B 750  0.059073
ILE  B 751  0.005799
GLN  B 752  0.091353
TYR  B 753  0.102925
SER  B 754  0.052812
TRP  B 755  0.048821
MET  B 756  0.050391
SER  B 757  0.064568
LEU  B 758  0.003101
MET  B 759  0.038977
VAL  B 760  0.081082
PHE  B 761  0.093856
GLY  B 762  0.085277
LEU  B 763  0.069757
GLY  B 764  0.113614
TRP  B 765  0.145274
ARG  B 766  0.149131
SER  B 767  0.119242
TYR  B 768  0.192894
LYS  B 769  0.254015
HIS  B 770  0.226815
VAL  B 771  0.175216
SER  B 772  0.206248
GLY  B 773  0.146282
GLN  B 774  0.153012
MET  B 775  0.119579
LEU  B 776  0.151336
TYR  B 777  0.100867
PHE  B 778  0.089912
ALA  B 779  0.140019
PRO  B 780  0.332392
ASP  B 781  0.320034
LEU  B 782  0.247827
ILE  B 783  0.269563
LEU  B 784  0.233339
ASN  B 785  0.221543
GLU  B 786  0.226887
GLN  B 787  0.228636
ARG  B 788  0.266634
MET  B 789  0.262718
LYS  B 790  0.330009
GLU  B 791  0.466350
SER  B 792  0.546713
SER  B 793  0.464822
PHE  B 794  0.294895
TYR  B 795  0.292893
SER  B 796  0.312601
LEU  B 797  0.258024
CYS  B 798  0.208647
LEU  B 799  0.282150
THR  B 800  0.276940
MET  B 801  0.197383
TRP  B 802  0.196866
GLN  B 803  0.256125
ILE  B 804  0.220482
PRO  B 805  0.245108
GLN  B 806  0.319117
GLU  B 807  0.308519
PHE  B 808  0.238116
VAL  B 809  0.369199
LYS  B 810  0.488208
LEU  B 811  0.447893
GLN  B 812  0.385912
VAL  B 813  0.255738
SER  B 814  0.185612
GLN  B 815  0.197153
GLU  B 816  0.126984
GLU  B 817  0.110168
PHE  B 818  0.024860
LEU  B 819  0.041111
CYS  B 820  0.048854
MET  B 821  0.041951
LYS  B 822  0.044886
VAL  B 823  0.014619
LEU  B 824  0.015164
LEU  B 825  0.000000
LEU  B 826  0.028124
LEU  B 827  0.077434
ASN  B 828  0.127854
THR  B 829  0.123801
ILE  B 830  0.140429
PRO  B 831  0.248966
LEU  B 832  0.347289
GLU  B 833  0.444105
GLY  B 834  0.318829
LEU  B 835  0.293772
ARG  B 836  0.324089
SER  B 837  0.275995
GLN  B 838  0.285510
THR  B 839  0.350495
GLN  B 840  0.254093
PHE  B 841  0.211842
GLU  B 842  0.247400
GLU  B 843  0.219176
MET  B 844  0.140248
ARG  B 845  0.133640
SER  B 846  0.145833
SER  B 847  0.109927
TYR  B 848  0.020453
ILE  B 849  0.091923
ARG  B 850  0.106137
GLU  B 851  0.102656
LEU  B 852  0.072178
ILE  B 853  0.145854
LYS  B 854  0.152652
ALA  B 855  0.183759
ILE  B 856  0.243082
GLY  B 857  0.325310
LEU  B 858  0.410056
ARG  B 859  0.739885
GLN  B 860  1.000000
GLY  B 862  0.845975
VAL  B 863  0.850820
VAL  B 864  0.799165
SER  B 865  0.706766
SER  B 866  0.509887
SER  B 867  0.481010
GLN  B 868  0.373021
ARG  B 869  0.287502
PHE  B 870  0.207324
TYR  B 871  0.266275
GLN  B 872  0.266679
LEU  B 873  0.153242
THR  B 874  0.175441
LYS  B 875  0.188991
LEU  B 876  0.206130
LEU  B 877  0.197407
ASP  B 878  0.228286
ASN  B 879  0.311292
LEU  B 880  0.319246
HIS  B 881  0.493745
ASP  B 882  0.474941
LEU  B 883  0.297459
VAL  B 884  0.205518
LYS  B 885  0.194780
GLN  B 886  0.183916
LEU  B 887  0.120866
HIS  B 888  0.080702
LEU  B 889  0.091090
TYR  B 890  0.057190
CYS  B 891  0.067640
LEU  B 892  0.081043
ASN  B 893  0.078414
THR  B 894  0.096574
PHE  B 895  0.113707
ILE  B 896  0.195919
GLN  B 897  0.216854
SER  B 898  0.215283
ARG  B 899  0.299105
ALA  B 900  0.371640
LEU  B 901  0.328614
SER  B 902  0.299766
VAL  B 903  0.322052
GLU  B 904  0.272709
PHE  B 905  0.208529
PRO  B 906  0.202829
GLU  B 907  0.259073
MET  B 908  0.236648
MET  B 909  0.199925
SER  B 910  0.196129
GLU  B 911  0.215344
VAL  B 912  0.157847
ILE  B 913  0.185336
ALA  B 914  0.318283
ALA  B 915  0.368820
GLN  B 916  0.195373
LEU  B 917  0.207197
PRO  B 918  0.168449
LYS  B 919  0.161261
ILE  B 920  0.192599
LEU  B 921  0.317571
ALA  B 922  0.292560
GLY  B 923  0.318841
MET  B 924  0.207110
VAL  B 925  0.189472
LYS  B 926  0.206503
PRO  B 927  0.328518
LEU  B 928  0.389969
LEU  B 929  0.307351
PHE  B 930  0.341039
HIS  B 931  0.490240
LYS  B 932  0.676520
