ResName	Chain	ResID	RMSF
MET  A   1  0.042384
ASP  A   2  0.050677
SER  A   3  0.094574
ARG  A   4  0.118330
TRP  A   5  0.251454
LYS  A   6  0.147936
LEU  A   7  0.012039
PRO  A   8  0.252727
PHE  A   9  0.021995
MET  A  10  0.157904
SER  A  11  0.091019
ASN  A  12  0.237322
LYS  A  13  0.146741
GLY  A  14  0.085659
THR  A  15  0.175893
PRO  A  16  0.164487
GLU  A  17  0.142669
GLN  A  18  0.187839
PRO  A  19  0.135679
MET  A  20  0.198950
ARG  A  21  0.133984
LYS  A  22  0.096347
PRO  A  23  0.188979
LEU  A  24  0.159554
SER  A  25  0.222303
GLY  A  26  0.132771
SER  A  27  0.088726
TYR  A  28  0.214587
SER  A  29  0.102899
HIS  A  30  0.199176
ASN  A  31  0.105656
SER  A  32  0.159554
ALA  A  33  0.135195
GLY  A  34  0.135679
PRO  A  35  0.191255
THR  A  36  0.036722
PRO  A  37  0.259068
ASN  A  38  0.078979
MET  A  39  0.149366
SER  A  40  0.107906
PRO  A  41  0.263690
PHE  A  42  0.176124
GLU  A  43  0.165658
GLN  A  44  0.180506
LYS  A  45  0.021445
PRO  A  46  0.263690
PRO  A  47  0.207026
LEU  A  48  0.112637
PRO  A  49  0.261382
THR  A  50  0.131313
HIS  A  51  0.000000
MET  A  52  0.045871
ASP  A  53  0.001690
VAL  A  54  0.111892
ARG  A  55  0.217019
ARG  A  56  0.476072
PRO  A  57  0.536039
SER  A  58  0.754649
GLY  A  59  0.862304
PRO  A  60  0.921107
PHE  A  61  0.945762
ARG  A  62  0.953220
ILE  A  63  0.948772
VAL  A  64  0.951869
LYS  A  65  0.916998
ALA  A  66  0.811860
THR  A  67  0.786511
SER  A  68  0.841769
THR  A  69  0.820301
GLU  A  70  0.859951
ASP  A  71  0.861449
ALA  A  72  0.847762
LEU  A  73  0.895852
THR  A  74  0.900981
ASN  A  75  0.940494
CYS  A  76  0.936277
ILE  A  77  0.940983
ILE  A  78  0.943912
VAL  A  79  0.939123
SER  A  80  0.924800
PRO  A  81  0.890175
MET  A  82  0.870810
ASP  A  83  0.865610
PHE  A  84  0.802996
LYS  A  85  0.709123
GLN  A  86  0.663814
GLN  A  87  0.834303
TYR  A  88  0.919406
ILE  A  89  0.932040
ILE  A  90  0.919706
VAL  A  91  0.925894
ASP  A  92  0.887998
ASN  A  93  0.837605
SER  A  94  0.865397
ARG  A  95  0.913777
VAL  A  96  0.930458
PHE  A  97  0.942742
SER  A  98  0.941472
THR  A  99  0.941081
LYS  A 100  0.924600
PRO  A 101  0.920107
VAL  A 102  0.908417
PRO  A 103  0.883419
GLY  A 104  0.879655
PHE  A 105  0.907097
PRO  A 106  0.908620
GLN  A 107  0.918102
GLY  A 108  0.907300
CYS  A 109  0.941961
LEU  A 110  0.940494
GLY  A 111  0.950031
ALA  A 112  0.940592
SER  A 113  0.936080
GLN  A 114  0.913575
PRO  A 115  0.927385
HIS  A 116  0.939417
ARG  A 117  0.938437
GLU  A 118  0.924999
TRP  A 119  0.933619
ALA  A 120  0.911354
SER  A 121  0.917701
TRP  A 122  0.931941
SER  A 123  0.940299
LEU  A 124  0.926888
ASN  A 125  0.921907
GLN  A 126  0.943230
GLN  A 127  0.942449
VAL  A 128  0.942937
HIS  A 129  0.949160
VAL  A 130  0.936867
ALA  A 131  0.909735
ASP  A 132  0.893070
TYR  A 133  0.889035
ASP  A 134  0.878607
PRO  A 135  0.828995
TYR  A 136  0.832868
GLY  A 137  0.769715
PRO  A 138  0.661942
HIS  A 139  0.682581
GLY  A 140  0.706326
ALA  A 141  0.765079
PRO  A 142  0.865291
TYR  A 143  0.910949
LEU  A 144  0.913172
HIS  A 145  0.905776
SER  A 146  0.917299
MET  A 147  0.932632
THR  A 148  0.933915
LEU  A 149  0.937063
GLU  A 150  0.934998
VAL  A 151  0.942742
ASP  A 152  0.932435
PHE  A 153  0.929765
GLN  A 154  0.890279
ASN  A 155  0.862625
ARG  A 156  0.814795
ASN  A 157  0.828107
ARG  A 158  0.839251
THR  A 159  0.837385
THR  A 160  0.853500
ASN  A 161  0.770071
GLU  A 162  0.832647
PRO  A 163  0.832758
PHE  A 164  0.878607
ASP  A 165  0.879655
GLY  A 166  0.879131
GLU  A 167  0.870916
GLU  A 168  0.899445
MET  A 169  0.927186
ALA  A 170  0.927484
LYS  A 171  0.914483
LEU  A 172  0.932336
PHE  A 173  0.948966
CYS  A 174  0.941472
SER  A 175  0.917199
SER  A 176  0.921707
TYR  A 177  0.946054
GLN  A 178  0.911657
SER  A 179  0.891106
GLN  A 180  0.936670
VAL  A 181  0.937554
PHE  A 182  0.954666
SER  A 183  0.941668
PRO  A 184  0.944107
GLY  A 185  0.938241
GLN  A 186  0.956109
LYS  A 187  0.952738
ILE  A 188  0.957742
VAL  A 189  0.950806
PHE  A 190  0.941472
ASP  A 191  0.929567
PHE  A 192  0.905572
ARG  A 193  0.888517
SER  A 194  0.872819
TYR  A 195  0.911455
ASN  A 196  0.920707
ILE  A 197  0.933027
LYS  A 198  0.948287
ALA  A 199  0.956589
THR  A 200  0.962622
VAL  A 201  0.957934
ARG  A 202  0.930755
THR  A 203  0.918403
ILE  A 204  0.933520
SER  A 205  0.909329
CYS  A 206  0.868267
VAL  A 207  0.800823
ASP  A 208  0.694275
LEU  A 209  0.622670
LEU  A 210  0.560229
ILE  A 211  0.491286
GLY  A 212  0.244630
GLU  A 213  0.226682
ASN  A 214  0.245272
GLN  A 215  0.303436
ASP  A 216  0.361599
ALA  A 217  0.545703
GLU  A 218  0.635587
ASN  A 219  0.696466
THR  A 220  0.800136
ALA  A 221  0.794619
ASP  A 222  0.840785
THR  A 223  0.830214
SER  A 224  0.799792
LYS  A 225  0.882375
ARG  A 226  0.911152
GLY  A 227  0.914785
LEU  A 228  0.937358
LEU  A 229  0.946929
THR  A 230  0.921107
SER  A 231  0.896469
GLN  A 232  0.874612
THR  A 233  0.916596
GLU  A 234  0.901492
ILE  A 235  0.913777
GLN  A 236  0.883941
PHE  A 237  0.906284
PHE  A 238  0.845370
LYS  A 239  0.886336
ALA  A 240  0.843844
ALA  A 241  0.738217
HIS  A 242  0.775153
SER  A 243  0.819852
ALA  A 244  0.819852
LEU  A 245  0.843080
ARG  A 246  0.784764
LEU  A 247  0.808688
LYS  A 248  0.771137
ALA  A 249  0.608568
SER  A 250  0.615788
MET  A 251  0.535422
THR  A 252  0.519696
ARG  A 253  0.549053
PRO  A 254  0.494847
ALA  A 255  0.490961
SER  A 256  0.458241
ASN  A 257  0.502407
ALA  A 258  0.495493
ILE  A 259  0.646141
LEU  A 260  0.621970
GLN  A 261  0.643821
PRO  A 262  0.466618
GLY  A 263  0.517022
PHE  A 264  0.598131
LYS  A 265  0.628249
PHE  A 266  0.601576
GLU  A 267  0.607004
ASP  A 268  0.657513
MET  A 269  0.691301
GLY  A 270  0.766032
ILE  A 271  0.833641
GLY  A 272  0.838593
GLY  A 273  0.838483
LEU  A 274  0.871234
ASP  A 275  0.854255
SER  A 276  0.887998
GLU  A 277  0.915791
PHE  A 278  0.888724
SER  A 279  0.885920
ALA  A 280  0.929171
ILE  A 281  0.918804
PHE  A 282  0.891830
ARG  A 283  0.898112
ARG  A 284  0.924800
ALA  A 285  0.896469
PHE  A 286  0.876086
ALA  A 287  0.861449
SER  A 288  0.851015
ARG  A 289  0.823878
LEU  A 290  0.804707
PHE  A 291  0.772438
PRO  A 292  0.727837
PRO  A 293  0.721977
GLY  A 294  0.728086
MET  A 295  0.788255
VAL  A 296  0.823766
GLU  A 297  0.799677
LYS  A 298  0.837165
LEU  A 299  0.885920
GLY  A 300  0.852636
ILE  A 301  0.858986
ASN  A 302  0.846676
HIS  A 303  0.893998
VAL  A 304  0.920007
LYS  A 305  0.908011
GLY  A 306  0.949547
ILE  A 307  0.974473
LEU  A 308  0.983747
LEU  A 309  0.984586
TYR  A 310  0.964720
GLY  A 311  0.919806
PRO  A 312  0.875665
PRO  A 313  0.896469
GLY  A 314  0.893689
THR  A 315  0.910848
GLY  A 316  0.912970
LYS  A 317  0.952158
THR  A 318  0.933027
LEU  A 319  0.920207
ILE  A 320  0.927683
ALA  A 321  0.929864
ARG  A 322  0.899650
GLN  A 323  0.885087
ILE  A 324  0.887894
GLY  A 325  0.869116
LYS  A 326  0.831432
MET  A 327  0.814457
LEU  A 328  0.822203
ASN  A 329  0.728707
ALA  A 330  0.803452
ARG  A 331  0.863479
GLU  A 332  0.879446
PRO  A 333  0.906793
LYS  A 334  0.946929
ILE  A 335  0.948675
VAL  A 336  0.956782
ASN  A 337  0.947511
GLY  A 338  0.894307
PRO  A 339  0.901390
GLU  A 340  0.922706
ILE  A 341  0.911657
LEU  A 342  0.876191
ASN  A 343  0.871234
LYS  A 344  0.843408
TYR  A 345  0.860058
VAL  A 346  0.823208
GLY  A 347  0.883315
GLN  A 348  0.924700
SER  A 349  0.926690
GLU  A 350  0.926988
GLU  A 351  0.945373
ASN  A 352  0.953124
VAL  A 353  0.947317
ARG  A 354  0.943035
LYS  A 355  0.953991
LEU  A 356  0.949063
PHE  A 357  0.948481
ALA  A 358  0.941179
ASP  A 359  0.927981
ALA  A 360  0.922107
GLU  A 361  0.918303
ARG  A 362  0.909329
GLU  A 363  0.888517
TYR  A 364  0.877662
ARG  A 365  0.857698
ASP  A 366  0.844389
ARG  A 367  0.765317
GLY  A 368  0.784881
GLU  A 369  0.730692
GLU  A 370  0.711404
SER  A 371  0.810502
GLY  A 372  0.858342
LEU  A 373  0.905267
HIS  A 374  0.933816
ILE  A 375  0.944107
ILE  A 376  0.962718
ILE  A 377  0.971926
PHE  A 378  0.972587
ASP  A 379  0.965386
GLU  A 380  0.944399
LEU  A 381  0.953220
ASP  A 382  0.931842
ALA  A 383  0.904554
ILE  A 384  0.905470
CYS  A 385  0.875349
LYS  A 386  0.856623
LYS  A 387  0.803566
ARG  A 388  0.739322
GLY  A 389  0.640811
SER  A 390  0.590041
SER  A 391  0.538350
GLY  A 392  0.506402
GLY  A 393  0.560979
ASP  A 394  0.587424
THR  A 395  0.626579
GLY  A 396  0.753079
VAL  A 397  0.805960
GLY  A 398  0.816934
ASP  A 399  0.853392
GLN  A 400  0.876401
VAL  A 401  0.915993
VAL  A 402  0.918202
ASN  A 403  0.918904
GLN  A 404  0.931447
LEU  A 405  0.935884
LEU  A 406  0.919305
ALA  A 407  0.911758
LYS  A 408  0.910342
MET  A 409  0.889554
ASP  A 410  0.840566
GLY  A 411  0.674700
VAL  A 412  0.470113
ASP  A 413  0.591636
GLN  A 414  0.698909
LEU  A 415  0.794849
ASN  A 416  0.824101
ASN  A 417  0.884358
ILE  A 418  0.930952
LEU  A 419  0.941374
VAL  A 420  0.965100
ILE  A 421  0.974284
GLY  A 422  0.978513
MET  A 423  0.981321
THR  A 424  0.964624
ASN  A 425  0.929369
ARG  A 426  0.874296
LYS  A 427  0.920507
ASP  A 428  0.882689
MET  A 429  0.891003
ILE  A 430  0.930755
ASP  A 431  0.928774
GLU  A 432  0.928278
ALA  A 433  0.930557
LEU  A 434  0.942058
LEU  A 435  0.944399
ARG  A 436  0.930062
PRO  A 437  0.895646
GLY  A 438  0.869752
ARG  A 439  0.938241
LEU  A 440  0.939613
GLU  A 441  0.936768
VAL  A 442  0.951289
HIS  A 443  0.960999
MET  A 444  0.958413
GLU  A 445  0.935195
ILE  A 446  0.938633
SER  A 447  0.880912
LEU  A 448  0.884358
PRO  A 449  0.911253
ASP  A 450  0.893070
GLU  A 451  0.918704
HIS  A 452  0.938535
GLY  A 453  0.940983
ARG  A 454  0.951869
LEU  A 455  0.969373
GLN  A 456  0.952834
ILE  A 457  0.956878
LEU  A 458  0.969183
LYS  A 459  0.959180
ILE  A 460  0.940201
HIS  A 461  0.942351
THR  A 462  0.945373
SER  A 463  0.935589
ARG  A 464  0.926888
MET  A 465  0.937161
ALA  A 466  0.921707
SER  A 467  0.928675
ASN  A 468  0.925695
GLY  A 469  0.896983
ILE  A 470  0.924700
LEU  A 471  0.936572
GLU  A 472  0.931941
ASN  A 473  0.923105
ASP  A 474  0.957550
VAL  A 475  0.948287
ASP  A 476  0.961190
MET  A 477  0.957838
GLU  A 478  0.966907
GLU  A 479  0.970509
LEU  A 480  0.964243
ALA  A 481  0.958030
SER  A 482  0.926391
LEU  A 483  0.912263
THR  A 484  0.900674
LYS  A 485  0.846567
ASN  A 486  0.838373
PHE  A 487  0.905267
SER  A 488  0.922406
GLY  A 489  0.936080
ALA  A 490  0.942156
GLU  A 491  0.949450
ILE  A 492  0.961763
ALA  A 493  0.957358
GLY  A 494  0.965766
LEU  A 495  0.972587
ILE  A 496  0.971832
LYS  A 497  0.972304
SER  A 498  0.970130
ALA  A 499  0.969657
SER  A 500  0.955820
SER  A 501  0.951579
PHE  A 502  0.948772
ALA  A 503  0.927782
PHE  A 504  0.899035
TYR  A 505  0.889968
ARG  A 506  0.865716
HIS  A 507  0.790574
ILE  A 508  0.752354
LYS  A 509  0.617901
VAL  A 510  0.528761
GLY  A 511  0.427587
THR  A 512  0.445867
THR  A 513  0.441074
ALA  A 514  0.495331
ALA  A 515  0.490474
VAL  A 516  0.559028
SER  A 517  0.541574
GLY  A 518  0.526893
ASN  A 519  0.629638
LEU  A 520  0.680618
GLU  A 521  0.697624
ASN  A 522  0.762094
ILE  A 523  0.860807
LYS  A 524  0.923005
VAL  A 525  0.950999
ASN  A 526  0.952834
ARG  A 527  0.967002
ASN  A 528  0.964434
ASP  A 529  0.969183
PHE  A 530  0.969562
LEU  A 531  0.955147
ASN  A 532  0.956782
ALA  A 533  0.963004
LEU  A 534  0.920607
SER  A 535  0.887894
GLU  A 536  0.893070
VAL  A 537  0.894410
ARG  A 538  0.825995
PRO  A 539  0.806415
ALA  A 540  0.719471
TYR  A 541  0.647094
GLY  A 542  0.582754
VAL  A 543  0.569635
SER  A 544  0.625882
GLU  A 545  0.707344
GLU  A 546  0.740426
GLU  A 547  0.821755
LEU  A 548  0.865504
GLU  A 549  0.878817
SER  A 550  0.887063
ARG  A 551  0.881121
VAL  A 552  0.896263
GLN  A 553  0.800594
GLY  A 554  0.775035
GLY  A 555  0.891003
ILE  A 556  0.922406
ILE  A 557  0.924102
ASN  A 558  0.920107
PHE  A 559  0.924202
GLY  A 560  0.912364
LYS  A 561  0.935293
HIS  A 562  0.940690
ILE  A 563  0.951676
GLU  A 564  0.948190
GLU  A 565  0.966147
ILE  A 566  0.970319
ILE  A 567  0.961763
THR  A 568  0.977575
GLU  A 569  0.977012
GLY  A 570  0.963576
LYS  A 571  0.970981
LEU  A 572  0.978981
PHE  A 573  0.975414
VAL  A 574  0.972682
GLN  A 575  0.965291
GLN  A 576  0.960807
VAL  A 577  0.955628
LYS  A 578  0.945373
ASN  A 579  0.938633
SER  A 580  0.910747
GLU  A 581  0.849282
ARG  A 582  0.884045
THR  A 583  0.893792
ARG  A 584  0.931249
LEU  A 585  0.973625
VAL  A 586  0.982255
SER  A 587  0.989969
VAL  A 588  0.995229
LEU  A 589  1.000000
LEU  A 590  0.997434
SER  A 591  0.988209
GLY  A 592  0.971360
PRO  A 593  0.967381
ILE  A 594  0.947996
ALA  A 595  0.950902
SER  A 596  0.960807
GLY  A 597  0.957646
LYS  A 598  0.972304
THR  A 599  0.968425
ALA  A 600  0.967476
LEU  A 601  0.973342
ALA  A 602  0.981227
ALA  A 603  0.963386
THR  A 604  0.958701
ILE  A 605  0.968520
ALA  A 606  0.959850
LEU  A 607  0.922406
GLY  A 608  0.924899
SER  A 609  0.929567
GLU  A 610  0.871128
PHE  A 611  0.909735
PRO  A 612  0.841332
PHE  A 613  0.906183
VAL  A 614  0.933619
LYS  A 615  0.940983
LEU  A 616  0.954377
VAL  A 617  0.966812
SER  A 618  0.960999
ALA  A 619  0.951289
GLU  A 620  0.933717
SER  A 621  0.899138
MET  A 622  0.929270
VAL  A 623  0.925098
GLY  A 624  0.918303
MET  A 625  0.936768
ASN  A 626  0.947705
GLU  A 627  0.925098
ASN  A 628  0.934801
ALA  A 629  0.941765
ARG  A 630  0.960233
VAL  A 631  0.965195
ALA  A 632  0.936572
HIS  A 633  0.943815
VAL  A 634  0.964624
ASN  A 635  0.953413
ARG  A 636  0.909836
VAL  A 637  0.938535
PHE  A 638  0.957550
GLU  A 639  0.909836
ASP  A 640  0.879655
SER  A 641  0.920707
TYR  A 642  0.913172
LYS  A 643  0.825215
SER  A 644  0.864119
PRO  A 645  0.870493
LEU  A 646  0.926988
SER  A 647  0.956782
VAL  A 648  0.976824
ILE  A 649  0.983468
VAL  A 650  0.988024
VAL  A 651  0.988951
ASP  A 652  0.980105
GLU  A 653  0.975038
ILE  A 654  0.981975
GLU  A 655  0.967097
ARG  A 656  0.968520
ILE  A 657  0.968899
ILE  A 658  0.965195
ASP  A 659  0.948190
TRP  A 660  0.959372
VAL  A 661  0.951096
PRO  A 662  0.907402
ILE  A 663  0.920407
GLY  A 664  0.846458
PRO  A 665  0.854039
ARG  A 666  0.944886
PHE  A 667  0.955051
SER  A 668  0.956589
ASN  A 669  0.953799
THR  A 670  0.969089
LEU  A 671  0.970035
LEU  A 672  0.968520
GLN  A 673  0.967571
THR  A 674  0.970509
LEU  A 675  0.979731
MET  A 676  0.968046
VAL  A 677  0.970225
LEU  A 678  0.978044
PHE  A 679  0.974002
LYS  A 680  0.953991
LYS  A 681  0.957934
GLN  A 682  0.949741
PRO  A 683  0.950612
PRO  A 684  0.914785
LYS  A 685  0.877137
GLY  A 686  0.879341
HIS  A 687  0.924002
ARG  A 688  0.963958
LEU  A 689  0.983747
LEU  A 690  0.992834
ILE  A 691  0.999817
LEU  A 692  0.997618
ALA  A 693  0.999359
THR  A 694  0.995505
THR  A 695  0.988951
SER  A 696  0.975978
GLU  A 697  0.952448
ARG  A 698  0.956878
THR  A 699  0.948675
MET  A 700  0.950225
LEU  A 701  0.947026
SER  A 702  0.942742
ARG  A 703  0.941765
MET  A 704  0.930755
ASP  A 705  0.917600
MET  A 706  0.950515
THR  A 707  0.933224
GLN  A 708  0.920207
SER  A 709  0.940494
PHE  A 710  0.974002
ASP  A 711  0.962909
ALA  A 712  0.974849
GLU  A 713  0.978981
ILE  A 714  0.986260
ALA  A 715  0.980386
VAL  A 716  0.981788
PRO  A 717  0.962622
ASN  A 718  0.964053
VAL  A 719  0.950806
SER  A 720  0.926988
ASN  A 721  0.928080
VAL  A 722  0.923504
THR  A 723  0.929270
GLU  A 724  0.947414
LEU  A 725  0.942839
ASP  A 726  0.935392
ARG  A 727  0.916797
ILE  A 728  0.923404
ILE  A 729  0.906996
GLN  A 730  0.908721
SER  A 731  0.859415
ILE  A 732  0.875139
ASP  A 733  0.840237
SER  A 734  0.793119
PHE  A 735  0.849173
ALA  A 736  0.791616
ASP  A 737  0.876401
SER  A 738  0.889450
ASN  A 739  0.887894
VAL  A 740  0.893792
ARG  A 741  0.915993
ALA  A 742  0.898933
ASP  A 743  0.909735
THR  A 744  0.913475
LEU  A 745  0.915389
GLN  A 746  0.913575
ARG  A 747  0.921407
LEU  A 748  0.918102
GLN  A 749  0.902718
ASN  A 750  0.909633
PHE  A 751  0.890693
THR  A 752  0.877137
GLY  A 753  0.871551
THR  A 754  0.870493
ASP  A 755  0.883211
ALA  A 756  0.909431
VAL  A 757  0.895337
ASN  A 758  0.937260
VAL  A 759  0.949160
GLY  A 760  0.953027
VAL  A 761  0.955339
ALA  A 762  0.944010
LYS  A 763  0.950128
ILE  A 764  0.948869
LEU  A 765  0.939417
MET  A 766  0.936965
ILE  A 767  0.957838
ALA  A 768  0.932138
GLU  A 769  0.918102
THR  A 770  0.940592
ALA  A 771  0.937161
LYS  A 772  0.916495
GLN  A 773  0.921407
ASP  A 774  0.933323
VAL  A 775  0.904860
ASP  A 776  0.912465
VAL  A 777  0.917801
VAL  A 778  0.916093
SER  A 779  0.923005
CYS  A 780  0.938241
PHE  A 781  0.953124
VAL  A 782  0.943132
GLU  A 783  0.938437
ALA  A 784  0.947414
MET  A 785  0.944789
ALA  A 786  0.922207
ARG  A 787  0.923703
ALA  A 788  0.918202
ILE  A 789  0.894204
PRO  A 790  0.784065
MET  A 791  0.639714
