ResName	Chain	ResID	RMSF	1D2S	1F5F	1KDK	1KDM	1LHN	1LHO	1LHU	1LHV	1LHW	6PYA	6PYB	6PYF	6ULB	Mean	std
MET	A	1	0.9590480900577936	None	None	None	None	None	None	None	None	None	None	None	None	None	None	None
GLU	A	2	0.9648064852579858	None	None	None	None	None	None	None	None	None	None	None	None	None	None	None
SER	A	3	0.9621466010088291	None	None	None	None	None	None	None	None	None	None	None	None	None	None	None
ARG	A	4	0.9831175863475109	None	None	None	None	None	None	None	None	None	None	None	None	None	None	None
GLY	A	5	0.9929401587840307	None	None	None	None	None	None	None	None	None	None	None	None	None	None	None
PRO	A	6	0.9585553077995618	None	None	None	None	None	None	None	None	None	None	None	None	None	None	None
LEU	A	7	0.9643651395501173	None	None	None	None	None	None	None	None	None	None	None	None	None	None	None
ALA	A	8	0.9312107635950756	None	None	None	None	None	None	None	None	None	None	None	None	None	None	None
THR	A	9	0.9297383618484527	None	None	None	None	None	None	None	None	None	None	None	None	None	None	None
SER	A	10	0.8593276018347032	None	None	None	None	None	None	None	None	None	None	None	None	None	None	None
ARG	A	11	0.8800544848068348	None	None	None	None	None	None	None	None	None	None	None	None	None	None	None
LEU	A	12	0.8614007414962811	None	None	1.0	0.9491768503238563	None	None	None	None	None	None	None	None	None	0.9745884251619281	0.025411574838071826
LEU	A	13	0.8395841477649401	1.0	0.9042924863934344	0.9853232738860102	0.897876246467171	0.7070532928980653	0.9533054971654559	None	0.7710292120004525	0.8222163476612306	None	None	None	None	0.8801370445589776	0.09804359322658196
LEU	A	14	0.8324573013823067	0.7900358828488989	0.7756280332562655	0.8711371782156014	0.7589865660817148	0.6500859681186931	0.8792609383486533	0.754378386614288	0.7208680943419751	0.7512406852938721	0.5343476784604562	0.6321412694735126	0.5937780639409482	0.6326635635253611	0.7188117160400185	0.10019202440649959
LEU	A	15	0.8220103323458267	0.6145162470231845	0.5744998218555953	0.6427748937618293	0.5059671699937075	0.5564208435222853	0.7363354484615323	0.7144325033814211	0.6423763339476611	0.6605861673039019	0.39623626131902184	0.4716757021268324	0.43093420528908805	0.4413974389758194	0.568319464381683	0.10715116829872631
LEU	A	16	0.8297829676582924	0.4571834518333627	0.4199819280089395	0.45890092457636505	0.34393637777530406	0.4572680577460681	0.6257431790882917	0.6849104657488653	0.5386258670934669	0.5508669446181146	0.3137522531808694	0.3259111618079365	0.3427739156244813	0.29195912808388547	0.4470625888604577	0.11985734344356509
LEU	A	17	0.8491417300296847	0.4784470278105957	0.45867816682297335	0.4305688014653875	0.32452408900616864	0.4665006782488981	0.5995631118191567	0.671024195357833	0.5580447514182301	0.5195123409083439	0.264837435564847	0.37258282897229344	0.30366830656136823	0.3262544784716244	0.4441697086482862	0.11818097518527046
LEU	A	18	0.8472850412953901	0.3402554055699964	0.376411861352588	0.3697962518805065	0.3869203804684942	0.45353188068051875	0.5939324171837923	0.6577906720345457	0.5195873306111366	0.5221073016086853	0.2696975778744103	0.31202664782237294	0.21981501751400517	0.31138085054052655	0.41025027654935226	0.125582974404909
LEU	A	19	0.871048316671013	0.49289703607496677	0.6355461236077257	0.5985652180940951	0.6226249730173066	0.5934134831962565	0.7549208996697365	0.7788194532217431	0.6453824503925693	0.6762246843750022	0.44292441974961044	0.5656697634510962	0.412993553174186	0.5308126852339304	0.5962149802506327	0.10472010650059284
LEU	A	20	0.9122477612780343	0.7728669532492333	0.8464246798676052	0.8199520078169685	0.8684174152413443	0.7407247989527461	0.8960599250472718	0.8906380214996098	0.7862922979719718	0.8132897267712952	0.7908293615087177	0.7956867701308137	0.8305679659952312	None	0.8209791603377341	0.045686348316377
LEU	A	21	0.941500978441063	0.8442785854453088	0.8532529372446173	0.9051067490088941	0.9919774202737639	0.8165479352657794	0.9444031314636738	0.9305028030622973	0.831885370434488	0.8754075532576534	0.9236186645654938	1.0	0.9720529253137457	None	0.9074195062779763	0.060536258079745386
ARG	A	22	0.9575668081096269	0.8055963439571336	0.7992196305132949	0.9419143889890726	1.0	0.8280550457588215	0.965691724946188	0.9408084913573773	0.8248576866348651	0.8874896202773159	0.925133837411909	0.9519637723070223	0.9974607242480843	0.8571474923070641	0.9019491352852422	0.06928354398825726
HIS	A	23	0.9681907620953493	0.6385513312671339	0.7627775972940152	0.8833140784262229	0.8869962985762999	0.7923520608582655	0.9281429870085547	0.8970920461575085	0.7814068978464838	0.8551471846078312	0.7064878099963295	0.8462569822429417	0.820452794977114	0.6886328390470815	0.8067393006389062	0.08520041154766408
THR	A	24	0.9816607833363098	0.6445570832411711	0.7159418452985779	0.7815171371083719	0.690881124846974	0.7298506973518011	0.853080425934178	0.8351375421334511	0.7185109446289581	0.8240486371650695	0.4557419258187567	0.5272146178963367	0.451818974912161	0.4132881627328557	0.6647376245437433	0.14820034516159955
ARG	A	25	0.9833409553742052	0.5079384809984905	0.5222665507541158	0.5097346824772755	0.39756098127522005	0.5923356048739715	0.639506972541432	0.670381798750337	0.545891054690461	0.7067459731390838	0.2788437791587146	0.313934549445891	0.24979962806607395	0.30852811540165964	0.48026678242867127	0.14954936786213083
GLN	A	26	0.9868878766316341	0.375963595375114	0.4223077617342168	0.31859157504751756	0.20665105662913097	0.47438917981949136	0.4347067856473811	0.5059712049982608	0.3977246444429852	0.5847605095767461	0.1296835591014968	0.19757399843597306	0.16512566189701824	0.23792388906692027	0.342413340136327	0.13855499925748255
GLY	A	27	0.9875839219804358	0.42704246729016476	0.4036821417871122	0.3232544594691038	0.19418693521065833	0.3899867739529257	0.3416720644427212	0.4121095228406143	0.33555148975004334	0.5060022177229748	0.14202875542355334	0.2158565226277761	0.20688889026765722	0.22210308768454753	0.3169511791130656	0.10661494040099237
TRP	A	28	0.9949726889387582	0.2856095407424491	0.27127361671385863	0.239080791296543	0.10138477696888977	0.3312775268740996	0.2707144396729402	0.3154513775557215	0.2807837953823886	0.42229169697447244	0.12203614278652038	0.16090723960727288	0.15481417402213643	0.134760044326961	0.23772193560955795	0.09222484823688336
ALA	A	29	0.9757468201535334	0.31116144957021374	0.2795172496858577	0.2514861032922381	0.03960955644143189	0.2979232439546259	0.2968057182713409	0.2968225503122839	0.2784252684650398	0.39127182153925877	0.09492298800997674	0.13506076244549572	0.09231831042427945	0.07773208495530047	0.21869670056671872	0.1093283086588847
LEU	A	30	0.9864840119771158	0.26899919434801123	0.2487720424312525	0.22160046582266016	0.0	0.309382263534603	0.296741770718552	0.3185257079633361	0.2997971680214031	0.35916842173706265	0.05321947729184662	0.08386302426888305	0.08974196559315904	0.08738604422134394	0.21976646216267612	0.10545715376608099
ARG	A	31	0.9934051808050613	0.28681192006105755	0.30148959738278197	0.28202496992510656	0.0376367350824662	0.35913768780641353	0.3408056195325807	0.33463407596797573	0.35357797973256777	0.39120335984434995	0.0378322292925287	0.057721963262666494	0.10181919235834254	0.09325900952218874	0.22907341075161738	0.13328245555152568
PRO	A	32	0.9745161435117328	0.2772408627012282	0.26211546876751585	0.2587020194080639	0.09995245364216786	0.3687058698058398	0.3352291574736929	0.3638954603934058	0.3439675622482783	0.44697498197119917	0.07741402314990109	0.08264780263383553	0.11533383762606299	0.1084311143892566	0.24158543186234216	0.12418475475292193
VAL	A	33	0.9867410925307757	0.30389002289042344	0.27119091952163127	0.32736284718627157	0.1607177992984253	0.42824382095024366	0.38627099012157534	0.39514854967784835	0.40502885371907876	0.580271304596735	0.10213646590220282	0.10623478767380552	0.15029374289607175	0.14666867820450216	0.289496829433755	0.14269442929682963
LEU	A	34	0.9664446440763642	0.5687411445039671	0.49337578686961847	0.49018906075260565	0.2913187420589129	0.5427785178799001	0.5650167137796441	0.4619763510197118	0.5611716070693228	0.6954242743338889	0.2039095063689531	0.17709796444424	0.21084696173430323	0.14589147263090396	0.4159798541112286	0.17694296384999375
PRO	A	35	0.9595398990785422	0.6944645970710441	0.6150754961532465	0.6057092274421053	0.3277752018996937	0.6497590615173137	0.679167717355191	0.5522559408785231	0.665858100938653	0.7926528553447805	0.25273577605088954	0.2909899060527321	0.21956562156412154	0.24341792107611815	0.5068790325649548	0.19826094903582087
THR	A	36	0.9532793675325677	0.6214598625059669	0.6034108936985918	0.6445278227811538	0.41590624346789795	0.6991235265875885	0.7272425911604259	0.6132702619603514	0.7180890065190355	0.8453777889287338	0.27220220680688195	0.2718138285365351	0.217343974289111	0.29067833869721105	0.5338804881491912	0.203266163846142
GLN	A	37	0.9367457600599228	0.6974366072776119	0.629293133369662	0.6719449701392318	0.43960724132835266	0.7191465461761616	0.791866732842414	0.6734435983958039	0.6903561909626288	0.8535876371659185	0.23413489558651587	0.2681793789803655	0.29812480265774244	0.27733989772328616	0.5572662794312073	0.21223856058506504
SER	A	38	0.934718455349378	0.7118132828056238	0.6570872888216137	0.6577468285893918	0.43674464853570016	0.706125414094107	0.8126663229695023	0.6803688819835523	0.6623500371253543	0.8310283200626903	0.2554380093505763	0.2050566385786908	0.2436566777046468	0.2156859850970178	0.5442898719783437	0.22786509554430434
ALA	A	39	0.8906432567464431	0.4781425944571597	0.4636083862268818	0.5188139471534035	0.35200208047563813	0.6425584108375841	0.7483677217656266	0.5990891134076168	0.5431684697478802	0.7317916884439946	0.13071490592816015	0.19127459165416014	0.16797373622614395	0.13513225047972457	0.4386644536003057	0.2144087682808638
HIS	A	40	0.8803922907187728	0.36664364465717936	0.3043177894375607	0.3396927992846657	0.28868752483440696	0.5551107333830172	0.6540792470244091	0.5005499657226625	0.424965144659877	0.6083794837321577	0.09811610426099848	0.1538272589815347	0.12796065985246605	0.13301418920697733	0.3504111188490701	0.18273989755517547
ASP	A	41	0.86097532722826	0.22050690257549269	0.22259708363700714	0.22472482477645098	0.20527474268768955	0.4164343637594401	0.47809582674938556	0.35097009319565065	0.32024085171113725	0.4080254588072032	0.06651957627994953	0.12009874008314773	0.10262358747000117	0.08674170585006709	0.2479118275063556	0.1309564304305944
PRO	A	42	0.7838845165950225	0.2184726485057206	0.1833979725756625	0.20538841976651823	0.1131741048376661	0.27281160025937234	0.31005495588499177	0.23571171202592728	0.2070749935918585	0.26309241188910654	0.08191467931449864	0.07384473122614764	0.07959753528795485	0.040414558839805895	0.1757654095388639	0.08462258084633494
PRO	A	43	0.6089455768159677	0.2266083872542066	0.2542333674749353	0.25526590070207766	0.12018348937520615	0.2814164016367004	0.34997191696407093	0.30422422906126445	0.28210390248600953	0.3096332576379801	0.12023416666957341	0.1175655061012474	0.11968736519340012	0.08592861886716727	0.21746588534029535	0.08791269624952103
ALA	A	44	0.41649009577431684	0.22960867025878226	0.22989554137387969	0.24282035533488475	0.08892645781863054	0.25404342958077436	0.29690486185790205	0.2810879678677119	0.2843253811871363	0.2878553194887558	0.12956139281021983	0.16122197058700363	0.11585849787420677	0.07648316999596652	0.20604561661814264	0.077451498903384
VAL	A	45	0.39373278916545296	0.2789321111998336	0.2723591646094651	0.2533949619152706	0.12088868924798918	0.2767827292667254	0.3249934809440665	0.3036131142895452	0.33160406877829396	0.30702824947875357	0.15625209407737467	0.18452455007317903	0.13610026694152144	0.12437915077672212	0.23621943319990307	0.07671430655197911
HIS	A	46	0.37130591305014243	0.27155351875186734	0.23157368503119516	0.25538433550707973	0.13328945296604497	0.2410547553363428	0.2986581651797435	0.2865875294381679	0.3091316366832592	0.2862965125945444	0.15131731340528018	0.1883073233827366	0.1542730953075102	0.13358419745871633	0.22623165546480678	0.06322796902178945
LEU	A	47	0.3945258446761779	0.3234348494038541	0.27173576573633357	0.28278249323856963	0.18171933654715378	0.29020810967825966	0.3737486401421274	0.3503441729669725	0.34621973198721256	0.33368089010095775	0.1949067941848847	0.21415091862259578	0.20751339279649017	0.18099532081261432	0.27318772432446353	0.06723072727969294
SER	A	48	0.6181452221492227	0.2875997534024497	0.25216379346672524	0.27855554444632413	0.2136566395442607	0.254596663849547	0.33384145306422963	0.30699231586326425	0.2851748311058148	0.2894196754095488	0.17485896262478698	0.2075151375678633	0.19331887820025978	0.17906940511999458	0.25052023489731295	0.049873705213388506
ASN	A	49	0.8081906607537473	0.34747081692107235	0.3409830219944292	0.3221061137411157	0.2809421950345057	0.28446250023503067	0.3393118597976059	0.35263229038014654	0.3507078701504713	0.36308260105546986	0.22838933627353092	0.2924909008648083	0.22721266190506895	0.30058677620750746	0.3100291495815971	0.04391240256938277
GLY	A	50	0.8053930873388581	0.28090878079060966	0.2644885129690153	0.26368653781005735	0.23442926175252618	0.2298388000585226	0.30648799917190006	0.30099056304335126	0.3595033138207232	0.2680583520979215	0.2075223842758614	0.1917385410804172	0.1956228538164276	0.2298881608396071	0.25639723550207233	0.046523451293745896
PRO	A	51	0.8137667831229879	0.25991017786520765	0.23862916081961486	0.20543513069077904	0.15361186425348453	0.23208259704165857	0.28378432065341697	0.2629053034599296	0.3573044861139311	0.24042433588785955	0.12205027083040305	0.20447571432818298	0.15174380123084605	0.13926901143843287	0.21935585958567286	0.06378480482909969
GLY	A	52	0.8332744283497823	0.23625070236068774	0.2049352200204498	0.20389278241537123	0.12215993305926284	0.208504175726313	0.2516863003532195	0.20196333636549796	0.2883518906214676	0.193547164785767	0.13432774359353233	0.1659854507250663	0.1399334862025986	0.16275922250127572	0.19340749297926998	0.04633303030955859
GLN	A	53	0.7723475031608987	0.1822812865112558	0.15393908498135886	0.17986736403709544	0.11980524865492075	0.20425753465538263	0.1863650613060507	0.13808116249403313	0.2178628779789871	0.15613804893766037	0.12648965860833442	0.13811923736494605	0.11430054900585829	0.10833049205497383	0.15583366204545054	0.03416595131770158
GLU	A	54	0.565743305835249	0.16297908220644516	0.13797696590233907	0.16450263900714818	0.049709456799537984	0.15830562246278423	0.16566560207928346	0.1140316899716546	0.16372924786854276	0.10897838954567081	0.08512586404666371	0.10739154146277985	0.11609161626579546	0.10398105771454604	0.12603605964101472	0.03495826981649808
PRO	A	55	0.4168523056125716	0.0932823119154853	0.10646260955731801	0.14842938471182232	0.028999996525785488	0.11119432390235699	0.15554635690501104	0.10451739395942881	0.13218442574759873	0.11598005758757257	0.05562650010409653	0.1062174719966199	0.09013793969499957	0.08518599745862265	0.10259729000513217	0.033087643418433905
ILE	A	56	0.4030867234167015	0.09484916296142402	0.09348800587565478	0.08961096308063779	0.022336526823089262	0.10547724353007061	0.11484759064546157	0.09571325495592235	0.07719924653351322	0.08427274922506064	0.06134362721171533	0.11805637549564985	0.06298224613391755	0.087844498687251	0.08523242239687447	0.024412942793973557
ALA	A	57	0.36425357001344244	0.14321788561856716	0.12383236625644688	0.1244361196327467	0.06562769917436953	0.14647434856057312	0.16512797045007005	0.1414233629039051	0.11195562389450643	0.1328792825371657	0.019961944517699382	0.04598472096733643	0.04478355435985045	0.06456241331060956	0.10232825324491127	0.04566912126650021
VAL	A	58	0.2199314799136508	0.12515701082477476	0.11231661813808713	0.12608639953702028	0.11288851756250412	0.1902024673765333	0.15892232326782582	0.1283434942868944	0.15063722991906786	0.15184859986949922	0.007281999892132853	0.05470175918359283	0.039242753426420245	0.06561882926440332	0.10948061558067354	0.05087607332204802
MET	A	59	0.15459773544732672	0.1853905685865082	0.10141062991708594	0.10977314819401736	0.1415010196113402	0.269407159481222	0.20907716982191343	0.15838683139984575	0.20046112310357025	0.2579474268434728	0.06079454316740748	0.06308002546900796	0.024629433045823153	0.10314373687752959	0.14500021657836495	0.0736009804435327
THR	A	60	0.11534509872869426	0.5062071195082337	0.42876613671480324	0.30978372042348973	0.18060950141898713	0.44702704124103876	0.3244773347898495	0.3049074688514798	0.3734450559838622	0.4718194124536939	0.1008599969491204	0.08276697912877841	0.0733723608049228	0.14313307081885546	0.2882442460836242	0.14977568944783715
PHE	A	61	0.19999930729040966	0.5505806030346608	0.5513838011897368	0.30872187125478473	0.2351276050544498	0.5476937886797655	0.37100181285511136	0.3521094801980355	0.5679411253844249	0.5077648926070997	0.1317032139319464	0.1288731302744791	0.10194113450285153	0.17686196166416562	0.3485926477408855	0.17445273382385998
ASP	A	62	0.2992325796098097	0.5909756140693558	0.6320541668880738	0.3481701922303807	0.3423186696039103	0.5896327173205487	0.3717977842195172	0.38859067202818964	0.6393539460340024	0.522642596045149	0.1730015754093986	0.15864408803064153	0.17469736711268197	0.2266094725983563	0.3968068355069389	0.174538043009433
LEU	A	63	0.40875938830110337	0.603458119361967	0.6424781679137498	0.40547878660319975	0.45376947500746706	0.605523964304641	0.46453942083008043	0.40616924067328036	0.6818730082245144	0.5690045506733107	0.28981527175337213	0.24993299467464986	0.24394028669360943	0.4121543208208789	0.46370289288728617	0.1424993521530483
THR	A	64	0.4522215970403523	0.4588516534796357	0.4481177173650149	0.3224469420511462	0.3733407576377121	0.48473040141734774	0.38732874978816395	0.29576653259585417	0.5909157434486163	0.4339741886156685	0.19156000256411476	0.14655372017503843	0.16588468815821453	0.2965881016381821	0.3535430153026699	0.1281346912614962
LYS	A	65	0.41649009577431684	0.23699876816691082	0.17700587146017416	0.1629619150426119	0.16617229416136972	0.2918062907848812	0.20441947022710022	0.16010199213316006	0.33262410542430715	0.2592945131853198	0.09319714344320726	0.09243150384638274	0.0920170555888402	0.11441680369983734	0.1833421328587771	0.07540346601850416
ILE	A	66	0.45033030273461194	0.12500477895452336	0.08879871040052267	0.07858577751115571	0.08286081565154163	0.16105424535714088	0.13156322444117102	0.10920688900272005	0.15796848858096346	0.10136652532771233	0.0	0.02718217783710031	0.04732786852800325	0.05575196402007694	0.09722262213438598	0.040430988234184825
THR	A	67	0.4455382519729629	0.08776059085232896	0.04431275392785527	0.05971767163241813	0.005042172828783777	0.1115400087543926	0.13679183339316084	0.06675011022307747	0.07760243923267096	0.06674866246206014	0.011903786817347304	0.057267574140057925	0.07678992045480873	0.06302267388690104	0.06655770758506639	0.03401831976431523
LYS	A	68	0.35375257868113	0.0023035715076792094	0.011603547461287562	0.01775914253671065	0.09045464938560575	0.07877962308190971	0.0963840716321741	0.05515300217063743	0.04730470438854216	0.04936005713352299	0.024108734241236707	0.04532543510288394	0.04350898076583167	0.026918762748335646	0.045304944781258266	0.02831116219891889
THR	A	69	0.38483830009969666	0.05046734903242779	0.03985114495371092	0.06589205240595705	0.05731218092786438	0.08570676894687096	0.06791690328980686	0.06165668336107166	0.01613109959680671	0.05223882688743964	0.05458173211598427	0.062358857437698124	0.04199746445946008	0.04079268954158378	0.05360798099666786	0.016282472196724778
SER	A	70	0.23389883514348472	0.06363980269365466	0.04897701494012037	0.07290526162432144	0.09185141576882004	0.09938280769937172	0.10904906915128725	0.07460253951033939	0.1428051190986946	0.07026871387998876	0.05945417863767209	0.058788370683981954	0.035243851535930903	0.03037024994055298	0.073641415012672	0.0297701531531266
SER	A	71	0.1329302302272782	0.1154652881495352	0.07141005253381177	0.09319970017093925	0.12546321649266465	0.11615425677176539	0.17151797169812433	0.1026248738725666	0.18557949747210042	0.09903436202515004	0.04649540295922906	0.08499298396944373	0.037619669046571755	0.02946010482149822	0.09838595230641539	0.045046899310365054
SER	A	72	0.09378799883960355	0.10181403336824749	0.13211873767993726	0.10766049054661088	0.19073656001634667	0.12222245135482766	0.16936048624565103	0.13950515228342114	0.18770613982781806	0.13901524543756627	0.08150815586361483	0.09338754832011831	0.05705041288766015	0.0370976187097838	0.1199371563493541	0.045086510893091895
PHE	A	73	0.10669343681030935	0.1979827262839905	0.1821092470599796	0.18160823425254416	0.23488770202395753	0.1490692180329582	0.23019379368141804	0.21528595734818853	0.21506342374079016	0.21917055280409703	0.17185303086626752	0.14301055229994517	0.11492273323487705	0.12696308736614959	0.1832400199227049	0.03840489263054911
GLU	A	74	0.07163836526005157	0.15181410720331925	0.1271634714605721	0.151925906884629	0.12459430667494051	0.11912917554516939	0.22914434109180148	0.18905220946869275	0.15082992463615175	0.1668246392304025	0.13519074032402031	0.12379740620547422	0.09238960633956365	0.11111305438521207	0.1440745299576884	0.034507769245612274
VAL	A	75	0.12487809896452795	0.08738720564654903	0.06199000856292174	0.0835838657187198	0.03936878855784821	0.04801099062163766	0.12066441400037188	0.059275012450463856	0.05529977399480697	0.06901125030854346	0.06771971485551256	0.08238770271562024	0.03671491636466624	0.03237997389709693	0.06490720136113527	0.023560737671370548
ARG	A	76	0.20086245969671254	0.08350289711876792	0.07895855491930616	0.08064189323191658	0.07996553056019763	0.07844731243192739	0.10121941186313049	0.0452197523232669	0.06016553181464221	0.097384645188368	0.08322827975979183	0.04658158421700877	0.023765503485001508	0.0059573924763853215	0.06654140687613158	0.02744062147494483
THR	A	77	0.1716399040292179	0.038336280036986546	0.047849859708644533	0.054157127494392034	0.05568356268039862	0.0774734480903322	0.09042000105232897	0.054679289003556925	0.09014115054124433	0.056441347998838425	0.02835317074245101	0.04926321551120496	0.013665211553393153	0.017197845241619925	0.05182011612733782	0.023330032070031145
TRP	A	78	0.16376512231562262	0.0	0.024326921702676346	0.06032005916838012	0.11727399025991389	0.016863767711238813	0.0	0.011244436339777697	0.0	0.005521682438364747	0.05033147221845976	0.04420168612391325	0.037081041894231885	0.044883900412256816	0.041204895826921335	0.030533572295155364
ASP	A	79	0.19119912582657483	0.03134930354057382	0.007798495708790576	0.04185093288633533	0.0973701095387972	0.039947222399287545	0.07226955948129443	0.0	0.02184556991902001	0.0	0.015117683117351666	0.036594138920783455	0.03381653554002206	0.019511882176214104	0.037951948475315474	0.02489984585084367
PRO	A	80	0.15251388044247732	0.1532351858612409	0.10204453095516006	0.12043692328836159	0.14957389649908182	0.09208816738645863	0.13761164126763653	0.09251774484440788	0.12113686601340584	0.07316681397885944	0.04832601495585843	0.051853929590220775	0.08017818660952157	0.10883837970412023	0.10238525238110256	0.032579738197851774
GLU	A	81	0.19826397469360213	0.16448132976539953	0.09582415433642895	0.12119322226986155	0.1545732282473916	0.1046769762525279	0.15797089517839977	0.12041562514926957	0.1666239070220505	0.12608731406085366	0.0524368399826836	0.06961183047746748	0.10332898586838185	0.10419201337152	0.11857048630632584	0.03425289502959367
GLY	A	82	0.26306132860272885	0.18141003481739826	0.115759042813633	0.14617616695688412	0.15368490814066968	0.22318172581128098	0.22010644012227526	0.14726560190405	0.27454003573545416	0.17881615899864903	0.13501457422682078	0.1390041274123542	0.15191568434971958	0.14699132813277482	0.17029737149399723	0.04279485183296658
VAL	A	83	0.2427933242092415	0.3149014651107788	0.23510364844977039	0.29323462535932165	0.28532341566764935	0.3311391866722634	0.33361795728880933	0.2920740385841734	0.41398880233098534	0.34423342113562005	0.3363220191065732	0.2810582194271474	0.29554611822672777	0.2892872784011739	0.3112177073662303	0.041122931206397005
ILE	A	84	0.1929842174843724	0.23146952151468078	0.17026900102386283	0.22473373937251903	0.2800362107715114	0.26144916704415183	0.2687627351078217	0.20717257507330974	0.3227637351263676	0.2862723365304473	0.3024020093986078	0.1773879745179678	0.19789949539439122	0.21308196599356305	0.24182311283609248	0.046735923921559
PHE	A	85	0.2159084647924174	0.1467304527700146	0.08734776441288476	0.11947468898789566	0.13165572220466112	0.1474091296427156	0.1720314928834629	0.10560387595967469	0.17547347671540756	0.1497746198879682	0.11817230247356252	0.08155272833926532	0.10358763579010306	0.1400960614284422	0.12914691934585065	0.028573155591119902
TYR	A	86	0.2346522978057447	0.12279530831733781	0.10023944586928778	0.14647308761584063	0.1534099518049426	0.151929437446882	0.21779885047642766	0.12544738787106569	0.17968136069232765	0.12377560684521603	0.10792320864298566	0.05294868744418227	0.10820898829046785	0.11088358184344742	0.13088576178157008	0.0389561959121925
GLY	A	87	0.2277876273458066	0.09270778117710494	0.05125181804695609	0.0798619528049978	0.2072620204871544	0.09006411834344932	0.11928710922876824	0.07473886538818249	0.11179306915681766	0.08911944950876398	0.05362589793638605	0.0474498659009406	0.06319370575795771	0.08661324362500432	0.08976683825865259	0.039991537065114866
ASP	A	88	0.27677227136450316	0.04032036709003852	0.0	0.0	0.13176808628982725	0.032826233774472115	0.03949748322270918	0.02855858677688787	0.04241636356570301	0.04174781241118948	0.0314044857656841	0.0	0.035112506639304236	0.062007227005205216	0.0485659152541021	0.02908838048834127
THR	A	89	0.3528181715063405	0.03170056594553761	0.06940695567798888	0.08977520538765493	0.20933515674703496	0.05833848683318232	0.03920408344723262	0.03349028647621912	0.10199701000672097	0.12090144591971182	0.08339050835290125	0.04112173690021074	0.03206327732905341	0.05188210259256841	0.07404667858584747	0.04793623763856362
ASN	A	90	0.4346594416804214	0.03478708749546882	0.03156533482112593	0.054067048939262334	0.20952051983860143	0.0	0.06042878656943923	0.029156807729465377	0.048468218595913895	0.08474626334340689	0.0727378277963259	0.028307188950705473	0.003149922512030631	0.03703563556479695	0.05783088684637857	0.0503340276321266
PRO	A	91	0.4343222456642455	0.11013521360848136	0.09521616306188946	0.10546246524607632	0.25973199559462834	0.1397016791352985	0.1882792330215066	0.09736776919607722	0.16755784160015585	0.1549828440823299	0.09347678968529184	0.07698488876002338	0.04070798992190159	0.046737239012484194	0.12125708553278036	0.057968022035245384
LYS	A	92	0.43499618171807275	0.17136092957398225	0.15561542789798027	0.1617192578512232	0.2378223575819661	0.24101628360534774	0.24582397991576768	0.2172360081587914	0.2426991246845231	0.2627082415099419	0.15137017286003177	0.1578514018623723	0.08513501232800694	0.06993226886067415	0.1846377282069699	0.05993963395489925
ASP	A	93	0.477009684700048	0.22836723238623044	0.18991437866237473	0.20698345089640904	0.220801374549632	0.21558868648266455	0.2616233844533281	0.22222070174291078	0.25690190747766045	0.25617473632856036	0.179266799635107	0.19768971905165042	0.13609920394608935	0.0919637644352509	0.20489194923445142	0.04657067373041016
ASP	A	94	0.39923185975246056	0.238555807050542	0.2066524050154242	0.20811252704180935	0.21952571169980223	0.1973760343325665	0.20848457458232475	0.22318362529665298	0.26827100036155566	0.2801316174232222	0.21089017408599225	0.21936746061450949	0.1880412132679763	0.16986908711119084	0.21834317214488988	0.0288852822844736
TRP	A	95	0.2848965800196872	0.320128437973698	0.2879630669486006	0.2697856551783521	0.19780362685636985	0.24982574628154408	0.317400284544868	0.2732577949725598	0.33912693290761625	0.3180894413478354	0.21066265616251065	0.1878577676295577	0.19726814980011406	0.1477337987768035	0.25514641226003304	0.059123376256095116
PHE	A	96	0.2277876273458066	0.3655957650864584	0.3319695606513376	0.2677781841552488	0.23753235118492183	0.2770309005377539	0.3371743717780048	0.2931895028351152	0.37523516345312646	0.3522523614322041	0.24116479756130793	0.24134773953668476	0.22128704413114952	0.16553235126760493	0.2851607764316091	0.06134903838218682
MET	A	97	0.17927327472259935	0.42374098792341575	0.3579824000583993	0.36527348955680694	0.2943615320596919	0.3492094382107166	0.43744829961679216	0.41331350237882714	0.4608381245067045	0.43173360486470586	0.32355922450997743	0.3835991939114211	0.2902527852473439	0.29738573331765017	0.37143833201249643	0.05659808126011577
LEU	A	98	0.05049677199872281	0.46799373688383555	0.38818560864040264	0.41315011633762466	0.2624960420863001	0.3966563180897163	0.510871009328342	0.4856639580120162	0.530891770288117	0.47280262214272206	0.32483638815584875	0.4065584955388788	0.3228528690097479	0.36181895912577894	0.4111367610491793	0.07716487909043791
GLY	A	99	0.13630300259771	0.39536610736050987	0.3812808263748281	0.4140018738259706	0.3048706199054388	0.4309542772695579	0.557700879573429	0.47067875086414207	0.501446832014747	0.4568806514068687	0.2967184510322601	0.33472738643195304	0.305721930677965	0.27346527162508455	0.3941395275663658	0.0847385654186942
LEU	A	100	0.05049677199872281	0.4124482989874421	0.3757043687990982	0.39973669711753207	0.2869616702605469	0.37626929629259825	0.4894848578481936	0.43423814282901296	0.4625046097569747	0.41583211812076964	0.24885575683561162	0.3259427833241374	0.2710298534297355	0.20307959403852127	0.3616990805877057	0.08416691424049752
ARG	A	101	0.12604446746642015	0.31628072355858733	0.2538988216011733	0.2927313338896003	0.19283132672101558	0.27350588722429864	0.34957735880417984	0.31786841236752983	0.311175349025922	0.3158561874854007	0.13589990050486242	0.20660670912443221	0.1886204009540001	0.12798440672758035	0.25252590907604483	0.07132290939757356
ASP	A	102	0.19999930729040966	0.2925460813697651	0.23652299738637428	0.2316187396553156	0.23744499622689785	0.26726969502384645	0.3486873301156247	0.28449752402162576	0.28945142396127177	0.2690208272335909	0.15484134888776224	0.18432917912406685	0.1678712750410173	0.12826879245076647	0.23787463157676345	0.06117637524529833
GLY	A	103	0.07736319715415547	0.2541715232785157	0.21808052221289062	0.2284746595414451	0.15595030856464603	0.2294403496418095	0.3142453355295395	0.2553545159112228	0.2286261521589869	0.20120790994266516	0.12069857225385368	0.1684764822197534	0.11516618408072135	0.06823301515202107	0.19677888696062082	0.06535305922312755
ARG	A	104	0.03589211173298242	0.11362430138340521	0.15044592238165344	0.16224420392521893	0.13462379476488384	0.19359279516943972	0.2586610617278542	0.19607133590895304	0.16375796028577655	0.14537625205261334	0.08307784626563161	0.0915762309631896	0.053770804520250105	0.04539198234065613	0.1378626532068866	0.058131306662642226
PRO	A	105	0.005724831894100533	0.12630467165445525	0.15015707827907462	0.1609231619865066	0.10850897340916148	0.20418247890880342	0.22547101947419307	0.19829885258192323	0.12750457510256824	0.1982611109357412	0.05221582460256551	0.057188091743559544	0.050869232321550654	0.03871604028696092	0.13066162394515876	0.06307935524699729
GLU	A	106	0.03589211173298242	0.24104833594618152	0.2180405946686728	0.21062924474418607	0.18903373960591233	0.2802858526728687	0.2678333414050791	0.26942426331827074	0.2448972812168625	0.27879649035776277	0.11578512592471875	0.09137031644131677	0.10162614653625224	0.06513982468811495	0.19799311980970766	0.07495645238188425
ILE	A	107	0.05977806565557155	0.4063580560210717	0.291105323619128	0.24920721522427308	0.2681038593233078	0.34269882904703813	0.3580724625438608	0.38023471332092434	0.3776194264342037	0.3647189822297903	0.12916616835516534	0.24436788074461202	0.12788035806286663	0.15055146831517224	0.28385267255703184	0.09514545519633376
GLN	A	108	0.10919616360424222	0.299484688682288	0.2199472288329713	0.2901245821481584	0.3144637256645535	0.30752822368787025	0.3301787460447625	0.3144872625712735	0.33144539758950803	0.32897053867404724	0.22462021335077448	0.20286326780548505	0.17777508538522135	0.1587593780397333	0.26928064142128055	0.06042065672558876
LEU	A	109	0.20682217846868878	0.21759051338407054	0.18649601332967156	0.24787945028536457	0.3000506342468476	0.21194200679057504	0.24654463975704868	0.26418112626043455	0.2462754749853236	0.28310507880446484	0.27638150986338256	0.2482102293185875	0.20536675429687837	0.2766536711396412	0.2469751617278685	0.03239985000162296
HIS	A	110	0.3176868890236157	0.13499451035162774	0.1177449773981167	0.1337736091855189	0.22222323248108763	0.17108238438372833	0.22037338822114158	0.17904777264605531	0.26348889377669493	0.22268586458634324	0.19934921684705337	0.13926643470258887	0.11448355891968635	0.17255303451232457	0.17623591369322827	0.045167270650804024
ASN	A	111	0.4030867234167015	0.11104508335283371	0.08652326004507839	0.12125991667129453	0.13512649688542605	0.10193624523934842	0.1450684287731113	0.1087362125589144	0.2875294816272022	0.11662640682404674	0.11092160359894616	0.10025353915181594	0.08146851541292813	0.059813165326607125	0.12048525811288872	0.05274524896372545
HIS	A	112	0.46715199076294234	0.07188858075830025	0.07657229697622368	0.07548577089075093	0.07731163109171621	0.08402104439917572	0.1498313729901739	0.10144846473245903	0.16124852204642037	0.10712270713039371	0.05827711430388775	0.049183871430425	0.04271042359868349	0.0549460611895208	0.08538829704139468	0.03492522864406489
TRP	A	113	0.43262938244929144	0.14075661970980155	0.11495853630693031	0.11871672778644626	0.047308777365134475	0.12320434646064507	0.2204436099203781	0.1662294302190137	0.11743314780573418	0.11421312592868481	0.03419244956892733	0.05155587269725974	0.01754605549752102	0.02632166335980119	0.09945233558663674	0.05807795082066548
ALA	A	114	0.36019705863040036	0.05980249234350206	0.08373648328240088	0.08254699215207614	0.08330451181707109	0.08858397871005629	0.1274302599814943	0.10636368255089686	0.07997330192328028	0.09629442069147123	0.03120844800078171	0.05305147773485694	0.0086995332004802	0.011913609590851231	0.07022378399840147	0.0343142253426387
GLN	A	115	0.28366380908668815	0.13233320091290282	0.08194200359196126	0.09989876077992584	0.12715488231936398	0.14947050372497855	0.1844089010742069	0.16602420693406328	0.17216343235528703	0.1831626456293017	0.07497031557852514	0.10460192612147459	0.041109431334117146	0.033953964590326284	0.1193226288420334	0.04944928225684189
LEU	A	116	0.19563808864048865	0.2163325771851449	0.19342439393587624	0.1739003953779825	0.1507424954065836	0.19521429341951482	0.21161236846362658	0.2023440356329398	0.24420220693009073	0.21705341954550003	0.07361254166603723	0.1647811127979532	0.0895231609285711	0.045347342299315106	0.16754541104531814	0.05914077941690188
THR	A	117	0.11167398723100631	0.3282663400365834	0.36446159568475045	0.3060663232738927	0.22255360572093813	0.2769404985784327	0.2961378130196944	0.2974848078418376	0.34644639860492304	0.3357382504860284	0.22890227025981785	0.2010243467805042	0.18051271408565336	0.16912968428023886	0.2733588191271765	0.06324861612188937
VAL	A	118	0.09903070237420318	0.36618044918980036	0.3747900096823115	0.3495376788463354	0.31479403688611846	0.30540186851105217	0.33851755121509114	0.30693969257650716	0.36017064765049295	0.3491373047330053	0.29779898776667013	0.2571758597374681	0.23435245654480638	0.22929964991377474	0.3141612456348795	0.04705318175645453
GLY	A	119	0.16476319667736536	0.22061751736930615	0.2537334349533669	0.21034693727685003	0.31115128153925514	0.24834402127403574	0.270288153892235	0.23376970809657724	0.29584700542369896	0.2710446991286768	0.14535027134146275	0.18663564613637462	0.12140082200761973	0.09525112434433246	0.22029081713721468	0.06408469310770813
ALA	A	120	0.3730382276528534	0.17939019308758233	0.17142441756851504	0.16391974814164526	0.23518116679652948	0.2058094023523001	0.2557542684014337	0.19628517235201448	0.28986586105563444	0.2192715160720005	0.14576682651741635	0.1554928293133472	0.08051508421843033	0.04106460920730424	0.17998008423724252	0.0648270162847946
GLY	A	121	0.21913205958055434	0.10276576277938544	0.0790164820962303	0.09584378282341519	0.13222173639794788	0.13501578949262305	0.17470986789640489	0.12519573781628104	0.15989981089229663	0.12232292760680123	0.05242467723039248	0.0524946821117493	0.0	0.00033988213592930656	0.10268759493995472	0.04778240181994907
PRO	A	122	0.11776278004870641	0.06541371905578479	0.06318548570839336	0.05600009280283531	0.1300974389729497	0.04604330985476606	0.1037453174921297	0.055526581730954344	0.06986242253011356	0.08098134276534498	0.04140378778839306	0.05409175880089383	0.0013832005115290724	0.03482551720840483	0.061735382709422505	0.03044074126628015
ARG	A	123	0.042489033145378545	0.06730022014886235	0.04393505622173042	0.056473037693250426	0.16998880905465105	0.0481811902784451	0.10342980551118208	0.04786251734544921	0.06706700502957068	0.06743383175607368	0.05810195413023416	0.024450224979785464	0.000442057801145028	0.0	0.06288880916253163	0.040222405990076496
LEU	A	124	0.014983118277881026	0.017136715549043384	0.007320084591833693	0.029495463016698333	0.13401393527318994	0.03473241663347789	0.07508760024550869	0.011862046344922791	0.04987387546600535	0.03391743607924851	0.08112742188570558	0.031400937230762906	0.02570735328647584	0.03232813474427746	0.04338487848824234	0.03351738272190008
ASP	A	125	0.0977303379576747	0.07794225007188367	0.04050501434625226	0.051775590510585015	0.1589526821789155	0.07752592252831765	0.1336219026399956	0.05548649478824543	0.10219347102437695	0.0393646350218575	0.06110565389920798	0.019996973214920267	0.03886346432154563	0.08640539787535384	0.07259534249395826	0.03842893827976577
ASP	A	126	0.15251388044247732	0.10395158110803578	0.05033201786105628	0.09830423301104316	0.17695171960242967	0.10075798934078797	0.14616651542436823	0.06781421585652882	0.11300068466117487	0.05477323803129353	0.13572844720015093	0.10219773883069738	0.08088996901657318	0.10905345300344864	0.10307090791904526	0.03441288278834078
GLY	A	127	0.247124202411986	0.20025163749110905	0.11247851399446314	0.13392639231190748	0.2592048836549918	0.26231697545144944	0.2103804396806112	0.21846189571326086	0.26187343281859315	0.18410591071948398	0.17982850769983025	0.1453005624322086	0.11926249388750162	0.11240905487623631	0.18460005390243436	0.05438504866962795
ARG	A	128	0.2427933242092415	0.4138050614030823	0.3020975755065079	0.28958664307331916	0.34330099443540196	0.4149342372619735	0.42382458788520805	0.38249968781159893	0.5345337829339274	0.5250330411210191	0.4496612722034003	0.36365027789315313	0.21591219457252353	0.27161340983297105	0.3792655973795451	0.09139135397632003
TRP	A	129	0.1687159657014047	0.6901778347872243	0.5751655153153982	0.4942927640619974	0.3990496435658221	0.5914333988317344	0.5902150209150498	0.5125746476301718	0.791064822242136	0.7219912910860867	0.8278076170111784	0.6929684744125497	0.3099388747408365	0.47228758814776217	0.5899205763652267	0.14654179164603284
HIS	A	130	0.0375577983441893	None	0.7690349947726153	0.6637266206826072	0.4863993681258702	0.757193517177521	0.7618918502950547	0.5854875454078577	0.9317125149313834	0.8235503551920428	1.0	0.9832709041241012	0.43420378738895854	0.6539787383238085	0.737537516368485	0.1748752428625065
GLN	A	131	0.0473245097373908	None	0.8230907665281747	0.7875055666228951	0.586358075417455	0.8556135131273054	0.8514440202818081	0.6370313703369229	1.0	None	0.9732450478666891	None	0.5113749053653154	0.811464957550661	0.7837128223097227	0.1514685796350809
VAL	A	132	0.007604231153820456	None	None	0.9068568259138695	0.714768018114998	0.9384745367654282	0.9408220344452394	0.6739630068174455	None	None	0.9823445721002123	None	0.6462077844425073	1.0	0.8504295973249625	0.13699027000039848
GLU	A	133	0.03421520829243	None	None	0.9649918483527224	0.8102705028234642	0.9795240071906874	0.9722460996828584	0.6734321949452023	None	None	0.9391414888080061	None	0.5683679646909704	0.785175966809413	0.8366437591629156	0.14479993763192398
VAL	A	134	0.12836094203035675	None	None	0.9531394274228109	0.7980453460337932	1.0	0.9657878580975972	0.638538263824178	None	0.9685405951677689	0.859412768103774	0.7063260321696327	0.40500199765597633	None	0.8105324764972812	0.1864125224789348
LYS	A	135	0.2855106844490324	None	None	0.9332819491680046	0.7252129223353048	None	0.9876223064053175	0.6825789422000725	None	0.9564930679232347	0.5608451363900094	0.41799680826967256	0.36221679242023114	None	0.703280990638981	0.22824772449261813
MET	A	136	0.3988430708836393	0.7143239694521679	0.5671615389464136	0.8269983506389931	0.47693718227596626	0.6665259725844298	0.8947934206328507	0.6081851807189433	0.6690656633803201	0.8905460217948933	0.21945705904467103	0.18545224553939532	0.17080132088580202	0.3075241255343219	0.5536747731868592	0.2511392549869395
GLU	A	137	0.4559616305951898	0.5591485639356143	0.47406480783921723	0.6137551693796555	0.3244076926975684	0.5669277161069294	0.724749038743697	0.5216572447502674	0.5425798406846181	0.7499496462102241	0.1893056023534783	0.19627296644385392	0.17690344168308794	0.292086884066545	0.45629297037651967	0.19200537848837068
GLY	A	138	0.4911010534881705	0.3939861383768508	0.32396635862549605	0.3768117820151701	0.18187067834477277	0.4255537461102434	0.48159254083267194	0.38247936811330185	0.42612614506255353	0.5509571922620358	0.09477207225471852	0.09133429213853016	0.115503119026749	0.11862455679584397	0.304890614612226	0.15590362384808998
ASP	A	139	0.42151370861696225	0.2384480634948044	0.23503875234732652	0.22004807176698712	0.11233085373087916	0.295928976992804	0.2503935301686862	0.23667773696006944	0.29434458498352467	0.35496122584531264	0.04202258544513704	0.06335693780716556	0.06813116523278728	0.06519306530587606	0.1905288884677969	0.10183665316158398
SER	A	140	0.3066665412049318	0.19581078119855613	0.1752962797089211	0.15772267350923078	0.11452812662313144	0.21690289052447193	0.1766617479574923	0.16336913641239917	0.20630320816318878	0.21074128188928326	0.03269783028396028	0.050375193837519164	0.044580181053660524	0.04999688895261154	0.13807586308572511	0.06750043464824393
VAL	A	141	0.26903011762621015	0.17732945340149026	0.18057803396154445	0.15427113849526955	0.0861339643425558	0.2004125366427099	0.1636006757362402	0.17914344487095188	0.1543797370548022	0.19930307906886388	0.05583213047965001	0.08783126578326438	0.05403346438394308	0.05810427657967933	0.13468870775392036	0.05487329602987084
LEU	A	142	0.16476319667736536	0.16088340279067956	0.1504058159096207	0.1799253466775422	0.052345874404359165	0.18202669350140957	0.15539447841839998	0.17109549752284522	0.15090764372160875	0.2089679827990249	0.04345319518310838	0.09295768313994558	0.0753282220345468	0.06883530253391942	0.13019439527977	0.05349232039429487
LEU	A	143	0.0375577983441893	0.18456552624678693	0.21624431157994056	0.20091735289895316	0.1704403693476045	0.22520007238770873	0.19283146513916408	0.17314741031897177	0.21147647566162864	0.24017403583777555	0.09871651421291992	0.1267879197941279	0.10249207313227898	0.09151417097363784	0.17188520750242298	0.048950095105541595
GLU	A	144	0.025657004517343374	0.22823849404197766	0.25545099566305923	0.2500287465551479	0.20629589517995842	0.24242104183896365	0.18828412156974908	0.2261419845561622	0.1807571108481161	0.28922058640637566	0.15259033827610544	0.13918576456746054	0.158603579044873	0.16110282735690312	0.20602472968498858	0.04477841702157506
VAL	A	145	0.0	0.19606419767146863	0.16286173115520147	0.20869446587932167	0.18248950454651092	0.21062479104562207	0.23387033097537704	0.21341061964399632	0.16250026051678595	0.23691756607276143	0.07021032794984394	0.09540100764708795	0.10164150519757817	0.10260415607471833	0.16748388187509797	0.054903971415919496
ASP	A	146	0.08017700358866295	0.24890932888289438	0.2507211689898662	0.2864515123617057	0.21223312984133888	0.30104731746900104	0.31399150316281066	0.30180936397799435	0.28204710553887474	0.3225989625607391	0.09186290999268569	0.10231976565329176	0.1126522898101368	0.1690153457490412	0.2304353618454139	0.0811944291509056
GLY	A	147	0.1848485647652314	0.3366107440696698	0.30079775003855075	0.27388602781867555	0.23581620495181174	0.32077208345033753	0.3000612558754532	0.30844821765974034	0.31971169480715217	0.3941535696689424	0.10850075441204142	0.14544230507958855	0.11381406020902743	0.1517879129727548	0.25460019853951893	0.09042464208342771
GLU	A	148	0.08571099177443603	0.27314247799983593	0.22529955227082793	0.24181536085423208	0.20475121473053362	0.31101075134061096	0.30178368007076	0.28966448691954616	0.37126852652378856	0.3522476842474085	0.1263164820081143	0.12739250240494263	0.15015655645957657	0.21911691759990667	0.24568970718692953	0.07716569163274759
GLU	A	149	0.0829593701872728	0.32916759224887426	0.27525132131269614	0.2618842163984374	0.27422509576140397	0.29465543442996245	0.29241185545871734	0.25668884794184477	0.37282084930490716	0.3118564897718752	0.19471432699219696	0.22106359189948382	0.2142493879194444	0.320898295908757	0.27845286964220006	0.04808339534201758
VAL	A	150	0.061291864967225836	0.2997346431913026	0.2911448305881253	0.2788291638220136	0.3204238573883064	0.33544338471558	0.3116370633884064	0.2552313805147309	0.4353189680741967	0.3331210738007351	0.20779328690862045	0.20566736132624147	0.22896727304494421	0.33453264052462695	0.2952188405606023	0.060185379202018954
LEU	A	151	0.08843254039255355	0.4386137935755233	0.40090301739244366	0.34272189770572253	0.40694150972940557	0.4243990001149162	0.4084636687049221	0.37145432329177724	0.5165643331561915	0.47909966900140294	0.22112152851345238	0.3057370742066768	0.28908731544517197	0.4373371534354747	0.3878803295594677	0.07786367673929416
ARG	A	152	0.13405957102867097	0.34912166762092	0.31051454976811776	0.2943998689925069	0.3832207274134257	0.3939145559092987	0.37505185245271466	0.3099939634932041	0.41124514971967746	0.47079503219012636	0.17901246420969452	0.21881447260471604	0.2480223865130691	0.30115512347083423	0.32655860110448504	0.07861394691375001
LEU	A	153	0.19030175829729104	0.21031785648528617	0.17101399174133386	0.1679082915745622	0.2512752344658402	0.18733414550269242	0.1786646092003895	0.16510528677876987	0.2640554439288482	0.2629093753710695	0.1354228334530135	0.13805224633239846	0.15242432238704684	0.1503632267486053	0.18729591261306583	0.04397245340062472
ARG	A	154	0.2830451274767806	0.1875817561368112	0.12484520606341752	0.1781404479044894	0.17566423450629964	0.18171175585769733	0.2187014459372491	0.158989671687534	0.24687051756258185	0.1936786549494388	0.1097111950166999	0.10346940709390953	0.1214236817455265	0.15648457671144253	0.16594404239793056	0.04107771942808363
GLN	A	155	0.3798494343479169	0.15272187770349346	0.12542725547969835	0.14513543679357202	0.2758820024588744	0.1400970584224847	0.12264613948330819	0.1449564359917196	0.1856994715172133	0.14941167501871994	0.11544727324001054	0.133383555425223	0.10899445916341614	0.1741974244634164	0.15184615885855	0.04143611183451126
VAL	A	156	0.3893252542836682	0.19507048863473536	0.1961862070813873	0.20994081997773	0.374347442230675	0.1536422892377151	0.16311841045273265	0.15793863186736445	0.1897625526149707	0.19198337853044775	0.16947523008940726	0.17000984949439157	0.15259833210072066	0.2431007283519597	0.19747495082032593	0.05672815750536354
SER	A	157	0.5547553813387549	0.1579184010613536	0.18769689675171658	0.20697639755635258	0.30046209976885435	0.18450595790322225	0.16555617197198932	0.1333981439292686	0.18001623052754445	0.20988910167157715	0.17689789997764038	0.15568954095323542	0.17699451090658166	0.2860919045913433	0.19400717365928305	0.04673512676646523
GLY	A	158	0.6432828766304182	0.22699456752650318	0.20946429331503336	0.278985637052199	0.22384002331459082	0.20908904015245386	0.22281375841017023	0.17591149399548034	0.2298259153404578	0.23814533709862923	0.19565505827858173	0.2080551756924251	0.20666229111499076	0.336544816716416	0.2278451852313793	0.03907229438555932
PRO	A	159	0.727466347849747	0.23473894819941313	0.21975245449769926	0.30670774907622456	0.20126733900591268	0.23344234528975683	0.27267870999456345	0.2220437777555345	0.2463724114979192	0.248793929060088	0.14403032064768767	0.16595783844218803	0.19907238316265538	0.2877759221259168	0.22943339451965847	0.04397341055484993
LEU	A	160	0.7385492526260877	0.29046629622017817	0.269535846999077	0.32503802751113264	0.20472202726650557	0.2774268150817954	0.30276163563897385	0.2893084675641509	0.3448986560527056	0.29659959963990334	0.17369618423939165	0.21563302087646496	0.2295291727642037	0.3771908634143223	0.2766774317899081	0.055682096786742616
THR	A	161	0.7620662459650918	0.35077442211240634	0.2948444157842442	0.31578103059840285	0.2976546894449478	0.3324968110378425	0.36245963268162684	0.33399536622297415	0.40355548432246363	0.3653351433696265	0.23365933187392124	0.2805747445565386	0.2718454266517297	0.36917397285585674	0.32401157473173703	0.04542570858043647
SER	A	162	0.7534118420123628	0.39264809758666974	0.37172102448483946	0.3933532398270053	0.3427317501480796	0.354099396342369	0.45742360739491755	0.4126038798980043	0.43011136149327667	0.44257699123911115	0.2592341575545009	0.30293148160315975	0.2728954849643039	0.42104645395710216	0.3733366866533338	0.06142787012153334
LYS	A	163	0.7368528618788822	0.3652432290342453	0.31895653997763984	0.3351798835676973	0.33842784838917034	0.37422598003647556	0.4256938996537029	0.45299918534885136	0.4101823248227609	0.445901462301144	0.2438151004598795	0.26151437182404397	0.24196685414945449	0.32415815442932266	0.34909729492264524	0.06946344356184059
ARG	A	164	0.7526612183245021	0.4337027613172179	0.37746807202670085	0.35454836761845365	0.31320666990618395	0.43217074187909044	0.45368127298008115	0.4913488334236767	0.4741108289603268	0.46928995882088703	0.24351704686389972	0.30615881639378983	0.240168481577799	0.2607044695954999	0.37308279395104665	0.08884763493720395
HIS	A	165	0.6631701849674556	0.3803398429233968	0.30952381678920426	0.34613519216633154	0.2784036943878333	0.38535716460749636	0.427283317880558	0.43732903090285213	0.43512549891598096	0.4193249797572246	0.21057269804885048	0.2597789491614591	0.22182229127964873	0.21024093403651076	0.3324028777582575	0.08508713513763846
PRO	A	166	0.5501360053383705	0.37165564830442577	0.3579305359285098	0.3257549760472265	0.23866280317199276	0.3663548040615108	0.3966755435768457	0.4043511456707687	0.42303403881638757	0.399317133429516	0.1887535202178408	0.2337423859771423	0.20166545307674688	0.12210930648832682	0.31000056113594154	0.09581074543109422
ILE	A	167	0.35791455667496036	0.3514259303138552	0.34770116358421616	0.3265084673000557	0.2395266337144296	0.3920513948732785	0.41177409535678544	0.4123527692907268	0.43002991945602387	0.4071239153718931	0.16354843294317503	0.18839990003205817	0.20532242023607164	0.16716504585519315	0.3109946221790586	0.09898105457400456
MET	A	168	0.30269123548510857	0.3707630102540977	0.3467402997238517	0.32943955365416167	0.3112523553165231	0.3905940460636032	0.41419629227054555	0.3815708305646799	0.3962475843672448	0.4037189251082476	0.18578657056853523	0.1739166115272301	0.21838496357891576	0.11251257747790036	0.3103941246519643	0.09823763733546555
ARG	A	169	0.17927327472259935	0.2823581455198795	0.2889900245667642	0.265097872219188	0.23713902468486767	0.34788635595917594	0.3363922938566222	0.36543624622196214	0.32181866190420577	0.39406487361576475	0.11533511274139246	0.10546686352981739	0.15052141852535417	0.10295117991638186	0.2548813902508751	0.0997990918477843
ILE	A	170	0.17452990807056595	0.2902087037869885	0.27532572050830506	0.25872774795392234	0.25023541721547354	0.3696876543544272	0.3851496743596253	0.34825825574088015	0.34443069662073694	0.3782166991481857	0.12250605875731385	0.106586365487761	0.12963935644812502	0.10357446296535552	0.2586574471805462	0.10440719958717727
ALA	A	171	0.2774067155800392	0.4025562012287408	0.3474211049045252	0.3297168492092755	0.32019352328722567	0.48561791345887995	0.5425201194802446	0.4537041357408465	0.43246830929738866	0.4901860133212152	0.1186916810012677	0.18544417170604904	0.1628940617877811	0.2403059334654259	0.34705538599145114	0.13133732256507397
LEU	A	172	0.3015436794455396	0.5476468284376241	0.46170228253949663	0.43133104736043504	0.3002760206008083	0.5976075853239973	0.6155833376473625	0.6158825687126656	0.5563871838447798	0.6885962879938862	0.13377640977503985	0.27096738061285786	0.27522799119834507	0.35333419735688204	0.4498707016464753	0.16392922683780362
GLY	A	173	0.38360042238956515	0.6245447381927668	0.5245520369437167	0.5299556306159018	0.352467966538241	0.6156551124307158	0.6859466718142804	0.6965076163621396	0.6065104699603289	0.7790543710690085	0.22255272593051112	0.33966607248632896	0.35487926296552724	0.31343558836156166	0.511209866436233	0.16904192519817623
GLY	A	174	0.42080222464754125	0.6644506287252921	0.5581751809712141	0.5315048956586506	0.31550288791860404	0.6082772981041626	0.66799051825547	0.7013241742793243	0.5871915272687971	0.7921853637840683	0.21492096143351813	0.3932251223836869	0.35778303080857815	0.2755272205012355	0.5129276007763539	0.17541664561373618
LEU	A	175	0.37900815239945784	0.3678141588013603	0.3531055777710431	0.3379887825448553	0.20735333269267894	0.4846292897600793	0.571313286634345	0.5993660953993319	0.46850553752161717	0.7273018445301461	0.15510290377227906	0.22927983671895863	0.30628768600327977	0.26538434600029515	0.39026405216540544	0.16339214999291696
LEU	A	176	0.3823563604187513	0.45150309728935756	0.4141898646868697	0.3464695027755469	0.20204781334136437	0.48181679857366927	0.5370645022111186	0.5681861540664035	0.4918938499039309	0.696942378730049	0.15473828945089285	0.22221671006417137	0.284350773139007	0.2611781130761701	0.39327675748527313	0.15667453948891497
PHE	A	177	0.4030867234167015	0.4097705125680328	0.37205610674904194	0.33544332197903465	0.1973914453024294	0.46603737116321275	0.46168390484277544	0.5106341598030094	0.4913646993556534	0.6345640049661588	0.1395448171074583	0.17256993832058484	0.23338029557208714	0.19845321674591443	0.35560721495964565	0.14992122726575993
PRO	A	178	0.4333079093538331	0.37448331175004834	0.36399013830774807	0.33773214053852557	0.15095903783922607	0.42880896179850986	0.4463966862318834	0.4404563635148524	0.42784631788231287	0.5569832121856932	0.12455337548289322	0.1628217796138761	0.17842283012745266	0.14877515015601442	0.3186330234945413	0.1403709608479651
ALA	A	179	0.43800652459593353	0.39536281828170866	0.4138497776028509	0.3501271090577394	0.2592868601006028	0.4597325963151742	0.4744891295128173	0.4608665183398165	0.4447798598587202	0.5393600937172314	0.21738438974392113	0.24317004996688352	0.22616101382364212	0.19613438434295077	0.3600542000510814	0.11290916616411323
SER	A	180	0.43800652459593353	0.42662635087116757	0.46932112422162603	0.43718851180217355	0.4117941385147379	0.5520544113886096	0.5655406032239374	0.5887790695683883	0.5681968502738508	0.623178990043861	0.21744260258895368	0.26547868401813435	0.2939486690779734	0.2727551214744339	0.4378696251590653	0.13344984753728542
ASN	A	181	0.40537131943999466	0.5814274271817871	0.7767943215120797	0.6367711006064586	0.6783926294509428	0.6818462392743733	0.7214580232517519	0.7600959178617659	0.7302901671811967	0.7840825885428719	0.5274033540661384	0.5952925394048616	0.6771701794335203	0.7071107275047298	0.6813950165594214	0.07526140261661535
LEU	A	182	0.3176868890236157	0.7884047298742477	0.9623733033790864	0.8360308934538951	0.8138917116262919	0.7814976027933147	0.8489755560887605	0.8858994914771601	0.8467977908537829	0.90551388275142	0.6268944217302245	0.67302174443948	0.7859537586368426	0.8086890550246095	0.8126110724714705	0.08581192773498995
ARG	A	183	0.31822530916828295	0.883372933927539	0.9978891232251677	0.9212831401011696	0.8710054547672906	0.8489240185972146	0.9244364821456617	0.9687543677257661	0.9273312690625141	0.9821600705696719	0.68153632810236	0.7985977842514749	1.0	0.9038726852679003	0.9007048967495178	0.08530490792805832
LEU	A	184	0.2346522978057447	0.8773366118055609	1.0	0.933884409022914	0.8662244813575554	0.8713566538201195	0.9735533877733064	1.0	0.957394088722303	1.0	0.6397766416679365	0.7098192143020857	0.9193653707916151	0.8313175917279586	0.8907714193070273	0.10748783211772069
PRO	A	185	0.36425357001344244	0.8490841128896287	0.9942566017990573	0.9131723963674734	0.7790240071485369	0.8556210928821332	1.0	0.996091181154902	0.9641254152779716	0.9846591301184272	0.5107656172768322	0.5924695766546562	0.7163474801676302	0.5758529622309978	0.8254976595360191	0.16904432956776805
LEU	A	186	0.37389988671291025	0.8047680209519951	0.9486085689266126	0.8878205214338686	0.7396330183289258	0.8317878981771579	0.9931306880351134	0.9780794211780403	0.9520789887451705	0.9672245533618129	0.4659076352662563	0.4894745969210327	0.5969933640806676	0.5147105713958203	0.7823244497540365	0.19238625033298487
VAL	A	187	0.3734694298729726	0.8404155204586486	0.9632415815124684	0.8580011570614767	0.6977492543112677	0.8241958025767261	0.9651831732711739	0.9377730078796082	0.9421082428494535	0.9541728454060522	0.5067365140802469	0.5894747374716557	0.5901315448964249	0.5940140714247041	0.7894767271692237	0.16367806927834458
PRO	A	188	0.3583727338417441	None	None	None	None	0.8251367965713984	None	None	0.9291814824653872	0.9459852548196469	None	None	None	None	0.9001011779521443	0.05344988648682599
ALA	A	189	0.3840137323929881	None	None	None	None	None	None	None	None	None	None	None	None	None	None	None
LEU	A	190	0.31388499502382	None	None	None	None	None	None	None	None	None	None	None	None	None	None	None
ASP	A	191	0.32249126736770717	None	None	None	None	None	None	None	None	None	None	None	None	None	None	None
GLY	A	192	0.3009679122066168	None	None	None	None	None	None	None	None	None	None	None	None	None	None	None
CYS	A	193	0.28976752690873175	None	None	None	None	None	None	None	None	None	None	None	None	None	None	None
LEU	A	194	0.2670563750352258	None	None	None	None	None	None	None	None	None	None	None	None	None	None	None
ARG	A	195	0.2951358137935623	None	None	None	None	None	None	None	None	None	None	None	None	None	None	None
ARG	A	196	0.30610251102065705	None	None	None	None	None	None	None	None	None	None	None	None	None	None	None
ASP	A	197	0.3111333734366564	None	None	None	None	None	None	None	None	None	None	None	None	None	None	None
SER	A	198	0.2915698451737032	None	None	None	None	None	None	None	None	None	None	None	None	None	None	None
TRP	A	199	0.2650668633616427	None	None	None	None	None	None	None	None	None	None	None	None	None	None	None
LEU	A	200	0.3313208195009045	None	None	None	None	None	None	None	None	None	None	None	None	None	None	None
ASP	A	201	0.3840137323929881	None	None	None	None	None	None	None	None	None	None	None	None	None	None	None
LYS	A	202	0.3794291486449494	None	None	None	None	None	None	None	None	None	None	None	None	None	None	None
GLN	A	203	0.34132293587766405	None	None	None	None	None	None	None	None	None	None	None	None	None	None	None
ALA	A	204	0.33436386209253455	None	None	None	None	None	None	None	None	None	None	None	None	None	None	None
GLU	A	205	0.20428545819713964	None	None	None	None	None	None	None	None	None	None	None	None	None	None	None
ILE	A	206	0.24926171956980497	None	None	None	None	None	None	None	None	None	None	None	None	None	None	None
SER	A	207	0.2398636525368905	None	None	None	None	None	None	None	None	None	None	None	None	None	None	None
ALA	A	208	0.32512085061873813	None	None	None	None	None	None	None	None	None	None	None	None	None	None	None
SER	A	209	0.3823563604187513	None	None	None	None	None	None	None	None	None	None	None	None	None	None	None
ALA	A	210	0.5332580293333189	None	None	None	None	None	None	None	None	None	None	None	None	None	None	None
PRO	A	211	0.5434779150461222	None	None	None	None	None	None	None	None	None	None	None	None	None	None	None
THR	A	212	0.5762668105775759	None	None	None	None	None	None	None	None	None	None	None	None	None	None	None
SER	A	213	0.6881249364853087	None	None	None	None	None	None	None	None	None	None	None	None	None	None	None
LEU	A	214	0.7378521377779905	None	None	None	None	None	None	None	None	None	None	None	None	None	None	None
ARG	A	215	0.6162022794975218	None	None	None	None	None	None	None	None	None	None	None	None	None	None	None
SER	A	216	0.5890970659505766	None	None	None	None	None	None	None	None	None	None	None	None	None	None	None
CYS	A	217	0.4815169429502297	None	None	None	None	None	None	None	None	None	None	None	None	None	None	None
ASP	A	218	0.5667366028040204	None	None	None	None	None	None	None	None	None	None	None	None	None	None	None
VAL	A	219	0.5753108814962097	None	None	None	None	None	None	None	None	None	None	None	None	None	None	None
GLU	A	220	0.5454293163939231	None	None	None	None	None	None	None	None	None	None	None	None	None	None	None
SER	A	221	0.4132062782552572	None	None	None	None	None	None	None	None	None	None	None	None	None	None	None
ASN	A	222	0.34376192912544823	None	None	None	None	None	None	None	None	None	None	None	None	None	None	None
PRO	A	223	0.2623892115418127	None	None	None	None	None	None	None	None	None	None	None	None	None	None	None
GLY	A	224	0.247124202411986	None	None	None	None	None	None	None	None	None	None	None	None	None	None	None
ILE	A	225	0.22231445714052728	None	None	None	None	None	None	None	None	None	None	None	None	None	None	None
PHE	A	226	0.2780395474832508	None	None	None	None	None	None	None	None	None	None	None	None	None	None	None
LEU	A	227	0.2824249049397289	None	None	None	None	None	None	None	None	None	None	None	None	None	None	None
PRO	A	228	0.37774087628071	None	None	None	None	None	None	None	None	None	None	None	None	None	None	None
PRO	A	229	0.3383642568759743	None	None	None	None	None	None	None	None	None	None	None	None	None	None	None
GLY	A	230	0.37646711790298043	None	None	None	None	None	None	None	None	None	None	None	None	None	None	None
THR	A	231	0.3743296007451617	None	None	None	None	None	None	None	None	None	None	None	None	None	None	None
GLN	A	232	0.35791455667496036	None	None	None	None	None	None	None	None	None	None	None	None	None	None	None
ALA	A	233	0.32564345148188967	None	None	None	None	None	None	None	None	None	None	None	None	None	None	None
GLU	A	234	0.30269123548510857	None	None	None	None	None	None	None	None	None	None	None	None	None	None	None
PHE	A	235	0.231624671210844	None	None	None	None	None	None	None	None	None	None	None	None	None	None	None
ASN	A	236	0.2735755750924661	None	None	None	None	None	None	None	None	None	None	None	None	None	None	None
LEU	A	237	0.23689910300182784	None	None	None	None	None	None	None	None	None	None	None	None	None	None	None
ARG	A	238	0.3528181715063405	None	None	None	None	None	None	None	None	None	None	None	None	None	None	None
ASP	A	239	0.39093703479662395	None	None	None	None	None	None	None	None	None	None	None	None	None	None	None
ILE	A	240	0.28366380908668815	None	None	None	None	None	None	None	None	None	None	None	None	None	None	None
PRO	A	241	0.25968245424085157	None	None	None	None	None	None	None	None	None	None	None	None	None	None	None
GLN	A	242	0.32512085061873813	None	None	None	None	None	None	None	None	None	None	None	None	None	None	None
PRO	A	243	0.34278919656083434	None	None	None	None	None	None	None	None	None	None	None	None	None	None	None
HIS	A	244	0.38892067382116197	None	None	None	None	None	None	None	None	None	None	None	None	None	None	None
ALA	A	245	0.5393073766860396	None	None	None	None	None	None	None	None	None	None	None	None	None	None	None
GLU	A	246	0.4817959561109556	None	None	None	None	None	None	None	None	None	None	None	None	None	None	None
PRO	A	247	0.5211763694583429	None	None	None	None	None	None	None	None	None	None	None	None	None	None	None
TRP	A	248	0.4689201820019958	None	None	None	None	None	None	None	None	None	None	None	None	None	None	None
ALA	A	249	0.38810953557987493	None	None	None	None	None	None	None	None	None	None	None	None	None	None	None
PHE	A	250	0.30326303647089725	None	None	None	None	None	None	None	None	None	None	None	None	None	None	None
SER	A	251	0.22389053341370568	None	None	None	None	None	None	None	None	None	None	None	None	None	None	None
LEU	A	252	0.1429145206818502	None	None	None	None	None	None	None	None	None	None	None	None	None	None	None
ASP	A	253	0.19030175829729104	None	None	None	None	None	None	None	None	None	None	None	None	None	None	None
LEU	A	254	0.20086245969671254	None	None	None	None	None	None	None	None	None	None	None	None	None	None	None
GLY	A	255	0.3105793816177431	None	None	None	None	None	None	None	None	None	None	None	None	None	None	None
LEU	A	256	0.3423014016548142	None	None	None	None	None	None	None	None	None	None	None	None	None	None	None
LYS	A	257	0.3921390607181766	None	None	None	None	None	None	None	None	None	None	None	None	None	None	None
GLN	A	258	0.3921390607181766	None	None	None	None	None	None	None	None	None	None	None	None	None	None	None
ALA	A	259	0.37646711790298043	None	None	None	None	None	None	None	None	None	None	None	None	None	None	None
ALA	A	260	0.3897291784920955	None	None	None	None	None	None	None	None	None	None	None	None	None	None	None
GLY	A	261	0.4019365171228244	None	None	None	None	None	None	None	None	None	None	None	None	None	None	None
SER	A	262	0.39173902975681435	None	None	None	None	None	None	None	None	None	None	None	None	None	None	None
GLY	A	263	0.37689242837339904	None	None	None	None	None	None	None	None	None	None	None	None	None	None	None
HIS	A	264	0.3144316894692944	None	None	None	None	None	None	None	None	None	None	None	None	None	None	None
LEU	A	265	0.26306132860272885	None	None	None	None	None	None	None	None	None	None	None	None	None	None	None
LEU	A	266	0.25067660530744423	None	None	None	None	None	None	None	None	None	None	None	None	None	None	None
ALA	A	267	0.32249126736770717	None	None	None	None	None	None	None	None	None	None	None	None	None	None	None
LEU	A	268	0.35375257868113	None	None	None	None	None	None	None	None	None	None	None	None	None	None	None
GLY	A	269	0.4065058053197448	None	None	None	None	None	None	None	None	None	None	None	None	None	None	None
THR	A	270	0.4271335628083787	None	None	None	None	None	None	None	None	None	None	None	None	None	None	None
PRO	A	271	0.4718395497860693	None	None	None	None	None	None	None	None	None	None	None	None	None	None	None
GLU	A	272	0.5044375528437088	None	None	None	None	None	None	None	None	None	None	None	None	None	None	None
ASN	A	273	0.5399705441083312	None	None	None	None	None	None	None	None	None	None	None	None	None	None	None
PRO	A	274	0.5270580604511518	None	None	None	None	None	None	None	None	None	None	None	None	None	None	None
SER	A	275	0.5393073766860396	None	None	None	None	None	None	None	None	None	None	None	None	None	None	None
TRP	A	276	0.5432601457100784	None	None	None	None	None	None	None	None	None	None	None	None	None	None	None
LEU	A	277	0.46537115442550603	None	None	None	None	None	None	None	None	None	None	None	None	None	None	None
SER	A	278	0.432968877007528	None	None	None	None	None	None	None	None	None	None	None	None	None	None	None
LEU	A	279	0.3338592637032673	None	None	None	None	None	None	None	None	None	None	None	None	None	None	None
HIS	A	280	0.39923185975246056	None	None	None	None	None	None	None	None	None	None	None	None	None	None	None
LEU	A	281	0.3368716297103441	None	None	None	None	None	None	None	None	None	None	None	None	None	None	None
GLN	A	282	0.39173902975681435	None	None	None	None	None	None	None	None	None	None	None	None	None	None	None
ASP	A	283	0.5092289565374796	None	None	None	None	None	None	None	None	None	None	None	None	None	None	None
GLN	A	284	0.5119613644199237	None	None	None	None	None	None	None	None	None	None	None	None	None	None	None
LYS	A	285	0.3528181715063405	None	None	None	None	None	None	None	None	None	None	None	None	None	None	None
VAL	A	286	0.31333709772931206	None	None	None	None	None	None	None	None	None	None	None	None	None	None	None
VAL	A	287	0.3815235194421134	None	None	None	None	None	None	None	None	None	None	None	None	None	None	None
LEU	A	288	0.39373278916545296	None	None	None	None	None	None	None	None	None	None	None	None	None	None	None
SER	A	289	0.5240169236796303	None	None	None	None	None	None	None	None	None	None	None	None	None	None	None
SER	A	290	0.6047262413787595	None	None	None	None	None	None	None	None	None	None	None	None	None	None	None
GLY	A	291	0.7464770421376661	None	None	None	None	None	None	None	None	None	None	None	None	None	None	None
SER	A	292	0.8259619812409484	None	None	None	None	None	None	None	None	None	None	None	None	None	None	None
GLY	A	293	0.8057729794337346	None	None	None	None	None	None	None	None	None	None	None	None	None	None	None
PRO	A	294	0.764049037055192	None	None	None	None	None	None	None	None	None	None	None	None	None	None	None
GLY	A	295	0.635884256962675	None	None	None	None	None	None	None	None	None	None	None	None	None	None	None
LEU	A	296	0.4935070550061176	None	None	None	None	None	None	None	None	None	None	None	None	None	None	None
ASP	A	297	0.41062191919706326	None	None	None	None	None	None	None	None	None	None	None	None	None	None	None
LEU	A	298	0.3785864432048619	None	None	None	None	None	None	None	None	None	None	None	None	None	None	None
PRO	A	299	0.3831864252536513	None	None	None	None	None	None	None	None	None	None	None	None	None	None	None
LEU	A	300	0.3747585745289298	None	None	None	None	None	None	None	None	None	None	None	None	None	None	None
VAL	A	301	0.3678047064121735	None	None	None	None	None	None	None	None	None	None	None	None	None	None	None
LEU	A	302	0.41901457002207765	None	None	None	None	None	None	None	None	None	None	None	None	None	None	None
GLY	A	303	0.4817959561109556	None	None	None	None	None	None	None	None	None	None	None	None	None	None	None
LEU	A	304	0.4211582207337558	None	None	None	None	None	None	None	None	None	None	None	None	None	None	None
PRO	A	305	0.446504067869747	None	None	None	None	None	None	None	None	None	None	None	None	None	None	None
LEU	A	306	0.26903011762621015	None	None	None	None	None	None	None	None	None	None	None	None	None	None	None
GLN	A	307	0.2331430857928582	None	None	None	None	None	None	None	None	None	None	None	None	None	None	None
LEU	A	308	0.2786707752481064	None	None	None	None	None	None	None	None	None	None	None	None	None	None	None
LYS	A	309	0.34951985547370296	None	None	None	None	None	None	None	None	None	None	None	None	None	None	None
LEU	A	310	0.41937312907595803	None	None	None	None	None	None	None	None	None	None	None	None	None	None	None
SER	A	311	0.49877192806843157	None	None	None	None	None	None	None	None	None	None	None	None	None	None	None
MET	A	312	0.5887343284940166	None	None	None	None	None	None	None	None	None	None	None	None	None	None	None
SER	A	313	0.6081074096837121	None	None	None	None	None	None	None	None	None	None	None	None	None	None	None
ARG	A	314	0.5568271006083295	None	None	None	None	None	None	None	None	None	None	None	None	None	None	None
VAL	A	315	0.4820746570017103	None	None	None	None	None	None	None	None	None	None	None	None	None	None	None
VAL	A	316	0.3996200425588872	None	None	None	None	None	None	None	None	None	None	None	None	None	None	None
LEU	A	317	0.2945450205866819	None	None	None	None	None	None	None	None	None	None	None	None	None	None	None
SER	A	318	0.2855106844490324	None	None	None	None	None	None	None	None	None	None	None	None	None	None	None
GLN	A	319	0.3209000848298579	None	None	None	None	None	None	None	None	None	None	None	None	None	None	None
GLY	A	320	0.512947580441232	None	None	None	None	None	None	None	None	None	None	None	None	None	None	None
SER	A	321	0.4961534053087304	None	None	None	None	None	None	None	None	None	None	None	None	None	None	None
LYS	A	322	0.39093703479662395	None	None	None	None	None	None	None	None	None	None	None	None	None	None	None
MET	A	323	0.3976730489039508	None	None	None	None	None	None	None	None	None	None	None	None	None	None	None
LYS	A	324	0.41247062271315105	None	None	None	None	None	None	None	None	None	None	None	None	None	None	None
ALA	A	325	0.5109712270522346	None	None	None	None	None	None	None	None	None	None	None	None	None	None	None
LEU	A	326	0.6304177618916225	None	None	None	None	None	None	None	None	None	None	None	None	None	None	None
ALA	A	327	0.6923508185993466	None	None	None	None	None	None	None	None	None	None	None	None	None	None	None
LEU	A	328	0.8005561198325196	None	None	None	None	None	None	None	None	None	None	None	None	None	None	None
PRO	A	329	0.8311580082580917	None	None	None	None	None	None	None	None	None	None	None	None	None	None	None
PRO	A	330	0.8866153170642288	None	None	None	None	None	None	None	None	None	None	None	None	None	None	None
LEU	A	331	0.9139744987954069	None	None	None	None	None	None	None	None	None	None	None	None	None	None	None
GLY	A	332	0.8328662000290199	None	None	None	None	None	None	None	None	None	None	None	None	None	None	None
LEU	A	333	0.830196277661715	None	None	None	None	None	None	None	None	None	None	None	None	None	None	None
ALA	A	334	0.7706923054706217	None	None	None	None	None	None	None	None	None	None	None	None	None	None	None
PRO	A	335	0.7086839023741985	None	None	None	None	None	None	None	None	None	None	None	None	None	None	None
LEU	A	336	0.6360344042207038	None	None	None	None	None	None	None	None	None	None	None	None	None	None	None
LEU	A	337	0.6127652195981358	None	None	None	None	None	None	None	None	None	None	None	None	None	None	None
ASN	A	338	0.5718388299287206	None	None	None	None	None	None	None	None	None	None	None	None	None	None	None
LEU	A	339	0.46207283839286817	None	None	None	None	None	None	None	None	None	None	None	None	None	None	None
TRP	A	340	0.42008870203931975	None	None	None	None	None	None	None	None	None	None	None	None	None	None	None
ALA	A	341	0.5161260721543378	None	None	None	None	None	None	None	None	None	None	None	None	None	None	None
LYS	A	342	0.5005886474750941	None	None	None	None	None	None	None	None	None	None	None	None	None	None	None
PRO	A	343	0.4509623315507897	None	None	None	None	None	None	None	None	None	None	None	None	None	None	None
GLN	A	344	0.3980636673681973	None	None	None	None	None	None	None	None	None	None	None	None	None	None	None
GLY	A	345	0.28916384365575676	None	None	None	None	None	None	None	None	None	None	None	None	None	None	None
ARG	A	346	0.23838578932745655	None	None	None	None	None	None	None	None	None	None	None	None	None	None	None
LEU	A	347	0.17833180207036187	None	None	None	None	None	None	None	None	None	None	None	None	None	None	None
PHE	A	348	0.21428088239776757	None	None	None	None	None	None	None	None	None	None	None	None	None	None	None
LEU	A	349	0.16969443147855415	None	None	None	None	None	None	None	None	None	None	None	None	None	None	None
GLY	A	350	0.23764355563369655	None	None	None	None	None	None	None	None	None	None	None	None	None	None	None
ALA	A	351	0.3292712670265738	None	None	None	None	None	None	None	None	None	None	None	None	None	None	None
LEU	A	352	0.4250409520073972	None	None	None	None	None	None	None	None	None	None	None	None	None	None	None
PRO	A	353	0.5988707478883597	None	None	None	None	None	None	None	None	None	None	None	None	None	None	None
GLY	A	354	0.6339240592185009	None	None	None	None	None	None	None	None	None	None	None	None	None	None	None
GLU	A	355	0.612270315387746	None	None	None	None	None	None	None	None	None	None	None	None	None	None	None
ASP	A	356	0.6590989353763402	None	None	None	None	None	None	None	None	None	None	None	None	None	None	None
SER	A	357	0.5679233527223847	None	None	None	None	None	None	None	None	None	None	None	None	None	None	None
SER	A	358	0.4267860132475714	None	None	None	None	None	None	None	None	None	None	None	None	None	None	None
THR	A	359	0.354218470715803	None	None	None	None	None	None	None	None	None	None	None	None	None	None	None
SER	A	360	0.3116861355279906	None	None	None	None	None	None	None	None	None	None	None	None	None	None	None
PHE	A	361	0.25968245424085157	None	None	None	None	None	None	None	None	None	None	None	None	None	None	None
CYS	A	362	0.231624671210844	None	None	None	None	None	None	None	None	None	None	None	None	None	None	None
LEU	A	363	0.19563808864048865	None	None	None	None	None	None	None	None	None	None	None	None	None	None	None
ASN	A	364	0.31388499502382	None	None	None	None	None	None	None	None	None	None	None	None	None	None	None
GLY	A	365	0.2761362066000411	None	None	None	None	None	None	None	None	None	None	None	None	None	None	None
LEU	A	366	0.15459773544732672	None	None	None	None	None	None	None	None	None	None	None	None	None	None	None
TRP	A	367	0.12951114832423438	None	None	None	None	None	None	None	None	None	None	None	None	None	None	None
ALA	A	368	0.12487809896452795	None	None	None	None	None	None	None	None	None	None	None	None	None	None	None
GLN	A	369	0.2420641312433992	None	None	None	None	None	None	None	None	None	None	None	None	None	None	None
GLY	A	370	0.2974850691407888	None	None	None	None	None	None	None	None	None	None	None	None	None	None	None
GLN	A	371	0.16674742406740325	None	None	None	None	None	None	None	None	None	None	None	None	None	None	None
ARG	A	372	0.20682217846868878	None	None	None	None	None	None	None	None	None	None	None	None	None	None	None
LEU	A	373	0.15563315989086635	None	None	None	None	None	None	None	None	None	None	None	None	None	None	None
ASP	A	374	0.29572520867201857	None	None	None	None	None	None	None	None	None	None	None	None	None	None	None
VAL	A	375	0.30497060352679556	None	None	None	None	None	None	None	None	None	None	None	None	None	None	None
ASP	A	376	0.37646711790298043	None	None	None	None	None	None	None	None	None	None	None	None	None	None	None
GLN	A	377	0.4132062782552572	None	None	None	None	None	None	None	None	None	None	None	None	None	None	None
ALA	A	378	0.3509387722466219	None	None	None	None	None	None	None	None	None	None	None	None	None	None	None
LEU	A	379	0.43262938244929144	None	None	None	None	None	None	None	None	None	None	None	None	None	None	None
ASN	A	380	0.49029385919987534	None	None	None	None	None	None	None	None	None	None	None	None	None	None	None
ARG	A	381	0.43700711501407175	None	None	None	None	None	None	None	None	None	None	None	None	None	None	None
SER	A	382	0.4525354209254862	None	None	None	None	None	None	None	None	None	None	None	None	None	None	None
HIS	A	383	0.5293723821266814	None	None	None	None	None	None	None	None	None	None	None	None	None	None	None
GLU	A	384	0.5016208529733087	None	None	None	None	None	None	None	None	None	None	None	None	None	None	None
ILE	A	385	0.4102505258099571	None	None	None	None	None	None	None	None	None	None	None	None	None	None	None
TRP	A	386	0.36692165860776066	None	None	None	None	None	None	None	None	None	None	None	None	None	None	None
THR	A	387	0.3282401300671263	None	None	None	None	None	None	None	None	None	None	None	None	None	None	None
HIS	A	388	0.23615241812484333	None	None	None	None	None	None	None	None	None	None	None	None	None	None	None
SER	A	389	0.3055372004035382	None	None	None	None	None	None	None	None	None	None	None	None	None	None	None
CYS	A	390	0.3219620020889875	None	None	None	None	None	None	None	None	None	None	None	None	None	None	None
PRO	A	391	0.4030867234167015	None	None	None	None	None	None	None	None	None	None	None	None	None	None	None
GLN	A	392	0.5731948305872637	None	None	None	None	None	None	None	None	None	None	None	None	None	None	None
SER	A	393	0.7291244095385975	None	None	None	None	None	None	None	None	None	None	None	None	None	None	None
PRO	A	394	0.8454144050211877	None	None	None	None	None	None	None	None	None	None	None	None	None	None	None
GLY	A	395	0.8976178479396631	None	None	None	None	None	None	None	None	None	None	None	None	None	None	None
ASN	A	396	0.962308617423065	None	None	None	None	None	None	None	None	None	None	None	None	None	None	None
GLY	A	397	0.9592121343456076	None	None	None	None	None	None	None	None	None	None	None	None	None	None	None
THR	A	398	0.9833409553742052	None	None	None	None	None	None	None	None	None	None	None	None	None	None	None
ASP	A	399	0.9917558034122628	None	None	None	None	None	None	None	None	None	None	None	None	None	None	None
ALA	A	400	0.9840098627989666	None	None	None	None	None	None	None	None	None	None	None	None	None	None	None
SER	A	401	0.9931906631580011	None	None	None	None	None	None	None	None	None	None	None	None	None	None	None
HIS	A	402	1.0	None	None	None	None	None	None	None	None	None	None	None	None	None	None	None
