ResName	Chain	ResID	RMSF	1PQS	1Q1O	1TZ1	2KFJ	2KFK	Mean	std
MET	A	1	0.9624311127328106	None	None	None	1.0	None	1.0	0.0
ALA	A	2	0.9643183038021049	None	None	None	0.6316990188084681	None	0.6316990188084681	0.0
ILE	A	3	0.9652570554430853	None	None	None	0.20087872849483093	None	0.20087872849483093	0.0
GLN	A	4	0.9761610961525095	None	None	None	0.08093414289220491	None	0.08093414289220491	0.0
THR	A	5	0.9783064091123105	None	None	None	0.04971175168529131	None	0.04971175168529131	0.0
ARG	A	6	0.9799720513829044	None	None	None	0.04923020128725268	None	0.04923020128725268	0.0
PHE	A	7	0.9913568188241895	None	None	None	0.016117156731918627	None	0.016117156731918627	0.0
ALA	A	8	0.9839973382631562	None	None	None	0.060119848298266505	None	0.060119848298266505	0.0
SER	A	9	0.968255785771873	None	None	None	0.07923100516825421	None	0.07923100516825421	0.0
GLY	A	10	0.9874012116749575	None	None	None	0.09949290811894511	None	0.09949290811894511	0.0
THR	A	11	0.9661113813344813	None	None	None	0.1929242137023505	None	0.1929242137023505	0.0
SER	A	12	0.9824325773254335	None	None	None	0.2607326302033408	None	0.2607326302033408	0.0
LEU	A	13	0.9751410813020661	None	None	None	0.3739731426196911	None	0.3739731426196911	0.0
SER	A	14	0.9823943007558784	None	None	None	0.230103433715283	None	0.230103433715283	0.0
ASP	A	15	0.9817427810187638	None	None	None	0.23337108948390498	None	0.23337108948390498	0.0
LEU	A	16	0.9755730887686721	None	None	None	0.1214811353325436	None	0.1214811353325436	0.0
LYS	A	17	0.9854018222403981	None	None	None	0.04977159392336777	None	0.04977159392336777	0.0
PRO	A	18	0.9760044173176279	None	None	None	0.02268825152589765	None	0.02268825152589765	0.0
LYS	A	19	0.9871755954340979	None	None	None	0.034988449900530696	None	0.034988449900530696	0.0
PRO	A	20	0.9678120964171019	None	None	None	0.011814033874653011	None	0.011814033874653011	0.0
SER	A	21	0.9825856302453626	None	None	None	0.021885610951397027	None	0.021885610951397027	0.0
ALA	A	22	0.9810512467016461	None	None	None	0.07028013885081237	None	0.07028013885081237	0.0
THR	A	23	0.980666306748573	None	None	None	0.0970160125595766	None	0.0970160125595766	0.0
SER	A	24	0.99091186524138	None	None	None	0.06741447987891909	None	0.06741447987891909	0.0
ILE	A	25	0.9796242640397888	None	None	None	0.03805096747275189	None	0.03805096747275189	0.0
SER	A	26	0.9858557914270948	None	None	None	0.05331285715581173	None	0.05331285715581173	0.0
ILE	A	27	0.9656235207855577	None	None	None	0.04155615180371776	None	0.04155615180371776	0.0
PRO	A	28	0.9659488574857351	None	None	None	0.026391581838925142	None	0.026391581838925142	0.0
MET	A	29	0.931617988635192	None	None	None	0.01576647073456186	None	0.01576647073456186	0.0
GLN	A	30	0.8956455580914359	None	None	None	0.05906115991543282	None	0.05906115991543282	0.0
ASN	A	31	0.8252855552692466	None	None	None	0.06677131635773766	None	0.06677131635773766	0.0
VAL	A	32	0.6968160901753132	None	None	None	0.08248513838171835	None	0.08248513838171835	0.0
MET	A	33	0.766153330841844	None	None	None	0.06392600189581864	None	0.06392600189581864	0.0
ASN	A	34	0.6970327138184058	None	None	None	0.0625870655104072	None	0.0625870655104072	0.0
LYS	A	35	0.6681753839601611	None	None	None	0.08706141071852345	None	0.08706141071852345	0.0
PRO	A	36	0.6544895047782896	None	None	None	0.10214343402704537	None	0.10214343402704537	0.0
VAL	A	37	0.5109803973294	None	None	None	0.09417625712851106	None	0.09417625712851106	0.0
THR	A	38	0.4452747909864207	None	None	None	0.10738356070597288	None	0.10738356070597288	0.0
GLU	A	39	0.47503089496529666	None	None	None	0.22300752910152213	None	0.22300752910152213	0.0
GLN	A	40	0.4661366539544693	None	None	None	0.3202217372253546	None	0.3202217372253546	0.0
ASP	A	41	0.42851706563147407	None	None	None	0.3463220215221975	None	0.3463220215221975	0.0
SER	A	42	0.2553029376793878	None	None	None	0.22865295567937854	None	0.22865295567937854	0.0
LEU	A	43	0.13992769519343926	None	None	None	0.1217512245960379	None	0.1217512245960379	0.0
PHE	A	44	0.1374438579559639	None	None	None	0.06610316604084421	None	0.06610316604084421	0.0
HIS	A	45	0.27159159515153686	None	None	None	0.08130460456368141	None	0.08130460456368141	0.0
ILE	A	46	0.19835543175096096	None	None	None	0.12273174151563375	None	0.12273174151563375	0.0
CYS	A	47	0.1176153660994028	None	None	None	0.093768913013394	None	0.093768913013394	0.0
ALA	A	48	0.2781447215818326	None	None	None	0.09817077874933967	None	0.09817077874933967	0.0
ASN	A	49	0.258531941294322	None	None	None	0.03520096834615174	None	0.03520096834615174	0.0
ILE	A	50	0.19634960936513318	None	None	None	0.02664677215664041	None	0.02664677215664041	0.0
ARG	A	51	0.23097833203976048	None	None	None	0.06665287041344957	None	0.06665287041344957	0.0
LYS	A	52	0.3083046688134282	None	None	None	0.11858524590798135	None	0.11858524590798135	0.0
ARG	A	53	0.25421810566803016	None	None	None	0.19936958266251653	None	0.19936958266251653	0.0
LEU	A	54	0.23740904912815447	None	None	None	0.17589118508631904	None	0.17589118508631904	0.0
GLU	A	55	0.30875058628202845	None	None	None	0.07441207522427892	None	0.07441207522427892	0.0
VAL	A	56	0.33829112887275387	None	None	None	0.08350179329128049	None	0.08350179329128049	0.0
LEU	A	57	0.2987690447797484	None	None	None	0.057049031241452546	None	0.057049031241452546	0.0
PRO	A	58	0.3450097601170395	None	None	None	0.018949881609534442	None	0.018949881609534442	0.0
GLN	A	59	0.33344755361505285	None	None	None	0.011421425200410971	None	0.011421425200410971	0.0
LEU	A	60	0.21888553288420337	None	None	None	0.033677720852452075	None	0.033677720852452075	0.0
LYS	A	61	0.27664628942563424	None	None	None	0.03109793879881489	None	0.03109793879881489	0.0
PRO	A	62	0.26383060279996706	None	None	None	0.011512628690642068	None	0.011512628690642068	0.0
PHE	A	63	0.11850792669594595	None	None	None	0.038650400551579284	None	0.038650400551579284	0.0
LEU	A	64	0.1956777310821157	None	None	None	0.0773507373377632	None	0.0773507373377632	0.0
GLN	A	65	0.23740904912815447	None	None	None	0.01962906592621419	None	0.01962906592621419	0.0
LEU	A	66	0.2791391507187925	None	None	None	0.0	None	None	None
ALA	A	67	0.15902841909818569	None	None	None	0.04034879339895237	None	0.04034879339895237	0.0
TYR	A	68	0.20100726051126463	None	None	None	0.1034558221629597	None	0.1034558221629597	0.0
GLN	A	69	0.2903233894430146	None	None	None	0.08698397541720647	None	0.08698397541720647	0.0
SER	A	70	0.2776461526135808	None	None	None	0.08045014211312772	None	0.08045014211312772	0.0
SER	A	71	0.26487816949747145	None	None	None	0.08643385137978565	None	0.08643385137978565	0.0
GLU	A	72	0.31708820692279954	None	None	None	0.07352030514361761	None	0.07352030514361761	0.0
VAL	A	73	0.33909014586079594	None	None	None	0.04333336713079758	None	0.04333336713079758	0.0
LEU	A	74	0.26644206057519415	None	None	None	0.06278398202875488	None	0.06278398202875488	0.0
SER	A	75	0.35308841618033343	None	None	None	0.06488990898051436	None	0.06488990898051436	0.0
GLU	A	76	0.405393956069868	None	None	None	0.07727322979076293	None	0.07727322979076293	0.0
ARG	A	77	0.35497735785212337	None	None	None	0.11655563533052644	None	0.11655563533052644	0.0
GLN	A	78	0.3318138455678904	None	None	None	0.11945843275572773	None	0.11945843275572773	0.0
SER	A	79	0.4241627362031905	None	None	None	0.15016466359480485	None	0.15016466359480485	0.0
LEU	A	80	0.42880491268622767	None	None	None	0.08307111461623844	None	0.08307111461623844	0.0
LEU	A	81	0.4066443552328106	None	None	None	0.04995844010604814	None	0.04995844010604814	0.0
LEU	A	82	0.43308678021027025	None	None	None	0.06457851522662254	None	0.06457851522662254	0.0
SER	A	83	0.4931390323916746	None	None	None	0.04737133267329226	None	0.04737133267329226	0.0
GLN	A	84	0.49765331411864594	None	None	None	0.03485908208141639	None	0.03485908208141639	0.0
LYS	A	85	0.5358374191605813	None	None	None	0.08001778573774124	None	0.08001778573774124	0.0
GLN	A	86	0.5833009621208253	None	None	None	None	None	None	None
HIS	A	87	0.5724380287858432	None	None	None	None	None	None	None
GLN	A	88	0.578173770907035	None	None	None	None	None	None	None
GLU	A	89	0.6349750350964539	None	None	None	None	None	None	None
LEU	A	90	0.6483531603124112	None	None	None	None	None	None	None
LEU	A	91	0.6735349798998896	None	None	None	None	None	None	None
LYS	A	92	0.6876720143764711	None	None	None	None	None	None	None
SER	A	93	0.7882191201171592	None	None	None	None	None	None	None
ASN	A	94	0.8449848919527176	None	None	None	None	None	None	None
GLY	A	95	0.8953828897380058	None	None	None	None	None	None	None
ALA	A	96	0.9011557785820186	None	None	None	None	None	None	None
ASN	A	97	0.9167120464002184	None	None	None	None	None	None	None
ARG	A	98	0.944088524447198	None	None	None	None	None	None	None
ASP	A	99	0.9529659629944344	None	None	None	None	None	None	None
SER	A	100	0.9251871722829377	None	None	None	None	None	None	None
SER	A	101	0.9284214147747757	None	None	None	None	1.0	1.0	0.0
ASP	A	102	0.9433834190072385	None	None	None	None	0.6994130935658626	0.6994130935658626	0.0
LEU	A	103	0.9435157643324181	None	None	None	None	0.308387735783566	0.308387735783566	0.0
ALA	A	104	0.9308338764463205	None	None	None	None	0.056217313081194036	0.056217313081194036	0.0
PRO	A	105	0.9270667354685572	None	None	None	None	0.017763262172788348	0.017763262172788348	0.0
THR	A	106	0.9504832878925414	None	None	None	None	0.011673846100230525	0.011673846100230525	0.0
LEU	A	107	0.9451427977341104	None	None	None	None	0.013531124013701918	0.013531124013701918	0.0
ARG	A	108	0.9620603570630801	None	None	None	None	0.0	None	None
SER	A	109	0.9495356775484934	None	None	None	None	0.0018108953565254382	0.0018108953565254382	0.0
SER	A	110	0.9715806980310769	None	None	None	None	0.009678486498470376	0.009678486498470376	0.0
SER	A	111	0.9486713652563553	None	None	None	None	0.021151619689523365	0.021151619689523365	0.0
ILE	A	112	0.9527101734684176	None	None	None	None	0.04480027245241725	0.04480027245241725	0.0
SER	A	113	0.9677717254320248	None	None	None	None	0.03942716836389523	0.03942716836389523	0.0
THR	A	114	0.9695023378213683	None	None	None	None	0.04596681186552986	0.04596681186552986	0.0
ALA	A	115	0.97529825361362	None	None	None	None	0.03782554663660642	0.03782554663660642	0.0
THR	A	116	0.9627602534007081	None	None	None	None	0.0161342445561786	0.0161342445561786	0.0
SER	A	117	0.988788428512047	None	None	None	None	0.0059241544629964156	0.0059241544629964156	0.0
LEU	A	118	0.9667199900727786	None	None	None	None	0.003643643724300344	0.003643643724300344	0.0
MET	A	119	0.97529825361362	None	None	None	None	0.007835974928368001	0.007835974928368001	0.0
SER	A	120	0.980627783042769	None	None	None	None	0.013893908310999514	0.013893908310999514	0.0
MET	A	121	0.9675697813852788	None	None	None	None	0.029172752725804576	0.029172752725804576	0.0
GLU	A	122	0.9794695503144122	None	None	None	None	0.047666311041975495	0.047666311041975495	0.0
GLY	A	123	0.973643438100278	None	None	None	None	0.06032394337736297	0.06032394337736297	0.0
ILE	A	124	0.9862335263360854	None	None	None	None	0.06219684339599319	0.06219684339599319	0.0
SER	A	125	0.9842636032678731	None	None	None	None	0.034507016242005674	0.034507016242005674	0.0
TYR	A	126	0.9895726599419379	None	None	None	None	0.04414308382431235	0.04414308382431235	0.0
THR	A	127	0.9595757703171085	None	None	None	None	0.05883338493502129	0.05883338493502129	0.0
ASN	A	128	0.9788498218172939	None	None	None	None	0.04251393404257088	0.04251393404257088	0.0
SER	A	129	0.9805121794714354	None	None	None	None	0.012352804660871346	0.012352804660871346	0.0
ASN	A	130	0.9778397689179232	None	None	None	None	0.017117816312349945	0.017117816312349945	0.0
PRO	A	131	0.9768259851711326	None	None	None	None	0.02093325796809517	0.02093325796809517	0.0
SER	A	132	0.9703435710527422	None	None	None	None	0.011405136490316386	0.011405136490316386	0.0
ALA	A	133	0.9827768264506219	None	None	None	None	0.012551290327688333	0.012551290327688333	0.0
THR	A	134	0.9556374580016336	None	None	None	None	0.019663889865747637	0.019663889865747637	0.0
PRO	A	135	0.931617988635192	None	None	None	None	0.023435180968034278	0.023435180968034278	0.0
ASN	A	136	0.8739086799240346	None	None	None	None	0.020925563064914488	0.020925563064914488	0.0
MET	A	137	0.8542369520340043	None	None	None	None	0.025413153818894817	0.025413153818894817	0.0
GLU	A	138	0.8120810324704122	None	None	None	None	0.04200813193997462	0.04200813193997462	0.0
ASP	A	139	0.7557756162158641	None	None	None	None	0.07630138862708699	0.07630138862708699	0.0
THR	A	140	0.6368688178596851	None	None	None	None	0.25042483703516183	0.25042483703516183	0.0
LEU	A	141	0.4781731642856892	None	None	None	None	0.2136959586113764	0.2136959586113764	0.0
LEU	A	142	0.3642318468986481	None	None	None	None	0.21953646195286763	0.21953646195286763	0.0
THR	A	143	0.26119405859103834	None	None	None	None	0.18511834624562845	0.18511834624562845	0.0
PHE	A	144	0.2268061887465128	None	None	None	None	0.28038993865271056	0.28038993865271056	0.0
SER	A	145	0.24481969212641017	None	None	None	None	0.06311515426680983	0.06311515426680983	0.0
MET	A	146	0.3264361183791035	None	None	None	None	0.08397246504683811	0.08397246504683811	0.0
GLY	A	147	0.44337162834254507	None	None	None	None	0.11456162364352554	0.11456162364352554	0.0
ILE	A	148	0.3928943956074767	None	None	None	None	0.036762937382896065	0.036762937382896065	0.0
LEU	A	149	0.36313764422061523	None	None	None	None	0.03198973384003743	0.03198973384003743	0.0
PRO	A	150	0.3980914671767791	None	None	None	None	0.017114946846209785	0.017114946846209785	0.0
ILE	A	151	0.5362267272280533	None	None	None	None	0.023184322757837265	0.023184322757837265	0.0
THR	A	152	0.4852901267824504	None	None	None	None	0.06612255123021506	0.06612255123021506	0.0
MET	A	153	0.4118959013849611	None	None	None	None	0.08679743589633634	0.08679743589633634	0.0
ASP	A	154	0.477692073642703	None	None	None	None	0.10529179091220688	0.10529179091220688	0.0
CYS	A	155	0.4498425483038956	None	None	None	None	0.06917168219039399	0.06917168219039399	0.0
ASP	A	156	0.380485319172165	None	None	None	None	0.035096997852869564	0.035096997852869564	0.0
PRO	A	157	0.3162223950327171	None	None	None	None	0.02354498118839007	0.02354498118839007	0.0
VAL	A	158	0.06451839807217104	None	None	None	None	0.013625430860047449	0.013625430860047449	0.0
THR	A	159	0.08338199776198439	None	None	None	None	0.024941527703183895	0.024941527703183895	0.0
GLN	A	160	0.1480484692866719	None	None	None	None	0.028560125670039058	0.028560125670039058	0.0
LEU	A	161	0.09332736632957703	None	None	None	None	0.06503502678239585	0.06503502678239585	0.0
SER	A	162	0.0962420359323034	None	None	None	None	0.055385246355788	0.055385246355788	0.0
GLN	A	163	0.11219817429078455	None	None	None	None	0.05032666534550927	0.05032666534550927	0.0
LEU	A	164	0.056817552260492184	None	None	None	None	0.06917573636356492	0.06917573636356492	0.0
PHE	A	165	0.08839972693999168	None	None	None	None	0.04824629882908269	0.04824629882908269	0.0
GLN	A	166	0.11582148950718016	None	None	None	None	0.04980807329404949	0.04980807329404949	0.0
GLN	A	167	0.10386647458846697	None	None	None	None	0.05744698200908253	0.05744698200908253	0.0
GLY	A	168	0.10480480761028599	None	None	None	None	0.037325774118849915	0.037325774118849915	0.0
ALA	A	169	0.10198012942053104	None	None	None	None	0.02584585017643753	0.02584585017643753	0.0
PRO	A	170	0.0741122263562122	None	None	None	None	0.038743965854067336	0.038743965854067336	0.0
LEU	A	171	0.07200905789203421	None	None	None	None	0.04268701580693762	0.04268701580693762	0.0
CYS	A	172	0.08740349302749822	None	None	None	None	0.04796307953968986	0.04796307953968986	0.0
ILE	A	173	0.1440181157840693	None	None	None	None	0.03943954187633214	0.03943954187633214	0.0
LEU	A	174	0.18046434811274784	None	None	None	None	0.058119314112568723	0.058119314112568723	0.0
PHE	A	175	0.17544137134348825	None	None	None	None	0.08082734053381536	0.08082734053381536	0.0
ASN	A	176	0.2068818231205024	None	None	None	None	0.07161894378383066	0.07161894378383066	0.0
SER	A	177	0.299691607468728	None	None	None	None	0.04782010595157411	0.04782010595157411	0.0
VAL	A	178	0.32180195831495156	None	None	None	None	0.07215992949119564	0.07215992949119564	0.0
LYS	A	179	0.3710622985465682	None	None	None	None	0.02554494679401416	0.02554494679401416	0.0
PRO	A	180	0.3942029184271435	None	None	None	None	0.01754250938022263	0.01754250938022263	0.0
GLN	A	181	0.4270732845980406	None	None	None	None	0.004921271878392637	0.004921271878392637	0.0
PHE	A	182	0.3808281826040741	None	None	None	None	0.006397313719757726	0.006397313719757726	0.0
LYS	A	183	0.3410775704865833	None	None	None	None	0.005675871909330012	0.005675871909330012	0.0
LEU	A	184	0.2601323081700319	None	None	None	None	0.022226923327720943	0.022226923327720943	0.0
PRO	A	185	0.28308122410961406	None	None	None	None	0.02220797930012137	0.02220797930012137	0.0
VAL	A	186	0.2825915502213827	None	None	None	None	None	None	None
ILE	A	187	0.3370882249389876	None	None	None	None	None	None	None
ALA	A	188	0.3594584719486551	None	None	None	None	None	None	None
SER	A	189	0.39744718955334557	None	None	None	None	None	None	None
ASP	A	190	0.45433552914422876	None	None	None	None	None	None	None
ASP	A	191	0.2811172648060785	None	None	None	None	None	None	None
LEU	A	192	0.2978433705749676	None	None	None	None	None	None	None
LYS	A	193	0.20100726051126463	None	None	None	None	None	None	None
VAL	A	194	0.16884516795573784	None	None	None	None	None	None	None
CYS	A	195	0.1440181157840693	None	None	None	None	None	None	None
LYS	A	196	0.07200905789203421	None	None	None	None	None	None	None
LYS	A	197	0.06667952846288551	None	None	None	None	None	None	None
SER	A	198	0.05118158129845595	None	None	None	None	None	None	None
ILE	A	199	0.0579309904672541	None	None	None	None	None	None	None
TYR	A	200	0.09234889063530013	None	None	None	None	None	None	None
ASP	A	201	0.13827430379845085	None	None	None	None	None	None	None
PHE	A	202	0.1176153660994028	None	None	None	None	None	None	None
ILE	A	203	0.20100726051126463	None	None	None	None	None	None	None
LEU	A	204	0.2969145637949969	None	None	None	None	None	None	None
GLY	A	205	0.2903233894430146	None	None	None	None	None	None	None
CYS	A	206	0.29079947306897863	None	None	None	None	None	None	None
LYS	A	207	0.36532170461747726	None	None	None	None	None	None	None
LYS	A	208	0.397124482706585	None	None	None	None	None	None	None
HIS	A	209	0.4262033563212559	None	None	None	None	None	None	None
PHE	A	210	0.5719261315751905	None	None	None	None	None	None	None
ALA	A	211	0.5948522134599907	None	None	None	None	None	None	None
PHE	A	212	0.5412381134182066	None	None	None	None	None	None	None
ASN	A	213	0.5480292757568075	None	None	None	None	None	None	None
ASP	A	214	0.5519145478981877	None	None	None	None	None	None	None
GLU	A	215	0.5602377028349638	None	None	None	None	None	None	None
GLU	A	216	0.5003266678020292	None	None	None	None	None	None	None
LEU	A	217	0.3504218650307783	None	None	None	None	None	None	None
PHE	A	218	0.2049375731373987	None	None	None	None	None	None	None
THR	A	219	0.17616459216130176	None	None	None	None	None	None	None
ILE	A	220	0.10573994357983656	None	None	None	None	None	None	None
SER	A	221	0.16132518682378397	None	None	None	None	None	None	None
ASP	A	222	0.16056173113943945	None	None	None	None	None	None	None
VAL	A	223	0.13409671718584365	None	None	None	None	None	None	None
PHE	A	224	0.21515129648378503	None	None	None	None	None	None	None
ALA	A	225	0.30651371863121	None	None	None	None	None	None	None
ASN	A	226	0.3862565354028682	None	None	None	None	None	None	None
SER	A	227	0.2987690447797484	None	None	None	None	None	None	None
THR	A	228	0.16735756463075577	None	None	None	None	None	None	None
SER	A	229	0.23333424471581962	None	None	None	None	None	None	None
GLN	A	230	0.2243933192148257	None	None	None	None	None	None	None
LEU	A	231	0.09136691412607616	None	None	None	None	None	None	None
VAL	A	232	0.15902841909818569	None	None	None	None	None	None	None
LYS	A	233	0.2315692087836925	None	None	None	None	None	None	None
VAL	A	234	0.09912607796732784	None	None	None	None	None	None	None
LEU	A	235	0.10386647458846697	None	None	None	None	None	None	None
GLU	A	236	0.24928258950760332	None	None	None	None	None	None	None
VAL	A	237	0.20297945205024034	None	None	None	None	None	None	None
VAL	A	238	0.1916115509102734	None	None	None	None	None	None	None
GLU	A	239	0.2888901635148916	None	None	None	None	None	None	None
THR	A	240	0.3318138455678904	None	None	None	None	None	None	None
LEU	A	241	0.322650373647569	None	None	None	None	None	None	None
MET	A	242	0.31096937073062786	None	None	None	None	None	None	None
ASN	A	243	0.35834503374189364	None	None	None	None	None	None	None
SER	A	244	0.40974565536637214	None	None	None	None	None	None	None
SER	A	245	0.41704884833259576	None	None	None	None	None	None	None
PRO	A	246	0.482228741254565	None	None	None	None	None	None	None
THR	A	247	0.4610679569623507	None	None	None	None	None	None	None
ILE	A	248	0.42503914612792393	None	None	None	None	None	None	None
PHE	A	249	0.3572270601327716	None	None	None	None	None	None	None
PRO	A	250	0.43336987682283756	None	None	None	None	None	None	None
SER	A	251	0.43897133943736527	None	None	None	None	None	None	None
LYS	A	252	0.46588543000873633	None	None	None	None	None	None	None
SER	A	253	0.4597860202948381	None	None	None	None	None	None	None
LYS	A	254	0.46208921262084013	None	None	None	None	None	None	None
THR	A	255	0.4698776770008219	None	None	None	None	None	None	None
GLN	A	256	0.5251117739010025	None	None	None	None	None	None	None
GLN	A	257	0.4935938164916722	None	None	None	None	None	None	None
ILE	A	258	0.49177014106748357	None	None	None	None	None	None	None
MET	A	259	0.5489593415114398	None	None	None	None	None	None	None
ASN	A	260	0.5660569061523439	None	None	None	None	None	None	None
ALA	A	261	0.557551265646198	None	None	None	None	None	None	None
GLU	A	262	0.6258668582533268	None	None	None	None	None	None	None
ASN	A	263	0.7026057406536343	None	None	None	None	None	None	None
GLN	A	264	0.7690001265936699	None	None	None	None	None	None	None
HIS	A	265	0.8175789171356291	None	None	None	None	None	None	None
ARG	A	266	0.8311261098464443	None	None	None	None	None	None	None
HIS	A	267	0.8471237322088855	None	None	None	None	None	None	None
GLN	A	268	0.8905043770194223	None	None	None	None	None	None	None
PRO	A	269	0.8716257626942583	None	None	None	None	None	None	None
GLN	A	270	0.8492460336212436	None	None	None	None	None	None	None
GLN	A	271	0.8453004745349747	None	None	None	None	None	None	None
SER	A	272	0.7628511088316393	None	None	None	None	None	None	None
SER	A	273	0.6391509813663555	None	None	None	None	None	None	None
LYS	A	274	0.5338825523382851	None	None	None	None	None	None	None
LYS	A	275	0.5381650272440662	None	None	None	None	None	None	None
HIS	A	276	0.5143714785098983	None	None	None	None	None	None	None
ASN	A	277	0.48411670840017784	None	None	None	None	None	None	None
GLU	A	278	0.3828764170468552	None	None	None	None	None	None	None
TYR	A	279	0.33829112887275387	None	None	None	None	None	None	None
VAL	A	280	0.37035125633139426	None	None	None	None	None	None	None
LYS	A	281	0.32433937677192554	None	None	None	None	None	None	None
ILE	A	282	0.23508800238608205	None	None	None	None	None	None	None
ILE	A	283	0.21389517465027888	None	None	None	None	None	None	None
LYS	A	284	0.28454502566764117	None	None	None	None	None	None	None
GLU	A	285	0.21826667773689193	None	None	None	None	None	None	None
PHE	A	286	0.12554580311663918	None	None	None	None	None	None	None
VAL	A	287	0.11310849731950681	None	None	None	None	None	None	None
ALA	A	288	0.20881239714060937	None	None	None	None	None	None	None
THR	A	289	0.2094529158479994	None	None	None	None	None	None	None
GLU	A	290	0.03475586856537142	None	None	None	None	None	None	None
ARG	A	291	0.08439290918679723	None	None	None	None	None	None	None
LYS	A	292	0.2315692087836925	None	None	None	None	None	None	None
TYR	A	293	0.07306265665823228	None	None	None	None	None	None	None
VAL	A	294	0.05344987637072297	None	None	None	None	None	None	None
HIS	A	295	0.2068818231205024	None	None	None	None	None	None	None
ASP	A	296	0.2520354926425559	None	None	None	None	None	None	None
LEU	A	297	0.1528080476628274	None	None	None	None	None	None	None
GLU	A	298	0.23392007661710804	None	None	None	None	None	None	None
ILE	A	299	0.31273157351978764	None	None	None	None	None	None	None
LEU	A	300	0.3251799965455976	None	None	None	None	None	None	None
ASP	A	301	0.27463556877287976	None	None	None	None	None	None	None
LYS	A	302	0.3710622985465682	None	None	None	None	None	None	None
TYR	A	303	0.41824737487275293	None	None	None	None	None	None	None
ARG	A	304	0.40695606695461867	None	None	None	None	None	None	None
GLN	A	305	0.45590388850645613	None	None	None	None	None	None	None
GLN	A	306	0.5158420024952292	None	None	None	None	None	None	None
LEU	A	307	0.5330966902650932	None	None	None	None	None	None	None
LEU	A	308	0.5395137382703513	None	None	None	None	None	None	None
ASP	A	309	0.5555643642035601	None	None	None	None	None	None	None
SER	A	310	0.6042720919709614	None	None	None	None	None	None	None
ASN	A	311	0.6356528871119159	None	None	None	None	None	None	None
LEU	A	312	0.6464070722141887	None	None	None	None	None	None	None
ILE	A	313	0.6032073995907419	None	None	None	None	None	None	None
THR	A	314	0.5332933668349928	None	None	None	None	None	None	None
SER	A	315	0.5291332691665158	None	None	None	None	None	None	None
GLU	A	316	0.530328316663617	None	None	None	None	None	None	None
GLU	A	317	0.47865341312484555	None	None	None	None	None	None	None
LEU	A	318	0.4495759507680724	None	None	None	None	None	None	None
TYR	A	319	0.45037496775611446	None	None	None	None	None	None	None
MET	A	320	0.4428254348457696	None	None	None	None	None	None	None
LEU	A	321	0.41973821037727305	None	None	None	None	None	None	None
PHE	A	322	0.3179512961294884	None	None	None	None	None	None	None
PRO	A	323	0.3370882249389876	None	None	None	None	None	None	None
ASN	A	324	0.37841909504815285	None	None	None	None	None	None	None
LEU	A	325	0.22860202159760745	None	None	None	None	None	None	None
GLY	A	326	0.24761749557418075	None	None	None	None	None	None	None
ASP	A	327	0.24817365005333664	None	None	None	None	None	None	None
ALA	A	328	0.21826667773689193	None	None	None	None	None	None	None
ILE	A	329	0.08134893556545426	None	None	None	None	None	None	None
ASP	A	330	0.1480484692866719	None	None	None	None	None	None	None
PHE	A	331	0.14964418390684392	None	None	None	None	None	None	None
GLN	A	332	0.05903992992152158	None	None	None	None	None	None	None
ARG	A	333	0.022390617937591794	None	None	None	None	None	None	None
ARG	A	334	0.07095139900495581	None	None	None	None	None	None	None
PHE	A	335	0.0579309904672541	None	None	None	None	None	None	None
LEU	A	336	0.0	None	None	None	None	None	None	None
ILE	A	337	0.05344987637072297	None	None	None	None	None	None	None
SER	A	338	0.12028438688837319	None	None	None	None	None	None	None
LEU	A	339	0.12116832369605585	None	None	None	None	None	None	None
GLU	A	340	0.15593585520645892	None	None	None	None	None	None	None
ILE	A	341	0.23567010682814396	None	None	None	None	None	None	None
ASN	A	342	0.27413057848956995	None	None	None	None	None	None	None
ALA	A	343	0.32137676513688473	None	None	None	None	None	None	None
LEU	A	344	0.41554329249181476	None	None	None	None	None	None	None
VAL	A	345	0.4444607652541127	None	None	None	None	None	None	None
GLU	A	346	0.4859917772921102	None	None	None	None	None	None	None
PRO	A	347	0.4678888121996632	None	None	None	None	None	None	None
SER	A	348	0.5009909572950517	None	None	None	None	None	None	None
LYS	A	349	0.4344993522503602	None	None	None	None	None	None	None
GLN	A	350	0.3314038945707619	None	None	None	None	None	None	None
ARG	A	351	0.3410775704865833	None	None	None	None	None	None	None
ILE	A	352	0.24028302451454828	None	None	None	None	None	None	None
GLY	A	353	0.264354885942294	None	None	None	None	None	None	None
ALA	A	354	0.35647920642333625	None	None	None	None	None	None	None
LEU	A	355	0.22740610623465515	None	None	None	None	None	None	None
PHE	A	356	0.1776053416195725	None	None	None	None	None	None	None
MET	A	357	0.33304003736861953	None	None	None	None	None	None	None
HIS	A	358	0.383555779130229	None	None	None	None	None	None	None
SER	A	359	0.33304003736861953	None	None	None	None	None	None	None
LYS	A	360	0.3664072517473843	None	None	None	None	None	None	None
HIS	A	361	0.44500371724433607	None	None	None	None	None	None	None
PHE	A	362	0.35194877935311336	None	None	None	None	None	None	None
PHE	A	363	0.2879305046996063	None	None	None	None	None	None	None
LYS	A	364	0.38151262720204765	None	None	None	None	None	None	None
LEU	A	365	0.37841909504815285	None	None	None	None	None	None	None
TYR	A	366	0.29644897904967565	None	None	None	None	None	None	None
GLU	A	367	0.35460060811341776	None	None	None	None	None	None	None
PRO	A	368	0.3358800257397323	None	None	None	None	None	None	None
TRP	A	369	0.3149185344259372	None	None	None	None	None	None	None
SER	A	370	0.37563970783761264	None	None	None	None	None	None	None
ILE	A	371	0.41097642936404677	None	None	None	None	None	None	None
GLY	A	372	0.48715722338107903	None	None	None	None	None	None	None
GLN	A	373	0.47551666879396637	None	None	None	None	None	None	None
ASN	A	374	0.5181370242728978	None	None	None	None	None	None	None
ALA	A	375	0.4974293547903885	None	None	None	None	None	None	None
ALA	A	376	0.4420041011409161	None	None	None	None	None	None	None
ILE	A	377	0.5218516061959305	None	None	None	None	None	None	None
GLU	A	378	0.5356425578520407	None	None	None	None	None	None	None
PHE	A	379	0.5261226853258149	None	None	None	None	None	None	None
LEU	A	380	0.6077415689239545	None	None	None	None	None	None	None
SER	A	381	0.6652735545513789	None	None	None	None	None	None	None
SER	A	382	0.6596244698909576	None	None	None	None	None	None	None
THR	A	383	0.7102432589356198	None	None	None	None	None	None	None
LEU	A	384	0.7775290658459423	None	None	None	None	None	None	None
HIS	A	385	0.77728671515333	None	None	None	None	None	None	None
LYS	A	386	0.801040050383451	None	None	None	None	None	None	None
MET	A	387	0.8163900105991827	None	None	None	None	None	None	None
ARG	A	388	0.8400142320556482	None	None	None	None	None	None	None
VAL	A	389	0.8767358798460774	None	None	None	None	None	None	None
ASP	A	390	0.8553338270613842	None	None	None	None	None	None	None
GLU	A	391	0.8668855657627689	None	None	None	None	None	None	None
SER	A	392	0.861943348646899	None	None	None	None	None	None	None
GLN	A	393	0.8170200731827166	None	None	None	None	None	None	None
ARG	A	394	0.7357449003309556	None	None	None	None	None	None	None
PHE	A	395	0.6419441748329953	None	None	None	None	None	None	None
ILE	A	396	0.5954799144575457	None	None	None	None	None	None	None
ILE	A	397	0.6033597516021755	None	None	None	None	None	None	None
ASN	A	398	0.73593288810649	None	None	None	None	None	None	None
ASN	A	399	0.7142381133838885	None	None	None	None	None	None	None
LYS	A	400	0.6955127455422208	None	None	None	None	None	None	None
LEU	A	401	0.6673321816332054	None	None	None	None	None	None	None
GLU	A	402	0.6032073995907419	None	None	None	None	None	None	None
LEU	A	403	0.5425718439086863	None	None	None	None	None	None	None
GLN	A	404	0.5147924327972498	None	None	None	None	None	None	None
SER	A	405	0.5031937150380388	None	None	None	None	None	None	None
PHE	A	406	0.4359046914270179	None	None	None	None	None	None	None
LEU	A	407	0.39058936107440334	None	None	None	None	None	None	None
TYR	A	408	0.4226958051774568	None	None	None	None	None	None	None
LYS	A	409	0.36604587955357204	None	None	None	None	None	None	None
PRO	A	410	0.23683062501195765	None	None	None	None	None	None	None
VAL	A	411	0.2869674786535112	None	None	None	None	None	None	None
GLN	A	412	0.30289637280559223	None	None	None	None	None	None	None
ARG	A	413	0.11310849731950681	None	None	None	None	None	None	None
LEU	A	414	0.21009194324156596	None	None	None	None	None	None	None
CYS	A	415	0.28648469551838596	None	None	None	None	None	None	None
ARG	A	416	0.19634960936513318	None	None	None	None	None	None	None
TYR	A	417	0.019849283655484377	None	None	None	None	None	None	None
PRO	A	418	0.11492013519444995	None	None	None	None	None	None	None
LEU	A	419	0.15748649289915542	None	None	None	None	None	None	None
LEU	A	420	0.17106156337760567	None	None	None	None	None	None	None
VAL	A	421	0.0972067544705373	None	None	None	None	None	None	None
LYS	A	422	0.1374438579559639	None	None	None	None	None	None	None
GLU	A	423	0.2068818231205024	None	None	None	None	None	None	None
LEU	A	424	0.2821010011336012	None	None	None	None	None	None	None
LEU	A	425	0.27056938860103774	None	None	None	None	None	None	None
ALA	A	426	0.3140458400768465	None	None	None	None	None	None	None
GLU	A	427	0.3899272084213923	None	None	None	None	None	None	None
SER	A	428	0.4779327243740787	None	None	None	None	None	None	None
SER	A	429	0.6016792099993011	None	None	None	None	None	None	None
ASP	A	430	0.617460664536303	None	None	None	None	None	None	None
ASP	A	431	0.6437906354164799	None	None	None	None	None	None	None
ASN	A	432	0.6475763801480149	None	None	None	None	None	None	None
ASN	A	433	0.5859102475276738	None	None	None	None	None	None	None
THR	A	434	0.44337162834254507	None	None	None	None	None	None	None
LYS	A	435	0.3801420268928249	None	None	None	None	None	None	None
GLU	A	436	0.35834503374189364	None	None	None	None	None	None	None
LEU	A	437	0.19432902005583108	None	None	None	None	None	None	None
GLU	A	438	0.1480484692866719	None	None	None	None	None	None	None
ALA	A	439	0.2397106319368059	None	None	None	None	None	None	None
ALA	A	440	0.10667190420891433	None	None	None	None	None	None	None
LEU	A	441	0.018569737554526868	None	None	None	None	None	None	None
ASP	A	442	0.07095139900495581	None	None	None	None	None	None	None
ILE	A	443	0.1229277024229273	None	None	None	None	None	None	None
SER	A	444	0.10944894788264618	None	None	None	None	None	None	None
LYS	A	445	0.09136691412607616	None	None	None	None	None	None	None
ASN	A	446	0.16884516795573784	None	None	None	None	None	None	None
ILE	A	447	0.2553029376793878	None	None	None	None	None	None	None
ALA	A	448	0.31535384322702426	None	None	None	None	None	None	None
ARG	A	449	0.3293449041075509	None	None	None	None	None	None	None
SER	A	450	0.33829112887275387	None	None	None	None	None	None	None
ILE	A	451	0.3922377873001721	None	None	None	None	None	None	None
ASN	A	452	0.4572040431952155	None	None	None	None	None	None	None
GLU	A	453	0.4158450650802702	None	None	None	None	None	None	None
ASN	A	454	0.3993755029295267	None	None	None	None	None	None	None
GLN	A	455	0.47061980131475845	None	None	None	None	None	None	None
ARG	A	456	0.4527581561729709	None	None	None	None	None	None	None
ARG	A	457	0.4452747909864207	None	None	None	None	None	None	None
THR	A	458	0.45798118993875386	None	None	None	None	None	None	None
GLU	A	459	0.4661366539544693	None	None	None	None	None	None	None
ASN	A	460	0.3879311113209524	None	None	None	None	None	None	None
HIS	A	461	0.4495759507680724	None	None	None	None	None	None	None
GLN	A	462	0.482938251709704	None	None	None	None	None	None	None
VAL	A	463	0.3773801204009492	None	None	None	None	None	None	None
VAL	A	464	0.33304003736861953	None	None	None	None	None	None	None
LYS	A	465	0.4299532915228881	None	None	None	None	None	None	None
LYS	A	466	0.4003346028276485	None	None	None	None	None	None	None
LEU	A	467	0.3326319151498488	None	None	None	None	None	None	None
TYR	A	468	0.3961540793095269	None	None	None	None	None	None	None
GLY	A	469	0.4259127664142266	None	None	None	None	None	None	None
ARG	A	470	0.3149185344259372	None	None	None	None	None	None	None
VAL	A	471	0.3255993429091467	None	None	None	None	None	None	None
VAL	A	472	0.40255955420261824	None	None	None	None	None	None	None
ASN	A	473	0.41158975284061283	None	None	None	None	None	None	None
TRP	A	474	0.4047666137589095	None	None	None	None	None	None	None
LYS	A	475	0.4485069634710446	None	None	None	None	None	None	None
GLY	A	476	0.49988291323236167	None	None	None	None	None	None	None
TYR	A	477	0.4582397506187811	None	None	None	None	None	None	None
ARG	A	478	0.45798118993875386	None	None	None	None	None	None	None
ILE	A	479	0.44255192994864645	None	None	None	None	None	None	None
SER	A	480	0.482938251709704	None	None	None	None	None	None	None
LYS	A	481	0.3935494368290258	None	None	None	None	None	None	None
PHE	A	482	0.31966937461327916	None	None	None	None	None	None	None
GLY	A	483	0.3821953691997607	None	None	None	None	None	None	None
GLU	A	484	0.3859203906681983	None	None	None	None	None	None	None
LEU	A	485	0.23913704313545983	None	None	None	None	None	None	None
LEU	A	486	0.3410775704865833	None	None	None	None	None	None	None
TYR	A	487	0.3318138455678904	None	None	None	None	None	None	None
PHE	A	488	0.30651371863121	None	None	None	None	None	None	None
ASP	A	489	0.34186852821425434	None	None	None	None	None	None	None
LYS	A	490	0.3370882249389876	None	None	None	None	None	None	None
VAL	A	491	0.35308841618033343	None	None	None	None	None	None	None
PHE	A	492	0.37979830469192094	None	None	None	None	None	None	None
ILE	A	493	0.4482390648245423	None	None	None	None	None	None	None
SER	A	494	0.559166281273114	None	None	None	None	None	None	None
THR	A	495	0.6767012093402726	None	None	None	None	None	None	None
THR	A	496	0.7958776008532649	None	None	None	None	None	None	None
ASN	A	497	0.8339675634391899	None	None	None	None	None	None	None
SER	A	498	0.8547859374985055	None	None	None	None	None	None	None
SER	A	499	0.8448585572478171	None	None	None	None	None	None	None
SER	A	500	0.8190404915221359	None	None	None	None	None	None	None
GLU	A	501	0.7760717413164623	None	None	None	None	None	None	None
PRO	A	502	0.7242232866588578	None	None	None	None	None	None	None
GLU	A	503	0.6155733215582475	None	None	None	None	None	None	None
ARG	A	504	0.5208248106042209	None	None	None	None	None	None	None
GLU	A	505	0.39744718955334557	None	None	None	None	None	None	None
PHE	A	506	0.317520090790909	None	None	None	None	None	None	None
GLU	A	507	0.2700568541074616	None	None	None	None	None	None	None
VAL	A	508	0.23625097930221206	None	None	None	None	None	None	None
TYR	A	509	0.1528080476628274	None	None	None	None	None	None	None
LEU	A	510	0.19024265958608255	None	None	None	None	None	None	None
PHE	A	511	0.16586185443564613	None	None	None	None	None	None	None
GLU	A	512	0.3122920824065831	None	None	None	None	None	None	None
LYS	A	513	0.3289312459410031	None	None	None	None	None	None	None
ILE	A	514	0.26487816949747145	None	None	None	None	None	None	None
ILE	A	515	0.22919803082541634	None	None	None	None	None	None	None
ILE	A	516	0.24817365005333664	None	None	None	None	None	None	None
LEU	A	517	0.2569221880489681	None	None	None	None	None	None	None
PHE	A	518	0.24425669266427807	None	None	None	None	None	None	None
SER	A	519	0.35535359114140175	None	None	None	None	None	None	None
GLU	A	520	0.41097642936404677	None	None	None	None	None	None	None
VAL	A	521	0.49630680867934557	None	None	None	None	None	None	None
VAL	A	522	0.6418118082321417	None	None	None	None	None	None	None
THR	A	523	0.7832821947398078	None	None	None	None	None	None	None
LYS	A	524	0.869785657639211	None	None	None	None	None	None	None
LYS	A	525	0.9123989811334254	None	None	None	None	None	None	None
SER	A	526	0.9374510413386772	None	None	None	None	None	None	None
ALA	A	527	0.9591594769845309	None	None	None	None	None	None	None
SER	A	528	0.9556374580016336	None	None	None	None	None	None	None
SER	A	529	0.9465858426693048	None	None	None	None	None	None	None
LEU	A	530	0.9497513310062374	None	None	None	None	None	None	None
ILE	A	531	0.9424109317417627	None	None	None	None	None	None	None
LEU	A	532	0.9484115399215043	None	None	None	None	None	None	None
LYS	A	533	0.9410792350896421	None	None	None	None	None	None	None
LYS	A	534	0.9464113316848527	None	None	None	None	None	None	None
LYS	A	535	0.9624311127328106	None	None	None	None	None	None	None
SER	A	536	0.9505262834501683	None	None	None	None	None	None	None
SER	A	537	0.9546228093726689	None	None	None	None	None	None	None
THR	A	538	0.9524541453327338	None	None	None	None	None	None	None
SER	A	539	0.9565642688768219	None	None	None	None	None	None	None
ALA	A	540	0.945974568159279	None	None	None	None	None	None	None
SER	A	541	0.9638681980646925	None	None	None	None	None	None	None
ILE	A	542	0.9388452805332277	None	None	None	None	None	None	None
SER	A	543	0.9480213401442338	None	None	None	None	None	None	None
ALA	A	544	0.9681348506998347	None	None	None	None	None	None	None
SER	A	545	0.9483682117753016	None	None	None	None	None	None	None
ASN	A	546	0.9743144467621583	None	None	None	None	None	None	None
ILE	A	547	0.9447479196747951	None	None	None	None	None	None	None
THR	A	548	0.9646043508749491	None	None	None	None	None	None	None
ASP	A	549	0.9629246758357889	None	None	None	None	None	None	None
ASN	A	550	0.949190279180996	None	None	None	None	None	None	None
ASN	A	551	0.9616478180683055	None	None	None	None	None	None	None
GLY	A	552	0.9509129406752588	None	None	None	None	None	None	None
SER	A	553	0.9625545867432383	None	None	None	None	None	None	None
PRO	A	554	0.9288869995200968	None	None	None	None	None	None	None
HIS	A	555	0.965053251957408	None	None	None	None	None	None	None
HIS	A	556	0.9440445083871968	None	None	None	None	None	None	None
SER	A	557	0.9724155947381151	None	None	None	None	None	None	None
TYR	A	558	0.9684572258848058	None	None	None	None	None	None	None
HIS	A	559	0.9536894080844107	None	None	None	None	None	None	None
LYS	A	560	0.9846055648645367	None	None	None	None	None	None	None
ARG	A	561	0.9754945925171573	None	None	None	None	None	None	None
HIS	A	562	0.9859691664957846	None	None	None	None	None	None	None
SER	A	563	0.970383565536099	None	None	None	None	None	None	None
ASN	A	564	0.9926873677666451	None	None	None	None	None	None	None
SER	A	565	0.9808588442110816	None	None	None	None	None	None	None
SER	A	566	0.9756515625766549	None	None	None	None	None	None	None
SER	A	567	0.9858557914270948	None	None	None	None	None	None	None
SER	A	568	0.9818578675288925	None	None	None	None	None	None	None
ASN	A	569	0.9765915023362379	None	None	None	None	None	None	None
ASN	A	570	0.9865353404053177	None	None	None	None	None	None	None
ILE	A	571	0.9818962189775051	None	None	None	None	None	None	None
HIS	A	572	0.9937912523820154	None	None	None	None	None	None	None
LEU	A	573	0.9833496172147947	None	None	None	None	None	None	None
SER	A	574	1.0	None	None	None	None	None	None	None
SER	A	575	0.9783841054020156	None	None	None	None	None	None	None
SER	A	576	0.992392247155898	None	None	None	None	None	None	None
SER	A	577	0.9932398650508819	None	None	None	None	None	None	None
ALA	A	578	0.9889379787903965	None	None	None	None	None	None	None
ALA	A	579	0.9948175543208477	None	None	None	None	None	None	None
ALA	A	580	0.9972578813899455	None	None	None	None	None	None	None
ILE	A	581	0.9827768264506219	None	None	None	None	None	None	None
ILE	A	582	0.9844156388023246	None	None	None	None	None	None	None
HIS	A	583	0.9887136228038841	None	None	None	None	None	None	None
SER	A	584	0.9846814985049575	None	None	None	None	None	None	None
SER	A	585	0.997475363288449	None	None	None	None	None	None	None
THR	A	586	0.9749838189333171	None	None	None	None	None	None	None
ASN	A	587	0.9992450443897216	None	None	None	None	None	None	None
SER	A	588	0.9696226719737746	None	None	None	None	None	None	None
SER	A	589	0.989609948460649	None	None	None	None	None	None	None
ASP	A	590	0.9671249807638662	None	None	None	None	None	None	None
ASN	A	591	0.9816276462307157	None	None	None	None	None	None	None
ASN	A	592	0.9751017741567716	None	None	None	None	None	None	None
SER	A	593	0.9774502951168632	None	None	None	None	None	None	None
ASN	A	594	0.9709428772262679	None	None	None	None	None	None	None
ASN	A	595	0.9874763758932967	None	None	None	None	None	None	None
SER	A	596	0.9738409639393544	None	None	None	None	None	None	None
SER	A	597	0.9899453173536362	None	None	None	None	None	None	None
SER	A	598	0.9884516421484365	None	None	None	None	None	None	None
SER	A	599	0.9753768060301694	None	None	None	None	None	None	None
SER	A	600	0.9879269294416179	None	None	None	None	None	None	None
LEU	A	601	0.9696226719737746	None	None	None	None	None	None	None
PHE	A	602	0.9453181168978809	None	None	None	None	None	None	None
LYS	A	603	0.9710625815858962	None	None	None	None	None	None	None
LEU	A	604	0.9417902773048156	None	None	None	None	None	None	None
SER	A	605	0.9292588994977993	None	None	None	None	None	None	None
ALA	A	606	0.8731688126351141	None	None	None	None	None	None	None
ASN	A	607	0.7863488427501553	None	None	None	None	None	None	None
GLU	A	608	0.6642994199296546	None	None	None	None	None	None	None
PRO	A	609	0.5295321967680712	None	None	None	None	None	None	None
LYS	A	610	0.3366860825351017	None	None	None	None	None	None	None
LEU	A	611	0.317520090790909	None	None	None	None	None	None	None
ASP	A	612	0.3276865175420464	None	None	None	None	None	None	None
LEU	A	613	0.3293449041075509	None	None	None	None	None	None	None
ARG	A	614	0.38826480393537105	None	None	None	None	None	None	None
GLY	A	615	0.44500371724433607	None	None	None	None	None	None	None
ARG	A	616	0.383555779130229	None	None	None	None	None	None	None
ILE	A	617	0.3735365393734358	None	None	None	None	None	None	None
MET	A	618	0.38389483061442115	None	None	None	None	None	None	None
ILE	A	619	0.36203906180037815	None	None	None	None	None	None	None
MET	A	620	0.44227815222863803	None	None	None	None	None	None	None
ASN	A	621	0.3961540793095269	None	None	None	None	None	None	None
LEU	A	622	0.4047666137589095	None	None	None	None	None	None	None
ASN	A	623	0.5537455229444878	None	None	None	None	None	None	None
GLN	A	624	0.514160759005075	None	None	None	None	None	None	None
ILE	A	625	0.4458161366087661	None	None	None	None	None	None	None
ILE	A	626	0.4209250755415975	None	None	None	None	None	None	None
PRO	A	627	0.48505584410364894	None	None	None	None	None	None	None
GLN	A	628	0.58655871124705	None	None	None	None	None	None	None
ASN	A	629	0.5970429149318894	None	None	None	None	None	None	None
ASN	A	630	0.5658823674236952	None	None	None	None	None	None	None
ARG	A	631	0.4764856447043893	None	None	None	None	None	None	None
SER	A	632	0.4316669004706214	None	None	None	None	None	None	None
LEU	A	633	0.38253610436649116	None	None	None	None	None	None	None
ASN	A	634	0.35760022421683774	None	None	None	None	None	None	None
ILE	A	635	0.39058936107440334	None	None	None	None	None	None	None
THR	A	636	0.4103617322615261	None	None	None	None	None	None	None
TRP	A	637	0.42736264903343657	None	None	None	None	None	None	None
GLU	A	638	0.47111343839306197	None	None	None	None	None	None	None
SER	A	639	0.5939079620416483	None	None	None	None	None	None	None
ILE	A	640	0.6120545279558572	None	None	None	None	None	None	None
LYS	A	641	0.6099808699633555	None	None	None	None	None	None	None
GLU	A	642	0.6035120190909911	None	None	None	None	None	None	None
GLN	A	643	0.5352524197031221	None	None	None	None	None	None	None
GLY	A	644	0.5509944594014153	None	None	None	None	None	None	None
ASN	A	645	0.4915413272638595	None	None	None	None	None	None	None
PHE	A	646	0.512681175143973	None	None	None	None	None	None	None
LEU	A	647	0.43841630963941913	None	None	None	None	None	None	None
LEU	A	648	0.3968013959811649	None	None	None	None	None	None	None
LYS	A	649	0.37910956620866404	None	None	None	None	None	None	None
PHE	A	650	0.3808281826040741	None	None	None	None	None	None	None
LYS	A	651	0.45381074477488276	None	None	None	None	None	None	None
ASN	A	652	0.41674839713504913	None	None	None	None	None	None	None
GLU	A	653	0.36277193844825356	None	None	None	None	None	None	None
GLU	A	654	0.42386997655777925	None	None	None	None	None	None	None
THR	A	655	0.427651708714237	None	None	None	None	None	None	None
ARG	A	656	0.34028432675074055	None	None	None	None	None	None	None
ASP	A	657	0.37807320698529795	None	None	None	None	None	None	None
ASN	A	658	0.3859203906681983	None	None	None	None	None	None	None
TRP	A	659	0.31708820692279954	None	None	None	None	None	None	None
SER	A	660	0.3297579397634551	None	None	None	None	None	None	None
SER	A	661	0.34461906661113756	None	None	None	None	None	None	None
CYS	A	662	0.350804390725522	None	None	None	None	None	None	None
LEU	A	663	0.3060641490932627	None	None	None	None	None	None	None
GLN	A	664	0.3590878275418204	None	None	None	None	None	None	None
GLN	A	665	0.3955052323370049	None	None	None	None	None	None	None
LEU	A	666	0.3862565354028682	None	None	None	None	None	None	None
ILE	A	667	0.4493090940221586	None	None	None	None	None	None	None
HIS	A	668	0.48645854975419	None	None	None	None	None	None	None
ASP	A	669	0.5111935718189906	None	None	None	None	None	None	None
LEU	A	670	0.559523886719861	None	None	None	None	None	None	None
LYS	A	671	0.5932766514894673	None	None	None	None	None	None	None
ASN	A	672	0.5880121769997867	None	None	None	None	None	None	None
GLU	A	673	0.6557508219868938	None	None	None	None	None	None	None
GLN	A	674	0.709520038117806	None	None	None	None	None	None	None
PHE	A	675	0.7713225762214674	None	None	None	None	None	None	None
LYS	A	676	0.7655635424365753	None	None	None	None	None	None	None
ALA	A	677	0.7938307807547967	None	None	None	None	None	None	None
ARG	A	678	0.8396281187799404	None	None	None	None	None	None	None
HIS	A	679	0.8519068304918934	None	None	None	None	None	None	None
HIS	A	680	0.8791999515339121	None	None	None	None	None	None	None
SER	A	681	0.8955405209139002	None	None	None	None	None	None	None
SER	A	682	0.8954354435230493	None	None	None	None	None	None	None
THR	A	683	0.9300011910700677	None	None	None	None	None	None	None
SER	A	684	0.9446600917887495	None	None	None	None	None	None	None
THR	A	685	0.9557218429804845	None	None	None	None	None	None	None
THR	A	686	0.9562276087407127	None	None	None	None	None	None	None
SER	A	687	0.9580323208149252	None	None	None	None	None	None	None
SER	A	688	0.9513419219153726	None	None	None	None	None	None	None
THR	A	689	0.9452742976048126	None	None	None	None	None	None	None
ALA	A	690	0.9447040092448877	None	None	None	None	None	None	None
LYS	A	691	0.940009205892026	None	None	None	None	None	None	None
SER	A	692	0.9525821892546038	None	None	None	None	None	None	None
SER	A	693	0.9376313416516484	None	None	None	None	None	None	None
SER	A	694	0.9415238522961417	None	None	None	None	None	None	None
MET	A	695	0.9264103514895526	None	None	None	None	None	None	None
MET	A	696	0.9276748324945013	None	None	None	None	None	None	None
SER	A	697	0.9146619906400973	None	None	None	None	None	None	None
PRO	A	698	0.8905043770194223	None	None	None	None	None	None	None
THR	A	699	0.936185611801888	None	None	None	None	None	None	None
THR	A	700	0.9346411335764915	None	None	None	None	None	None	None
THR	A	701	0.9260815698996495	None	None	None	None	None	None	None
MET	A	702	0.9240532248277694	None	None	None	None	None	None	None
ASN	A	703	0.9402771045385282	None	None	None	None	None	None	None
THR	A	704	0.9291659717361023	None	None	None	None	None	None	None
PRO	A	705	0.9314336930824889	None	None	None	None	None	None	None
ASN	A	706	0.9452742976048126	None	None	None	None	None	None	None
HIS	A	707	0.935459881042768	None	None	None	None	None	None	None
HIS	A	708	0.9283748128319605	None	None	None	None	None	None	None
ASN	A	709	0.9413460918355558	None	None	None	None	None	None	None
SER	A	710	0.9519841392153758	None	None	None	None	None	None	None
ARG	A	711	0.9521551436704718	None	None	None	None	None	None	None
GLN	A	712	0.9444403990358441	None	None	None	None	None	None	None
THR	A	713	0.9428976060946455	None	None	None	None	None	None	None
HIS	A	714	0.9498375449669119	None	None	None	None	None	None	None
ASP	A	715	0.9533492008619848	None	None	None	None	None	None	None
SER	A	716	0.9536469052362343	None	None	None	None	None	None	None
MET	A	717	0.950955868984027	None	None	None	None	None	None	None
ALA	A	718	0.9533492008619848	None	None	None	None	None	None	None
SER	A	719	0.9743932812138134	None	None	None	None	None	None	None
PHE	A	720	0.964930897185391	None	None	None	None	None	None	None
SER	A	721	0.980319398581617	None	None	None	None	None	None	None
SER	A	722	0.966679458116484	None	None	None	None	None	None	None
SER	A	723	0.9753768060301694	None	None	None	None	None	None	None
HIS	A	724	0.9736039158680042	None	None	None	None	None	None	None
MET	A	725	0.9778008463990252	None	None	None	None	None	None	None
LYS	A	726	0.97529825361362	None	None	None	None	None	None	None
ARG	A	727	0.9798561712285336	None	None	None	None	None	None	None
VAL	A	728	0.985742369505975	None	None	None	None	None	None	None
SER	A	729	0.9858179893277925	None	None	None	None	None	None	None
ASP	A	730	0.9838069906991425	None	None	None	None	None	None	None
VAL	A	731	0.9628835794605455	None	None	None	None	None	None	None
LEU	A	732	0.9792760354353877	None	None	None	None	None	None	None
PRO	A	733	0.9589093975671833	None	None	None	None	None	None	None
LYS	A	734	0.9677717254320248	None	None	None	None	None	None	None
ARG	A	735	0.9878894115492007	None	None	None	None	None	None	None
ARG	A	736	0.9750231429740105	None	None	None	None	None	None	None
THR	A	737	0.986761483352649	None	None	None	None	None	None	None
THR	A	738	0.9709827844806532	None	None	None	None	None	None	None
SER	A	739	0.9868368229472891	None	None	None	None	None	None	None
SER	A	740	0.9831588197503504	None	None	None	None	None	None	None
SER	A	741	0.9778008463990252	None	None	None	None	None	None	None
PHE	A	742	0.9877768270908434	None	None	None	None	None	None	None
GLU	A	743	0.9745114904503906	None	None	None	None	None	None	None
SER	A	744	0.9685780190246784	None	None	None	None	None	None	None
GLU	A	745	0.9693016635844907	None	None	None	None	None	None	None
ILE	A	746	0.9540291941278711	None	None	None	None	None	None	None
LYS	A	747	0.941657097128381	None	None	None	None	None	None	None
SER	A	748	0.9047856744731484	None	None	None	None	None	None	None
ILE	A	749	0.8845005318050961	None	None	None	None	None	None	None
SER	A	750	0.891998342598374	None	None	None	None	None	None	None
GLU	A	751	0.8605147851534218	None	None	None	None	None	None	None
ASN	A	752	0.8893785418686652	None	None	None	None	None	None	None
PHE	A	753	0.8329137118288948	None	None	None	None	None	None	None
LYS	A	754	0.7982838596986935	None	None	None	None	None	None	None
ASN	A	755	0.7672453010168059	None	None	None	None	None	None	None
SER	A	756	0.7282144716574033	None	None	None	None	None	None	None
ILE	A	757	0.733857906706496	None	0.7334637077928834	None	None	None	0.7334637077928834	0.0
PRO	A	758	0.6675733610349729	None	0.5598457685777251	None	None	None	0.5598457685777251	0.0
GLU	A	759	0.6849701503106059	None	0.4513001440298604	None	None	None	0.4513001440298604	0.0
SER	A	760	0.5788407509231257	None	0.3646487874756267	None	None	None	0.3646487874756267	0.0
SER	A	761	0.557910980168921	None	0.0705836355347494	None	None	None	0.0705836355347494	0.0
ILE	A	762	0.5433310757664163	None	0.045158877893302286	None	None	None	0.045158877893302286	0.0
LEU	A	763	0.5618370335333115	None	0.06724955239480086	None	None	None	0.06724955239480086	0.0
PHE	A	764	0.4897039169434712	None	0.04324245933350403	None	None	None	0.04324245933350403	0.0
ARG	A	765	0.6261473510131002	None	0.011479669904055087	None	None	None	0.011479669904055087	0.0
ILE	A	766	0.5888163444123257	None	0.01380566528478011	None	None	None	0.01380566528478011	0.0
SER	A	767	0.6519493465121793	None	0.05912785532440857	None	None	None	0.05912785532440857	0.0
TYR	A	768	0.7045087985661709	None	0.13104879074667933	None	None	None	0.13104879074667933	0.0
ASN	A	769	0.7889172013961206	None	0.20399769615247498	None	None	None	0.20399769615247498	0.0
ASN	A	770	0.8259632399136705	None	0.4544203211049564	None	None	None	0.4544203211049564	0.0
ASN	A	771	0.8727125163678378	None	0.621798263788972	None	None	None	0.621798263788972	0.0
SER	A	772	0.9161278770242057	None	0.7390819342271647	None	None	None	0.7390819342271647	0.0
ASN	A	773	0.9421007799627168	None	0.9668094724706531	None	None	None	0.9668094724706531	0.0
ASN	A	774	0.9277215534311278	None	0.9245310244653455	None	None	None	0.9245310244653455	0.0
THR	A	775	0.9488444455972956	None	1.0	1.0	None	None	1.0	0.0
SER	A	776	0.926738739699116	None	0.8372836980246905	0.8262789019515234	None	None	0.8317812999881069	0.0055023980365835334
SER	A	777	0.9135820094372582	None	0.5395116315478173	0.6965649890401426	None	None	0.6180383102939799	0.07852667874616265
SER	A	778	0.8461192950711915	0.28763942108431756	0.16723310211296644	0.4038306028997858	None	None	0.2862343753656899	0.09659563468309812
GLU	A	779	0.7801009114666596	0.1496272082923632	0.09373534764234179	0.14066257967414633	None	None	0.12800837853628377	0.024509476079786836
ILE	A	780	0.7556007438674504	0.07293776296274224	0.046384499765120726	0.04656496152522275	None	None	0.05529574141769524	0.012475010614788848
PHE	A	781	0.6996189486581801	0.03170510227571452	0.0481463423500707	0.031090004776140264	None	None	0.036980483133975166	0.007899447037978667
THR	A	782	0.6563793135405516	0.04014232362199521	0.044498343403778895	0.03687852165315715	None	None	0.04050639622631042	0.003121413411017697
LEU	A	783	0.5937502704880141	0.017700091736161445	0.03738904385305491	0.0641781843548694	None	None	0.03975577331469525	0.01904826028148408
LEU	A	784	0.5695245725140995	0.024070166885281526	0.012237699466733162	0.007928550057512116	None	None	0.014745472136508933	0.006824204045214742
VAL	A	785	0.5327029138108175	0.0526559704756471	0.01870877549144058	0.02164608684046494	None	None	0.031003610935850873	0.01535741850530725
GLU	A	786	0.5350571424685943	0.17750829532505435	0.04662462261794967	0.05662111347917416	None	None	0.09358467714072606	0.059483122111774
LYS	A	787	0.5705563862915453	0.16014904690932846	0.0491849011330035	0.11250577204650333	None	None	0.10727990669627845	0.04545138548281658
VAL	A	788	0.48924263592472245	0.19127803818447486	0.05132997767897965	0.013445614996587866	None	None	0.0853512102866808	0.07648170101546911
TRP	A	789	0.4994384400314981	0.039063871334449884	0.06370009826104943	0.0	None	None	0.05138198479774966	0.012318113463299772
ASN	A	790	0.4587561423826848	0.04854728240441971	0.03423850255569014	0.004238338232220894	None	None	0.029008041064110247	0.018463277588679158
PHE	A	791	0.48364593274178597	0.02541665401145009	0.021210993320707677	0.008141551517410342	None	None	0.018256399616522704	0.007355474583034584
ASP	A	792	0.5356425578520407	0.021622685556388466	0.02577315331213928	0.008700852087976581	None	None	0.01869889698550144	0.007269904720951712
ASP	A	793	0.49382092626180957	0.007505352359405154	0.016481583196086263	0.01292879369705612	None	None	0.012305243084182514	0.003690961169619417
LEU	A	794	0.5107670571386735	0.011077888141544054	0.005569112391476248	0.006959515037476805	None	None	0.007868838523499037	0.0023390602768074043
ILE	A	795	0.5164698231461475	0.010686033407973127	0.013507466441808428	0.01375726515385221	None	None	0.012650255001211254	0.0013926532709524605
MET	A	796	0.543709905559548	0.020409300791991224	0.009965354886735882	0.020955933120981218	None	None	0.01711019626656944	0.0050570920816223166
ALA	A	797	0.5557455871494313	0.03532650151945292	0.03818568890314463	0.02963765957827686	None	None	0.0343832833336248	0.0035528811542425206
ILE	A	798	0.5609496672849128	0.05703210875184352	0.05168184341626297	0.027656856428119523	None	None	0.045456936198742005	0.012774674546948257
ASN	A	799	0.5836284826150019	0.07850226095000293	0.08269381478282778	0.018816357655769916	None	None	0.06000414446286687	0.02917439079550785
SER	A	800	0.6391509813663555	0.09450401933250806	0.10621570874754398	0.018940014433066404	None	None	0.07321991417103947	0.038678344965556395
LYS	A	801	0.6583808694780998	0.0688288735494166	0.124206603848674	0.033103727464060394	None	None	0.07537973495405033	0.03747994005904658
ILE	A	802	0.7084835484360197	0.17689467123917682	0.1496885842058453	0.041859202426858116	None	None	0.12281415262396007	0.05831135260523315
SER	A	803	0.7320531655820319	0.3661695033369672	0.19697892683326776	0.061490168060914556	None	None	0.20821286607704984	0.12463821077894227
ASN	A	804	0.7750958748962089	0.6369473288154548	0.2506356746442987	0.1771264143133044	None	None	0.35490313925768596	0.20168059977115044
THR	A	805	0.8109395194485737	0.8164011719484724	0.42675546871588066	0.52734265985183	None	None	0.5901664335053943	0.16515863770722772
HIS	A	806	0.8266392553824037	0.8322076322487907	0.537166685231824	0.5429607684232081	None	None	0.6374450286346076	0.13773827034134636
ASN	A	807	0.8777465844554825	1.0	0.7376079097528507	0.4821233984856731	None	None	0.739910436079508	0.21142850615061495
ASN	A	808	0.8757778958314304	0.6637746293349681	0.6819754990556196	0.49870412084274907	None	None	0.614818083077779	0.08244051222582859
ASN	A	809	0.864954580146895	0.48359639312310093	0.4801763814714155	0.445682498320486	None	None	0.4698184243050008	0.017123693376369844
ILE	A	810	0.8255568299555762	0.49092550294855425	0.2938038094776739	0.23127102014850104	None	None	0.33866677752490976	0.11064847351273087
SER	A	811	0.797158552088875	0.27200871496773266	0.28984983186968766	0.10438900220309758	None	None	0.2220825163468393	0.0835400056527995
PRO	A	812	0.7769632476538382	0.14740433294349997	0.3586788162863938	0.04861444694163803	None	None	0.18489919872384397	0.12933000941829598
ILE	A	813	0.7575182388417396	0.2402423817260708	0.24341442225861898	0.05677201064553281	None	None	0.1801429382100742	0.0872460306122348
THR	A	814	0.7664897846278337	0.1656535025792915	0.17115169872258487	0.03829779416124355	None	None	0.12503433182103998	0.061373054696201954
LYS	A	815	0.7245173007646928	0.1906492143776773	0.12199158747545981	0.034842946525640114	None	None	0.11582791612625908	0.06375678478337767
ILE	A	816	0.5088394961344119	0.049916634445672854	0.04381215817454283	0.029713946657554027	None	None	0.04114757975925657	0.008460186446505714
LYS	A	817	0.46285266830518534	0.024008616076166264	0.027243941126572444	0.037726791984324166	None	None	0.029659783062354294	0.00585515765548077
TYR	A	818	0.4044524040605395	0.00934693834982294	0.0035704257361471314	0.012762707571297653	None	None	0.008560023885755908	0.0037937612923085525
GLN	A	819	0.46208921262084013	0.0	0.001511869483884347	0.029213788849351312	None	None	0.01536282916661783	0.013850959682733484
ASP	A	820	0.48341024175130337	0.02283338875510502	0.03879935207278524	0.070374322726838	None	None	0.04400235451824275	0.019754130817995954
GLU	A	821	0.6144053957892733	0.0837328172362204	0.08143196257740307	0.12950257388045722	None	None	0.09822245123136024	0.022138323299159508
ASP	A	822	0.6114636512119256	0.5245029651491985	0.09085922373042352	0.09537208773230936	None	None	0.23691142553731045	0.20336627338807023
GLY	A	823	0.6544895047782896	0.18890904656342816	0.06561709343572379	0.08699948344143281	None	None	0.11384187448019494	0.05379350576677062
ASP	A	824	0.5778396720933509	0.06422794321614536	0.06184442980909874	0.057431436948403455	None	None	0.061167936657882525	0.002815594265230177
PHE	A	825	0.5454081985505146	0.03671188700620077	0.026977952902291494	0.044361554146271014	None	None	0.03601713135158776	0.0071138087368691665
VAL	A	826	0.4873897199147197	0.029922740143831367	0.005946468826262055	0.03796604089590094	None	None	0.024611749955331455	0.013600691439958889
VAL	A	827	0.4716061892283787	0.04126171005436742	0.0010574989898434158	0.031247012451588466	None	None	0.0245220738319331	0.017088265884495083
LEU	A	828	0.48901170436583097	0.05489242343592447	0.0	0.026705553192264954	None	None	0.04079898831409472	0.01409343512182976
GLY	A	829	0.5423817073291736	0.15372241289238286	0.058002238075734396	0.05676895944606613	None	None	0.08949787013806114	0.04541640058426673
SER	A	830	0.4631066823367829	0.27305180182181976	0.003850338148046062	0.020770193909591863	None	None	0.09922411129315256	0.12310867793849317
ASP	A	831	0.46081204818712024	0.14247704444019813	0.030193101702118065	0.017287834733823865	None	None	0.06331932695871335	0.05622036793748719
GLU	A	832	0.4592715643962267	0.07057210602963856	0.040148617652797626	0.005762164673286196	None	None	0.03882762945190746	0.026475030777742596
ASP	A	833	0.42880491268622767	0.012015676883358199	0.013631338547757216	0.001497386493030457	None	None	0.009048133974715291	0.005379772690525102
TRP	A	834	0.43336987682283756	0.002656411435690123	0.013213201626042127	0.0021147666540045616	None	None	0.005994793238578937	0.005108973119491561
ASN	A	835	0.43758165473905497	0.005893088946886894	0.03937256737215372	0.01376015074386651	None	None	0.01967526902096904	0.014293596167073354
VAL	A	836	0.4392484340005787	0.009372938477220014	0.03747219574918241	0.017388072479759487	None	None	0.021411068902053968	0.011818923808010286
ALA	A	837	0.4651303754980109	0.00933062965219084	0.029874037634694126	0.00398636641112208	None	None	0.014397011232669015	0.011159272589322193
LYS	A	838	0.46713925649969973	0.006490118486278533	0.04386520413473168	0.0073368160332933354	None	None	0.01923071288476785	0.01742264510232662
GLU	A	839	0.4738126855017417	0.011812575466784651	0.0760127960805501	0.012183061647430783	None	None	0.03333614439825518	0.030177328842598123
MET	A	840	0.43081143336282984	0.0348295290174895	0.058574063633141916	0.01736593380165139	None	None	0.03692317548409427	0.016888161685977742
LEU	A	841	0.5283336702279141	0.0554702768201593	0.03678247584911311	0.02001580744902369	None	None	0.037422853372765366	0.014481307770750483
ALA	A	842	0.5720968700824387	0.06886867446558978	0.06640652228709346	0.03344006314987674	None	None	0.05623841996751999	0.016152179492273974
GLU	A	843	0.578173770907035	0.1170771383766172	0.10705843203534526	0.045527018749735006	None	None	0.08988752972056584	0.03163315580613756
ASN	A	844	0.6367339801554007	0.1709957878173627	0.06822770337560496	0.07770670760021633	None	None	0.10564339959772799	0.04637286465725357
ASN	A	845	0.6471871640938252	0.1300740814924868	0.07750680676084976	0.07305256663955291	None	None	0.0935444849642965	0.025894254583450533
GLU	A	846	0.6281028147463454	0.2792191428817192	0.11579276704607125	0.040706982149324715	None	None	0.14523963069237172	0.09957359435198923
LYS	A	847	0.6375420145218164	0.0844148231225066	0.09554800998264962	0.031320426580141995	None	None	0.07042775322843274	0.02802408738446028
PHE	A	848	0.5632508789858927	0.042607545672999035	0.04213986039360742	0.03213050775790872	None	None	0.03895930460817173	0.0048324619120252
LEU	A	849	0.5055965028131068	0.01321416752576137	0.024905386665255484	0.012280806812919522	None	None	0.01680012033464546	0.005743941577735597
ASN	A	850	0.536032142220576	0.011140064313014104	0.02304350334052324	0.014756643143226255	None	None	0.0163134035989212	0.004982676155622838
ILE	A	851	0.5109803973294	0.020917043549885772	0.0009175595503213652	0.039113257063334725	None	None	0.02031595338784729	0.01559911982909246
ARG	A	852	0.5923269545503799	0.033920931143475	0.023168254363411446	0.12194657846223951	None	None	0.059678587989708654	0.04424840481192156
LEU	A	853	0.6443159219721319	0.092882002623166	0.13059164042003876	0.23188555469821467	None	None	0.1517863992471398	0.05869361250695244
TYR	A	854	0.7912313984248723	None	None	None	None	None	None	None
