ResName	Chain	ResID	Flex_score
MET	A	1	0.9564246068985068
THR	A	2	0.9426584143314108
GLU	A	3	0.9737732263337803
LEU	A	4	0.943862590482859
LYS	A	5	0.9580335154721697
ALA	A	6	0.9476186567416495
LYS	A	7	0.9518850002721517
GLY	A	8	0.9548914390925656
PRO	A	9	0.9428818174613938
ARG	A	10	0.9642507899057284
ALA	A	11	0.9493682115409504
PRO	A	12	0.9482760755402744
HIS	A	13	0.9527474209418081
VAL	A	14	0.9458134612438176
ALA	A	15	0.9521008650937178
GLY	A	16	0.9573995703988004
GLY	A	17	0.9559145223998871
PRO	A	18	0.9373314492562794
PRO	A	19	0.9187874529533567
SER	A	20	0.9592549175189715
PRO	A	21	0.9373314492562794
GLU	A	22	0.9640857487893899
VAL	A	23	0.9504125021340516
GLY	A	24	0.9569761078541709
SER	A	25	0.962014135373928
PRO	A	26	0.9347199264463608
LEU	A	27	0.9462107639302835
LEU	A	28	0.9624712627316545
CYS	A	29	0.979211780475972
ARG	A	30	0.9898068873282797
PRO	A	31	0.9460783949667961
ALA	A	32	0.9672859057912483
ALA	A	33	0.9773718540523062
GLY	A	34	0.9680596921009703
PRO	A	35	0.9487134627912679
PHE	A	36	0.9625957989697826
PRO	A	37	0.9427477978748005
GLY	A	38	0.9674082308236143
SER	A	39	0.9655674819321995
GLN	A	40	0.9691959623355119
THR	A	41	0.9563396600343939
SER	A	42	0.9653210931676147
ASP	A	43	0.9562546863053647
THR	A	44	0.9716147657280148
LEU	A	45	0.9591708609160801
PRO	A	46	0.9630933674989244
GLU	A	47	0.9768607058661929
VAL	A	48	0.9574841828790939
SER	A	49	0.9693983630448579
ALA	A	50	0.9637966826733413
ILE	A	51	0.9525751581188207
PRO	A	52	0.9747270043349961
ILE	A	53	0.9579068460604022
SER	A	54	0.9728160505708958
LEU	A	55	0.9630519386299885
ASP	A	56	0.9753214008511739
GLY	A	57	0.9648276367773989
LEU	A	58	0.9810004410224197
LEU	A	59	0.9674489934617796
PHE	A	60	0.9587922804447491
PRO	A	61	0.9567217096067128
ARG	A	62	0.9688312563960141
PRO	A	63	0.962222016954086
CYS	A	64	0.9797963486859996
GLN	A	65	0.9878872835371973
GLY	A	66	0.9719356338705831
GLN	A	67	0.9810004410224197
ASP	A	68	0.9940857282671982
PRO	A	69	0.951625733353722
SER	A	70	0.9723762028324476
ASN	A	71	0.9898068873282797
GLU	A	72	0.9718955463018476
LYS	A	73	0.9907428839863675
THR	A	74	0.9798741951095346
GLN	A	75	0.9766638511948104
ASP	A	76	0.9778820316796789
GLN	A	77	0.9959617073271663
GLN	A	78	0.9787041238935343
SER	A	79	1.0
LEU	A	80	0.9830466334297081
SER	A	81	0.9943439924137781
ASP	A	82	0.9848482359654802
VAL	A	83	0.9928277590752635
GLU	A	84	0.9917501114181234
GLY	A	85	0.9902940124985067
ALA	A	86	0.9834693691556817
TYR	A	87	0.9795626739975929
SER	A	88	0.9818130614312841
ARG	A	89	0.983238868487598
ALA	A	90	0.9668369036026782
GLU	A	91	0.9658136449626578
ALA	A	92	0.9778428216206598
THR	A	93	0.9678562800775137
ARG	A	94	0.9820833896614406
GLY	A	95	0.9856493191894017
ALA	A	96	0.9872822177131327
GLY	A	97	0.9935314677482596
GLY	A	98	0.9843128505043461
SER	A	99	0.9906307363970032
SER	A	100	0.9896192960835227
SER	A	101	0.9727361317931051
SER	A	102	0.9881515719731284
PRO	A	103	0.9481885125839995
PRO	A	104	0.9559145223998871
GLU	A	105	0.9804573254743217
LYS	A	106	0.9778036058387978
ASP	A	107	0.9736537656742572
SER	A	108	0.9638793047308655
GLY	A	109	0.9576110516603689
LEU	A	110	0.9597167593732043
LEU	A	111	0.9640857487893899
ASP	A	112	0.9576110516603689
SER	A	113	0.9400532715757695
VAL	A	114	0.9445736380138141
LEU	A	115	0.9523165566272978
ASP	A	116	0.9427031098199862
THR	A	117	0.9046454105194349
LEU	A	118	0.9659776284458993
LEU	A	119	0.9622635739766655
ALA	A	120	0.95201453997524
PRO	A	121	0.9642095391297281
SER	A	122	0.9373770396405325
GLY	A	123	0.9506729418270935
PRO	A	124	0.9593389478336365
GLY	A	125	0.9620973073074047
GLN	A	126	0.9491937678218209
SER	A	127	0.9526182341796666
GLN	A	128	0.9568913351988056
PRO	A	129	0.9520577060013512
SER	A	130	0.9750045530208815
PRO	A	131	0.9401886415990971
PRO	A	132	0.9417629396516811
ALA	A	133	0.9584974597391509
CYS	A	134	0.972416218757602
GLU	A	135	0.991861792858852
VAL	A	136	0.9681410138113221
THR	A	137	0.9881893062515349
SER	A	138	0.9881893062515349
SER	A	139	0.9864100414669631
TRP	A	140	0.9897693795556285
CYS	A	141	0.9913402151846206
LEU	A	142	0.9880760875144353
PHE	A	143	0.9789775966183656
GLY	A	144	0.9777251570998605
PRO	A	145	0.951322938746669
GLU	A	146	0.9824691016555454
LEU	A	147	0.9737334120151253
PRO	A	148	0.963217615791983
GLU	A	149	0.9623882064932958
ASP	A	150	0.9634245686859478
PRO	A	151	0.9318502024232442
PRO	A	152	0.9488008548652052
ALA	A	153	0.9564246068985068
ALA	A	154	0.9530916156136349
PRO	A	155	0.9368751194438882
ALA	A	156	0.9575687687223712
THR	A	157	0.9489318897026966
GLN	A	158	0.9524027847823867
GLY	A	159	0.9624297378217579
VAL	A	160	0.9563396600343939
LEU	A	161	0.9666325633928511
SER	A	162	0.9772932791346672
PRO	A	163	0.9239644387854501
LEU	A	164	0.9600102459441117
MET	A	165	0.9532205750252544
SER	A	166	0.9588764555484925
ARG	A	167	0.9577378605649256
SER	A	168	0.9394206414474281
GLY	A	169	0.9583710089113633
CYS	A	170	0.965444315792545
LYS	A	171	0.9514960060176776
ALA	A	172	0.9563821368235031
GLY	A	173	0.9421214877335135
ASP	A	174	0.9509764694156799
SER	A	175	0.9412242188116549
SER	A	176	0.9554887110129041
GLY	A	177	0.9306375879448254
THR	A	178	0.9515392554228335
ALA	A	179	0.9540787262783784
ALA	A	180	0.9473113099473458
ALA	A	181	0.9592969359613046
HIS	A	182	0.9376504196155682
LYS	A	183	0.9659776284458993
VAL	A	184	0.9507163239098473
LEU	A	185	0.9611392721297926
PRO	A	186	0.9367837604056225
ARG	A	187	0.9554460927355602
GLY	A	188	0.9638793047308655
LEU	A	189	0.9483636099697671
SER	A	190	0.9587922804447491
PRO	A	191	0.9439070861240886
SER	A	192	0.9527043655889478
ARG	A	193	0.9543784328671238
GLN	A	194	0.9640031901994176
LEU	A	195	0.9621804535030091
LEU	A	196	0.9704887000159335
LEU	A	197	0.9773325694657969
PRO	A	198	0.8992886563637031
ALA	A	199	0.9640444726653435
SER	A	200	0.9601359278341173
GLY	A	201	0.9558294140909869
SER	A	202	0.9856112264794844
PRO	A	203	0.9392396160547282
HIS	A	204	0.9739722094791786
TRP	A	205	0.9772932791346672
SER	A	206	0.9732950646849056
GLY	A	207	0.9645805683195747
ALA	A	208	0.9714541878484699
PRO	A	209	0.9671635250426277
VAL	A	210	0.9418077843365804
LYS	A	211	0.9613895238668693
PRO	A	212	0.9568065357886174
SER	A	213	0.9617228306907576
PRO	A	214	0.9356850220718445
GLN	A	215	0.9653210931676147
PRO	A	216	0.9367380692348718
ALA	A	217	0.9481447204025072
ALA	A	218	0.9537357946058507
VAL	A	219	0.9509764694156799
GLU	A	220	0.953177595431633
VAL	A	221	0.9475747715755328
GLU	A	222	0.9556165253000767
GLU	A	223	0.9498908641854769
GLU	A	224	0.9457250919192417
ASP	A	225	0.9542928365207639
GLY	A	226	0.9570184841540696
SER	A	227	0.9548060060460744
GLU	A	228	0.9574841828790939
SER	A	229	0.9598425785883112
GLU	A	230	0.951625733353722
GLU	A	231	0.9583710089113633
SER	A	232	0.9520577060013512
ALA	A	233	0.9515392554228335
GLY	A	234	0.9583710089113633
PRO	A	235	0.9265397325800929
LEU	A	236	0.9610140588014134
LEU	A	237	0.948975553784852
LYS	A	238	0.9620557245588963
GLY	A	239	0.9548060060460744
LYS	A	240	0.9804184894651552
PRO	A	241	0.9286200218517673
ARG	A	242	0.970166098231477
ALA	A	243	0.9675305001904347
LEU	A	244	0.9510631286420242
GLY	A	245	0.9568489388391198
GLY	A	246	0.9533924246818649
ALA	A	247	0.9484511158910586
ALA	A	248	0.95484872596491
ALA	A	249	0.9521008650937178
GLY	A	250	0.9602196831119001
GLY	A	251	0.9665916766958307
GLY	A	252	0.9706095758951339
ALA	A	253	0.9623882064932958
ALA	A	254	0.9660595826722328
ALA	A	255	0.9545923045085613
VAL	A	256	0.9522734321702673
PRO	A	257	0.9174651961917473
PRO	A	258	0.9231966242134281
GLY	A	259	0.9672043248193292
ALA	A	260	0.9630519386299885
ALA	A	261	0.963217615791983
ALA	A	262	0.9518850002721517
GLY	A	263	0.9759539777859801
GLY	A	264	0.9755192411730138
VAL	A	265	0.9920478254972823
ALA	A	266	0.9948229682110175
LEU	A	267	0.9810004410224197
VAL	A	268	0.9662643589407769
PRO	A	269	0.9576110516603689
LYS	A	270	0.9775289349857197
GLU	A	271	0.9504559262842797
ASP	A	272	0.9644157297076862
SER	A	273	0.9438180874717508
ARG	A	274	0.9605126211523894
PHE	A	275	0.9628032311803102
SER	A	276	0.9584974597391509
ALA	A	277	0.9675712442846749
PRO	A	278	0.9127603928659733
ARG	A	279	0.9680190220140159
VAL	A	280	0.9507596989892781
ALA	A	281	0.9649099424692512
LEU	A	282	0.9605544433843909
VAL	A	283	0.9548914390925656
GLU	A	284	0.973454546469645
GLN	A	285	0.9551049029386637
ASP	A	286	0.9639619013896626
ALA	A	287	0.9719757154592233
PRO	A	288	0.9223784099148142
MET	A	289	0.9618060928324065
ALA	A	290	0.9488882185235756
PRO	A	291	0.9496732157904642
GLY	A	292	0.9693578950985579
ARG	A	293	0.9433280672383647
SER	A	294	0.9596748065385572
PRO	A	295	0.9739722094791786
LEU	A	296	0.9449284573839007
ALA	A	297	0.9466074799994942
THR	A	298	0.9565095269146852
THR	A	299	0.9414039124675425
MET	A	300	0.9516689618839337
MET	A	301	0.9431942701093896
ASP	A	302	0.9597167593732043
PHE	A	303	0.9542072128970466
ILE	A	304	0.9474869797338921
HIS	A	305	0.9689123449522208
VAL	A	306	0.9674897499167612
PRO	A	307	0.9901816773582941
ILE	A	308	0.9663052954730342
LEU	A	309	0.9794847372518829
PRO	A	310	0.9789385461235723
LEU	A	311	0.9540358837479599
ASN	A	312	0.9446180160680816
HIS	A	313	0.8960119458884039
ALA	A	314	0.9255887957214337
LEU	A	315	0.8930713571716765
LEU	A	316	0.8992361220143421
ALA	A	317	0.8223247230299995
ALA	A	318	0.8040918598549102
ARG	A	319	0.776439203816208
THR	A	320	0.7810463185354072
ARG	A	321	0.731078289040622
GLN	A	322	0.7188174463681531
LEU	A	323	0.7301926693556265
LEU	A	324	0.7385382575096013
GLU	A	325	0.7447716960606995
ASP	A	326	0.8219747334937973
GLU	A	327	0.9261597616078743
SER	A	328	0.9430157702330678
TYR	A	329	0.9716147657280148
ASP	A	330	0.9695197303264298
GLY	A	331	0.9706095758951339
GLY	A	332	0.9904437196643527
ALA	A	333	0.9741312899627784
GLY	A	334	0.969560173907292
ALA	A	335	0.9830081699082122
ALA	A	336	0.9689934090436341
SER	A	337	0.9823920035405397
ALA	A	338	0.9697218873812986
PHE	A	339	0.9710121032048032
ALA	A	340	0.9737732263337803
PRO	A	341	0.9747666717048109
PRO	A	342	0.9163336739910435
ARG	A	343	0.9787041238935343
SER	A	344	0.9546778055208821
SER	A	345	0.9461666481878067
PRO	A	346	0.9069526304599462
SER	A	347	0.9499343727158854
ALA	A	348	0.9521440172545673
SER	A	349	0.947750269249278
SER	A	350	0.9533924246818649
THR	A	351	0.9442627862309128
PRO	A	352	0.9288554024440887
VAL	A	353	0.9621804535030091
ALA	A	354	0.9533494725709988
VAL	A	355	0.9595489087171433
GLY	A	356	0.9615145623841113
ASP	A	357	0.965238913344692
PHE	A	358	0.9615562289623063
PRO	A	359	0.9396919510587857
ASP	A	360	0.9780779961905546
CYS	A	361	0.9774504059981809
ALA	A	362	0.9757959731187094
TYR	A	363	0.9754796847608775
PRO	A	364	0.9561696856944213
PRO	A	365	0.9322686817603381
ASP	A	366	0.9568065357886174
ALA	A	367	0.9534353699275332
GLU	A	368	0.9619725397505071
PRO	A	369	0.9353177752298404
LYS	A	370	0.9549768449829704
ASP	A	371	0.9563821368235031
ASP	A	372	0.9338437475784376
ALA	A	373	0.9532205750252544
TYR	A	374	0.9767032336688936
PRO	A	375	0.9392396160547282
LEU	A	376	0.9587922804447491
TYR	A	377	0.9571032167088405
SER	A	378	0.972095924362407
ASP	A	379	0.9708511646381758
PHE	A	380	0.9779212360175249
GLN	A	381	0.97634858342153
PRO	A	382	0.9475308792403948
PRO	A	383	0.9449284573839007
ALA	A	384	0.9639206062341289
LEU	A	385	0.9727361317931051
LYS	A	386	0.9669185961934416
ILE	A	387	0.9342591358533154
LYS	A	388	0.9076664101976196
GLU	A	389	0.966673443868997
GLU	A	390	0.9420318955589749
GLU	A	391	0.9577801169036069
GLU	A	392	0.9636313622995972
GLY	A	393	0.9699642752452347
ALA	A	394	0.9602196831119001
GLU	A	395	0.9696410428105214
ALA	A	396	0.9697623005465927
SER	A	397	0.9569761078541709
ALA	A	398	0.9693983630448579
ARG	A	399	0.9657726334493443
SER	A	400	0.9761118895912609
PRO	A	401	0.9411792766138497
ARG	A	402	0.9741710453714403
SER	A	403	0.9703677697330649
TYR	A	404	0.9792507912824218
LEU	A	405	0.9640444726653435
VAL	A	406	0.9743697342283472
ALA	A	407	0.9731753911936757
GLY	A	408	0.969560173907292
ALA	A	409	0.9628861592454597
ASN	A	410	0.9407294406993832
PRO	A	411	0.9219442267948262
ALA	A	412	0.9623466687442834
ALA	A	413	0.9409994326118534
PHE	A	414	0.9630933674989244
PRO	A	415	0.9160377089209658
ASP	A	416	0.9459459607594236
PHE	A	417	0.9620973073074047
PRO	A	418	0.9345357050274531
LEU	A	419	0.9724562287240152
GLY	A	420	0.9331500035086709
PRO	A	421	0.8943584826460456
PRO	A	422	0.9119097211819034
PRO	A	423	0.7912108187423398
PRO	A	424	0.8959055773482374
LEU	A	425	0.8978666110798059
PRO	A	426	0.8204997786703008
PRO	A	427	0.880863712633827
ARG	A	428	0.9249211317276604
ALA	A	429	0.9013816517880734
PRO	A	430	0.8983414629187781
PRO	A	431	0.8628320730027655
SER	A	432	0.9148505777013494
ARG	A	433	0.9192755310693154
PRO	A	434	0.9050056152085754
GLY	A	435	0.9126604535198514
GLU	A	436	0.9356391436581838
ALA	A	437	0.9360975756563622
ALA	A	438	0.9393753965321151
VAL	A	439	0.9382417903912251
THR	A	440	0.9499778742020892
ALA	A	441	0.9506295527387553
ALA	A	442	0.9509764694156799
PRO	A	443	0.9157908220810725
ALA	A	444	0.9482322976291467
SER	A	445	0.9558719716152623
ALA	A	446	0.9557868498249253
SER	A	447	0.9668369036026782
VAL	A	448	0.9552755519942262
SER	A	449	0.9588343712929517
SER	A	450	0.979913109865045
ALA	A	451	0.9565944200998941
SER	A	452	0.9756774086118425
SER	A	453	0.9739722094791786
SER	A	454	0.9508464281472137
GLY	A	455	0.9806514213644001
SER	A	456	0.9687501433602431
THR	A	457	0.9655264328252599
LEU	A	458	0.9648687927748679
GLU	A	459	0.9730955792433038
CYS	A	460	0.9742107948986896
ILE	A	461	0.9840447571883031
LEU	A	462	0.9673674620003889
TYR	A	463	0.9665507837760423
LYS	A	464	0.9874336119579898
ALA	A	465	0.9644981616546284
GLU	A	466	0.9723762028324476
GLY	A	467	0.9818516964056768
ALA	A	468	0.9796405881431152
PRO	A	469	0.977018085826148
PRO	A	470	0.95382156856634
GLN	A	471	0.9554887110129041
GLN	A	472	0.9727361317931051
GLY	A	473	0.9707303974195941
PRO	A	474	0.9693578950985579
PHE	A	475	0.9672043248193292
ALA	A	476	0.9693174210563105
PRO	A	477	0.9183963510954353
PRO	A	478	0.9100488964542983
PRO	A	479	0.9698027076342621
CYS	A	480	0.9836996722517402
LYS	A	481	0.967652713942349
ALA	A	482	0.9688312563960141
PRO	A	483	0.9301697366530991
GLY	A	484	0.962678791072049
ALA	A	485	0.9601778087365404
SER	A	486	0.9671227190695898
GLY	A	487	0.9649099424692512
CYS	A	488	0.9719356338705831
LEU	A	489	0.9600940404025957
LEU	A	490	0.9678969748036726
PRO	A	491	0.9452828088087544
ARG	A	492	0.9671635250426277
ASP	A	493	0.9559996037587206
GLY	A	494	0.9597167593732043
LEU	A	495	0.9552755519942262
PRO	A	496	0.9495861070430804
SER	A	497	0.9422110500439931
THR	A	498	0.9601778087365404
SER	A	499	0.9400984024953264
ALA	A	500	0.9549341454311998
SER	A	501	0.9503690709646445
ALA	A	502	0.9687095776579011
ALA	A	503	0.9649922229564817
ALA	A	504	0.9752026266966054
ALA	A	505	0.9748856386888006
GLY	A	506	0.9703677697330649
ALA	A	507	0.9795237084505807
ALA	A	508	0.9572726016972406
PRO	A	509	0.9381508949475467
ALA	A	510	0.9703274475406051
LEU	A	511	0.9494989700457378
TYR	A	512	0.9657316156752089
PRO	A	513	0.9499343727158854
ALA	A	514	0.9869791730691918
LEU	A	515	0.9584553160752025
GLY	A	516	0.9875092771032241
LEU	A	517	0.9689528800551038
SER	A	518	0.9833157240169982
GLY	A	519	0.9908549847858314
LEU	A	520	0.978860428103266
PRO	A	521	0.9732551794433937
GLN	A	522	0.9579490758332124
LEU	A	523	0.9689123449522208
GLY	A	524	0.9780388147207145
TYR	A	525	0.9634659401432552
GLN	A	526	0.9706095758951339
ALA	A	527	0.9835845453790434
THR	A	528	0.9752026266966054
VAL	A	529	0.9653210931676147
LEU	A	530	0.9501518097504528
LYS	A	531	0.9746873311080579
GLU	A	532	0.9689528800551038
GLY	A	533	0.9787822873643262
LEU	A	534	0.9779996275363746
PRO	A	535	0.951625733353722
GLN	A	536	0.9752026266966054
VAL	A	537	0.9539501781877592
TYR	A	538	0.9709718775996752
PRO	A	539	0.9410444048990034
PRO	A	540	0.9736139336485448
TYR	A	541	0.9602615509622304
LEU	A	542	0.9399178333158481
ASN	A	543	0.9615562289623063
TYR	A	544	0.9736139336485448
LEU	A	545	0.9626372982252441
ARG	A	546	0.9693578950985579
PRO	A	547	0.9528765456198005
ASP	A	548	0.9801075991453077
SER	A	549	0.9489318897026966
GLU	A	550	0.9462989736910729
ALA	A	551	0.9485823213607211
SER	A	552	0.9544640019535002
GLN	A	553	0.956042134337195
SER	A	554	0.9901442218722153
PRO	A	555	0.9518418064887694
GLN	A	556	0.978821360574451
TYR	A	557	0.9610975408368686
SER	A	558	0.978860428103266
PHE	A	559	0.9615145623841113
GLU	A	560	0.9397823267505059
SER	A	561	0.9613478314268832
LEU	A	562	0.9577378605649256
PRO	A	563	0.8916159323908325
GLN	A	564	0.8547708605070123
LYS	A	565	0.6497900149271426
ILE	A	566	0.38665256192556047
CYS	A	567	0.16367373924960996
LEU	A	568	0.36143308185990275
ILE	A	569	0.18474272027045435
CYS	A	570	0.1748043751603078
GLY	A	571	0.3590898670470168
ASP	A	572	0.24198291942152145
GLU	A	573	0.30686664313248235
ALA	A	574	0.35948182470799417
SER	A	575	0.3980877740210943
GLY	A	576	0.48315821911344004
CYS	A	577	0.4239429884435982
HIS	A	578	0.39774830849400383
TYR	A	579	0.3887682179663691
GLY	A	580	0.5337065818791482
VAL	A	581	0.4909538536263128
LEU	A	582	0.3991036048301644
THR	A	583	0.30686664313248235
CYS	A	584	0.10694549315782437
GLY	A	585	0.23460432497422867
SER	A	586	0.2098049303105348
CYS	A	587	0.0806341813096368
LYS	A	588	0.23893309179618444
VAL	A	589	0.26907613277289616
PHE	A	590	0.16367373924960996
PHE	A	591	0.2538474044613498
LYS	A	592	0.3539416917523281
ARG	A	593	0.35031889175822906
ALA	A	594	0.37359637748907515
MET	A	595	0.5264415255189286
GLU	A	596	0.5615031071914801
GLY	A	597	0.6951861145578784
GLN	A	598	0.8114030175338167
HIS	A	599	0.7133115868903003
ASN	A	600	0.6711225335227404
TYR	A	601	0.462084010625999
LEU	A	602	0.46020601146504614
CYS	A	603	0.3318682362508668
ALA	A	604	0.4282225066773621
GLY	A	605	0.5099551551228036
ARG	A	606	0.5112941293005668
ASN	A	607	0.5377715146137243
ASP	A	608	0.45421679445204904
CYS	A	609	0.3602640288381674
ILE	A	610	0.4161272271124618
VAL	A	611	0.3171480930435818
ASP	A	612	0.28710134287192235
LYS	A	613	0.2701705820619188
ILE	A	614	0.2876136155322503
ARG	A	615	0.35273951109375007
ARG	A	616	0.3288124624484875
LYS	A	617	0.3261652791740977
ASN	A	618	0.3288124624484875
CYS	A	619	0.21788634938890578
PRO	A	620	0.255582740497525
ALA	A	621	0.29218064212633543
CYS	A	622	0.24679176239475947
ARG	A	623	0.13273631507432251
LEU	A	624	0.24379633639929704
ARG	A	625	0.3458236443692235
LYS	A	626	0.2896529948027335
CYS	A	627	0.31576902964512304
CYS	A	628	0.39672733096803686
GLN	A	629	0.4164442618736711
ALA	A	630	0.49405733555474235
GLY	A	631	0.5253874365681237
MET	A	632	0.4461122580904418
VAL	A	633	0.5758844354580849
LEU	A	634	0.608172246852718
GLY	A	635	0.8312003511411346
GLY	A	636	0.9154447989438077
ARG	A	637	0.9186897308468235
LYS	A	638	0.9527474209418081
PHE	A	639	0.9141556545344922
LYS	A	640	0.9557442788149415
LYS	A	641	0.9421214877335135
PHE	A	642	0.9444404598554735
ASN	A	643	0.9744491686499016
LYS	A	644	0.9590447266853225
VAL	A	645	0.9450613939392396
ARG	A	646	0.9703274475406051
VAL	A	647	0.9514527496497259
VAL	A	648	0.9251597736555529
ARG	A	649	0.9622635739766655
ALA	A	650	0.9617228306907576
LEU	A	651	0.9462989736910729
ASP	A	652	0.9610140588014134
ALA	A	653	0.9471794821931513
VAL	A	654	0.9360059518092846
ALA	A	655	0.9534353699275332
LEU	A	656	0.9512363632895154
PRO	A	657	0.9545923045085613
GLN	A	658	0.9470915610768721
PRO	A	659	0.9396015449580163
VAL	A	660	0.9551049029386637
GLY	A	661	0.9552755519942262
ILE	A	662	0.9233407566776539
PRO	A	663	0.9587501830018191
ASN	A	664	0.9751630236411942
GLU	A	665	0.9514527496497259
SER	A	666	0.964539368146382
GLN	A	667	0.9493246112278403
ALA	A	668	0.9470475897276289
LEU	A	669	0.9545067762796196
SER	A	670	0.9835845453790434
GLN	A	671	0.951582497867435
ARG	A	672	0.9644157297076862
PHE	A	673	0.9664689792605828
SER	A	674	0.9809616834415446
PHE	A	675	0.9638379968779205
SER	A	676	0.974290276315909
PRO	A	677	0.9562971765290558
GLY	A	678	0.9584974597391509
GLN	A	679	0.9462989736910729
ASP	A	680	0.9641682820196353
ILE	A	681	0.9113076213692687
GLN	A	682	0.8848286130035281
LEU	A	683	0.8209220211809045
ILE	A	684	0.7622990060668713
PRO	A	685	0.6411437367231978
PRO	A	686	0.5070309487155469
LEU	A	687	0.4161272271124618
ILE	A	688	0.3848767000150051
ASN	A	689	0.38237060789251753
LEU	A	690	0.30302819315252966
LEU	A	691	0.19934886662955165
MET	A	692	0.32483184254672925
SER	A	693	0.29268333063395874
ILE	A	694	0.23708643896730322
GLU	A	695	0.30254450818131207
PRO	A	696	0.4285255940518035
ASP	A	697	0.5185415393861162
VAL	A	698	0.5202694355593841
ILE	A	699	0.43540387657995144
TYR	A	700	0.4697274107211639
ALA	A	701	0.47282767891352645
GLY	A	702	0.5572218947821366
HIS	A	703	0.5304097683827064
ASP	A	704	0.5848357567530271
ASN	A	705	0.6375501336935737
THR	A	706	0.6223806026491774
LYS	A	707	0.6724699519920553
PRO	A	708	0.7010720317751193
ASP	A	709	0.7031510694950605
THR	A	710	0.5365584790140704
SER	A	711	0.5165842807427841
SER	A	712	0.45117136646624406
SER	A	713	0.42639676740591126
LEU	A	714	0.39121561094836227
LEU	A	715	0.3374526580175105
THR	A	716	0.32438588903530624
SER	A	717	0.3629839486704112
LEU	A	718	0.2886352400670797
ASN	A	719	0.2860738581438747
GLN	A	720	0.270716139465497
LEU	A	721	0.2503427426560093
GLY	A	722	0.22314200700942025
GLU	A	723	0.2629756514828498
ARG	A	724	0.26962391467303115
GLN	A	725	0.20843407565850045
LEU	A	726	0.25730694061080345
LEU	A	727	0.2931850804136647
SER	A	728	0.2976591567056389
VAL	A	729	0.22701736643585887
VAL	A	730	0.23770340118775715
LYS	A	731	0.2668737685654771
TRP	A	732	0.07504797325672016
SER	A	733	0.08173761994036652
LYS	A	734	0.23954583306277016
SER	A	735	0.21788634938890578
LEU	A	736	0.09252971033967372
PRO	A	737	0.2111688262795515
GLY	A	738	0.2941857777676093
PHE	A	739	0.10794619051176818
ARG	A	740	0.2521007877216956
ASN	A	741	0.3054336427813278
LEU	A	742	0.17009044847963573
HIS	A	743	0.1748043751603078
ILE	A	744	0.24258875266343047
ASP	A	745	0.2624141320957172
ASP	A	746	0.13903746985663418
GLN	A	747	0.16122740736746602
ILE	A	748	0.26907613277289616
THR	A	749	0.25442709601081026
LEU	A	750	0.13903746985663418
ILE	A	751	0.1716709643838454
GLN	A	752	0.29913411152913555
TYR	A	753	0.24258875266343047
SER	A	754	0.20843407565850045
TRP	A	755	0.2595887966096199
MET	A	756	0.22957023057109419
SER	A	757	0.13455177420386472
LEU	A	758	0.0882647489026992
MET	A	759	0.20567120371539124
VAL	A	760	0.12252591133419886
PHE	A	761	0.03884708635324882
GLY	A	762	0.12628383173795946
LEU	A	763	0.11484861964242651
GLY	A	764	0.08718784594222322
TRP	A	765	0.09880284187113003
ARG	A	766	0.24975416207244872
SER	A	767	0.23272757511607745
TYR	A	768	0.1877281613068017
LYS	A	769	0.39842681120040263
HIS	A	770	0.5369634330152943
VAL	A	771	0.4961850918222036
SER	A	772	0.5330915027956961
GLY	A	773	0.5613183791477985
GLN	A	774	0.5851741534337161
MET	A	775	0.43892384302213455
LEU	A	776	0.302059950919323
TYR	A	777	0.3805661220708098
PHE	A	778	0.32438588903530624
ALA	A	779	0.42455853723275555
PRO	A	780	0.5345245031468504
ASP	A	781	0.49405733555474235
LEU	A	782	0.44440449643691365
ILE	A	783	0.4628848664467809
LEU	A	784	0.4577719914370864
ASN	A	785	0.4968906158922244
GLU	A	786	0.4717982258191195
GLN	A	787	0.4791739099014671
ARG	A	788	0.48315821911344004
MET	A	789	0.42270764406537364
LYS	A	790	0.42943281020560536
GLU	A	791	0.5213437549792755
SER	A	792	0.4961850918222036
SER	A	793	0.48732779415410826
PHE	A	794	0.3848767000150051
TYR	A	795	0.31298948490242395
SER	A	796	0.3073426165589058
LEU	A	797	0.26742605432817645
CYS	A	798	0.24015718015007062
LEU	A	799	0.299623969329272
THR	A	800	0.29016043013571136
MET	A	801	0.16929669035744332
TRP	A	802	0.24679176239475947
GLN	A	803	0.2618514367508941
ILE	A	804	0.14692770194752347
PRO	A	805	0.15375186378226222
GLN	A	806	0.23831894997691494
GLU	A	807	0.17943702318076668
PHE	A	808	0.12534926756460524
VAL	A	809	0.27396642420920475
LYS	A	810	0.30254450818131207
LEU	A	811	0.33787745957469617
GLN	A	812	0.35112819034885756
VAL	A	813	0.2860738581438747
SER	A	814	0.33012633757980053
GLN	A	815	0.29368589496490743
GLU	A	816	0.30686664313248235
GLU	A	817	0.22183769896774705
PHE	A	818	0.09463706960489568
LEU	A	819	0.10794619051176818
CYS	A	820	0.0914697999752666
MET	A	821	0.004441207378978201
LYS	A	822	0.015937588952055777
VAL	A	823	0.004441207378978201
LEU	A	824	0.0
LEU	A	825	0.05391759289422955
LEU	A	826	0.04522949877280967
LEU	A	827	0.09040569193509834
ASN	A	828	0.29567987019376213
THR	A	829	0.25673343574215496
ILE	A	830	0.19141391085758738
PRO	A	831	0.22765786001436886
LEU	A	832	0.3387250531133955
GLU	A	833	0.36682239865036376
GLY	A	834	0.3212433160304435
LEU	A	835	0.23209906739334638
ARG	A	836	0.1906807946348193
SER	A	837	0.3073426165589058
GLN	A	838	0.2532664595237806
THR	A	839	0.17943702318076668
GLN	A	840	0.17324223745215367
PHE	A	841	0.06586120046585453
GLU	A	842	0.15958405711338305
GLU	A	843	0.15036144745298086
MET	A	844	0.15375186378226222
ARG	A	845	0.08173761994036652
SER	A	846	0.14519423187702735
SER	A	847	0.20497602369252116
TYR	A	848	0.10188532610710789
ILE	A	849	0.14432328482932738
ARG	A	850	0.24798064455108734
GLU	A	851	0.2896529948027335
LEU	A	852	0.24137571706377658
ILE	A	853	0.3162295043575732
LYS	A	854	0.3898198315551895
ALA	A	855	0.40011560952542863
ILE	A	856	0.37285209189139507
GLY	A	857	0.5270719996344592
LEU	A	858	0.6053636471089776
ARG	A	859	0.7052141435430137
GLN	A	860	0.8136520639575769
LYS	A	861	0.8456918837212639
GLY	A	862	0.8401196859730361
VAL	A	863	0.7948770929762442
VAL	A	864	0.6660399533258065
SER	A	865	0.5249646403692368
SER	A	866	0.47461978513106007
SER	A	867	0.4371696239794496
GLN	A	868	0.3694770546877238
ARG	A	869	0.31897590233016365
PHE	A	870	0.23209906739334638
TYR	A	871	0.22957023057109419
GLN	A	872	0.23335461607499544
LEU	A	873	0.14606236487443353
THR	A	874	0.1215781610430603
LYS	A	875	0.21184818676525272
LEU	A	876	0.19141391085758738
LEU	A	877	0.12441144138054219
ASP	A	878	0.1964904680868747
ASN	A	879	0.3478762664906372
LEU	A	880	0.2624141320957172
HIS	A	881	0.33273496903133126
ASP	A	882	0.39706808805740224
LEU	A	883	0.30157451821464965
VAL	A	884	0.22249064443841565
LYS	A	885	0.3101808851586836
GLN	A	886	0.2855586385632781
LEU	A	887	0.22444001402149402
HIS	A	888	0.24559759630037872
LEU	A	889	0.23584824816339753
TYR	A	890	0.25730694061080345
CYS	A	891	0.23893309179618444
LEU	A	892	0.1936013334868597
ASN	A	893	0.2595887966096199
THR	A	894	0.27982504327191593
PHE	A	895	0.19141391085758738
ILE	A	896	0.2578792239559113
GLN	A	897	0.31897590233016365
SER	A	898	0.3166891912600359
ARG	A	899	0.3772871900417613
ALA	A	900	0.3458236443692235
LEU	A	901	0.41325695369169996
SER	A	902	0.3470570983898041
VAL	A	903	0.31298948490242395
GLU	A	904	0.2911724348309754
PHE	A	905	0.24379633639929704
PRO	A	906	0.28087665686073676
GLU	A	907	0.3567260371762848
MET	A	908	0.4084039573020668
MET	A	909	0.3478762664906372
SER	A	910	0.270716139465497
GLU	A	911	0.3618216385855379
VAL	A	912	0.32968909268436225
ILE	A	913	0.261287560512562
ALA	A	914	0.31530776441775704
ALA	A	915	0.43746279032490254
GLN	A	916	0.38700633015171826
LEU	A	917	0.30060101378391085
PRO	A	918	0.3353185170997416
LYS	A	919	0.38237060789251753
ILE	A	920	0.37692038189066035
LEU	A	921	0.3618216385855379
ALA	A	922	0.3353185170997416
GLY	A	923	0.4070948831951344
MET	A	924	0.38165026716896455
VAL	A	925	0.3270505746338368
LYS	A	926	0.3466465758822102
PRO	A	927	0.31112035090235024
LEU	A	928	0.27288735878717846
LEU	A	929	0.2941857777676093
PHE	A	930	0.2850424291269719
HIS	A	931	0.37396774856264225
LYS	A	932	0.5776291619065909
LYS	A	933	0.7770194318691387
