ResName	Chain	ResID	RMSF
MET	A	1	0.9632074041579681
THR	A	2	0.9597206591519397
GLU	A	3	0.9597206591519397
LEU	A	4	0.9405901915387933
LYS	A	5	0.9491547361586511
ALA	A	6	0.93336167698463
LYS	A	7	0.9401412454325666
GLY	A	8	0.9523511251507848
PRO	A	9	0.9057251715223017
ARG	A	10	0.9514048068577072
ALA	A	11	0.9581283572654495
PRO	A	12	0.8916264503570608
HIS	A	13	0.9418432705605021
VAL	A	14	0.9426012314579645
ALA	A	15	0.949198184650496
GLY	A	16	0.9757764675234667
GLY	A	17	0.9823088650499272
PRO	A	18	0.922165274484508
PRO	A	19	0.8924323755885546
SER	A	20	0.9628772728684029
PRO	A	21	0.883708816439235
GLU	A	22	0.9604716314541754
VAL	A	23	0.9598042040869964
GLY	A	24	0.9530372724131305
SER	A	25	0.9686777325964785
PRO	A	26	0.9117839242721639
LEU	A	27	0.9539351937843978
LEU	A	28	0.9667309697404036
CYS	A	29	0.9789847136022714
ARG	A	30	0.9760518403470868
PRO	A	31	0.9293226903824203
ALA	A	32	0.9610542755529947
ALA	A	33	0.9645238940909822
GLY	A	34	0.9477606673978187
GLN	A	35	0.9521793146206666
PHE	A	36	0.9582544084350537
PRO	A	37	0.9369774742982666
GLY	A	38	0.9737219709560294
SER	A	39	0.9614696788983081
GLN	A	40	0.9657522813441968
THR	A	41	0.9743162256700852
SER	A	42	0.9591769839281482
ASP	A	43	0.9847182023584781
THR	A	44	0.9588418677781684
LEU	A	45	0.9769154678046854
PRO	A	46	0.9652206685221818
GLU	A	47	0.9877845585203777
VAL	A	48	0.9610542755529947
SER	A	49	0.964564930802256
ALA	A	50	0.978010636546291
ILE	A	51	0.955849280810421
PRO	A	52	0.9673002318552626
ILE	A	53	0.9620501683793716
SER	A	54	0.9687181407703898
LEU	A	55	0.9556372755732233
ASP	A	56	0.9665681019892336
GLY	A	57	0.9590094780194366
LEU	A	58	0.9692428956111764
LEU	A	59	0.9681113801217625
PHE	A	60	0.962918561435213
PRO	A	61	0.9561881421599762
ARG	A	62	0.9566956354431694
PRO	A	63	0.9535934816957421
CYS	A	64	0.9741182865411486
GLN	A	65	0.9714117587872263
GLY	A	66	0.9604716314541754
GLN	A	67	0.9649749540930054
ASP	A	68	0.9762483628371302
PRO	A	69	0.9609711178781499
SER	A	70	0.9743953605724806
TYR	A	71	0.9824624818565286
GLU	A	72	0.9741578860164105
LYS	A	73	0.9829611317087916
THR	A	74	0.9674220600775154
GLN	A	75	0.9793345199782295
ASP	A	76	0.9663236153882342
GLN	A	77	0.987219344631305
GLN	A	78	0.9695250326302954
SER	A	79	0.9833058103445309
LEU	A	80	0.9809995694011456
SER	A	81	0.9905557031443836
ASP	A	82	0.9786344519138143
VAL	A	83	0.9623813153015249
GLU	A	84	0.9930403320621819
GLY	A	85	0.9706506319025123
ALA	A	86	0.9678277562702271
TYR	A	87	0.9837264855627571
SER	A	88	0.9702089935236051
ARG	A	89	0.9716116980442556
ALA	A	90	0.9612620573822173
GLU	A	91	0.963124909297219
ALA	A	92	0.967543833169716
THR	A	93	0.9566111196655727
ARG	A	94	0.9671377083814072
GLY	A	95	0.9787123272532832
ALA	A	96	0.9751459837472053
GLY	A	97	0.9912254723239099
GLY	A	98	0.9768762720819949
SER	A	99	0.9767586506477672
SER	A	100	0.9817320197408143
SER	A	101	0.9732058865553842
SER	A	102	0.9801876927840455
PRO	A	103	0.9526944174743713
PRO	A	104	0.9577919318630977
GLU	A	105	0.925649258780958
LYS	A	106	0.9401861737628582
GLU	A	107	0.933591970737373
SER	A	108	0.9507576765250215
GLY	A	109	0.9318367752118335
LEU	A	110	0.8879423421024855
LEU	A	111	0.8868491119429631
ASP	A	112	0.9122827163216575
SER	A	113	0.8518611734769895
VAL	A	114	0.8066632629678165
LEU	A	115	0.8777697011734753
ASP	A	116	0.8856964201433563
THR	A	117	0.8033222294270638
LEU	A	118	0.9102819767433938
LEU	A	119	0.9231721465557187
ALA	A	120	0.9372955305000195
PRO	A	121	0.954404340518683
SER	A	122	0.9367500609207025
GLY	A	123	0.9561458078196613
PRO	A	124	0.9585482984144317
ARG	A	125	0.9590513642727169
GLN	A	126	0.9489373884094505
SER	A	127	0.9642775423188275
GLN	A	128	0.9657522813441968
PRO	A	129	0.9398265369119267
SER	A	130	0.9620915840368072
PRO	A	131	0.9446415443059547
PRO	A	132	0.9418879156429198
ALA	A	133	0.9597624348616651
CYS	A	134	0.979101366259393
GLU	A	135	0.9871061592527043
VAL	A	136	0.9669750866912148
THR	A	137	0.9886113973190015
SER	A	138	0.9730468920257035
SER	A	139	0.9884237023726626
TRP	A	140	0.978049667401919
SER	A	141	0.9911883066262255
LEU	A	142	0.9754614102843095
PHE	A	143	0.983152674341732
GLY	A	144	0.9812310849591508
PRO	A	145	0.9609711178781499
GLU	A	146	0.9572865038222174
LEU	A	147	0.9617600801653097
PRO	A	148	0.9594280474515593
GLU	A	149	0.9511461414417738
ASP	A	150	0.9417092908546444
PRO	A	151	0.9307223029359167
PRO	A	152	0.9511030063557382
ALA	A	153	0.9491112806504975
ALA	A	154	0.92134741920722
PRO	A	155	0.920382043342613
ALA	A	156	0.9464032411619896
THR	A	157	0.9450830509409357
GLN	A	158	0.9435345981393084
GLY	A	159	0.9591769839281482
VAL	A	160	0.9556796899847946
LEU	A	161	0.9584643625953931
SER	A	162	0.9806519221694296
PRO	A	163	0.930303182992594
LEU	A	164	0.969766629145392
MET	A	165	0.9702491724312805
SER	A	166	0.9698471131399075
ARG	A	167	0.9717315903312271
SER	A	168	0.9591769839281482
GLY	A	169	0.967543833169716
GLY	A	170	0.9620501683793716
LYS	A	171	0.9545321478037527
ALA	A	172	0.9445531559873226
GLY	A	173	0.9313265482951703
ASP	A	174	0.9192190021646797
SER	A	175	0.912083310433573
SER	A	176	0.9153054885996751
GLY	A	177	0.9346487909079614
THR	A	178	0.931697718331473
ALA	A	179	0.9427792653603606
ALA	A	180	0.9426902631324428
ALA	A	181	0.9434014580853071
HIS	A	182	0.9455678730473823
LYS	A	183	0.9733250708344373
VAL	A	184	0.9611374075381033
LEU	A	185	0.959887723092526
PRO	A	186	0.9539351937843978
GLN	A	187	0.9468418691868247
GLY	A	188	0.9580863270843947
LEU	A	189	0.9613035945025677
SER	A	190	0.9700884207934916
PRO	A	191	0.8956321544743507
SER	A	192	0.9524799110989984
ARG	A	193	0.9555099922124002
GLN	A	194	0.9644007463959082
LEU	A	195	0.9635783183912704
LEU	A	196	0.9618429944268365
LEU	A	197	0.9775809230819328
PRO	A	198	0.9182459465621876
ALA	A	199	0.9595534914288086
SER	A	200	0.9632898737368104
GLY	A	201	0.9593025449695379
SER	A	202	0.9930772428685843
PRO	A	203	0.9227890203352348
HIS	A	204	0.9649749540930054
TRP	A	205	0.9698471131399075
SER	A	206	0.9676655511817377
GLY	A	207	0.9639487220748815
ALA	A	208	0.9711315940209968
PRO	A	209	0.9309083691377334
VAL	A	210	0.9261230233992046
LYS	A	211	0.9497190201040354
PRO	A	212	0.9381116673018145
SER	A	213	0.9532085362112146
PRO	A	214	0.9015570115225198
GLN	A	215	0.9657522813441968
PRO	A	216	0.9167797338884227
ALA	A	217	0.9437563519496788
ALA	A	218	0.9449065352024606
VAL	A	219	0.9489373884094505
GLU	A	220	0.959887723092526
VAL	A	221	0.9422002239985573
GLU	A	222	0.9527372982383305
GLU	A	223	0.9507144791200558
GLU	A	224	0.9506712747796473
ASP	A	225	0.9622157927782952
GLY	A	226	0.9544469496920212
SER	A	227	0.9690008282182508
GLU	A	228	0.9527372982383305
SER	A	229	0.9454357354392
GLU	A	230	0.9396915490818294
ASP	A	231	0.9471047032304997
SER	A	232	0.9404107029654181
ALA	A	233	0.9412174604327407
GLY	A	234	0.9692428956111764
PRO	A	235	0.9328081665385561
LEU	A	236	0.9633310990503582
LEU	A	237	0.9584643625953931
LYS	A	238	0.9735235940700412
GLY	A	239	0.9648929993996183
LYS	A	240	0.9825008723600043
PRO	A	241	0.9448623881703452
ARG	A	242	0.9783617106125986
ALA	A	243	0.9756189850120773
LEU	A	244	0.9659972873401714
GLY	A	245	0.9719712147759626
GLY	A	246	0.9666495481864825
ALA	A	247	0.9614281674082672
ALA	A	248	0.962422680028938
ALA	A	249	0.9536789504065308
GLY	A	250	0.9714117587872263
GLY	A	251	0.9694041529844852
ALA	A	252	0.9632074041579681
ALA	A	253	0.9737616287902559
ALA	A	254	0.9662828460171
VAL	A	255	0.9551702752871735
PRO	A	256	0.9081144602860012
PRO	A	257	0.9283386121578587
GLY	A	258	0.967584411957949
ALA	A	259	0.9660789064592856
ALA	A	260	0.9648929993996183
ALA	A	261	0.9556372755732233
GLY	A	262	0.9667309697404036
GLY	A	263	0.9785955057912112
VAL	A	264	0.971331741470652
ALA	A	265	0.9854406141578599
LEU	A	266	0.9724498244773284
VAL	A	267	0.9718514292259516
PRO	A	268	0.9532941272531754
LYS	A	269	0.9742370674892948
GLU	A	270	0.9854406141578599
ASP	A	271	0.9692025661643184
SER	A	272	0.9756189850120773
ARG	A	273	0.9851746880212198
PHE	A	274	0.9711315940209968
SER	A	275	0.9716116980442556
ALA	A	276	0.9677466659475835
PRO	A	277	0.9182459465621876
ARG	A	278	0.9818859661029398
VAL	A	279	0.9495889057166235
ALA	A	280	0.9745535605968232
LEU	A	281	0.9654252592973802
VAL	A	282	0.9606382299635399
GLU	A	283	0.9711315940209968
GLN	A	284	0.9664458864544754
ASP	A	285	0.9736426377497778
ALA	A	286	0.958170380882878
PRO	A	287	0.9669750866912148
MET	A	288	0.9816165021457128
ALA	A	289	0.9590094780194366
PRO	A	290	0.9642775423188275
GLY	A	291	0.959887723092526
ARG	A	292	0.9543617245975143
SER	A	293	0.9677466659475835
PRO	A	294	0.9768370706493876
LEU	A	295	0.9678277562702271
ALA	A	296	0.9659564684953974
THR	A	297	0.9738805672380071
THR	A	298	0.9594280474515593
VAL	A	299	0.9556372755732233
MET	A	300	0.9475858999075671
ASP	A	301	0.9783227249937463
PHE	A	302	0.9769546578191224
ILE	A	303	0.9427792653603606
HIS	A	304	0.9691218891336867
VAL	A	305	0.9673002318552626
PRO	A	306	0.9798389944265781
ILE	A	307	0.9656296946438809
LEU	A	308	0.9747116676716748
PRO	A	309	0.9756583642809933
LEU	A	310	0.9596370882712505
ASN	A	311	0.9382474497789984
HIS	A	312	0.8906561431747945
ALA	A	313	0.9134760585595973
LEU	A	314	0.8753225606869778
LEU	A	315	0.8943035340521793
ALA	A	316	0.8221469524807422
ALA	A	317	0.7868401052473796
ARG	A	318	0.760755101462208
THR	A	319	0.7690277447366217
ARG	A	320	0.7151878627023524
GLN	A	321	0.6902233415107164
LEU	A	322	0.7109039331391942
LEU	A	323	0.7111144951481035
GLU	A	324	0.716944317382259
ASP	A	325	0.7638872210155779
GLU	A	326	0.8798014927913289
ASN	A	327	0.9189760679298395
TYR	A	328	0.9440222155316434
ASP	A	329	0.9547875804130184
GLY	A	330	0.9738012807808465
GLY	A	331	0.9893608706725862
ALA	A	332	0.9704098280979366
GLY	A	333	0.9882358764184634
ALA	A	334	0.9670970621712769
ALA	A	335	0.9677466659475835
SER	A	336	0.9841083477435615
ALA	A	337	0.9824240858753468
PHE	A	338	0.9701286177065032
ALA	A	339	0.9771505223256634
PRO	A	340	0.9540205540495565
PRO	A	341	0.950108986214131
ARG	A	342	0.9569068088304927
SER	A	343	0.9653843535841973
SER	A	344	0.9590094780194366
PRO	A	345	0.9267848957060296
SER	A	346	0.9485457195276751
ALA	A	347	0.9352900465767222
SER	A	348	0.9261703540182091
SER	A	349	0.9550002558636335
THR	A	350	0.927586415347597
PRO	A	351	0.9197042136803008
VAL	A	352	0.9607631111941777
ALA	A	353	0.9530372724131305
VAL	A	354	0.9497190201040354
GLY	A	355	0.9532513351351468
ASP	A	356	0.9474984735800742
PHE	A	357	0.9528658995471849
PRO	A	358	0.9219730614522954
ASP	A	359	0.952780172170335
CYS	A	360	0.9655070520741973
ALA	A	361	0.9620087463468637
TYR	A	362	0.9573708077808193
PRO	A	363	0.9381569357405883
PRO	A	364	0.9357014768960445
ASP	A	365	0.958380400587331
VAL	A	366	0.9290418922000828
GLU	A	367	0.954574736746416
PRO	A	368	0.9272095270035575
LYS	A	369	0.9487198649688966
ASP	A	370	0.9523081828011115
ASP	A	371	0.9472797834147214
ALA	A	372	0.9571178166305746
TYR	A	373	0.9686777325964785
PRO	A	374	0.9514909734398255
LEU	A	375	0.9679088221643953
TYR	A	376	0.9612205138493434
GLY	A	377	0.9637018429441192
ASP	A	378	0.9716516680753216
PHE	A	379	0.972409972832138
GLN	A	380	0.9696055889050045
PRO	A	381	0.9330850640766112
PRO	A	382	0.9391960135655175
ALA	A	383	0.968758542877463
LEU	A	384	0.976405477559828
LYS	A	385	0.9678277562702271
ILE	A	386	0.9554251031789973
LYS	A	387	0.9346946455955829
GLU	A	388	0.9670157513280366
GLU	A	389	0.9566956354431694
GLU	A	390	0.9511461414417738
GLU	A	391	0.9731661467290319
GLY	A	392	0.9747511799298262
ALA	A	393	0.9613866495136147
GLU	A	394	0.9700482178751145
ALA	A	395	0.9758158237551502
SER	A	396	0.9630011195685975
ALA	A	397	0.9646059612565028
ARG	A	398	0.9632486421066591
THR	A	399	0.9611789639019658
PRO	A	400	0.9777763324534245
ARG	A	401	0.9658748122260238
SER	A	402	0.968758542877463
TYR	A	403	0.9682733167799704
LEU	A	404	0.9666088281692063
VAL	A	405	0.9623399442147103
ALA	A	406	0.9580022470232025
GLY	A	407	0.9560611191537676
ALA	A	408	0.9472360240466021
ASN	A	409	0.9296031958633335
PRO	A	410	0.9336380058471689
ALA	A	411	0.9551702752871735
ALA	A	412	0.9538071025957882
PHE	A	413	0.9491112806504975
PRO	A	414	0.931047834408363
ASP	A	415	0.9631661598888008
PHE	A	416	0.9641953749185994
PRO	A	417	0.9517493077639755
LEU	A	418	0.9716116980442556
GLY	A	419	0.9511030063557382
PRO	A	420	0.9376132112242566
PRO	A	421	0.9422893884240438
PRO	A	422	0.9023854847069201
PRO	A	423	0.9373863346964797
LEU	A	424	0.9288076696823309
PRO	A	425	0.8844282568754835
PRO	A	426	0.9312336757373351
ARG	A	427	0.9668937389778818
ALA	A	428	0.9329004973796253
PRO	A	429	0.9303963771869995
PRO	A	430	0.909023918193678
SER	A	431	0.9278217027925563
ARG	A	432	0.9409040087564651
PRO	A	433	0.9136248549325654
GLY	A	434	0.955255244733303
GLU	A	435	0.9576235613062792
ALA	A	436	0.9488938977857345
ALA	A	437	0.9531229179369777
VAL	A	438	0.964933979866256
THR	A	439	0.954404340518683
ALA	A	440	0.9485021655527226
ALA	A	441	0.9718114888572466
PRO	A	442	0.9119835520510936
ALA	A	443	0.9490678181237687
SER	A	444	0.9531229179369777
ALA	A	445	0.949545520269749
SER	A	446	0.9591769839281482
VAL	A	447	0.9488504001320948
SER	A	448	0.961884441979272
SER	A	449	0.9613866495136147
ALA	A	450	0.9501522809183762
SER	A	451	0.9667309697404036
SER	A	452	0.9375224835653877
SER	A	453	0.959845966829946
GLY	A	454	0.9577919318630977
SER	A	455	0.955849280810421
THR	A	456	0.9745535605968232
LEU	A	457	0.9678277562702271
GLU	A	458	0.9754614102843095
CYS	A	459	0.964564930802256
ILE	A	460	0.9732853486063548
LEU	A	461	0.9639075912786751
TYR	A	462	0.9638664541947982
LYS	A	463	0.9920047685876061
ALA	A	464	0.971931292183551
GLU	A	465	0.9896226939798619
GLY	A	466	0.9841846551972576
ALA	A	467	0.9762090698190774
PRO	A	468	0.9592606977983694
PRO	A	469	0.9467542007600331
GLN	A	470	0.9600964072702246
GLN	A	471	0.967462657231346
GLY	A	472	0.9656705630825131
PRO	A	473	0.9517493077639755
PHE	A	474	0.9625467360743113
ALA	A	475	0.9720111314464587
PRO	A	476	0.9302099565119607
PRO	A	477	0.9000488717597808
PRO	A	478	0.9514048068577072
SER	A	479	0.9628359779655894
LYS	A	480	0.9681113801217625
ALA	A	481	0.9647700205413625
PRO	A	482	0.933776063943565
GLY	A	483	0.9705703879079841
ALA	A	484	0.9718514292259516
GLY	A	485	0.9759338579263487
GLY	A	486	0.9844896688129748
CYS	A	487	0.9793345199782295
LEU	A	488	0.9784006905842254
PRO	A	489	0.9265486995760087
PRO	A	490	0.9438450023321825
ARG	A	491	0.9726091720666812
ASP	A	492	0.9558916618221877
GLY	A	493	0.9574129498580578
LEU	A	494	0.9249370442487851
PRO	A	495	0.9244611851793244
SER	A	496	0.9419771835932015
THR	A	497	0.9610542755529947
ALA	A	498	0.9415752444092044
ALA	A	499	0.9520503846970999
SER	A	500	0.9601381246927803
ALA	A	501	0.9542338363256468
SER	A	502	0.9720909470287304
ALA	A	503	0.9578760776529193
ALA	A	504	0.9654661587934171
GLY	A	505	0.9653434416519777
ALA	A	506	0.9745140193090205
ALA	A	507	0.9638253108213283
PRO	A	508	0.9475858999075671
ALA	A	509	0.9747906863871615
LEU	A	510	0.9561034668182907
TYR	A	511	0.9685160391959962
PRO	A	512	0.955255244733303
ALA	A	513	0.9825392573873365
LEU	A	514	0.9640309648119693
ARG	A	515	0.9883110225327905
LEU	A	516	0.9635371309367388
ASN	A	517	0.9690815415462873
GLY	A	518	0.9863503709910886
LEU	A	519	0.9774636093111336
PRO	A	520	0.963413530735382
GLN	A	521	0.9711315940209968
LEU	A	522	0.9627120552216741
GLY	A	523	0.9749091709712976
TYR	A	524	0.9644007463959082
GLN	A	525	0.9731264010331238
ALA	A	526	0.9857062777624838
ALA	A	527	0.9754220021808993
VAL	A	528	0.9596370882712505
LEU	A	529	0.951361713217827
LYS	A	530	0.9766802077865044
GLU	A	531	0.9564420084369708
GLY	A	532	0.9742766494903454
LEU	A	533	0.9718514292259516
PRO	A	534	0.9430460955593737
GLN	A	535	0.9662420704683203
VAL	A	536	0.9563151052355355
TYR	A	537	0.9745140193090205
PRO	A	538	0.9430460955593737
PRO	A	539	0.9674220600775154
TYR	A	540	0.9637018429441192
LEU	A	541	0.9379758162764692
ASN	A	542	0.9676655511817377
TYR	A	543	0.9674220600775154
LEU	A	544	0.9637430051979137
ARG	A	545	0.959887723092526
PRO	A	546	0.9590513642727169
ASP	A	547	0.9574550853366777
SER	A	548	0.9646059612565028
GLU	A	549	0.9466665037627908
ALA	A	550	0.9535934816957421
SER	A	551	0.9571599983429669
GLN	A	552	0.956526577335736
SER	A	553	1.0
PRO	A	554	0.9597624348616651
GLN	A	555	0.9796838722238931
TYR	A	556	0.9648520126911914
SER	A	557	0.9792179683701173
PHE	A	558	0.9657522813441968
GLU	A	559	0.9447299036019894
SER	A	560	0.9547875804130184
LEU	A	561	0.955297719397373
PRO	A	562	0.8904940846130426
GLN	A	563	0.8539737079801238
LYS	A	564	0.6623255707852871
ILE	A	565	0.3870924579052509
CYS	A	566	0.14676248967588368
LEU	A	567	0.35270867046411736
ILE	A	568	0.17520050476732013
CYS	A	569	0.16095079885078
GLY	A	570	0.3446148803868898
ASP	A	571	0.23198996478715664
GLU	A	572	0.29759885575839945
ALA	A	573	0.3678239912998957
SER	A	574	0.4096285203067785
GLY	A	575	0.4894523897380685
CYS	A	576	0.4342771567182673
HIS	A	577	0.4219268890827651
TYR	A	578	0.4034270737110576
GLY	A	579	0.5400295016176535
VAL	A	580	0.5119861515254652
LEU	A	581	0.4030966890978485
THR	A	582	0.3146600904739566
CYS	A	583	0.10110643302432228
GLY	A	584	0.24240006825185256
SER	A	585	0.21391422520809722
CYS	A	586	0.07888925210999441
LYS	A	587	0.23755132024795597
VAL	A	588	0.26596480064926087
PHE	A	589	0.16737733074954406
PHE	A	590	0.2631991212827623
LYS	A	591	0.3570586264185206
ARG	A	592	0.3558792312494594
ALA	A	593	0.3842709564746426
MET	A	594	0.5429942569129349
GLU	A	595	0.5709728516266167
GLY	A	596	0.7158090978385677
GLN	A	597	0.8220772830347464
HIS	A	598	0.7339057125237588
ASN	A	599	0.681437567275859
TYR	A	600	0.47160508367390047
LEU	A	601	0.47313841109118576
CYS	A	602	0.3315676882465972
ALA	A	603	0.43633023222000117
GLY	A	604	0.5021016327126038
ARG	A	605	0.5048336179409932
ASN	A	606	0.5278326299866433
ASP	A	607	0.45193861601502144
CYS	A	608	0.34420372945334476
ILE	A	609	0.39943543216189664
VAL	A	610	0.31096108743854034
ASP	A	611	0.2564431622520755
LYS	A	612	0.25300049397166974
ILE	A	613	0.26596480064926087
ARG	A	614	0.3341428106121037
ARG	A	615	0.32546146957295147
LYS	A	616	0.3183089359884799
ASN	A	617	0.3241347705816946
CYS	A	618	0.2192037956887767
PRO	A	619	0.25068066724575006
ALA	A	620	0.2971091409123154
CYS	A	621	0.24951321103867513
ARG	A	622	0.1362768163708434
LEU	A	623	0.24716299318576448
ARG	A	624	0.34255281486632444
LYS	A	625	0.2767517451804997
CYS	A	626	0.3183089359884799
CYS	A	627	0.3936772892776067
GLN	A	628	0.41913828139574305
ALA	A	629	0.5048336179409932
GLY	A	630	0.5342033324397922
MET	A	631	0.4651204751085342
VAL	A	632	0.5899517556635707
LEU	A	633	0.610906303985556
GLY	A	634	0.8325323315773671
GLY	A	635	0.9242706056857665
ARG	A	636	0.9296031958633335
LYS	A	637	0.9499790602920819
PHE	A	638	0.9278217027925563
LYS	A	639	0.9645238940909822
LYS	A	640	0.9600546833793501
PHE	A	641	0.9498490716089377
ASN	A	642	0.9849465419849545
LYS	A	643	0.984222800811278
VAL	A	644	0.9613035945025677
ARG	A	645	0.9867663171949207
VAL	A	646	0.9693638476996563
VAL	A	647	0.9731661467290319
ARG	A	648	0.9861610917867902
ALA	A	649	0.9637841611563417
LEU	A	650	0.9720909470287304
ASP	A	651	0.9749091709712976
ALA	A	652	0.968435156047309
VAL	A	653	0.9607214905563009
ALA	A	654	0.9623399442147103
LEU	A	655	0.9587999489006545
PRO	A	656	0.9593443856341105
GLN	A	657	0.9609295294021138
PRO	A	658	0.9516201716020206
VAL	A	659	0.9480662376529898
GLY	A	660	0.9450389328600669
ILE	A	661	0.9156502022776293
PRO	A	662	0.9516201716020206
ASN	A	663	0.9719712147759626
GLU	A	664	0.944199312105101
SER	A	665	0.9653025234988301
GLN	A	666	0.9416646161249566
VAL	A	667	0.9303497841241775
LEU	A	668	0.9558916618221877
SER	A	669	0.9786733924006281
GLN	A	670	0.9454797885183941
ARG	A	671	0.9536789504065308
ILE	A	672	0.9608463331628807
THR	A	673	0.9782837337260326
PHE	A	674	0.9607214905563009
SER	A	675	0.9814238625543688
PRO	A	676	0.9622571829550525
GLY	A	677	0.9617600801653097
GLN	A	678	0.9503253901129316
ASP	A	679	0.9639898465853393
ILE	A	680	0.9153054885996751
GLN	A	681	0.8852559974040357
LEU	A	682	0.8383010744385742
ILE	A	683	0.7945906701253512
PRO	A	684	0.680141841169793
PRO	A	685	0.550170635097454
LEU	A	686	0.44325275501326444
ILE	A	687	0.4128359269745979
ASN	A	688	0.4093056669583259
LEU	A	689	0.32324665679320574
LEU	A	690	0.2269481642156504
MET	A	691	0.3417235438443904
SER	A	692	0.31002833699458276
ILE	A	693	0.25184308042973286
GLU	A	694	0.29514132056262793
PRO	A	695	0.41379074134235283
ASP	A	696	0.50118477242647
VAL	A	697	0.50118477242647
ILE	A	698	0.42346371926588217
TYR	A	699	0.4616856940259954
ALA	A	700	0.4744095435145398
GLY	A	701	0.5603123130796033
HIS	A	702	0.5410213871256783
ASP	A	703	0.6014251083051416
ASN	A	704	0.6444616832461664
THR	A	705	0.6436515524777757
LYS	A	706	0.6887407028639303
PRO	A	707	0.7225496716707297
ASP	A	708	0.7283369535083405
THR	A	709	0.5551013960751117
SER	A	710	0.5232182058200651
SER	A	711	0.45604288825927536
SER	A	712	0.4360378929911889
LEU	A	713	0.40474457075483533
LEU	A	714	0.3454353024664536
THR	A	715	0.3285318983780563
SER	A	716	0.36364595314494064
LEU	A	717	0.2911619765712457
ASN	A	718	0.28813836910188334
GLN	A	719	0.2692465270977635
LEU	A	720	0.2483406678603883
GLY	A	721	0.2178911187752861
GLU	A	722	0.257012682535887
ARG	A	723	0.2609659281038657
GLN	A	724	0.2043996602089691
LEU	A	725	0.25300049397166974
LEU	A	726	0.28302227900319876
SER	A	727	0.28094829391109283
VAL	A	728	0.22116088237803935
VAL	A	729	0.22948087216958515
LYS	A	730	0.25472733348248733
TRP	A	731	0.07888925210999441
SER	A	732	0.0886363301209687
LYS	A	733	0.23998661500124532
SER	A	734	0.21985774068534442
LEU	A	735	0.1071312720034957
PRO	A	736	0.22567281474953807
GLY	A	737	0.30626466398369107
PHE	A	738	0.11205093797687933
ARG	A	739	0.2512625014911362
ASN	A	740	0.3086231210930028
LEU	A	741	0.1617625588438976
HIS	A	742	0.16578502886305424
ILE	A	743	0.24538676077200433
ASP	A	744	0.26651454186937396
ASP	A	745	0.1493212877225611
GLN	A	746	0.16737733074954406
ILE	A	747	0.26815705907661597
THR	A	748	0.2620848412903958
LEU	A	749	0.14847105562929194
ILE	A	750	0.18429764937694604
GLN	A	751	0.29857561992939197
TYR	A	752	0.2489275780901127
SER	A	753	0.21190351921314918
TRP	A	754	0.25587243407704374
MET	A	755	0.22503286621094354
SER	A	756	0.12443640548602707
LEU	A	757	0.08326492955492226
MET	A	758	0.19810058429504745
VAL	A	759	0.11302416953917602
PHE	A	760	0.030707689287792304
GLY	A	761	0.11399389395310466
LEU	A	762	0.10008904718615907
GLY	A	763	0.07218936494622125
TRP	A	764	0.08542637277107962
ARG	A	765	0.24951321103867513
SER	A	766	0.22821749786003184
TYR	A	767	0.17287734011978573
LYS	A	768	0.3824923760829083
HIS	A	769	0.5208809778861326
VAL	A	770	0.4894523897380685
SER	A	771	0.516144726712827
GLY	A	772	0.5535938390024735
GLN	A	773	0.5767563641854705
MET	A	774	0.4339825773416616
LEU	A	775	0.30626466398369107
TYR	A	776	0.38034244533690803
PHE	A	777	0.31740135255259827
ALA	A	778	0.4128359269745979
PRO	A	779	0.5210942939763012
ASP	A	780	0.4960854285016327
LEU	A	781	0.44608539415479914
ILE	A	782	0.4600855015981396
LEU	A	783	0.46354063749656105
ASN	A	784	0.49561702414723746
GLU	A	785	0.48018063590852317
GLN	A	786	0.48969212091976444
ARG	A	787	0.49795093499289245
MET	A	788	0.4383677623822463
LYS	A	789	0.44636702498495995
GLU	A	790	0.5294911759681864
SER	A	791	0.508880284177731
SER	A	792	0.4953825158677718
PHE	A	793	0.3895372347929573
TYR	A	794	0.3192134687179822
SER	A	795	0.3024476037622959
LEU	A	796	0.25300049397166974
CYS	A	797	0.2393798543526185
LEU	A	798	0.3000341505116891
THR	A	799	0.2615259662532603
MET	A	800	0.15185598370270562
TRP	A	801	0.24059201060789084
GLN	A	802	0.25184308042973286
ILE	A	803	0.13716639811867953
PRO	A	804	0.15101373502246956
GLN	A	805	0.2459801419025309
GLU	A	806	0.17597045732022665
PHE	A	807	0.12536593398766385
VAL	A	808	0.2861035901543177
LYS	A	809	0.31511891110285395
LEU	A	810	0.34005729558782233
GLN	A	811	0.3554849480526851
VAL	A	812	0.29415198770688916
SER	A	813	0.3379598708334985
GLN	A	814	0.3057904819514678
GLU	A	815	0.3241347705816946
GLU	A	816	0.23073834283933473
PHE	A	817	0.10910994440116191
LEU	A	818	0.12443640548602707
CYS	A	819	0.11205093797687933
MET	A	820	0.005850192003568914
LYS	A	821	0.01856585985201489
VAL	A	822	0.0072930814318818826
LEU	A	823	0.0
LEU	A	824	0.04484019954856769
LEU	A	825	0.046088917490716017
LEU	A	826	0.09494360870716274
ASN	A	827	0.30292770778555506
THR	A	828	0.2615259662532603
ILE	A	829	0.2002167018864298
PRO	A	830	0.23385654961451283
LEU	A	831	0.3408917093839996
GLU	A	832	0.3674468388434051
GLY	A	833	0.3236910800711929
LEU	A	834	0.23011034200902408
ARG	A	835	0.18652468195251437
SER	A	836	0.29857561992939197
GLN	A	837	0.25587243407704374
THR	A	838	0.18504204330572868
GLN	A	839	0.16896026610017187
PHE	A	840	0.06415598529323674
GLU	A	841	0.1705339444660079
GLU	A	842	0.16337876930979858
MET	A	843	0.15685485624810078
ARG	A	844	0.08217766248526567
ALA	A	845	0.1576790475008308
SER	A	846	0.22948087216958515
TYR	A	847	0.11879078092828771
ILE	A	848	0.1585007221351333
ARG	A	849	0.2676106665362938
GLU	A	850	0.3014848183572428
LEU	A	851	0.25068066724575006
ILE	A	852	0.3362700804542037
LYS	A	853	0.3997703397765707
ALA	A	854	0.4156902661731356
ILE	A	855	0.3792610042284264
GLY	A	856	0.5384348407516089
LEU	A	857	0.6276332165877105
ARG	A	858	0.7140451933265631
GLN	A	859	0.8166578337535065
LYS	A	860	0.8451025713022309
GLY	A	861	0.8363918679527131
VAL	A	862	0.7929651616858185
VAL	A	863	0.6604264928000939
SER	A	864	0.5213074411032124
SER	A	865	0.47768665852375886
SER	A	866	0.4500016537851603
GLN	A	867	0.37599035748074505
ARG	A	868	0.3236910800711929
PHE	A	869	0.2381622132087373
TYR	A	870	0.22758357946639093
GLN	A	871	0.23198996478715664
LEU	A	872	0.1493212877225611
THR	A	873	0.12443640548602707
LYS	A	874	0.2091989915873191
LEU	A	875	0.1959676941303945
LEU	A	876	0.11879078092828771
ASP	A	877	0.20091839259342228
ASN	A	878	0.35270867046411736
LEU	A	879	0.25415295069524496
HIS	A	880	0.3315676882465972
ASP	A	881	0.39264823168070095
LEU	A	882	0.2876311149768349
VAL	A	883	0.21391422520809722
LYS	A	884	0.31049511635473764
GLN	A	885	0.28094829391109283
LEU	A	886	0.21324565782405688
HIS	A	887	0.2489275780901127
LEU	A	888	0.24951321103867513
TYR	A	889	0.2620848412903958
CYS	A	890	0.2459801419025309
LEU	A	891	0.21854825764557664
ASN	A	892	0.2793822473942893
THR	A	893	0.28965441949860754
PHE	A	894	0.20715260732509386
ILE	A	895	0.27462867118047596
GLN	A	896	0.3302708267791996
SER	A	897	0.32190896605022706
ARG	A	898	0.38213524499710433
ALA	A	899	0.35469464430210135
LEU	A	900	0.41600555412209894
SER	A	901	0.35627293758692496
VAL	A	902	0.3132789160116414
GLU	A	903	0.29315900416813573
PHE	A	904	0.25242240946652644
PRO	A	905	0.27990527619578826
GLU	A	906	0.34950030776570307
MET	A	907	0.4102730672823674
MET	A	908	0.34130794803413
SER	A	909	0.2855924822444351
GLU	A	910	0.3624951392727399
VAL	A	911	0.3345696120237878
ILE	A	912	0.28712290286420206
ALA	A	913	0.354298620340035
ALA	A	914	0.4568562840432815
GLN	A	915	0.42315705457895403
LEU	A	916	0.35979061164691056
PRO	A	917	0.3785376214442748
LYS	A	918	0.41379074134235283
ILE	A	919	0.41123700228439125
LEU	A	920	0.40276589835716997
ALA	A	921	0.3624951392727399
GLY	A	922	0.42346371926588217
MET	A	923	0.3933347071388405
VAL	A	924	0.33242880332911645
LYS	A	925	0.35230971081556695
PRO	A	926	0.30673801192219863
LEU	A	927	0.27356081964562634
LEU	A	928	0.2946471087916575
PHE	A	929	0.29365595395600974
HIS	A	930	0.3881429403075466
LYS	A	931	0.5929071045903709
LYS	A	932	0.7917200548553065
