ResName	Chain	ResID	RMSF
MET	A	1	0.9531998916497482
THR	A	2	0.9328019577603186
GLU	A	3	0.9651810908867374
LEU	A	4	0.9427164808852102
LYS	A	5	0.9563319626853422
SER	A	6	0.94660039303765
LYS	A	7	0.9270304818143336
GLY	A	8	0.9603244653657638
PRO	A	9	0.9115526320674789
ARG	A	10	0.938591134064326
ALA	A	11	0.9650136244294787
PRO	A	12	0.9019372958650318
HIS	A	13	0.9401110966590246
VAL	A	14	0.9392830880667603
ALA	A	15	0.9416225425665972
GLY	A	16	0.9462863429212519
GLY	A	17	0.9692518742653634
PRO	A	18	0.9265962237317619
PRO	A	19	0.9155061477479257
SER	A	20	0.9609629191250382
PRO	A	21	0.9494548809166921
GLU	A	22	0.9818567021571749
VAL	A	23	0.9857627447400835
GLY	A	24	0.975768793067072
SER	A	25	0.9650555007918022
PRO	A	26	0.9518840520289646
LEU	A	27	0.973708569505821
LEU	A	28	0.9888473591117115
CYS	A	29	0.9800407516403261
ARG	A	30	0.97884981554526
PRO	A	31	0.9523233788155965
ALA	A	32	0.9660168671939763
ALA	A	33	0.9728556472662317
GLY	A	34	0.9714689819854131
PRO	A	35	0.9291913472071669
PHE	A	36	0.9697461420854969
GLN	A	37	0.9698695676595404
GLY	A	38	0.9656410882792006
SER	A	39	0.968674081476653
GLN	A	40	0.9724485439783268
THR	A	41	0.9624890707907275
SER	A	42	0.9755272289428396
ASP	A	43	0.9666836287566711
THR	A	44	0.9763717586426994
LEU	A	45	0.9753660659284171
PRO	A	46	0.9673487462762429
GLU	A	47	0.9938234634620311
VAL	A	48	0.9825247325059151
SER	A	49	0.9823676976667453
ALA	A	50	0.994462540060201
ILE	A	51	0.9764119084660028
PRO	A	52	0.9923516001519844
ILE	A	53	0.9798426270722085
SER	A	54	0.9770935427172631
LEU	A	55	0.986884997421678
ASP	A	56	0.9822105713554055
GLY	A	57	0.9867691185966558
LEU	A	58	0.9751644766601113
LEU	A	59	0.9840120215784339
PHE	A	60	0.972570739489982
PRO	A	61	0.9798822636290891
ARG	A	62	0.9907194129084838
LEU	A	63	0.97884981554526
CYS	A	64	0.9767729882085169
GLN	A	65	0.9891155921207534
GLY	A	66	0.977813400605202
GLN	A	67	0.9816599073812722
ASP	A	68	0.9782124931286089
PRO	A	69	0.9317143637706359
PRO	A	70	0.9649717415651191
ASP	A	71	0.9800407516403261
LYS	A	72	0.9487885654176619
LYS	A	73	0.9868463766774834
THR	A	74	0.9707319689931351
GLN	A	75	0.9801199607401071
ASN	A	76	0.9726928796719942
GLN	A	77	0.9904527707754173
GLN	A	78	0.9764921901890257
SER	A	79	0.9875407054710468
LEU	A	80	0.9824854823658145
SER	A	81	0.9851804319557687
ASP	A	82	0.9789293750761023
VAL	A	83	0.9727742757460474
GLU	A	84	0.9866531899705471
GLY	A	85	0.9835823332012782
ALA	A	86	0.9680536413027181
TYR	A	87	0.99147979843628
SER	A	88	0.9645106003445636
ARG	A	89	0.977893266360742
ALA	A	90	0.9549878878626574
GLU	A	91	0.9753660659284171
ALA	A	92	0.9745588033556559
THR	A	93	0.9611754016782587
ARG	A	94	0.9663921233463554
GLY	A	95	0.9707729670306584
THR	A	96	0.9778533364387735
GLY	A	97	0.980634253722142
GLY	A	98	0.9811081169750802
SER	A	99	0.984869350373227
SER	A	100	0.9717142061726343
SER	A	101	0.9844799932222463
ARG	A	102	0.9904527707754173
PRO	A	103	0.9407533507418747
PRO	A	104	0.977373715768871
GLU	A	105	0.9852192919410503
LYS	A	106	0.9788100269785729
ASP	A	107	0.9698284320761796
SER	A	108	0.9571093309102804
GLY	A	109	0.9486995988642941
LEU	A	110	0.9519719746462247
LEU	A	111	0.9624045107312998
ASP	A	112	0.9506942832359894
SER	A	113	0.9356653870376527
VAL	A	114	0.9413940792791486
LEU	A	115	0.9509150070739868
ASP	A	116	0.9467348740977011
THR	A	117	0.907332931337225
LEU	A	118	0.9682606132973468
LEU	A	119	0.9650555007918022
ALA	A	120	0.9624045107312998
PRO	A	121	0.9632067630499568
SER	A	122	0.9494105110527273
GLY	A	123	0.9640486694367812
PRO	A	124	0.9605800282341131
GLY	A	125	0.9730183167042179
GLN	A	126	0.9653484534404951
SER	A	127	0.974760845599665
GLN	A	128	0.9739517670465908
PRO	A	129	0.9634174861193135
SER	A	130	0.989651259278788
PRO	A	131	0.9416225425665972
PRO	A	132	0.9631645986751364
ALA	A	133	0.9851026951865374
CYS	A	134	0.982995289253879
GLU	A	135	1.0
VAL	A	136	0.9736680152567231
THR	A	137	0.9764520523141855
SER	A	138	0.9952499029563833
SER	A	139	0.9850249360083209
TRP	A	140	0.9860727983229159
CYS	A	141	0.9833085383381347
LEU	A	142	0.9885788591092286
PHE	A	143	0.9891921811579986
GLY	A	144	0.9939739706983898
PRO	A	145	0.9653484534404951
GLU	A	146	0.9825247325059151
LEU	A	147	0.9886556006708744
PRO	A	148	0.9453419928136795
GLU	A	149	0.9729369942473567
ASP	A	150	0.9763316028424964
PRO	A	151	0.9329906577241984
PRO	A	152	0.9689631325738193
ALA	A	153	0.9899186944839755
ALA	A	154	0.957583288776967
PRO	A	155	0.9503849661226366
ALA	A	156	0.9568936199132867
THR	A	157	0.9584429025935587
GLN	A	158	0.9568504570061835
ARG	A	159	0.9734245616414923
VAL	A	160	0.9641747290639834
LEU	A	161	0.9685501075545784
SER	A	162	0.9883869096331395
PRO	A	163	0.9180601584651525
LEU	A	164	0.9571955670322955
MET	A	165	0.9557257903238117
SER	A	166	0.959855303659855
ARG	A	167	0.9588288368913754
SER	A	168	0.9355719844787673
GLY	A	169	0.9529810303092503
GLY	A	170	0.9551616936594989
LYS	A	171	0.9535933951292553
THR	A	172	0.9564184476451616
GLU	A	173	0.9592142198105331
ASP	A	174	0.9574971765376513
SER	A	175	0.9488775026381726
SER	A	176	0.954770473014613
GLY	A	177	0.9566345388105795
THR	A	178	0.9558124698192122
ALA	A	179	0.9590001861665453
ALA	A	180	0.9523233788155965
ALA	A	181	0.9567209268296896
HIS	A	182	0.9436247194111451
LYS	A	183	0.9553353875401723
VAL	A	184	0.9537244354948955
LEU	A	185	0.9729776585403961
PRO	A	186	0.9364114454903906
ARG	A	187	0.9565481231163067
GLY	A	188	0.9723670495404363
LEU	A	189	0.952630482388096
SER	A	190	0.9659334059967245
PRO	A	191	0.9434886784295112
SER	A	192	0.9620660051654772
ARG	A	193	0.9608353492066684
GLN	A	194	0.9607077189287417
LEU	A	195	0.9655993027338663
LEU	A	196	0.965264785143495
LEU	A	197	0.9876947583520846
PRO	A	198	0.9663921233463554
THR	A	199	0.9901858648081241
SER	A	200	0.9616422749693831
GLY	A	201	0.9799615192745441
SER	A	202	0.9821712754725526
PRO	A	203	0.9565481231163067
HIS	A	204	0.9887706720927543
TRP	A	205	0.9841681023508287
SER	A	206	0.978969146043718
GLY	A	207	0.9783719649555211
ALA	A	208	0.9805947275168744
PRO	A	209	0.98071328876149
VAL	A	210	0.9584858114598491
LYS	A	211	0.9669748194876333
PRO	A	212	0.9751241407217385
SER	A	213	0.9695403072129639
PRO	A	214	0.956677736278422
GLN	A	215	0.9814235639776897
PRO	A	216	0.9428529117676763
THR	A	217	0.9690044003146426
ALA	A	218	0.9772936960152834
VAL	A	219	0.9615150260068697
GLU	A	220	0.9686327631664909
VAL	A	221	0.973708569505821
GLU	A	222	0.959855303659855
GLU	A	223	0.9666836287566711
GLU	A	224	0.9466900545267141
ASP	A	225	0.9579274630978097
GLY	A	226	0.9601113111963432
SER	A	227	0.9504291760034805
GLU	A	228	0.9664754427562428
SER	A	229	0.9427619655134887
GLU	A	230	0.9457920956836159
ASP	A	231	0.9581423492617791
SER	A	232	0.9454771025522244
ALA	A	233	0.9486995988642941
GLY	A	234	0.9760905424266628
PRO	A	235	0.9503849661226366
LEU	A	236	0.965808165762006
LEU	A	237	0.9671410731676978
LYS	A	238	0.970034047291079
GLY	A	239	0.9698695676595404
LYS	A	240	0.9733839646683754
SER	A	241	0.9714280896049261
ARG	A	242	0.9745183767407635
VAL	A	243	0.9653902778591176
LEU	A	244	0.9569799250131641
GLY	A	245	0.9562454499882037
GLY	A	246	0.9528496282181407
ALA	A	247	0.9532873864891028
ALA	A	248	0.9551616936594989
ALA	A	249	0.9537681014743298
GLY	A	250	0.968674081476653
GLY	A	251	0.9775736613620191
GLY	A	252	0.9876947583520846
ALA	A	253	0.9873094610613722
ALA	A	254	0.9899950558680285
ALA	A	255	0.9864985409266863
VAL	A	256	0.9803970095666856
PRO	A	257	0.9347767542166614
PRO	A	258	0.9352915825955496
GLY	A	259	0.9864598648082795
ALA	A	260	0.9825639769356583
ALA	A	261	0.9833085383381347
ALA	A	262	0.9771736218591206
GLY	A	263	0.9897659068348239
GLY	A	264	0.9883869096331395
VAL	A	265	0.9962215597664232
GLY	A	266	0.9886939632660278
LEU	A	267	0.9815417615640543
VAL	A	268	0.9790089111484361
PRO	A	269	0.9637963733117334
LYS	A	270	0.9919729020870256
GLU	A	271	0.9885020957087773
ASP	A	272	0.9793268211290942
SER	A	273	0.979128171302482
ARG	A	274	0.9836605092885854
PHE	A	275	0.9731808881042664
SER	A	276	0.9613877169882089
ALA	A	277	0.9681364491582773
PRO	A	278	0.923927125350529
ARG	A	279	0.9735057372627385
VAL	A	280	0.9444847226834354
ALA	A	281	0.9731808881042664
LEU	A	282	0.9662670959571573
VAL	A	283	0.9616422749693831
GLU	A	284	0.9682606132973468
GLN	A	285	0.9583141350261365
ASP	A	286	0.9588716844154692
ALA	A	287	0.9774537117918076
PRO	A	288	0.9378510880929742
MET	A	289	0.9621929945381007
ALA	A	290	0.9477636742021717
PRO	A	291	0.9530248167856659
GLY	A	292	0.9890006677758926
ARG	A	293	0.9763316028424964
SER	A	294	0.9931074050380594
PRO	A	295	0.9542479613018582
LEU	A	296	0.970239505894481
ALA	A	297	0.986305104857181
THR	A	298	0.9857627447400835
THR	A	299	0.9670995193530326
MET	A	300	0.9632910720324733
MET	A	301	0.9655993027338663
ASP	A	302	0.9923516001519844
PHE	A	303	0.9621083415992713
ILE	A	304	0.9572817755940282
HIS	A	305	0.9774937009086795
VAL	A	306	0.9743970605312233
PRO	A	307	0.9858790566013318
ILE	A	308	0.9717550552054018
VAL	A	309	0.9728149645744474
PRO	A	310	0.9790884237760907
LEU	A	311	0.954726969008815
ASN	A	312	0.9421700662742655
HIS	A	313	0.8814417491935688
ALA	A	314	0.9178607155079221
LEU	A	315	0.8745025475716491
LEU	A	316	0.8955119046375319
ALA	A	317	0.8034024523741667
ALA	A	318	0.7833886194840585
ARG	A	319	0.7580974836489168
THR	A	320	0.7609681096082099
ARG	A	321	0.7124113897462981
GLN	A	322	0.6917710349827619
LEU	A	323	0.7184330047760769
LEU	A	324	0.7363182832629426
GLU	A	325	0.7323788691459935
ASP	A	326	0.7860035720422573
GLU	A	327	0.9042554448670411
SER	A	328	0.9354785495670727
TYR	A	329	0.9615150260068697
ASP	A	330	0.9498981786127886
GLY	A	331	0.9808712894029181
GLY	A	332	0.9886939632660278
ALA	A	333	0.9798029846902773
GLY	A	334	0.9911759013897834
ALA	A	335	0.9697872902188032
ALA	A	336	0.9656828673526776
SER	A	337	0.986421183143717
ALA	A	338	0.9803574485799805
PHE	A	339	0.9736274549097005
ALA	A	340	0.9885020957087773
PRO	A	341	0.9599833377991304
PRO	A	342	0.9479868081278454
GLN	A	343	0.979565007976681
SER	A	344	0.9694991213838335
SER	A	345	0.9625313408820725
PRO	A	346	0.9410281350651601
SER	A	347	0.9633753546725484
ALA	A	348	0.9717550552054018
SER	A	349	0.9574971765376513
SER	A	350	0.9643007298077453
THR	A	351	0.9801595565695161
PRO	A	352	0.9309551820209911
VAL	A	353	0.9871166058394835
ALA	A	354	0.9542043729382883
VAL	A	355	0.9639225508710774
GLY	A	356	0.9822891459517563
ASP	A	357	0.9595990529242775
PHE	A	358	0.9509150070739868
PRO	A	359	0.8942082536714571
ASP	A	360	0.9499867507979105
CYS	A	361	0.9703627059821973
ALA	A	362	0.9567641104665969
TYR	A	363	0.968921858518599
PRO	A	364	0.9427164808852102
PRO	A	365	0.9272714345658312
ASP	A	366	0.9783719649555211
ALA	A	367	0.9600686601428325
GLU	A	368	0.9805156577266656
PRO	A	369	0.9467796862229585
LYS	A	370	0.9857239629720107
ASP	A	371	0.9570662025086591
ASN	A	372	0.9709778638026565
ALA	A	373	0.9681778435552535
TYR	A	374	0.9806737741364483
PRO	A	375	0.9463312296153177
LEU	A	376	0.9571524524174245
TYR	A	377	0.9577554308296282
GLY	A	378	0.9597272087208278
ASP	A	379	0.9613877169882089
PHE	A	380	0.9635438409911838
GLN	A	381	0.9797236824444125
PRO	A	382	0.9620236620859827
LEU	A	383	0.9643427169799625
ALA	A	384	0.9806737741364483
LEU	A	385	0.979565007976681
LYS	A	386	0.9760905424266628
ILE	A	387	0.9602392239091008
LYS	A	388	0.9168612827700671
GLU	A	389	0.9794459408428275
GLU	A	390	0.9539426947408558
GLU	A	391	0.9678465103800277
GLU	A	392	0.9721632056651229
GLY	A	393	0.9794459408428275
ALA	A	394	0.9687566991150831
GLU	A	395	0.9788895982438596
ALA	A	396	0.9849082551958754
SER	A	397	0.967016392514974
ALA	A	398	0.9726928796719942
ARG	A	399	0.9724892819663775
SER	A	400	0.986730481256854
PRO	A	401	0.9477190252593626
GLY	A	402	0.9715916219454096
SER	A	403	0.9769333130794271
TYR	A	404	0.9853746759242442
LEU	A	405	0.9850638183993597
VAL	A	406	0.9756480380457169
ALA	A	407	0.986730481256854
GLY	A	408	0.993672872202089
ALA	A	409	0.9735868884629191
ASN	A	410	0.9726521724226352
PRO	A	411	0.9242682991445982
ALA	A	412	0.9728963238232516
ALA	A	413	0.9643846976177199
PHE	A	414	0.9703627059821973
PRO	A	415	0.9211328149507824
ASP	A	416	0.9590430064837024
PHE	A	417	0.9756480380457169
PRO	A	418	0.9510473547358282
LEU	A	419	0.9726114590292494
GLY	A	420	0.9580134381064628
PRO	A	421	0.9249979360172833
PRO	A	422	0.9270786895863081
PRO	A	423	0.8886519431570468
GLN	A	424	0.936085298786601
LEU	A	425	0.925192172992276
PRO	A	426	0.882808422604017
PRO	A	427	0.8706679224323212
ARG	A	428	0.9317143637706359
ALA	A	429	0.9296691977969056
PRO	A	430	0.9084715410327822
PRO	A	431	0.8758464627330453
SER	A	432	0.9298601012637311
ARG	A	433	0.928425021159475
PRO	A	434	0.9276565118437403
GLY	A	435	0.9488775026381726
GLU	A	436	0.951708120773835
ALA	A	437	0.9458370646905327
ALA	A	438	0.9464658448991722
VAL	A	439	0.9423978735569256
THR	A	440	0.9508267392108413
ALA	A	441	0.954770473014613
ALA	A	442	0.949277357654368
PRO	A	443	0.9300985407624754
ALA	A	444	0.9689631325738193
SER	A	445	0.9476297051965048
ALA	A	446	0.9500752939096084
SER	A	447	0.9580993857214533
VAL	A	448	0.9483879846516451
SER	A	449	0.9583570643788756
SER	A	450	0.9748012358950712
ALA	A	451	0.9679293818360915
SER	A	452	0.9804365647522344
SER	A	453	0.966600373636453
PRO	A	454	0.9521477339535444
GLY	A	455	0.9729369942473567
SER	A	456	0.9605800282341131
THR	A	457	0.9701573412312307
LEU	A	458	0.9772136525169615
GLU	A	459	0.9772936960152834
CYS	A	460	0.9754063657099764
ILE	A	461	0.9787702325420671
LEU	A	462	0.9704858498270045
TYR	A	463	0.9686327631664909
LYS	A	464	0.9866531899705471
ALA	A	465	0.9724077998369661
GLU	A	466	0.9727742757460474
GLY	A	467	0.9879641393733394
ALA	A	468	0.9827208975842755
LEU	A	469	0.9794062401160848
PRO	A	470	0.9755272289428396
GLN	A	471	0.9731402544388486
GLN	A	472	0.9862664009920791
GLY	A	473	0.9797633364815831
GLN	A	474	0.9897276963967168
PHE	A	475	0.9695403072129639
ALA	A	476	0.9672241615981608
PRO	A	477	0.9269340404163217
PRO	A	478	0.8986366254317246
PRO	A	479	0.9697049876743461
CYS	A	480	0.9726521724226352
LYS	A	481	0.9616846779542012
ALA	A	482	0.9691281656700442
PRO	A	483	0.8854086822652347
GLY	A	484	0.9646364443344205
ALA	A	485	0.9636701367035335
GLY	A	486	0.9626158611984041
GLY	A	487	0.9752854482985984
CYS	A	488	0.9754063657099764
LEU	A	489	0.9610479322323809
LEU	A	490	0.9608778792165894
PRO	A	491	0.9399732716092585
ARG	A	492	0.9673072244432717
ASP	A	493	0.9510473547358282
GLY	A	494	0.9562021832325788
LEU	A	495	0.9424434119359256
PRO	A	496	0.9367837023545286
SER	A	497	0.9490552891579488
THR	A	498	0.9569799250131641
SER	A	499	0.9664754427562428
ALA	A	500	0.9537681014743298
SER	A	501	0.9737491176588271
ALA	A	502	0.973789659717574
ALA	A	503	0.9715916219454096
ALA	A	504	0.9899950558680285
ALA	A	505	0.9708959237694124
ALA	A	506	0.9834259130244594
GLY	A	507	0.973789659717574
ALA	A	508	0.9717550552054018
ALA	A	509	0.9770935427172631
PRO	A	510	0.9456571436651091
THR	A	511	0.9761307341256669
LEU	A	512	0.9625313408820725
TYR	A	513	0.9656828673526776
PRO	A	514	0.9556390829661492
ALA	A	515	0.9937105278994162
LEU	A	516	0.9624467940744956
GLY	A	517	0.992616372817365
LEU	A	518	0.9673072244432717
ASN	A	519	0.9834650265730475
GLY	A	520	0.9913658771616796
LEU	A	521	0.9804365647522344
PRO	A	522	0.9750434507458554
GLN	A	523	0.9637543010060464
LEU	A	524	0.9663504539885269
GLY	A	525	0.9781327218468311
TYR	A	526	0.9621506713894508
GLN	A	527	0.977973108476869
ALA	A	528	0.9805156577266656
ALA	A	529	0.9807923006505628
VAL	A	530	0.9635017292765772
LEU	A	531	0.955855799124159
LYS	A	532	0.977773458858277
GLU	A	533	0.9692930978594477
GLY	A	534	0.9709778638026565
LEU	A	535	0.9782523699248032
GLN	A	536	0.9809502550321019
GLN	A	537	0.9836995888377109
VAL	A	538	0.9792076487890221
TYR	A	539	0.9826424486707183
PRO	A	540	0.9433071836624519
PRO	A	541	0.9551616936594989
TYR	A	542	0.9785711722516035
LEU	A	543	0.9661420105909625
ASN	A	544	0.9866531899705471
TYR	A	545	0.9821712754725526
LEU	A	546	0.9709368968973662
ARG	A	547	0.9672656962179004
PRO	A	548	0.9626581114275399
ASP	A	549	0.9656410882792006
SER	A	550	0.9667252466827532
GLU	A	551	0.9506059431050654
ALA	A	552	0.9567209268296896
SER	A	553	0.9687566991150831
GLN	A	554	0.9617270742745032
SER	A	555	0.9978950464093682
PRO	A	556	0.9600260023444729
GLN	A	557	0.9874636460254819
TYR	A	558	0.9711826050552681
SER	A	559	0.988809018327429
PHE	A	560	0.9756480380457169
GLU	A	561	0.9535497008572936
SER	A	562	0.9715916219454096
LEU	A	563	0.9644266717230511
PRO	A	564	0.8943171322147578
GLN	A	565	0.8597553364620393
LYS	A	566	0.6458687274183385
ILE	A	567	0.39205877081483437
CYS	A	568	0.15604415828136523
LEU	A	569	0.3569384560135063
ILE	A	570	0.17313789538235802
CYS	A	571	0.14923631209308663
GLY	A	572	0.3370708350061654
ASP	A	573	0.22467439349742707
GLU	A	574	0.2913047766155318
ALA	A	575	0.36979523937844033
SER	A	576	0.4016936017039882
GLY	A	577	0.5011979520330337
CYS	A	578	0.4426951211160254
HIS	A	579	0.4180866516540201
TYR	A	580	0.41776836655825345
GLY	A	581	0.5580976620899316
VAL	A	582	0.5133105918373239
LEU	A	583	0.41998851561264433
THR	A	584	0.32205651144956315
CYS	A	585	0.11136358796593104
GLY	A	586	0.23864086550797248
SER	A	587	0.2036797509982226
CYS	A	588	0.08205998008300867
LYS	A	589	0.24955345147825483
VAL	A	590	0.26848074005406813
PHE	A	591	0.16594422674092182
PHE	A	592	0.2577459514849333
LYS	A	593	0.3624678622472117
ARG	A	594	0.3553375813601186
ALA	A	595	0.3791429033054316
MET	A	596	0.5394870704537725
GLU	A	597	0.5690411006855165
GLY	A	598	0.7208252207666711
GLN	A	599	0.821249537733918
HIS	A	600	0.7379752684136796
ASN	A	601	0.6716653121340895
TYR	A	602	0.46577871528076453
LEU	A	603	0.4475866599386035
CYS	A	604	0.3085547268428391
ALA	A	605	0.41998851561264433
GLY	A	606	0.4995567247956698
ARG	A	607	0.4902253137102612
ASN	A	608	0.5164213777322642
ASP	A	609	0.4362302965277312
CYS	A	610	0.31328724449885725
ILE	A	611	0.36788619682182605
VAL	A	612	0.2907953400384947
ASP	A	613	0.23111256515588094
LYS	A	614	0.2542653020650501
ILE	A	615	0.27233039991093094
ARG	A	616	0.31515724566121556
ARG	A	617	0.3080768762531002
LYS	A	618	0.31515724566121556
ASN	A	619	0.31045770889654206
CYS	A	620	0.19870404704509553
PRO	A	621	0.2447578302846665
ALA	A	622	0.2679262761643647
CYS	A	623	0.21539472603991858
ARG	A	624	0.1211027897549608
LEU	A	625	0.24110432178333813
ARG	A	626	0.33878351750489055
LYS	A	627	0.2755869374995693
CYS	A	628	0.30711862804337003
CYS	A	629	0.3989757289645417
GLN	A	630	0.41034219856932863
ALA	A	631	0.49624400577239863
GLY	A	632	0.5302023325240344
MET	A	633	0.4647104105681236
VAL	A	634	0.5842371329639547
LEU	A	635	0.6052197399766066
GLY	A	636	0.8357663720256192
GLY	A	637	0.9139418099601728
ARG	A	638	0.9347767542166614
LYS	A	639	0.9485660939927912
PHE	A	640	0.9236831653200035
LYS	A	641	0.9645525548648076
LYS	A	642	0.9633753546725484
PHE	A	643	0.9479868081278454
ASN	A	644	0.9852969951210101
LYS	A	645	0.9710597789528048
VAL	A	646	0.9470484027526013
ARG	A	647	0.975567504655847
VAL	A	648	0.9548139700053331
MET	A	649	0.922558098586249
ARG	A	650	0.9597272087208278
ALA	A	651	0.9659334059967245
LEU	A	652	0.957238674757096
ASP	A	653	0.9637543010060464
ALA	A	654	0.9571955670322955
VAL	A	655	0.9406158535403424
ALA	A	656	0.9572817755940282
LEU	A	657	0.9562887098050497
PRO	A	658	0.9668500619486644
GLN	A	659	0.9548574599832371
PRO	A	660	0.9623622207590621
VAL	A	661	0.9621929945381007
GLY	A	662	0.958399986900625
ILE	A	663	0.9414854878152201
PRO	A	664	0.9681778435552535
ASN	A	665	0.9827601134871382
GLU	A	666	0.9562021832325788
SER	A	667	0.986421183143717
GLN	A	668	0.9561156288960859
VAL	A	669	0.9518400799712644
LEU	A	670	0.9574110367996159
SER	A	671	0.9890772894458768
GLN	A	672	0.9585716087211849
ARG	A	673	0.9759297157190425
PHE	A	674	0.9751241407217385
THR	A	675	0.988809018327429
PHE	A	676	0.9664754427562428
SER	A	677	0.9859178160794306
PRO	A	678	0.9599406665046705
GLY	A	679	0.9708959237694124
GLN	A	680	0.9597272087208278
ASP	A	681	0.9827601134871382
ILE	A	682	0.9204914418757354
GLN	A	683	0.9291913472071669
LEU	A	684	0.8203918372104477
ILE	A	685	0.8027918203366852
PRO	A	686	0.6685410406160698
PRO	A	687	0.5368374793467284
LEU	A	688	0.4380088518986983
ILE	A	689	0.41001463740295024
LYS	A	690	0.4132724860289241
LEU	A	691	0.320690703025983
LEU	A	692	0.22467439349742707
MET	A	693	0.3301092463819413
SER	A	694	0.28616659102671255
ILE	A	695	0.24293726147942085
GLU	A	696	0.2851271038545476
PRO	A	697	0.40236881253805723
ASP	A	698	0.47827886311367046
VAL	A	699	0.48232008607491833
ILE	A	700	0.3969192011836103
TYR	A	701	0.43082316829603784
ALA	A	702	0.44414303971522706
GLY	A	703	0.5347814740626708
HIS	A	704	0.5153144964607639
ASP	A	705	0.5624167042441288
ASN	A	706	0.628796711153118
SER	A	707	0.6251306233648655
LYS	A	708	0.6632094050853924
PRO	A	709	0.6913093376730162
ASP	A	710	0.6888723762349066
THR	A	711	0.5244741126646421
SER	A	712	0.511066430911993
SER	A	713	0.4475866599386035
SER	A	714	0.41998851561264433
LEU	A	715	0.3948468740587595
LEU	A	716	0.3370708350061654
THR	A	717	0.31608740722898643
SER	A	718	0.34259775118326213
LEU	A	719	0.27068726840974566
ASN	A	720	0.2766637716137177
GLN	A	721	0.2435454840310556
LEU	A	722	0.2227125914876764
GLY	A	723	0.2043831323286224
GLU	A	724	0.2465661940676458
ARG	A	725	0.2435454840310556
GLN	A	726	0.18014469419479961
LEU	A	727	0.24171668660334253
LEU	A	728	0.27233039991093094
SER	A	729	0.2739635830272292
VAL	A	730	0.21200164246640305
VAL	A	731	0.21674009834186542
LYS	A	732	0.24955345147825483
TRP	A	733	0.07306759448084027
SER	A	734	0.08753170090735558
LYS	A	735	0.23925884192342547
SER	A	736	0.22402204351233648
LEU	A	737	0.11918287711362541
PRO	A	738	0.22726813066755694
GLY	A	739	0.31234735996829727
PHE	A	740	0.11821777201483076
ARG	A	741	0.25073915267249175
ASN	A	742	0.30276388003824867
LEU	A	743	0.16268440957845348
HIS	A	744	0.16916511978288973
ILE	A	745	0.2380214700868756
ASP	A	746	0.255430515917359
ASP	A	747	0.13689281152786112
GLN	A	748	0.14923631209308663
ILE	A	749	0.2594695777160313
THR	A	750	0.25309503303920616
LEU	A	751	0.13234385739533755
ILE	A	752	0.16594422674092182
GLN	A	753	0.2887479177812814
TYR	A	754	0.23364541557149954
SER	A	755	0.19363483447753277
TRP	A	756	0.24955345147825483
MET	A	757	0.21471951520584906
SER	A	758	0.11918287711362541
LEU	A	759	0.07534395049928841
MET	A	760	0.18320134545538322
VAL	A	761	0.10937282920800573
PHE	A	762	0.02706852349085074
GLY	A	763	0.10837191307864057
LEU	A	764	0.08316323964698381
GLY	A	765	0.06257936498011527
TRP	A	766	0.07420817371661893
ARG	A	767	0.20297453076029168
SER	A	768	0.20155853492413714
TYR	A	769	0.16431924238476087
LYS	A	770	0.37987690807769453
HIS	A	771	0.509937310019456
VAL	A	772	0.4892497372856996
SER	A	773	0.5177436675730365
GLY	A	774	0.558286891552175
GLN	A	775	0.5806047097932875
MET	A	776	0.4246853247079606
LEU	A	777	0.28198438961875616
TYR	A	778	0.3593220937981672
PHE	A	779	0.29434135563199937
ALA	A	780	0.38924154847254644
PRO	A	781	0.5162003645389371
ASP	A	782	0.4820692756548352
LEU	A	783	0.42561495200611116
ILE	A	784	0.440947296940316
LEU	A	785	0.45683602049339356
ASN	A	786	0.5004957913223747
GLU	A	787	0.4790412185547796
GLN	A	788	0.5004957913223747
ARG	A	789	0.49979179808929697
MET	A	790	0.43533660188132706
LYS	A	791	0.4601223139805468
GLU	A	792	0.5413062750157732
SER	A	793	0.5101635126216975
SER	A	794	0.49168209450045275
PHE	A	795	0.38924154847254644
TYR	A	796	0.3256652152688915
SER	A	797	0.31469095930938384
LEU	A	798	0.2651367312694953
CYS	A	799	0.2380214700868756
LEU	A	800	0.3037376954907062
THR	A	801	0.27504690411125815
MET	A	802	0.1440152474095768
TRP	A	803	0.23925884192342547
GLN	A	804	0.24836251538318796
ILE	A	805	0.13779346874978485
PRO	A	806	0.14047753654058576
GLN	A	807	0.2367783960558285
GLU	A	808	0.17705300891926337
PHE	A	809	0.1211027897549608
VAL	A	810	0.27720058091996425
LYS	A	811	0.31045770889654206
LEU	A	812	0.33920999441169697
GLN	A	813	0.3521070446956286
VAL	A	814	0.2897735714404113
SER	A	815	0.33361249805474846
GLN	A	816	0.2897735714404113
GLU	A	817	0.3193179438934763
GLU	A	818	0.22726813066755694
PHE	A	819	0.10331085303355343
LEU	A	820	0.12395727763400302
CYS	A	821	0.11235348481028613
MET	A	822	0.004458722792874952
LYS	A	823	0.021591247238440307
VAL	A	824	0.013160980281712623
LEU	A	825	0.0
LEU	A	826	0.042863078705553316
LEU	A	827	0.03639402557305169
LEU	A	828	0.08535631341279223
ASN	A	829	0.2897735714404113
THR	A	830	0.24293726147942085
ILE	A	831	0.18320134545538322
PRO	A	832	0.21674009834186542
LEU	A	833	0.3314283032273176
GLU	A	834	0.3644154994979932
GLY	A	835	0.32023389243863
LEU	A	836	0.22597437956706146
ARG	A	837	0.18846853124785165
SER	A	838	0.2948441453159937
GLN	A	839	0.25832171816535704
THR	A	840	0.17782925862722557
GLN	A	841	0.16836349486197993
PHE	A	842	0.06376506617435303
GLU	A	843	0.16186326255966174
GLU	A	844	0.15938471598822437
MET	A	845	0.16996436951536703
ARG	A	846	0.08753170090735558
SER	A	847	0.16350306449320381
SER	A	848	0.23238196320373802
TYR	A	849	0.12395727763400302
ILE	A	850	0.15688318411291355
ARG	A	851	0.26958626040215994
GLU	A	852	0.30276388003824867
LEU	A	853	0.25014695356007
ILE	A	854	0.32386689802600044
LYS	A	855	0.39931696441468456
ALA	A	856	0.414564687720974
ILE	A	857	0.38060892097567145
GLY	A	858	0.5419099602823563
LEU	A	859	0.6212642885571219
ARG	A	860	0.7167562529132879
GLN	A	861	0.8426430960024499
LYS	A	862	0.8608666766864762
GLY	A	863	0.8478658455490911
VAL	A	864	0.7859222373251129
VAL	A	865	0.6632094050853924
SER	A	866	0.5227532354573586
SER	A	867	0.4777694265366331
SER	A	868	0.43682445224672944
GLN	A	869	0.37394817299627797
ARG	A	870	0.31515724566121556
PHE	A	871	0.22597437956706146
TYR	A	872	0.22855570632163086
GLN	A	873	0.22467439349742707
LEU	A	874	0.14047753654058576
THR	A	875	0.10837191307864057
LYS	A	876	0.19942050586566443
LEU	A	877	0.18921266023662292
LEU	A	878	0.10534668599784405
ASP	A	879	0.18471677970729336
ASN	A	880	0.3504771509913425
LEU	A	881	0.24716629795778985
HIS	A	882	0.3197763069389671
ASP	A	883	0.38387861661349976
LEU	A	884	0.28460585424816515
VAL	A	885	0.20084773981624005
LYS	A	886	0.2983376744640697
GLN	A	887	0.26737067022670785
LEU	A	888	0.20648233815526668
HIS	A	889	0.2380214700868756
LEU	A	890	0.2291971967247079
TYR	A	891	0.2560112407646149
CYS	A	892	0.2367783960558285
LEU	A	893	0.19581902930496375
ASN	A	894	0.25250798909180755
THR	A	895	0.2825107245903626
PHE	A	896	0.1943648662827017
ILE	A	897	0.26958626040215994
GLN	A	898	0.3278963825580576
SER	A	899	0.32251024845707843
ARG	A	900	0.38924154847254644
ALA	A	901	0.35129332888289955
LEU	A	902	0.4180866516540201
SER	A	903	0.3438572706110522
VAL	A	904	0.3211467413211895
GLU	A	905	0.29181325289685034
PHE	A	906	0.2447578302846665
PRO	A	907	0.27068726840974566
GLU	A	908	0.3517004936203804
MET	A	909	0.40033808836226953
MET	A	910	0.3404853943638862
SER	A	911	0.2679262761643647
GLU	A	912	0.360899563716968
VAL	A	913	0.3278963825580576
ILE	A	914	0.26344905159931187
ALA	A	915	0.32611292754987076
ALA	A	916	0.4371210400582087
GLN	A	917	0.3895953145394689
LEU	A	918	0.3008056384990186
PRO	A	919	0.33878351750489055
LYS	A	920	0.38495976670757426
ILE	A	921	0.37581493883666034
LEU	A	922	0.36903324286221567
ALA	A	923	0.33448124787930417
GLY	A	924	0.3969192011836103
MET	A	925	0.3632486054474376
VAL	A	926	0.31422386553489473
LYS	A	927	0.3375000261665036
PRO	A	928	0.2948441453159937
LEU	A	929	0.2577459514849333
LEU	A	930	0.2712360917676667
PHE	A	931	0.2645753437882727
HIS	A	932	0.3644154994979932
LYS	A	933	0.5717539621771281
LYS	A	934	0.7767381356391904
