ResName	Chain	ResID	RMSF
ILE	B	684	0.5112623462647476
PRO	B	685	0.2886976472355384
PRO	B	686	0.25879602649850825
LEU	B	687	0.14371635893218862
ILE	B	688	0.14467950867323548
ASN	B	689	0.18200345254576955
LEU	B	690	0.16861255157221616
LEU	B	691	0.09978626952387785
MET	B	692	0.20841950060835526
SER	B	693	0.2788584557824031
ILE	B	694	0.23794083656192425
GLU	B	695	0.33697418967194553
PRO	B	696	0.4783315184417819
ASP	B	697	0.48936220572003847
VAL	B	698	0.5242702968054108
ILE	B	699	0.3492117279178071
TYR	B	700	0.3570476313414883
ALA	B	701	0.38335374058140465
GLY	B	702	0.5439233647125534
HIS	B	703	0.46098830074350894
ASP	B	704	0.540464389062725
ASN	B	705	0.6221013637704522
THR	B	706	0.746633053622468
LYS	B	707	0.7105744298689666
PRO	B	708	0.6120656634045555
ASP	B	709	0.5017257940191955
THR	B	710	0.43425034485865716
SER	B	711	0.42802300030977863
SER	B	712	0.36809958135215126
SER	B	713	0.25263188228398853
LEU	B	714	0.19229854026505686
LEU	B	715	0.15173244477011977
THR	B	716	0.14713750374575718
SER	B	717	0.17186755714642696
LEU	B	718	0.1162233133509163
ASN	B	719	0.1014655790726901
GLN	B	720	0.13570723007738383
LEU	B	721	0.08077956362006442
GLY	B	722	0.07503123574784372
GLU	B	723	0.07982499757191203
ARG	B	724	0.11801058806145077
GLN	B	725	0.12553336558125533
LEU	B	726	0.09330413690430256
LEU	B	727	0.12055499746592109
SER	B	728	0.0741611173317007
VAL	B	729	0.0639558794665318
VAL	B	730	0.10168845579207539
LYS	B	731	0.13374709778247337
TRP	B	732	0.09479628442195139
SER	B	733	0.08952345244553159
LYS	B	734	0.1571511612765274
SER	B	735	0.145607583693878
LEU	B	736	0.04561596022880352
PRO	B	737	0.1297392974815508
GLY	B	738	0.1513734680721493
PHE	B	739	0.09119191024809109
ARG	B	740	0.18242938492528887
ASN	B	741	0.1915870483556653
LEU	B	742	0.17280336328622506
HIS	B	743	0.22813194000092774
ILE	B	744	0.29984296745378364
ASP	B	745	0.24503555523302112
ASP	B	746	0.13202494371060206
GLN	B	747	0.08479017206138195
ILE	B	748	0.13190733261171478
THR	B	749	0.05561663562522639
LEU	B	750	0.05907306580171442
ILE	B	751	0.0057989286391826825
GLN	B	752	0.09135332541096566
TYR	B	753	0.10292495840608236
SER	B	754	0.052811936439099934
TRP	B	755	0.04882127195765829
MET	B	756	0.05039130842498329
SER	B	757	0.06456755030323645
LEU	B	758	0.003101240711232496
MET	B	759	0.038976615629024255
VAL	B	760	0.08108229160079798
PHE	B	761	0.09385644892201375
GLY	B	762	0.08527663109910538
LEU	B	763	0.06975653701903266
GLY	B	764	0.11361381100110882
TRP	B	765	0.14527365790532829
ARG	B	766	0.14913125798936022
SER	B	767	0.11924195680503911
TYR	B	768	0.1928938657154411
LYS	B	769	0.25401510021651363
HIS	B	770	0.22681517381447533
VAL	B	771	0.17521558077624752
SER	B	772	0.20624781371010315
GLY	B	773	0.14628168458065477
GLN	B	774	0.1530120021600554
MET	B	775	0.11957949011937467
LEU	B	776	0.15133647540804043
TYR	B	777	0.10086671878256415
PHE	B	778	0.08991163511445577
ALA	B	779	0.140018714389315
PRO	B	780	0.33239153081712713
ASP	B	781	0.3200340358057424
LEU	B	782	0.24782699759974838
ILE	B	783	0.26956268759165747
LEU	B	784	0.23333906803347393
ASN	B	785	0.22154314955465315
GLU	B	786	0.22688731277906468
GLN	B	787	0.22863641330858517
ARG	B	788	0.2666337456031744
MET	B	789	0.26271753778875745
LYS	B	790	0.33000856222449393
GLU	B	791	0.4663500640054197
SER	B	792	0.5467132875730829
SER	B	793	0.46482224257771554
PHE	B	794	0.29489482036601133
TYR	B	795	0.2928930671795602
SER	B	796	0.31260067376397743
LEU	B	797	0.25802447173192977
CYS	B	798	0.2086467120303313
LEU	B	799	0.2821501016863247
THR	B	800	0.2769402052084566
MET	B	801	0.19738346717499217
TRP	B	802	0.19686591815665233
GLN	B	803	0.2561250003166524
ILE	B	804	0.22048190580699792
PRO	B	805	0.24510828571225837
GLN	B	806	0.319116974956644
GLU	B	807	0.30851937482144143
PHE	B	808	0.23811628856832223
VAL	B	809	0.3691994143149641
LYS	B	810	0.48820751000632184
LEU	B	811	0.4478932651978322
GLN	B	812	0.3859122414952676
VAL	B	813	0.25573845788464755
SER	B	814	0.18561204991462535
GLN	B	815	0.19715335021290947
GLU	B	816	0.12698413366012754
GLU	B	817	0.11016777985058797
PHE	B	818	0.024859733131586847
LEU	B	819	0.041110812545831564
CYS	B	820	0.04885445128009223
MET	B	821	0.041951141829697114
LYS	B	822	0.044886014008045656
VAL	B	823	0.014619168917513262
LEU	B	824	0.015163738168562165
LEU	B	825	0.0
LEU	B	826	0.028123513269758826
LEU	B	827	0.07743397617798609
ASN	B	828	0.12785392442948135
THR	B	829	0.123800663601881
ILE	B	830	0.14042913425193507
PRO	B	831	0.24896578733079075
LEU	B	832	0.3472885247078752
GLU	B	833	0.44410521860098606
GLY	B	834	0.3188293510744245
LEU	B	835	0.29377238579317966
ARG	B	836	0.32408934268499606
SER	B	837	0.2759954201255661
GLN	B	838	0.2855104603480594
THR	B	839	0.35049467499917414
GLN	B	840	0.25409259207137735
PHE	B	841	0.21184218625018333
GLU	B	842	0.2474001030691922
GLU	B	843	0.21917637426653747
MET	B	844	0.14024808979189787
ARG	B	845	0.13364015393827863
SER	B	846	0.14583253083110712
SER	B	847	0.10992707706431164
TYR	B	848	0.020453321518120227
ILE	B	849	0.09192290361763157
ARG	B	850	0.10613673946364659
GLU	B	851	0.10265569118915235
LEU	B	852	0.07217843288006252
ILE	B	853	0.14585376751114923
LYS	B	854	0.15265157115897138
ALA	B	855	0.18375898176995856
ILE	B	856	0.2430818797563605
GLY	B	857	0.32530991692692035
LEU	B	858	0.4100557546463445
ARG	B	859	0.7398848589745199
GLN	B	860	1.0
GLY	B	862	0.8459752544572369
VAL	B	863	0.8508196846295695
VAL	B	864	0.799165081581953
SER	B	865	0.7067659042863459
SER	B	866	0.5098865265622567
SER	B	867	0.48100972787061985
GLN	B	868	0.3730214285812591
ARG	B	869	0.2875017421211423
PHE	B	870	0.20732390110073948
TYR	B	871	0.26627470524497754
GLN	B	872	0.2666794247497135
LEU	B	873	0.1532417258446573
THR	B	874	0.17544134179900914
LYS	B	875	0.18899086438147003
LEU	B	876	0.20613021369682813
LEU	B	877	0.19740730607241527
ASP	B	878	0.22828602188874722
ASN	B	879	0.3112918544661651
LEU	B	880	0.3192463630887631
HIS	B	881	0.49374525618361104
ASP	B	882	0.4749407901473733
LEU	B	883	0.29745864966474594
VAL	B	884	0.20551764691405935
LYS	B	885	0.1947798629712143
GLN	B	886	0.18391578379070816
LEU	B	887	0.12086627198898749
HIS	B	888	0.08070170408663402
LEU	B	889	0.09109035106129361
TYR	B	890	0.05719008692534635
CYS	B	891	0.06763968030422882
LEU	B	892	0.08104321913124626
ASN	B	893	0.07841412200103844
THR	B	894	0.09657354628892104
PHE	B	895	0.11370667800302162
ILE	B	896	0.19591877751181916
GLN	B	897	0.21685405293769106
SER	B	898	0.21528333918293627
ARG	B	899	0.2991048434302334
ALA	B	900	0.3716401148185487
LEU	B	901	0.32861427652798403
SER	B	902	0.29976604167607185
VAL	B	903	0.32205236794322817
GLU	B	904	0.27270860939476865
PHE	B	905	0.208528681725017
PRO	B	906	0.20282947446731583
GLU	B	907	0.2590729324274751
MET	B	908	0.23664807686007577
MET	B	909	0.1999254046662778
SER	B	910	0.19612850862711861
GLU	B	911	0.21534411957868904
VAL	B	912	0.15784718531272318
ILE	B	913	0.18533573752728055
ALA	B	914	0.3182833628697759
ALA	B	915	0.3688195223905817
GLN	B	916	0.19537327248652206
LEU	B	917	0.2071970971656921
PRO	B	918	0.16844862168271355
LYS	B	919	0.1612607069637838
ILE	B	920	0.1925994451255923
LEU	B	921	0.3175708032224226
ALA	B	922	0.2925602343890978
GLY	B	923	0.3188407719652167
MET	B	924	0.20711005958432857
VAL	B	925	0.18947201899823718
LYS	B	926	0.20650263646895964
PRO	B	927	0.32851776558415025
LEU	B	928	0.38996860174139086
LEU	B	929	0.3073514525536757
PHE	B	930	0.3410394557255277
HIS	B	931	0.49024018221009413
LYS	B	932	0.676520027846729
LYS	B	933	0.4673172378597911
