ResName	Chain	ResID	RMSF	2YHW	2YHY	2YI1	3EO3	4ZHT	Mean	std
MET	A	1	0.9604566333206646	None	None	None	None	None	None	None
GLU	A	2	0.9726057037696617	None	None	None	None	None	None	None
LYS	A	3	0.9602013112101623	None	None	None	None	None	None	None
ASN	A	4	0.9605659724915594	None	None	None	None	None	None	None
GLY	A	5	0.9458700677323834	None	None	None	None	None	None	None
ASN	A	6	0.9155336259286031	None	None	None	None	None	None	None
ASN	A	7	0.7994025150275343	None	None	None	None	0.7504811862564652	0.7504811862564652	0.0
ARG	A	8	0.5430566528880032	None	None	None	None	0.6320121945665693	0.6320121945665693	0.0
LYS	A	9	0.3373033653788388	None	None	None	None	0.47246491387175454	0.47246491387175454	0.0
LEU	A	10	0.20550009279455209	None	None	None	None	0.33948213539983474	0.33948213539983474	0.0
ARG	A	11	0.11610304095385135	None	None	None	None	0.2721560511610594	0.2721560511610594	0.0
VAL	A	12	0.05002087962329475	None	None	None	None	0.20534133231813353	0.20534133231813353	0.0
CYS	A	13	0.03201568475225104	None	None	None	None	0.1707063565345345	0.1707063565345345	0.0
VAL	A	14	0.02824354873594257	None	None	None	None	0.18157735659462973	0.18157735659462973	0.0
ALA	A	15	0.09983773199766442	None	None	None	None	0.21577389897982407	0.21577389897982407	0.0
THR	A	16	0.0731201010252279	None	None	None	None	0.13504001085351525	0.13504001085351525	0.0
CYS	A	17	0.17183251598690244	None	None	None	None	0.1329002193807092	0.1329002193807092	0.0
ASN	A	18	0.32948761741868987	None	None	None	None	0.06664748077686922	0.06664748077686922	0.0
ARG	A	19	0.4308341767835761	None	None	None	None	0.06616593766971252	0.06616593766971252	0.0
ALA	A	20	0.49710008985486065	None	None	None	None	0.0776663737282666	0.0776663737282666	0.0
ASP	A	21	0.3398520763796238	None	None	None	None	0.07296592767734579	0.07296592767734579	0.0
TYR	A	22	0.14676351740721644	None	None	None	None	0.07431601073293274	0.07431601073293274	0.0
SER	A	23	0.3492934137924919	None	None	None	None	0.12922249268413735	0.12922249268413735	0.0
LYS	A	24	0.20905870332627016	None	None	None	None	0.15809558339604882	0.15809558339604882	0.0
LEU	A	25	0.09983773199766442	None	None	None	None	0.15128140982977423	0.15128140982977423	0.0
ALA	A	26	0.13976042413510906	None	None	None	None	0.15865671521160385	0.15865671521160385	0.0
PRO	A	27	0.16233780445756893	None	None	None	None	0.17094209833042814	0.17094209833042814	0.0
ILE	A	28	0.06674799768193802	None	None	None	None	0.16527942428965575	0.16527942428965575	0.0
MET	A	29	0.05002087962329475	None	None	None	None	None	None	None
PHE	A	30	0.11999988126897616	None	None	None	None	0.19006088485853886	0.19006088485853886	0.0
GLY	A	31	0.1601749134023919	None	None	None	None	0.20508040880409717	0.20508040880409717	0.0
ILE	A	32	0.08536978985214858	None	None	None	None	0.2357819121283761	0.2357819121283761	0.0
LYS	A	33	0.15799199529333077	None	None	None	None	0.306609015309327	0.306609015309327	0.0
THR	A	34	0.186853740412693	None	None	None	None	0.39188471358905425	0.39188471358905425	0.0
GLU	A	35	0.20550009279455209	None	None	None	None	0.409294813952514	0.409294813952514	0.0
PRO	A	36	0.26464872051945443	None	None	None	None	0.43380144392259784	0.43380144392259784	0.0
GLU	A	37	0.3001917900214857	None	None	None	None	0.5099299186306832	0.5099299186306832	0.0
PHE	A	38	0.23416255347988524	None	None	None	None	0.45739027712298413	0.45739027712298413	0.0
PHE	A	39	0.12635480704867236	None	None	None	None	0.35111378403771154	0.35111378403771154	0.0
GLU	A	40	0.12509745222070517	None	None	None	None	0.29432688534103973	0.29432688534103973	0.0
LEU	A	41	0.05853275980325897	None	None	None	None	0.22217266296005828	0.22217266296005828	0.0
ASP	A	42	0.06185328612440905	None	None	None	None	0.19815782329687492	0.19815782329687492	0.0
VAL	A	43	0.033879358263238735	None	None	None	None	0.14508412129577386	0.14508412129577386	0.0
VAL	A	44	0.02441007449334602	None	None	None	None	0.07828198778596043	0.07828198778596043	0.0
VAL	A	45	0.03572841457662889	None	None	None	None	0.04510269691215166	0.04510269691215166	0.0
LEU	A	46	0.07932449781944403	None	None	None	None	0.008537840917079029	0.008537840917079029	0.0
GLY	A	47	0.2582861717151215	None	None	None	None	0.0008024655064064347	0.0008024655064064347	0.0
SER	A	48	0.3438735550647773	None	None	None	None	0.022838416983836686	0.022838416983836686	0.0
HIS	A	49	0.17896167389567866	None	None	None	None	0.04472216429454108	0.04472216429454108	0.0
LEU	A	50	0.21687445128641986	None	None	None	None	0.064413550296712	0.064413550296712	0.0
ILE	A	51	0.37597624977240335	None	None	None	None	0.08047671796164317	0.08047671796164317	0.0
ASP	A	52	0.43152250857597324	None	None	None	None	0.1086730838620144	0.1086730838620144	0.0
ASP	A	53	0.5250412612880184	None	None	None	None	0.09020067033109717	0.09020067033109717	0.0
TYR	A	54	0.49103790023318705	None	None	None	None	0.10642834909072516	0.10642834909072516	0.0
GLY	A	55	0.4227704467124219	None	None	None	None	0.16058639711160183	0.16058639711160183	0.0
ASN	A	56	0.3180910996576851	None	None	None	None	0.13574828103561248	0.13574828103561248	0.0
THR	A	57	0.24728479140712134	None	None	None	None	0.08884129211644404	0.08884129211644404	0.0
TYR	A	58	0.19542753877329325	None	None	None	None	0.13057075745590876	0.13057075745590876	0.0
ARG	A	59	0.26464872051945443	None	None	None	None	0.20918566624901005	0.20918566624901005	0.0
MET	A	60	0.36756349621034456	None	None	None	None	None	None	None
ILE	A	61	0.20370043923546186	None	None	None	None	0.19253392593070803	0.19253392593070803	0.0
GLU	A	62	0.24273635184048648	None	None	None	None	0.20784949458760268	0.20784949458760268	0.0
GLN	A	63	0.30257918734921885	None	None	None	None	0.2326782062767736	0.2326782062767736	0.0
ASP	A	64	0.2762175898772492	None	None	None	None	0.23566261623350646	0.23566261623350646	0.0
ASP	A	65	0.2357447974822019	None	None	None	None	0.29799379879010957	0.29799379879010957	0.0
PHE	A	66	0.16870990780085804	None	None	None	None	0.24474906104385363	0.24474906104385363	0.0
ASP	A	67	0.2185766498106724	None	None	None	None	0.2432759731568651	0.2432759731568651	0.0
ILE	A	68	0.07468657503714421	None	None	None	None	0.16872653327981152	0.16872653327981152	0.0
ASN	A	69	0.13737905569115844	None	None	None	None	0.1765779148301632	0.1765779148301632	0.0
THR	A	70	0.13254291746442098	None	None	None	None	0.14955921697598681	0.14955921697598681	0.0
ARG	A	71	0.05346259726537512	None	None	None	None	0.11898064932787517	0.11898064932787517	0.0
LEU	A	72	0.12256244423200845	None	None	None	None	0.1023426018505975	0.1023426018505975	0.0
HIS	A	73	0.15908598088247522	None	None	None	None	0.1640320231532147	0.1640320231532147	0.0
THR	A	74	0.14561068639892571	None	None	None	None	0.12975488460212467	0.12975488460212467	0.0
ILE	A	75	0.2827667185499892	None	None	None	None	0.05430185865265988	0.05430185865265988	0.0
VAL	A	76	0.34831720754704965	None	None	None	None	0.01591546714744805	0.01591546714744805	0.0
ARG	A	77	0.5243468470262541	None	None	None	None	0.0	None	None
GLY	A	78	0.5964758001572059	None	None	None	None	0.028130530149373657	0.028130530149373657	0.0
GLU	A	79	0.5845718343245396	None	None	None	None	0.07818399975751278	0.07818399975751278	0.0
ASP	A	80	0.4960569311997072	None	None	None	None	0.09412485138399335	0.09412485138399335	0.0
GLU	A	81	0.4399612574244526	None	None	None	None	0.15307926753669854	0.15307926753669854	0.0
ALA	A	82	0.3433746057326781	None	None	None	None	0.15260077408765182	0.15260077408765182	0.0
ALA	A	83	0.3433746057326781	None	None	None	None	0.12951926781701156	0.12951926781701156	0.0
MET	A	84	0.3357608071726627	None	None	None	None	None	None	None
VAL	A	85	0.2185766498106724	None	None	None	None	0.04403784416341747	0.04403784416341747	0.0
GLU	A	86	0.14094214827064128	None	None	None	None	0.04817866156906942	0.04817866156906942	0.0
SER	A	87	0.17079623532312563	None	None	None	None	0.03164741691386717	0.03164741691386717	0.0
VAL	A	88	0.10538512844632368	None	None	None	None	0.01246895823479881	0.01246895823479881	0.0
GLY	A	89	0.09983773199766442	None	None	None	None	0.002398186450260655	0.002398186450260655	0.0
LEU	A	90	0.08085041558294943	None	None	None	None	0.014309341259965025	0.014309341259965025	0.0
ALA	A	91	0.07932449781944403	None	None	None	None	0.002849717406453987	0.002849717406453987	0.0
LEU	A	92	0.05346259726537512	None	None	None	None	0.023948388731451668	0.023948388731451668	0.0
VAL	A	93	0.10811063245983107	None	None	None	None	0.052209323904150284	0.052209323904150284	0.0
LYS	A	94	0.060198869009199824	None	None	None	None	0.05857024846814739	0.05857024846814739	0.0
LEU	A	95	0.06349617410684506	None	None	None	None	0.019909358220179238	0.019909358220179238	0.0
PRO	A	96	0.05853275980325897	None	None	None	None	0.037569391803929424	0.037569391803929424	0.0
ASP	A	97	0.14905240404100525	None	None	None	None	0.07805263929938264	0.07805263929938264	0.0
VAL	A	98	0.07468657503714421	None	None	None	None	0.06857738679301062	0.06857738679301062	0.0
LEU	A	99	0.060198869009199824	None	None	None	None	0.11857699630351178	0.11857699630351178	0.0
ASN	A	100	0.13976042413510906	None	None	None	None	0.16314016450132318	0.16314016450132318	0.0
ARG	A	101	0.08980415515619383	None	None	None	None	0.1572276771523876	0.1572276771523876	0.0
LEU	A	102	0.1276054915278803	None	None	None	None	0.20595171614914684	0.20595171614914684	0.0
LYS	A	103	0.17694667469388214	None	None	None	None	0.26704708231576874	0.26704708231576874	0.0
PRO	A	104	0.11610304095385135	None	None	None	None	0.2443835531592812	0.2443835531592812	0.0
ASP	A	105	0.20639479394966864	None	None	None	None	0.2563708308275647	0.2563708308275647	0.0
ILE	A	106	0.11870807819344548	None	None	None	None	0.1943331073110161	0.1943331073110161	0.0
MET	A	107	0.05346259726537512	None	None	None	None	None	None	None
ILE	A	108	0.02824354873594257	None	None	None	None	0.1397215612325414	0.1397215612325414	0.0
VAL	A	109	0.060198869009199824	None	None	None	None	0.1293984916673352	0.1293984916673352	0.0
HIS	A	110	0.07154314884839873	None	None	None	None	0.11977174339087987	0.11977174339087987	0.0
GLY	A	111	0.38743727103933645	None	None	None	None	0.08363238195584463	0.08363238195584463	0.0
ASP	A	112	0.2934989839521918	None	None	None	None	0.04004590694990419	0.04004590694990419	0.0
ARG	A	113	0.3512337825354331	None	None	None	None	0.047716992715637965	0.047716992715637965	0.0
PHE	A	114	0.2755525584872652	None	None	None	None	0.1249451795576924	0.1249451795576924	0.0
ASP	A	115	0.2219446138243025	None	None	None	None	0.14108920823846482	0.14108920823846482	0.0
ALA	A	116	0.12509745222070517	None	None	None	None	0.08466350114930435	0.08466350114930435	0.0
LEU	A	117	0.05853275980325897	None	None	None	None	0.06250062789566274	0.06250062789566274	0.0
ALA	A	118	0.0651276925312084	None	None	None	None	0.0783983574807878	0.0783983574807878	0.0
LEU	A	119	0.033879358263238735	None	None	None	None	0.09355470446643756	0.09355470446643756	0.0
ALA	A	120	0.08387293738607672	None	None	None	None	0.05726416883929648	0.05726416883929648	0.0
THR	A	121	0.05346259726537512	None	None	None	None	0.032492758673940164	0.032492758673940164	0.0
SER	A	122	0.08085041558294943	None	None	None	None	0.05522991750902598	0.05522991750902598	0.0
ALA	A	123	0.17286426149103387	None	None	None	None	0.06411871633807104	0.06411871633807104	0.0
ALA	A	124	0.2694813181334259	None	None	None	None	0.07320256346578204	0.07320256346578204	0.0
LEU	A	125	0.25394702827898213	None	None	None	None	0.10136401412840075	0.10136401412840075	0.0
MET	A	126	0.26324958601870696	None	None	None	None	None	None	None
ASN	A	127	0.3043540022916848	None	None	None	None	0.20668352012759944	0.20668352012759944	0.0
ILE	A	128	0.24728479140712134	None	None	None	None	0.14785718273781812	0.14785718273781812	0.0
ARG	A	129	0.16765977924307632	None	None	None	None	0.15734650835729874	0.15734650835729874	0.0
ILE	A	130	0.11999988126897616	None	None	None	None	0.13021797068023214	0.13021797068023214	0.0
LEU	A	131	0.09271472880886483	None	None	None	None	0.11492879063937209	0.11492879063937209	0.0
HIS	A	132	0.03572841457662889	None	None	None	None	0.11213950212558063	0.11213950212558063	0.0
ILE	A	133	0.04828099370843738	None	None	None	None	0.10033810476279541	0.10033810476279541	0.0
GLU	A	134	0.12256244423200845	None	None	None	None	0.13114598964526253	0.13114598964526253	0.0
GLY	A	135	0.23096584726211875	None	None	None	None	0.2642018254322797	0.2642018254322797	0.0
GLY	A	136	0.3055298325167566	None	None	None	None	0.2631767460933304	0.2631767460933304	0.0
GLU	A	137	0.22690802812788857	None	None	None	None	0.21109438814189624	0.21109438814189624	0.0
VAL	A	138	0.30786404437169346	None	None	None	None	0.20445496355574913	0.20445496355574913	0.0
SER	A	139	0.3684633197127196	None	None	None	None	0.1993161176440323	0.1993161176440323	0.0
GLY	A	140	0.5184791107990742	None	None	None	None	0.2805957216320822	0.2805957216320822	0.0
THR	A	141	0.44095390508641674	None	None	None	None	0.25169779349987254	0.25169779349987254	0.0
ILE	A	142	0.38409911301737826	None	None	None	None	0.20993619384745021	0.20993619384745021	0.0
ASP	A	143	0.36255212261871594	None	None	None	None	0.1849866484362892	0.1849866484362892	0.0
ASP	A	144	0.3278928866157515	None	None	None	None	0.1922919749685619	0.1922919749685619	0.0
SER	A	145	0.23653195504627142	None	None	None	None	0.16367162771754581	0.16367162771754581	0.0
ILE	A	146	0.15799199529333077	None	None	None	None	0.09925662235331338	0.09925662235331338	0.0
ARG	A	147	0.08387293738607672	None	None	None	None	0.07134241954926629	0.07134241954926629	0.0
HIS	A	148	0.11740915770968872	None	None	None	None	0.11082739696179629	0.11082739696179629	0.0
ALA	A	149	0.10946165891604592	None	None	None	None	0.08071995650317645	0.08071995650317645	0.0
ILE	A	150	0.07468657503714421	None	None	None	None	0.058675419813081595	0.058675419813081595	0.0
THR	A	151	0.09701430338402704	None	None	None	None	0.139254759939619	0.139254759939619	0.0
LYS	A	152	0.21772708683213915	None	None	None	None	0.13794723696917352	0.13794723696917352	0.0
LEU	A	153	0.23096584726211875	None	None	None	None	0.10710336729726452	0.10710336729726452	0.0
ALA	A	154	0.16975537945395083	None	None	None	None	0.11520892217931669	0.11520892217931669	0.0
HIS	A	155	0.22608801522665903	None	None	None	None	0.1646277876349729	0.1646277876349729	0.0
TYR	A	156	0.16975537945395083	None	None	None	None	0.17454830398368765	0.17454830398368765	0.0
HIS	A	157	0.06674799768193802	None	None	None	None	0.20101734790959158	0.20101734790959158	0.0
VAL	A	158	0.02246970575040345	None	None	None	None	0.22618590610647846	0.22618590610647846	0.0
CYS	A	159	0.07154314884839873	None	None	None	None	0.2754202292846118	0.2754202292846118	0.0
CYS	A	160	0.09126393363706285	None	None	None	None	0.3350430738169725	0.3350430738169725	0.0
THR	A	161	0.2435005452856926	None	None	None	None	0.34018473957115614	0.34018473957115614	0.0
ARG	A	162	0.3878512368549523	None	None	None	None	0.4066910091348015	0.4066910091348015	0.0
SER	A	163	0.4516057709563313	None	None	None	None	0.3528247730906739	0.3528247730906739	0.0
ALA	A	164	0.19821755324593102	None	None	None	None	0.2723575787363265	0.2723575787363265	0.0
GLU	A	165	0.1421179784957139	None	None	None	None	0.3133887876648799	0.3133887876648799	0.0
GLN	A	166	0.4379633346923528	None	None	None	None	0.34077888450002347	0.34077888450002347	0.0
HIS	A	167	0.29898896357849875	None	None	None	None	0.27891380993227777	0.27891380993227777	0.0
LEU	A	168	0.2653451862295805	None	None	None	None	0.23199460002221567	0.23199460002221567	0.0
ILE	A	169	0.4184511783300877	None	None	None	None	0.29779885725146843	0.29779885725146843	0.0
SER	A	170	0.4744481642201655	None	None	None	None	0.3092070366902762	0.3092070366902762	0.0
MET	A	171	0.3526786500084715	None	None	None	None	None	None	None
CYS	A	172	0.3742299197768175	None	None	None	None	0.33436862690528163	0.33436862690528163	0.0
GLU	A	173	0.3118941163780825	None	None	None	None	0.3433982392447899	0.3433982392447899	0.0
ASP	A	174	0.4151589894657222	None	None	None	None	0.4085000515170171	0.4085000515170171	0.0
HIS	A	175	0.45875507270853655	None	None	None	None	0.4819599612877537	0.4819599612877537	0.0
ASP	A	176	0.46240081759954227	None	None	None	None	0.4832184365479214	0.4832184365479214	0.0
ARG	A	177	0.3278928866157515	None	None	None	None	0.35899540752147596	0.35899540752147596	0.0
ILE	A	178	0.22935109114509078	None	None	None	None	0.28122824817628633	0.28122824817628633	0.0
LEU	A	179	0.06185328612440905	None	None	None	None	0.25727757845803795	0.25727757845803795	0.0
LEU	A	180	0.07624270921127155	None	None	None	None	0.30032885949104016	0.30032885949104016	0.0
ALA	A	181	0.11478964774401389	None	None	None	None	0.26639164033558094	0.26639164033558094	0.0
GLY	A	182	0.1557886757848292	None	None	None	None	0.277437834164341	0.277437834164341	0.0
CYS	A	183	0.12383335551157361	None	None	None	None	0.3212563911479803	0.3212563911479803	0.0
PRO	A	184	0.12509745222070517	None	None	None	None	0.3450823354653297	0.3450823354653297	0.0
SER	A	185	0.23256961855864114	None	None	None	None	0.2904029728109858	0.2904029728109858	0.0
TYR	A	186	0.22853954655225195	None	None	None	None	0.34605105906373895	0.34605105906373895	0.0
ASP	A	187	0.24426226960399294	None	None	None	None	0.3951134862330142	0.3951134862330142	0.0
LYS	A	188	0.3448682969263283	None	None	None	None	0.43838131193318247	0.43838131193318247	0.0
LEU	A	189	0.3684633197127196	None	None	None	None	0.4718522768075888	0.4718522768075888	0.0
LEU	A	190	0.43391596539174715	None	None	None	None	0.5247681084399078	0.5247681084399078	0.0
SER	A	191	0.4878120327335831	None	None	None	None	0.6764205680591199	0.6764205680591199	0.0
ALA	A	192	0.5834920455449106	None	None	None	None	0.752775849171179	0.752775849171179	0.0
LYS	A	193	0.7132228731706026	None	None	None	None	0.8462858624461082	0.8462858624461082	0.0
ASN	A	194	0.8033395857048181	None	None	None	None	0.8530113738841838	0.8530113738841838	0.0
LYS	A	195	0.7475343772291764	None	None	None	None	0.7894346160064484	0.7894346160064484	0.0
ASP	A	196	0.48645478389900554	None	None	None	None	0.6009577260477735	0.6009577260477735	0.0
TYR	A	197	0.36162940726697457	None	None	None	None	0.4121323574354932	0.4121323574354932	0.0
MET	A	198	0.27084405875681417	None	None	None	None	None	None	None
SER	A	199	0.26603960049134506	None	None	None	None	0.3337491921761503	0.3337491921761503	0.0
ILE	A	200	0.25174713544467875	None	None	None	None	0.2895289518601038	0.2895289518601038	0.0
ILE	A	201	0.19165540275698745	None	None	None	None	0.27350426301575803	0.27350426301575803	0.0
ARG	A	202	0.18294072989478227	None	None	None	None	0.29851941068623566	0.29851941068623566	0.0
MET	A	203	0.21081806575577397	None	None	None	None	None	None	None
TRP	A	204	0.16765977924307632	None	None	None	None	0.2423277632608553	0.2423277632608553	0.0
LEU	A	205	0.14905240404100525	None	None	None	None	0.2583163453190289	0.2583163453190289	0.0
GLY	A	206	0.2878781051380029	None	None	None	None	0.33238795751772776	0.33238795751772776	0.0
ASP	A	207	0.3273589034397416	None	None	None	None	0.4333417288474783	0.4333417288474783	0.0
ASP	A	208	0.30786404437169346	None	None	None	None	0.4540570803999316	0.4540570803999316	0.0
VAL	A	209	0.19260411015965717	None	None	None	None	0.3810264123549944	0.3810264123549944	0.0
LYS	A	210	0.26324958601870696	None	None	None	None	0.33187416515817597	0.33187416515817597	0.0
SER	A	211	0.23015985170298267	None	None	None	None	0.298430738221207	0.298430738221207	0.0
LYS	A	212	0.18782192851438956	None	None	None	None	0.2714666399891854	0.2714666399891854	0.0
ASP	A	213	0.1012368664984109	None	None	None	None	0.22454407305536195	0.22454407305536195	0.0
TYR	A	214	0.02441007449334602	None	None	None	None	0.15979885284361733	0.15979885284361733	0.0
ILE	A	215	0.0	None	None	None	None	0.11782825500860983	0.11782825500860983	0.0
VAL	A	216	0.012520825684200935	None	None	None	None	0.09943526576290614	0.09943526576290614	0.0
ALA	A	217	0.03572841457662889	None	None	None	None	0.1165263774104833	0.1165263774104833	0.0
LEU	A	218	0.13008712993114827	None	None	None	None	0.18001204557649955	0.18001204557649955	0.0
GLN	A	219	0.13376128436946064	None	None	None	None	0.15995247842906668	0.15995247842906668	0.0
HIS	A	220	0.3095996605892472	None	None	None	None	0.11944921068492464	0.11944921068492464	0.0
PRO	A	221	0.31975329318083767	None	None	None	None	0.10601175045187276	0.10601175045187276	0.0
VAL	A	222	0.40228963410771335	None	None	None	None	0.19275290414906096	0.19275290414906096	0.0
THR	A	223	0.5398226725274057	None	None	None	None	0.3025724408533318	0.3025724408533318	0.0
THR	A	224	0.5231849251502861	None	None	None	None	0.34972724810735023	0.34972724810735023	0.0
ASP	A	225	0.44227096701142943	None	None	None	None	0.339878236728662	0.339878236728662	0.0
ILE	A	226	0.4140512968809383	None	None	None	None	0.33089837101685077	0.33089837101685077	0.0
LYS	A	227	0.3861909942792998	None	None	None	None	0.3593574583946957	0.3593574583946957	0.0
HIS	A	228	0.3433746057326781	None	None	None	None	0.3178528013143002	0.3178528013143002	0.0
SER	A	229	0.335244370007946	None	None	None	None	0.19981744298438675	0.19981744298438675	0.0
ILE	A	230	0.2590016607966747	None	None	None	None	0.20986635706133075	0.20986635706133075	0.0
LYS	A	231	0.21942316228720435	None	None	None	None	0.2208416813447008	0.2208416813447008	0.0
MET	A	232	0.15799199529333077	None	None	None	None	None	None	None
PHE	A	233	0.13254291746442098	None	None	None	None	0.1600221066726399	0.1600221066726399	0.0
GLU	A	234	0.11740915770968872	None	None	None	None	0.20167985611408043	0.20167985611408043	0.0
LEU	A	235	0.08387293738607672	None	None	None	None	0.17252928852292967	0.17252928852292967	0.0
THR	A	236	0.05516479578962889	None	None	None	None	0.12888741677631244	0.12888741677631244	0.0
LEU	A	237	0.07624270921127155	None	None	None	None	0.1814737830957284	0.1814737830957284	0.0
ASP	A	238	0.08536978985214858	None	None	None	None	0.26565865846412473	0.26565865846412473	0.0
ALA	A	239	0.06349617410684506	None	None	None	None	0.23496549936184782	0.23496549936184782	0.0
LEU	A	240	0.05174801900675388	None	None	None	None	0.25849732419909177	0.25849732419909177	0.0
ILE	A	241	0.11346889655064002	None	None	None	None	0.2842094958741384	0.2842094958741384	0.0
SER	A	242	0.1421179784957139	None	None	None	None	0.3005840431011003	0.3005840431011003	0.0
PHE	A	243	0.09701430338402704	None	None	None	None	0.2530329830592331	0.2530329830592331	0.0
ASN	A	244	0.18588155977144838	None	None	None	None	0.26068528532485896	0.26068528532485896	0.0
LYS	A	245	0.16870990780085804	None	None	None	None	0.27604192490201346	0.27604192490201346	0.0
ARG	A	246	0.08236652030262866	None	None	None	None	0.2569015910745615	0.2569015910745615	0.0
THR	A	247	0.03938358037400396	None	None	None	None	0.18886837323336383	0.18886837323336383	0.0
LEU	A	248	0.060198869009199824	None	None	None	None	0.15127299224510413	0.15127299224510413	0.0
VAL	A	249	0.15131928180868232	None	None	None	None	0.10369286912539748	0.10369286912539748	0.0
LEU	A	250	0.2604261574050705	None	None	None	None	0.09726008750690207	0.09726008750690207	0.0
PHE	A	251	0.3517163896055392	None	None	None	None	0.0680272755173619	0.0680272755173619	0.0
PRO	A	252	0.4162615018636076	None	None	None	None	0.0738107801495213	0.0738107801495213	0.0
ASN	A	253	0.5293923473533447	None	None	None	None	0.10405633655023475	0.10405633655023475	0.0
ILE	A	254	0.5243468470262541	None	None	None	None	0.12523959855371072	0.12523959855371072	0.0
ASP	A	255	0.5374225701824235	None	None	None	None	0.14205840208828496	0.14205840208828496	0.0
ALA	A	256	0.5213138560320052	None	None	None	None	0.0811443494682551	0.0811443494682551	0.0
GLY	A	257	0.4556732841003654	None	None	None	None	0.05506970044565128	0.05506970044565128	0.0
SER	A	258	0.45065706355366064	None	None	None	None	0.046060256686841716	0.046060256686841716	0.0
LYS	A	259	0.48835275194176486	None	None	None	None	0.09837314957692607	0.09837314957692607	0.0
GLU	A	260	0.40499725090790295	None	None	None	None	0.15370715930215265	0.15370715930215265	0.0
MET	A	261	0.3378153166580199	None	None	None	None	None	None	None
VAL	A	262	0.37597624977240335	None	None	None	None	0.13306742826246976	0.13306742826246976	0.0
ARG	A	263	0.34978000523751046	None	None	None	None	0.1456449735025075	0.1456449735025075	0.0
VAL	A	264	0.24878164387319207	None	None	None	None	0.1426138789279284	0.1426138789279284	0.0
MET	A	265	0.2495265211798033	None	None	None	None	None	None	None
ARG	A	266	0.3257496584786125	None	None	None	None	0.22725245664581162	0.22725245664581162	0.0
LYS	A	267	0.2554023012420544	None	None	None	None	0.2959934724702585	0.2959934724702585	0.0
LYS	A	268	0.273546133853889	None	None	None	None	0.29332347297405464	0.29332347297405464	0.0
GLY	A	269	0.24728479140712134	None	None	None	None	0.2824321099968342	0.2824321099968342	0.0
ILE	A	270	0.22443938283390816	None	None	None	None	0.26639012884262336	0.26639012884262336	0.0
GLU	A	271	0.40384064938243935	None	None	None	None	0.34023775427929415	0.34023775427929415	0.0
HIS	A	272	0.39397504794630805	None	None	None	None	0.3907122426444943	0.3907122426444943	0.0
HIS	A	273	0.31074967980342677	None	None	None	None	0.343861871269513	0.343861871269513	0.0
PRO	A	274	0.366660225099924	None	None	None	None	0.32954056480000543	0.32954056480000543	0.0
ASN	A	275	0.28405499209132945	None	None	None	None	0.26941499598926	0.26941499598926	0.0
PHE	A	276	0.11346889655064002	None	None	None	None	0.23165017470949062	0.23165017470949062	0.0
ARG	A	277	0.13376128436946064	None	None	None	None	0.16524833401060357	0.16524833401060357	0.0
ALA	A	278	0.23416255347988524	None	None	None	None	0.09098144514049848	0.09098144514049848	0.0
VAL	A	279	0.2859742982530529	None	None	None	None	0.05761918543281351	0.05761918543281351	0.0
LYS	A	280	0.3927629451661343	None	None	None	None	0.05978017385769571	0.05978017385769571	0.0
HIS	A	281	0.40190028063949795	None	None	None	None	0.08189333872106236	0.08189333872106236	0.0
VAL	A	282	0.3502655944337359	None	None	None	None	0.07363629376593835	0.07363629376593835	0.0
PRO	A	283	0.4166278631982809	None	None	None	None	0.09073108750440637	0.09073108750440637	0.0
PHE	A	284	0.41953843685095243	None	None	None	None	0.14445046519896126	0.14445046519896126	0.0
ASP	A	285	0.44194239069145597	None	None	None	None	0.25081360763556504	0.25081360763556504	0.0
GLN	A	286	0.3521980107565316	None	None	None	None	0.2239278120537101	0.2239278120537101	0.0
PHE	A	287	0.2916402084513092	None	None	None	None	0.16631253015986142	0.16631253015986142	0.0
ILE	A	288	0.2953432186874926	None	None	None	None	0.20400676729674375	0.20400676729674375	0.0
GLN	A	289	0.28341173529001973	None	None	None	None	0.21681821786771888	0.21681821786771888	0.0
LEU	A	290	0.1809595966277794	None	None	None	None	0.17338476136366723	0.17338476136366723	0.0
VAL	A	291	0.19542753877329325	None	None	None	None	0.16520123630131364	0.16520123630131364	0.0
ALA	A	292	0.2639501912042103	None	None	None	None	0.1977456025818182	0.1977456025818182	0.0
HIS	A	293	0.19260411015965717	None	None	None	None	0.22013113627041658	0.22013113627041658	0.0
ALA	A	294	0.0699555773850035	None	None	None	None	0.20005286028785524	0.20005286028785524	0.0
GLY	A	295	0.05346259726537512	None	None	None	None	0.22829475382559913	0.22829475382559913	0.0
CYS	A	296	0.018540390268699046	None	None	None	None	0.22613362571313525	0.22613362571313525	0.0
MET	A	297	0.01655089769059244	None	None	None	None	None	None	None
ILE	A	298	0.01047965733675322	None	None	None	None	0.1154203250064845	0.1154203250064845	0.0
GLY	A	299	0.08236652030262866	None	None	None	None	0.08591316301098247	0.08591316301098247	0.0
ASN	A	300	0.14561068639892571	None	None	None	None	0.020834410331613696	0.020834410331613696	0.0
SER	A	301	0.27754205106537266	None	None	None	None	0.05507400265810167	0.05507400265810167	0.0
SER	A	302	0.3095996605892472	None	None	None	None	0.07737194225120343	0.07737194225120343	0.0
CYS	A	303	0.2457783743236722	None	None	None	None	0.11436943193033003	0.11436943193033003	0.0
GLY	A	304	0.21429788496907684	None	None	None	None	0.11065161676027276	0.11065161676027276	0.0
VAL	A	305	0.21515987302779618	None	None	None	None	0.11603577672326354	0.11603577672326354	0.0
ARG	A	306	0.16870990780085804	None	None	None	None	0.17390189451702917	0.17390189451702917	0.0
GLU	A	307	0.15689290951983603	None	None	None	None	0.23071842950294166	0.23071842950294166	0.0
VAL	A	308	0.16341185402104505	None	None	None	None	0.20822948703225017	0.20822948703225017	0.0
GLY	A	309	0.3583711633029481	None	None	None	None	0.23417639465772744	0.23417639465772744	0.0
ALA	A	310	0.32467069333937315	None	None	None	None	0.24245158129193167	0.24245158129193167	0.0
PHE	A	311	0.2971731383905042	None	None	None	None	0.21368672217738766	0.21368672217738766	0.0
GLY	A	312	0.2532160091772374	None	None	None	None	0.20506746333853	0.20506746333853	0.0
THR	A	313	0.07624270921127155	None	None	None	None	0.1684225084940799	0.1684225084940799	0.0
PRO	A	314	0.02633460331479783	None	None	None	None	0.1389234163040613	0.1389234163040613	0.0
VAL	A	315	0.01047965733675322	None	None	None	None	0.13202525333251697	0.13202525333251697	0.0
ILE	A	316	0.02051323417822216	None	None	None	None	0.14657991210668644	0.14657991210668644	0.0
ASN	A	317	0.044762219856676534	None	None	None	None	0.13889302085582136	0.13889302085582136	0.0
LEU	A	318	0.13737905569115844	None	None	None	None	0.10135099380755705	0.10135099380755705	0.0
GLY	A	319	0.3378153166580199	None	None	None	None	0.1104288969975143	0.1104288969975143	0.0
THR	A	320	0.46028099047204324	None	None	None	None	0.1326220986791017	0.1326220986791017	0.0
ARG	A	321	0.38028630530746277	None	None	None	None	0.13999224903243387	0.13999224903243387	0.0
GLN	A	322	0.34536409831078685	None	None	None	None	0.16923726337435988	0.16923726337435988	0.0
ILE	A	323	0.5430566528880032	None	None	None	None	0.24420878901910323	0.24420878901910323	0.0
GLY	A	324	0.5658959239924944	None	None	None	None	0.2699715048493054	0.2699715048493054	0.0
ARG	A	325	0.42806057454049845	None	None	None	None	0.3439281098477074	0.3439281098477074	0.0
GLU	A	326	0.47243439444101193	None	None	None	None	0.40760893504642676	0.40760893504642676	0.0
THR	A	327	0.45660205800582127	None	None	None	None	0.39237722518177287	0.39237722518177287	0.0
GLY	A	328	0.572979590006741	None	None	None	None	0.32183763850067776	0.32183763850067776	0.0
GLU	A	329	0.4432539571975537	None	None	None	None	0.2743508214423576	0.2743508214423576	0.0
ASN	A	330	0.15689290951983603	None	None	None	None	0.17544596828844902	0.17544596828844902	0.0
VAL	A	331	0.17079623532312563	None	None	None	None	0.13580492834487007	0.13580492834487007	0.0
LEU	A	332	0.26113519093626303	None	None	None	None	0.11573483117402962	0.11573483117402962	0.0
HIS	A	333	0.31473113582972584	None	None	None	None	0.14919449511800878	0.14919449511800878	0.0
VAL	A	334	0.4110717504737563	None	None	None	None	0.19540014563655508	0.19540014563655508	0.0
ARG	A	335	0.5406894142074231	None	None	None	None	0.3226219677532122	0.3226219677532122	0.0
ASP	A	336	0.5415529810023787	None	None	None	None	0.41809863714951667	0.41809863714951667	0.0
ALA	A	337	0.5092707132089458	None	None	None	None	0.421461862200774	0.421461862200774	0.0
ASP	A	338	0.49103790023318705	None	None	None	None	0.3818129435440491	0.3818129435440491	0.0
THR	A	339	0.4297978961197998	None	None	None	None	0.35756872440962134	0.35756872440962134	0.0
GLN	A	340	0.19729121228428356	None	None	None	None	0.3139561208102986	0.3139561208102986	0.0
ASP	A	341	0.3310716332641206	None	None	None	None	0.30459162511841764	0.30459162511841764	0.0
LYS	A	342	0.3987620849317833	None	None	None	None	0.23848593173902058	0.23848593173902058	0.0
ILE	A	343	0.14561068639892571	None	None	None	None	0.15475576286140658	0.15475576286140658	0.0
LEU	A	344	0.12383335551157361	None	None	None	None	0.1687312164058683	0.1687312164058683	0.0
GLN	A	345	0.2959547714854637	None	None	None	None	0.21659891869927775	0.21659891869927775	0.0
ALA	A	346	0.30257918734921885	None	None	None	None	0.1954097784031405	0.1954097784031405	0.0
LEU	A	347	0.04828099370843738	None	None	None	None	0.16824655622524332	0.16824655622524332	0.0
HIS	A	348	0.1012368664984109	None	None	None	None	0.20384668822242136	0.20384668822242136	0.0
LEU	A	349	0.27016367308566913	None	None	None	None	0.20728784363371455	0.20728784363371455	0.0
GLN	A	350	0.131318221352259	None	None	None	None	0.18802018987249497	0.18802018987249497	0.0
PHE	A	351	0.060198869009199824	None	None	None	None	0.19566651332163398	0.19566651332163398	0.0
GLY	A	352	0.29656474199758437	None	None	None	None	0.24106543342573625	0.24106543342573625	0.0
LYS	A	353	0.18195224428974258	None	None	None	None	0.27463639927849076	0.27463639927849076	0.0
GLN	A	354	0.22110712281420042	None	None	None	None	0.29440486733587	0.29440486733587	0.0
TYR	A	355	0.1991402685976724	None	None	None	None	0.2754452517920831	0.2754452517920831	0.0
PRO	A	356	0.2872452095326171	None	None	None	None	0.3296173644691013	0.3296173644691013	0.0
CYS	A	357	0.34437145064882224	None	None	None	None	0.4284154436636482	0.4284154436636482	0.0
SER	A	358	0.4026783456078412	None	None	None	None	0.4499828739568694	0.4499828739568694	0.0
LYS	A	359	0.3219514766719226	None	None	None	None	0.5027267480313437	0.5027267480313437	0.0
ILE	A	360	0.3785717270488403	None	None	None	None	0.44693890036092987	0.44693890036092987	0.0
TYR	A	361	0.13857274670425565	None	None	None	None	0.39508931629056454	0.39508931629056454	0.0
GLY	A	362	0.28016885786695916	None	None	None	None	0.4183502811210739	0.4183502811210739	0.0
ASP	A	363	0.3175344205999334	None	None	None	None	0.4606934696688772	0.4606934696688772	0.0
GLY	A	364	0.2859742982530529	None	None	None	None	0.4044349921680355	0.4044349921680355	0.0
ASN	A	365	0.16341185402104505	None	None	None	None	0.4101220959613504	0.4101220959613504	0.0
ALA	A	366	0.08387293738607672	None	None	None	None	0.3193627453144542	0.3193627453144542	0.0
VAL	A	367	0.05853275980325897	None	None	None	None	0.30056651576382926	0.30056651576382926	0.0
PRO	A	368	0.0777886391535118	None	None	None	None	0.35883751587513957	0.35883751587513957	0.0
ARG	A	369	0.04298293992862384	None	None	None	None	0.35331175597476	0.35331175597476	0.0
ILE	A	370	0.03572841457662889	None	None	None	None	0.2905312281271876	0.2905312281271876	0.0
LEU	A	371	0.05174801900675388	None	None	None	None	0.325185907287406	0.325185907287406	0.0
LYS	A	372	0.10675181906462655	None	None	None	None	0.3503122516463321	0.3503122516463321	0.0
PHE	A	373	0.1501885675480415	None	None	None	None	0.3140411094451624	0.3140411094451624	0.0
LEU	A	374	0.13976042413510906	None	None	None	None	0.31320372788835005	0.31320372788835005	0.0
LYS	A	375	0.2227791402582563	None	None	None	None	0.3805575559546336	0.3805575559546336	0.0
SER	A	376	0.32358676742343545	None	None	None	None	0.4427552208866851	0.4427552208866851	0.0
ILE	A	377	0.4007283471338154	None	None	None	None	0.4684606928826641	0.4684606928826641	0.0
ASP	A	378	0.5184791107990742	None	None	None	None	0.5621515652484562	0.5621515652484562	0.0
LEU	A	379	0.5153691771901369	None	None	None	None	0.615939710964037	0.615939710964037	0.0
GLN	A	380	0.5814994957001928	None	None	None	None	0.6918097118576207	0.6918097118576207	0.0
GLU	A	381	0.6661682417683759	None	None	None	None	0.7956326137119848	0.7956326137119848	0.0
PRO	A	382	0.7533096709829892	None	None	None	None	0.7439174100852166	0.7439174100852166	0.0
LEU	A	383	0.6634855669804227	None	None	None	None	0.5913895075846579	0.5913895075846579	0.0
GLN	A	384	0.6625845152147503	None	None	None	None	0.47323112398796724	0.47323112398796724	0.0
LYS	A	385	0.6087816660341845	None	None	None	None	0.5160036697760968	0.5160036697760968	0.0
LYS	A	386	0.6689463008936939	None	None	None	None	0.5606154620889948	0.5606154620889948	0.0
PHE	A	387	0.5840325581349485	None	None	None	None	0.655724412208043	0.655724412208043	0.0
CYS	A	388	0.6154905508559643	None	None	None	None	0.7631863847465091	0.7631863847465091	0.0
PHE	A	389	0.7327804778627137	None	None	None	None	0.9072139700182034	0.9072139700182034	0.0
PRO	A	390	0.8273466587309579	None	None	None	None	None	None	None
PRO	A	391	0.9040091206774062	None	None	None	None	None	None	None
VAL	A	392	0.928616529232137	None	None	None	None	None	None	None
LYS	A	393	0.9247461140787976	None	None	None	None	None	None	None
GLU	A	394	0.9653987813398702	None	None	None	None	None	None	None
ASN	A	395	0.9677785352693136	None	None	None	None	None	None	None
ILE	A	396	0.9546999626523903	None	None	None	None	None	None	None
SER	A	397	0.9616928511483727	None	None	None	None	None	None	None
GLN	A	398	0.9711470005597118	None	None	None	None	None	None	None
ASP	A	399	0.9731935748500895	None	None	None	None	None	None	None
ILE	A	400	0.9305281666558576	None	None	None	None	None	None	None
ASP	A	401	0.9522214866373293	None	None	None	None	None	None	None
HIS	A	402	0.9409322314079671	None	None	None	None	None	None	None
ILE	A	403	0.9202497259454763	None	None	None	None	None	None	None
LEU	A	404	0.8859171573862468	None	None	None	None	None	None	None
GLU	A	405	0.8013434754431883	0.4370826701906227	0.5276580299707616	0.45114075326285175	None	None	0.47196048447474537	0.03980008254285431
THR	A	406	0.6320601323424795	0.3226988946124265	0.411624297811301	0.3776903064762626	0.5367721354775283	None	0.4121964085943796	0.07861284108138566
LEU	A	407	0.4996879695331202	0.2384383843210553	0.3001124305845037	0.3028364846223651	0.5213890569175209	None	0.34069408911136123	0.10745576971371407
SER	A	408	0.3560159641807014	0.16862850204200885	0.2103706639487256	0.2134049867802604	0.4791043527489204	None	0.26787712637997885	0.12322889049085031
ALA	A	409	0.17593267970524445	0.08893249047850428	0.11009504471028185	0.13529132957903242	0.41107834540830906	None	0.18634930254403193	0.1307811209815613
LEU	A	410	0.13008712993114827	0.09498981840685253	0.13533364709001597	0.1191742874808343	0.24481819825343853	None	0.14857898780778533	0.057388718744044526
ALA	A	411	0.05516479578962889	0.05631643709974218	0.0901198287425549	0.07921237927170323	0.2320773032617735	None	0.11443148709394345	0.06900967212140013
VAL	A	412	0.05516479578962889	0.04934544425836801	0.06330418363232473	0.055191260546922874	0.23747814306903503	None	0.10132975787666267	0.07876143866974797
ASP	A	413	0.20728611248364864	0.0623723162577337	0.07794406891979785	0.06430904206573136	0.3855544062949006	None	0.1475449583845409	0.1375457904128391
LEU	A	414	0.34831720754704965	0.1759550632689108	0.13879057846443024	0.07165783997297562	0.5891894617263582	None	0.24389823585816872	0.2028279313732075
GLY	A	415	0.5617787109115303	0.3585636455249671	0.2492264597710913	0.1403865459487948	0.8300825577643758	None	0.3945648022523072	0.2630121757755036
GLY	A	416	0.6126386595696286	0.43622975447175083	0.3024854878872482	0.21687638100524032	0.9436177050982353	None	0.4748023321156187	0.28173329087629134
THR	A	417	0.5791227441791236	0.3087002360796095	0.21682010749157676	0.19014620179883665	0.8547637389112686	None	0.39260757107032285	0.270425869110837
ASN	A	418	0.41182017482110417	0.24441452869112099	0.18456647634130535	0.15467911187398145	0.734141235465021	None	0.3294503380928572	0.23587185408956057
LEU	A	419	0.24273635184048648	0.12733900222442174	0.13610449088993837	0.13427294121223107	0.538147411900892	None	0.2339659615568708	0.17564967188725944
ARG	A	420	0.13254291746442098	0.08280814061010627	0.10333166865014339	0.11256586723063308	0.47399303897963896	None	0.19317467886763043	0.16248790042755157
VAL	A	421	0.06185328612440905	0.0783561570074999	0.09765102607604574	0.08773814312790591	0.3769149542227594	None	0.16016507010855274	0.12532644970182452
ALA	A	422	0.08085041558294943	0.045741098070315865	0.08799463797111319	0.07238568605137134	0.3597260023038075	None	0.14146185609915196	0.12691725820281835
ILE	A	423	0.09415665056021053	0.06961943335270797	0.0838844648445384	0.07252826234944847	0.35975138660689787	None	0.14644588678839818	0.12326727761115429
VAL	A	424	0.1557886757848292	0.06930549332625355	0.08435288090971199	0.06560936668074381	0.37613712035515706	None	0.1488512153179666	0.13141122956366688
SER	A	425	0.3550672567780303	0.08024682912185181	0.10710602149347292	0.09467793216626125	0.434622074478692	None	0.17916321431506949	0.14779519819067427
MET	A	426	0.4775783106073461	0.12203337133823537	0.146170628394295	0.12161624655655282	0.5012816502693525	None	0.2227754741396089	0.16110257069342354
LYS	A	427	0.49289947143973334	0.09598834555573614	0.14154429758080755	0.10653112807523528	0.47081431412834013	None	0.2037195213350298	0.1551265425430143
GLY	A	428	0.4318659222877071	0.07391427015428598	0.0987300929015066	0.06508524100195663	0.47115100998836396	None	0.17722015351152828	0.17014874532561247
GLU	A	429	0.3433746057326781	0.04442407298393442	0.07741225674732768	0.07565893972730034	0.48370520425686503	None	0.17030011842885687	0.1814198405587852
ILE	A	430	0.2435005452856926	0.03390052740241757	0.07401048241088122	0.0698632135170909	0.4372294280121845	None	0.15375091283564354	0.1644079269655781
VAL	A	431	0.2532160091772374	0.06717085738833199	0.0914966936396891	0.08435794889686511	0.42289779839759456	None	0.1664808245806202	0.14830620405829661
LYS	A	432	0.186853740412693	0.0917060760054656	0.10573191987166371	0.11390975825331819	0.42389213130370784	None	0.18380997135853883	0.13883874907540217
LYS	A	433	0.13976042413510906	0.11848419048997631	0.1391549396250108	0.12697766807397948	0.4776689584219165	None	0.21557143915272076	0.15150031446666118
TYR	A	434	0.16341185402104505	0.0819828031093548	0.10702399400342423	0.09973360706896937	0.42266086755850807	None	0.17785031793506412	0.14163454229459435
THR	A	435	0.16448103259470723	0.15561168338596085	0.14665355699847044	0.140943137220808	0.41470540957151975	None	0.21447844679418976	0.11571926145530964
GLN	A	436	0.15244459884466913	0.1625341845733244	0.15847002217148545	0.13537812308486014	0.42382234960046	None	0.22005116985753248	0.11810234956395467
PHE	A	437	0.31641710347814245	0.17718466513501188	0.1890230330089623	0.15987583180054785	0.42643900021052683	None	0.2381306325387622	0.10921289123558207
ASN	A	438	0.34237352791672293	0.16302213409533745	0.17498019813445176	0.14246780694248432	0.3166589348596653	None	0.1992822685079847	0.06875782286197488
PRO	A	439	0.29898896357849875	0.16841726725635914	0.1876761410401122	0.15032000239324522	0.1993502676840934	None	0.17644091959345248	0.018693245726065486
LYS	A	440	0.4888922338051393	0.20056865633343815	0.20845391287988785	0.19750487645791517	0.1842211198300224	None	0.1976871413753159	0.008740615736948521
THR	A	441	0.366660225099924	0.1622412875223442	0.17675960011378408	0.1835026017794885	0.09050934539297825	None	0.15325320870214876	0.037030913310983606
TYR	A	442	0.3310716332641206	0.15737673314427159	0.16940830830974624	0.18298763577985158	0.12448943958602701	None	0.1585655292049741	0.02165986073398218
GLU	A	443	0.300790909712202	0.21637154231335848	0.2447718607785502	0.22707737347176965	0.21488085462912881	None	0.22577540779820177	0.011934030283819907
GLU	A	444	0.19636121710819912	0.22527462331552037	0.21871365096458822	0.20803524175355187	0.31073676068970374	None	0.24069006918084107	0.04090683217534112
ARG	A	445	0.18782192851438956	0.13965329976511162	0.167948831528471	0.14180512644515103	0.3096003802787366	None	0.18975190950436754	0.07008529599657773
ILE	A	446	0.21515987302779618	0.17265621526252997	0.1988151633486211	0.16506160081925306	0.23221268854454183	None	0.19218641699373648	0.026283203403777405
ASN	A	447	0.18294072989478227	0.20693541316477546	0.21498860369433942	0.18283366643658158	0.1742901957775973	None	0.19476196976832344	0.01672339226058141
LEU	A	448	0.12256244423200845	0.15784377289620127	0.18528585721712318	0.138899409355954	0.045132822791072946	None	0.13179046556508783	0.052679730171728695
ILE	A	449	0.131318221352259	0.12762633470275878	0.15463186313516192	0.1334180033601087	0.0	None	0.13855873373267646	0.011608760285546261
LEU	A	450	0.15131928180868232	0.16286725232581736	0.18029008925248227	0.1626872600659619	0.09879702138869442	None	0.15116040575823897	0.031065982641370553
GLN	A	451	0.11610304095385135	0.19105004998056518	0.18825797845839637	0.17524974331896173	0.18158390161913737	None	0.18403541834426518	0.006128480456325504
MET	A	452	0.08980415515619383	0.1336063887180052	0.15728069570753567	0.13711751718573464	0.148261891931318	None	0.14406662338564838	0.009353055273254246
CYS	A	453	0.12128464451078971	0.13385207546206454	0.157783875318006	0.14183161618472717	0.2056944634175848	None	0.15979050759559563	0.027868099035715372
VAL	A	454	0.20188694205145136	0.1968349976218276	0.21089228025912837	0.1934326551250171	0.12385888532174935	None	0.1812547045819306	0.03377763302545022
GLU	A	455	0.16341185402104505	0.1912611200678084	0.21441989765273303	0.20563190110400004	0.194133165741653	None	0.2013615211415486	0.009260461189503088
ALA	A	456	0.21601872086805105	0.1484488082451728	0.16776644595135196	0.1594945998509509	0.3191117464087348	None	0.19870540011405263	0.06985363089393534
ALA	A	457	0.36255212261871594	0.19883299576698535	0.22099856706553136	0.1888747590656751	0.3813734645807268	None	0.24751994661972965	0.07815021601150665
ALA	A	458	0.38451897683524394	0.23297397065266162	0.24289212582292752	0.22235997916431585	0.4935498647918504	None	0.29794398510793885	0.1131662627624264
GLU	A	459	0.3219514766719226	0.19908526233742327	0.21752921504709144	0.19933877539518738	0.5573254520516635	None	0.2933196762078414	0.15260715756224932
ALA	A	460	0.39757440750092876	0.21755611394634183	0.22672125773131585	0.19940214375941856	0.5330476778424988	None	0.2941817983198938	0.1382592775918935
VAL	A	461	0.5208437592233633	0.273400693026416	0.32376831445373216	0.2766388941722697	0.48437650415282735	None	0.3395461014513113	0.08596120621037259
LYS	A	462	0.500458826257245	0.28571026891684087	0.32978558808839403	0.30534655902496355	0.48983381959406885	None	0.3526690589060668	0.08071667015412373
LEU	A	463	0.4528648045036599	0.2548983769793446	0.2985204324228718	0.29155881413494966	0.49974447067166106	None	0.33618052355220673	0.09587665456717792
ASN	A	464	0.5042757494277057	0.28958888784258807	0.34672525838952867	0.3106912689813482	0.551435988157671	None	0.37461035084278393	0.10411433929777059
CYS	A	465	0.4732995457657501	0.26017030980542044	0.3102702236935398	0.27465251617466885	0.5728562674985648	None	0.3544873292930485	0.127386658594296
ARG	A	466	0.49891458402352423	0.25327838028634303	0.28364732735188264	0.245450837913967	0.4476341115956178	None	0.3075026642869526	0.0821532132005633
ILE	A	467	0.3693597218246966	0.19489252876757265	0.21969829817285336	0.20213298841154928	0.24927877269298013	None	0.21650064701123886	0.020964081686475653
LEU	A	468	0.4046123471955988	0.20286981526829329	0.22634490460555923	0.1928958152904826	0.22254954036796623	None	0.21116501888307534	0.013807701319425955
GLY	A	469	0.3257496584786125	0.12333157366390392	0.15455946113926058	0.12482974486397523	0.1975128828723212	None	0.15005841563486524	0.030095663234219135
VAL	A	470	0.1276054915278803	0.10649677488433552	0.1217880267337427	0.09471852415083648	0.15299367108374953	None	0.11899924921316607	0.021847559773748096
GLY	A	471	0.09415665056021053	0.06608679368632073	0.09604059341447434	0.07742260274016322	0.12581211067342626	None	0.09134052512859614	0.02259336388873662
ILE	A	472	0.06185328612440905	0.05212247839204947	0.06093406747447732	0.05853322881246511	0.10769455674905237	None	0.06982108285701107	0.022102235837119833
SER	A	473	0.1887861567354881	0.04361609619698416	0.05649168620545647	0.03828007767968134	0.300628461316601	None	0.10975408034968073	0.1104000429630047
THR	A	474	0.3214038493143735	0.024130259352257957	0.03699616822629798	0.033870723943525326	0.4551352909807755	None	0.1375331106257142	0.1834290863269166
GLY	A	475	0.5129486890756555	0.027163133225289203	0.0513531686158931	0.03661634826774489	None	None	0.03837755003630906	0.009953753958578055
GLY	A	476	0.49761994336521304	0.02365237502819627	0.03248255002825964	0.004773253412480968	None	None	0.020302726156312293	0.011557577324248827
ARG	A	477	0.4266614400397505	0.030514848879035862	0.05757215672906436	0.022240440880738024	None	None	0.03677581549627942	0.015088236332396997
VAL	A	478	0.2532160091772374	0.04970729891089709	0.05536559048772444	0.053511385551710255	None	None	0.05286142498344393	0.002355263955104913
ASN	A	479	0.2457783743236722	0.09340228362460848	0.10142003759473014	0.0866619324678001	None	None	0.09382808456237957	0.0060324896222225845
PRO	A	480	0.338326158616117	0.20083456428446664	0.20991395114825645	0.16446083618101776	None	None	0.19173645053791363	0.019639724546017565
ARG	A	481	0.4416133557861	0.2513072417993657	0.2329393884053413	0.20464685209383177	None	None	0.22963116076617962	0.019192121116966367
GLU	A	482	0.4311785938958463	0.293555299463852	0.25954331922520313	0.22189692217538104	None	None	0.2583318469548121	0.029266949592793322
GLY	A	483	0.31473113582972584	0.18833529565303442	0.19644743337679244	0.15421690407635108	None	None	0.17966654436872598	0.018297811123569915
ILE	A	484	0.23256961855864114	0.11341079934350835	0.1253051927360574	0.11610970882385475	None	None	0.1182752336344735	0.005091579442126812
VAL	A	485	0.2742168411950817	0.07510964060187662	0.08176393165687759	0.09137052238965712	None	None	0.08274803154947044	0.0066748487412571795
LEU	A	486	0.3357608071726627	0.05541359361747541	0.07226340808777432	0.08088565557409394	None	None	0.06952088575978123	0.010578202639393543
HIS	A	487	0.46569393550684646	0.054565191601655974	0.06595780073966435	0.052782709387895546	None	None	0.057768567243071965	0.005836207082051165
SER	A	488	0.5635520425011453	0.03405573525872586	0.0415211844492486	0.03209371953838455	None	None	0.03589021308211967	0.00406146568985352
THR	A	489	0.6259633609650701	0.02615680190665223	0.05017303842527614	0.04116482618443341	None	None	0.039164888838787264	0.009906049201355158
LYS	A	490	0.6740378300088137	0.056574597800703015	0.08605009058302307	0.08912027667351609	None	None	0.0772483216857474	0.014672165373337707
LEU	A	491	0.6540489264930361	0.09246234858561375	0.1115953342995942	0.10728435562850923	None	None	0.10378067950457238	0.008194493898097217
ILE	A	492	0.546246870329291	0.04102635547010338	0.06337641184289952	0.08436469571624271	None	None	0.06292248767641521	0.01769571453175832
GLN	A	493	0.5514698015174008	0.06777557173253357	0.07988732120847783	0.07509679420490391	None	None	0.07425322904863844	0.004980449810452728
GLU	A	494	0.3870225770512869	0.06361465533838881	0.08339442260911888	0.0698479633499934	None	None	0.07228568043250035	0.008256982772248823
TRP	A	495	0.37291163038788555	0.06146187117328475	0.0703798166049322	0.050624039272300934	None	None	0.060821909016839294	0.008077947271239502
ASN	A	496	0.4241927947457704	0.07775432533904629	0.09348487759267064	0.07596833216378386	None	None	0.08240251169850027	0.007870263369787321
SER	A	497	0.3531583113568842	0.1173240196333619	0.11684669957318411	0.10234661203904481	None	None	0.11217244374853029	0.006950644344102665
VAL	A	498	0.2554023012420544	0.12108901819857298	0.14553895155386085	0.12127128903737708	None	None	0.12929975292993698	0.011483088568995941
ASP	A	499	0.22690802812788857	0.17172698805495373	0.19780392136230537	0.17563660427762287	1.0	None	0.3862918784237205	0.35446406910658795
LEU	A	500	0.23653195504627142	0.19139635247939074	0.19532422142672343	0.16912601053740037	0.987927010696845	None	0.3859433987850899	0.3476989620562319
ARG	A	501	0.2859742982530529	0.19695181896240854	0.231120396704306	0.207137729044768	0.9555403040378759	None	0.3976875621873396	0.3223152105183452
THR	A	502	0.42454704495730655	0.23131454261125478	0.2553153906084285	0.21885750108053015	0.8474916048307255	None	0.38824475978273476	0.2654698751024999
PRO	A	503	0.35075018550141335	0.24603392566578108	0.2473281648759422	0.22089704244853833	0.764326283780665	None	0.3696463541927317	0.22811202099405878
LEU	A	504	0.338326158616117	0.22229780215554693	0.22338817524262816	0.20863245803404476	0.689868176411318	None	0.33604665296088443	0.20436167766179292
SER	A	505	0.4234826933913814	0.26723408356133554	0.266322136095686	0.2337708238192435	0.6622451052305339	None	0.3573930371766998	0.1765217982097545
ASP	A	506	0.47040327504697166	0.320436934001649	0.31894006094037175	0.289380050402312	0.6058771562411196	None	0.3836585503963631	0.1288943365723851
THR	A	507	0.46149465323694117	0.28785140682982024	0.2985967386072317	0.2918858819874263	0.5572288175719154	None	0.35889071124909844	0.11457486359736584
LEU	A	508	0.4698197265524476	0.2721806010482904	0.2887855741499065	0.26153219175413184	0.48360650327119087	None	0.3265262175558799	0.09120888354295437
HIS	A	509	0.4686482783214359	0.2720458714239248	0.2892824366650259	0.257804067455539	0.4187843281083357	None	0.30947917591320634	0.06408411209449331
LEU	A	510	0.4538046866977019	0.21897367195375222	0.2435748930169211	0.20153800143005768	0.2649372628650449	None	0.23225595731644394	0.0240634471556264
PRO	A	511	0.42875704025062394	0.1723125636444816	0.20432053227708327	0.16966437934455353	0.27673518456135654	None	0.20575816495686877	0.043189042900464804
VAL	A	512	0.23015985170298267	0.1447582936304818	0.16458824672296027	0.12401494629332017	0.32696521258773	None	0.19008167480862304	0.08032129121319091
TRP	A	513	0.1432879733110391	0.09287984149550015	0.11003676569007419	0.10870942663813155	0.43131204132204004	None	0.1857345187864365	0.14194481789926455
VAL	A	514	0.13376128436946064	0.06957422480911594	0.07871124611638378	0.0770130668543227	0.4029612339542072	None	0.1570649429335074	0.1420098732169398
ASP	A	515	0.16975537945395083	0.03359368864613353	0.06156897011873594	0.020814058175756475	0.40693084222558196	None	0.13072688979155198	0.1601461289824157
ASN	A	516	0.31416645658630254	0.016303074576581138	0.03520872179009238	0.0	0.4535736744377517	None	0.16836182360147509	0.20182286914888398
ASP	A	517	0.407674123625037	0.000612788988879407	0.022174272063582162	0.004189441948918476	0.5148050712707146	None	0.13544539356802365	0.2191757674371167
GLY	A	518	0.34978000523751046	0.010472477374936305	0.023767928464311232	0.003848709161047549	0.3702997135995653	None	0.1020972071499651	0.15501283723347564
ASN	A	519	0.18195224428974258	0.013743235168934649	0.01285355781774686	0.023876442503982163	0.30183652008123174	None	0.08807743889297386	0.12348979599049308
CYS	A	520	0.1935490151176476	0.025353474103791896	0.028796628203369482	0.037649542184779554	0.2569920782620143	None	0.08719793068848881	0.09813325671726882
ALA	A	521	0.21515987302779618	0.016391534206460417	0.040025427012516164	0.03843817697618043	0.1548874119881665	None	0.062435637545830876	0.054188296014459035
ALA	A	522	0.12256244423200845	0.004572348470739233	0.027061738274260914	0.021172980739495684	0.17637486820118645	None	0.05729548392142057	0.0692433090344915
LEU	A	523	0.1501885675480415	0.02732179928779215	0.03197913174768836	0.032124835163629274	0.13506501423938283	None	0.05662269510962315	0.045329875037121166
ALA	A	524	0.14561068639892571	0.015222509958971375	0.03857912288002158	0.02664472380150945	0.13813645940517	None	0.0546457040114181	0.04890573685030117
GLU	A	525	0.1276054915278803	0.03475133540120233	0.0575182536942835	0.03673664318916752	0.12528148012309653	None	0.06357192810193747	0.03672694809148055
ARG	A	526	0.18392508819926567	0.07370929274588935	0.09612006465725952	0.05441517255742368	0.15267047695061337	None	0.09422875172779648	0.036827916024675146
LYS	A	527	0.3180910996576851	0.08194538276245096	0.10069016851479586	0.07205264218833277	0.0411219531564719	None	0.07395253665551287	0.021565269290027788
PHE	A	528	0.28341173529001973	0.11065927253169179	0.10235328501985341	0.09584090192955548	0.09510243364096502	None	0.10098897328051643	0.0062555979268965655
GLY	A	529	0.2625468925881326	0.08906877800851663	0.1002415728150979	0.07830993996538259	0.09479924780302519	None	0.09060488464800558	0.008123788055190213
GLN	A	530	0.16975537945395083	0.0991388045626609	0.12057378478666116	0.09744132395476429	0.10611211540654972	None	0.10581650717765903	0.00911866263337933
GLY	A	531	0.21081806575577397	0.11996079020482668	0.12097692614627117	0.1033685821002873	0.14787306476834847	None	0.12304484080493341	0.015948224830127554
LYS	A	532	0.2910173455489239	0.13611495211517077	0.1507808475279521	0.14711782975158844	0.22221065325127695	None	0.16405607066149705	0.03400660647645873
GLY	A	533	0.41182017482110417	0.23036148943762325	0.22202306350282286	0.18902527778588335	0.23769041106677738	None	0.2197750604482767	0.01859862171000828
LEU	A	534	0.2561265828299094	0.18011419749211313	0.20400278715980677	0.16959833159800472	0.3193343507774336	None	0.21826241675683955	0.059670664275512854
GLU	A	535	0.2953432186874926	0.13009768582647	0.20469331520199896	0.14329862473024751	0.4747664593255209	None	0.23821402127105934	0.13944422556648298
ASN	A	536	0.15689290951983603	0.07811995797288943	0.16422816315150116	0.10207536983551878	0.3559251114634372	None	0.17508715060583663	0.10903398813447637
PHE	A	537	0.041190129224812036	0.060045663406872896	0.07549089898241824	0.05501530786118191	0.22906986569470725	None	0.10490543398629507	0.07208232216047382
VAL	A	538	0.04298293992862384	0.04713991386545309	0.04956255265117781	0.026606404487118148	0.30529906200759516	None	0.10715198325283605	0.11474738130664296
THR	A	539	0.0777886391535118	0.032989515017767285	0.04791542746099297	0.001347420925274995	0.3449165795934755	None	0.10679223574937768	0.1385055344075524
LEU	A	540	0.13254291746442098	0.06674361694643706	0.0729030353301427	0.07664068368193055	0.28843585604587374	None	0.126180798001096	0.09374463354616214
ILE	A	541	0.36891194681559625	0.1472166799092616	0.12773393011102285	0.17425808921159583	0.4169886236847766	None	0.2165493307291642	0.11689701784724728
THR	A	542	0.43829749983890165	0.23583884122902407	0.20001172112077964	0.23621047567049047	0.48913417833113954	None	0.2902988040878584	0.1157353643303771
GLY	A	543	0.5441248625606842	0.23294539268825434	0.1933306624244265	0.20567881441252722	0.5485681201879101	None	0.29513074742827955	0.1470224692712759
THR	A	544	0.5623713047838758	0.18300978607349203	0.1616543214381505	0.14349083530465528	0.5082982546525427	None	0.24911329936721016	0.1502927919521376
GLY	A	545	0.493428660149961	0.12714039522357606	0.1081665996707888	0.105712315323552	0.49246484292395254	None	0.20837103828546735	0.16423112534205594
ILE	A	546	0.42806057454049845	0.05467098639111717	0.05659836677687455	0.048634359763305546	0.503542791386134	None	0.1658616260793578	0.1949824476450116
GLY	A	547	0.4263103551328428	0.045278625328521435	0.0642695638572733	0.03924339741454193	0.4863783919976596	None	0.15879249464949907	0.1893571293646378
GLY	A	548	0.27488564581785807	0.019394385587567658	0.04112204660987217	0.008360891294303376	0.39308782567718253	None	0.11549128729223143	0.16070326563801296
GLY	A	549	0.16233780445756893	0.02248950456130482	0.039187558643547726	0.010955158835423423	0.27550324817035915	None	0.08703386755265878	0.10927479286263517
ILE	A	550	0.05002087962329475	0.045687969293798605	0.07234577642782677	0.04179854833111181	0.17974451115408513	None	0.08489420130170558	0.05600983882124521
ILE	A	551	0.06835724264306794	0.0655087844298839	0.10766855814843626	0.06970428614737101	0.10703603268539201	None	0.0874794153527708	0.019929416761013865
HIS	A	552	0.12884957605827918	0.11341620547729152	0.14124927251158667	0.10752711598301508	0.12275017289958466	None	0.12123569171786948	0.012766229701650778
GLN	A	553	0.2782015017650565	0.1928299912968925	0.23062101226322196	0.16908450738601125	0.2661362695631241	None	0.21466794512731244	0.03693993365954871
HIS	A	554	0.3693597218246966	0.17107408672619917	0.1960697574467703	0.16067785099486462	0.44088505600449457	None	0.24217668779308216	0.11544317314282893
GLU	A	555	0.3550672567780303	0.12075315438394812	0.16018572226929992	0.12610534151640337	0.40237719637950065	None	0.20235535363728802	0.11646887852031469
LEU	A	556	0.22772519869100458	0.12276542025843491	0.14303940558758219	0.08718837893991283	0.2783584293749773	None	0.1578379085402268	0.07239756055790317
ILE	A	557	0.14791073851006245	0.09946633444206122	0.11993017268997798	0.0825475280525845	0.262098233860389	None	0.14101056726125316	0.07115204893703637
HIS	A	558	0.20370043923546186	0.11104362097311207	0.1119798167988005	0.07475971258598564	0.2866935966687626	None	0.1461191867566652	0.08253655428385442
GLY	A	559	0.3175344205999334	0.1267508433316876	0.1528392566080287	0.12358226912664688	0.270249052105542	None	0.1683553552929763	0.05991377018041568
SER	A	560	0.3550672567780303	0.11708172366377878	0.14545437993231086	0.13565879466576505	0.39620139742193294	None	0.19859907392094692	0.11453994270319438
SER	A	561	0.40228963410771335	0.08686263974096763	0.11502678480268311	0.09104872105390988	0.6441514785537287	None	0.23427240603782232	0.2368876502745121
PHE	A	562	0.32358676742343545	0.10786417935457195	0.11098860500151592	0.08376207154990177	0.7819068870716571	None	0.2711304357444117	0.2950850570431429
CYS	A	563	0.31416645658630254	0.053774074637375754	0.05524226096222226	0.07053409852059003	0.8048231230434202	None	0.24609338929090208	0.32264952034989414
ALA	A	564	0.2891388218932777	0.053276056894812844	0.04762105245943197	0.037622299890367424	0.6416204578503378	None	0.19503496677373752	0.2578971690417469
ALA	A	565	0.2721989674943007	0.013467367494074725	0.03342415606657878	0.027789391856760524	0.53756738895195	None	0.15306207609234102	0.22211342575899076
GLU	A	566	0.34585885918790193	0.0	0.0	0.0018055697488303267	0.49271975561341225	None	0.2472626626811213	0.24545709293229095
LEU	A	567	0.26742232276253264	0.011334003910710972	0.029484168641621594	0.007895358253511293	0.4362983172686749	None	0.12125296201862969	0.18207636515031211
GLY	A	568	0.3357608071726627	0.023341442341064063	0.03279746720928182	0.008196109045344268	0.38430565858242677	None	0.11216016929452922	0.15736811772334258
HIS	A	569	0.3072826545051119	0.03007756983839737	0.023085306757375152	0.02800078507207219	0.2995756156978361	None	0.0951848193414202	0.11803239571047913
LEU	A	570	0.11610304095385135	0.06156152206889086	0.044974177821335254	0.03527242058813078	0.2957726042140521	None	0.10939518117310225	0.10801487405939571
VAL	A	571	0.06185328612440905	0.06102968436357024	0.07725485860867619	0.04810715771558372	0.3491417728170829	None	0.13388336837622827	0.1247078449721907
VAL	A	572	0.08236652030262866	0.09408652187561584	0.0746682338380111	0.05440976598614794	0.34206565224947355	None	0.14130754348731212	0.11675365566117125
SER	A	573	0.16870990780085804	0.11861322070323908	0.08841413825217725	0.08742425331652948	0.29606214279864523	None	0.14762843876764775	0.0866102255843039
LEU	A	574	0.25100925230265475	0.17792581857599687	0.17940002759984727	0.13531234841595255	0.27934572318239254	None	0.1929959794435473	0.05290472376688587
ASP	A	575	0.3878512368549523	None	0.19086507791552162	0.1675868133204652	0.40485893892052005	None	0.2544369433855023	0.10678811405829783
GLY	A	576	0.3560159641807014	0.17373679417564078	0.1818144162129019	0.1675232065432508	0.28225127389039056	None	0.201331422705546	0.04699307093070009
PRO	A	577	0.23809842905818662	0.14394663148987838	0.14641733131856868	0.1440993263507557	0.35611690659358713	None	0.19764504893819745	0.09149900705080319
ASP	A	578	0.27084405875681417	0.1371987735137999	0.12776904733486494	0.11661985630143928	0.530108109196519	None	0.22792394658665577	0.17461810438760345
CYS	A	579	0.38113894085318323	0.08066504375663389	0.0852050103538969	0.08778508882425763	0.4367563389102239	None	0.17260287046125308	0.15253037476676248
SER	A	580	0.5633556630883586	0.10719979822967272	0.10846115838554142	0.0960961500252025	0.3972665245533964	None	0.17725590779845327	0.12711427319679872
CYS	A	581	0.5255030703904743	0.07006297669585652	0.06737177875821139	0.07795942005859266	0.39978016778437003	None	0.15379358582425764	0.14207371576347916
GLY	A	582	0.49943045615806986	0.13039903208616005	0.12777617924444112	0.10714552576979601	0.39932980078929736	None	0.19116263447242365	0.1205223026751388
SER	A	583	0.3790015420656498	0.09996003062102948	0.09333634780031945	0.12255671976815541	0.39108908517096674	None	0.17673554584011777	0.12423032136825105
HIS	A	584	0.22690802812788857	0.11830254328137568	0.10259953669333399	0.11101949052856266	0.37962538342862545	None	0.17788673848297443	0.11660633428832295
GLY	A	585	0.16448103259470723	0.0893903799417585	0.08242570400947613	0.08397693468855999	0.38956022762704146	None	0.16133831156670903	0.13178934905685932
CYS	A	586	0.10811063245983107	0.05390440960699923	0.04749880181495258	0.05981809061830153	0.2906422474925461	None	0.11296588738319985	0.10267396784552775
ILE	A	587	0.09701430338402704	0.06369344774812677	0.04593898218926198	0.06437006584740383	0.30932523795984274	None	0.12083193343615883	0.10907729946586027
GLU	A	588	0.2859742982530529	0.08057277387184324	0.06295960171238375	0.06415885808220134	0.32674803533813246	None	0.13360981725114018	0.11172531935666415
ALA	A	589	0.24120049317455533	0.10686253397396266	0.10712331834363811	0.08091196617862295	0.28235802345923805	None	0.14431396048886544	0.08040791225846455
TYR	A	590	0.1276054915278803	0.14771738056387368	0.12731596066494605	0.10053871710338234	0.3100674453146318	None	0.17140987591170848	0.08178363283866358
ALA	A	591	0.1809595966277794	0.13827352010785593	0.10784773492597276	0.08881781105455278	0.3388162018709913	None	0.1684388169898432	0.09993645759523341
SER	A	592	0.3560159641807014	0.13065528771426083	0.12599602812636881	0.0921194124110932	0.3552052853985747	None	0.17599400341257437	0.10453112847451711
GLY	A	593	0.4318659222877071	0.24008552201775019	0.2193232327633575	0.14728865541630956	0.38151291655644826	None	0.24705258168846636	0.08492626117743546
MET	A	594	0.4611918227888554	0.2676207174897059	0.22194142643464276	0.18707937743269917	0.415974864998893	None	0.2731540965889852	0.08726394592789145
ALA	A	595	0.33054480964507316	0.2669002030119334	0.2153298181387675	0.18822574810695414	0.29390788401583573	None	0.24109091331837268	0.04157556838404637
LEU	A	596	0.30376388065335025	0.272740013422693	0.26092084035214663	0.21531339405257596	0.28633667953869096	None	0.25882773184152663	0.02668413610484286
GLN	A	597	0.3777097389901197	0.33989373378399773	0.3749371695520801	0.2528007782414899	0.167494991820395	None	0.28378166834949065	0.08052995712293692
ARG	A	598	0.36801383726689846	0.4894307193935916	0.4120081464933641	0.561031671309353	0.03841766076651806	None	0.3752220494907067	0.20146913475638012
GLU	A	599	0.2821199322144899	0.5395541921918268	0.44691624733910484	0.47219670059991686	0.13504351442253543	None	0.398427663638346	0.1557890566465083
ALA	A	600	0.3560159641807014	0.5501427964527547	0.4808295936812832	0.46067078638918	0.10197278722758074	None	0.3984039909376996	0.1743324822254915
LYS	A	601	0.3768445876653818	0.6157198536662245	0.552839950833816	0.6242463335526961	0.10574623378247072	None	0.47463809295880177	0.214757667616072
LYS	A	602	0.36023852729508454	0.6633353124519531	0.5960928489296066	0.7147240131041629	0.0829989508249301	None	0.5142877813276632	0.25253315324169945
LEU	A	603	0.3807130085396405	0.7180474834216736	0.6643873367807134	0.6939970997048424	0.06893686980750485	None	0.5363421974286835	0.27052503450228116
HIS	A	604	0.44062348671219104	0.7852858287477263	0.738548676232696	0.7465311067001764	0.1360518649083761	None	0.6016043691472437	0.26936755340282537
ASP	A	605	0.47502038166472477	0.8404988720823622	0.7995466723409438	0.9345964392266246	0.17174749412290527	None	0.6865973694432089	0.30125452289984184
GLU	A	606	0.4184511783300877	0.8681989370215071	0.8363167456800445	0.9938273601843779	0.19477592166639926	None	0.7232797411380821	0.31076166072212597
ASP	A	607	0.4784248230838776	0.8525505933065161	0.8556607230771212	0.9183718811003594	0.14079316532422118	None	0.6918440907020544	0.31923127635171117
LEU	A	608	0.3903198821489327	0.7739093911424256	0.7552057568843512	0.7681067884834918	0.1343077481190236	None	0.6078824211573232	0.2735022572304368
LEU	A	609	0.4342559127778577	0.7323161753562867	0.7176979938031721	0.6313516750104028	0.15628995333876347	None	0.5594139493771563	0.2359200134683584
LEU	A	610	0.49263443097177473	0.800171495169399	0.8125059143181318	0.7216974086380449	0.12023060087223796	None	0.6136513547494534	0.2869977738420567
VAL	A	611	0.5329951448254334	0.8716766585245103	0.8902028037811572	0.8275352555207641	0.20161715986365533	None	0.6977579694225218	0.2873502094948902
GLU	A	612	0.6463007815411583	0.9725358792179896	0.9846073352765636	0.9819359271009266	0.33215928296107217	None	0.817809606139138	0.28042618799859137
GLY	A	613	0.6394302863447514	0.9825413328567911	1.0	1.0	0.412849463920982	None	0.8488476991944434	0.2518245842451852
MET	A	614	0.5421985865306761	0.9696207161283991	0.9818627480487038	0.9341092797650639	0.4785003667252849	None	0.8410232776668628	0.2100362601674337
SER	A	615	0.6618094346105761	0.9952903867722175	0.9871267137758827	0.9304163988992509	0.5701138814063655	None	0.8707368452134292	0.17535392903717895
VAL	A	616	0.6681918891413892	1.0	None	None	0.6473888485296464	None	0.8236944242648232	0.1763055757351768
PRO	A	617	0.6982988234963109	None	None	None	0.7612886736957813	None	0.7612886736957813	0.0
LYS	A	618	0.7551456983973049	None	None	None	0.8429469915181939	None	0.8429469915181939	0.0
ASP	A	619	0.7278455851637102	None	None	None	0.8923767218618484	None	0.8923767218618484	0.0
GLU	A	620	0.6925771879033868	None	None	None	0.8340916034770853	None	0.8340916034770853	0.0
ALA	A	621	0.6421181738206564	0.8354046161084991	0.8233955872305931	0.9141768494448878	0.7053139058143602	None	0.8195727396495851	0.07461615303569523
VAL	A	622	0.5309753502313878	0.7733691106002227	0.7299647674210059	0.7347893497116004	0.5837197293577591	None	0.705460739272647	0.0722721162988123
GLY	A	623	0.5136774484547794	0.7155972854117624	0.6445601321347092	0.5796675275180088	0.5550267163636031	None	0.6237129153570209	0.062320008885158595
ALA	A	624	0.4981386530825396	0.6784741217378913	0.5683721085688386	0.49807090368663226	0.5285308310710254	None	0.5683619912660969	0.06828623524361757
LEU	A	625	0.5284829789300993	0.71062059227064	0.6148382985559866	0.5981859055045704	0.535550273544397	None	0.6147987674688985	0.0627258611797998
HIS	A	626	0.4455317862355334	0.6754505032065008	0.6135824056531115	0.5464259056076902	0.5094059321274101	None	0.5862161866486781	0.06362930704298744
LEU	A	627	0.38743727103933645	0.6109130201944326	0.555346289376124	0.45566482475807396	0.5206571596951353	None	0.5356453235059414	0.0562913835666392
ILE	A	628	0.46539645474634234	0.6567733603871567	0.6009718736522531	0.532960764871551	0.48629407316472784	None	0.5692500180189222	0.06493306219634035
GLN	A	629	0.44746684611237303	0.710700168064247	0.6685459637639165	0.6494447558191393	0.4408415448308554	None	0.6173831081195396	0.10430793869121036
ALA	A	630	0.3815641050286827	0.6700552998741224	0.6489225085828798	0.6096233514193855	0.37773607424887623	None	0.576584308531316	0.11683518310157133
ALA	A	631	0.4263103551328428	0.6695755127452218	0.6235215560211891	0.6554404622316666	0.367673376446231	None	0.5790527268610771	0.12317484263025003
LYS	A	632	0.45442919956996736	0.7471154085774434	0.7091623705604224	0.8177280299340559	0.35261455673859193	None	0.6566550914526285	0.1798090804116027
LEU	A	633	0.37202865755266695	0.806725018258137	0.7766209415498762	0.8658160456551153	0.2902172761454352	None	0.6848448204021409	0.23008646314917222
GLY	A	634	0.4227704467124219	0.767594297030512	0.7427095886664116	0.8758226644991445	0.30013238613863347	None	0.6715647340836755	0.2202081734012934
ASN	A	635	0.30611555572840016	0.6915068926060562	0.6650428382285415	0.7375847410138355	0.2762696615770966	None	0.5926010333563825	0.18446950719896693
ALA	A	636	0.31529446577856907	0.6720480921655665	0.6493899551452222	0.7879725564035434	0.19698412870369483	None	0.5765986831045068	0.22538593745050683
LYS	A	637	0.300790909712202	0.6222221341155546	0.5923539380661628	0.6524874384082061	0.211197111316574	None	0.5195651554766244	0.17930131489547077
ALA	A	638	0.33264507717866404	0.5684527791209993	0.51317144927471	0.46783864707064016	0.23916167018787388	None	0.44715613641355584	0.1252600907031446
GLN	A	639	0.33883589605019926	0.5575841738778619	0.4901784595229249	0.5191753362030885	0.2924328697888604	None	0.4648427098481839	0.10237195245506991
SER	A	640	0.2625468925881326	0.5064777670416043	0.45480616374695776	0.5365952687401429	0.32858841693779145	None	0.4566169041166241	0.07949405130175313
ILE	A	641	0.2582861717151215	0.4100330835198655	0.3513603355173656	0.3796309140192038	0.310979126056934	None	0.36300086477834226	0.03650462764697816
LEU	A	642	0.31473113582972584	0.3617902186754726	0.32790426299203373	0.3943975220757353	0.35961938791421233	None	0.3609278479143635	0.023522499869764783
ARG	A	643	0.2878781051380029	0.32824762641933936	0.2695590654885418	0.2245247217994461	0.3567651473196859	None	0.2947741402567533	0.05131797935838313
THR	A	644	0.20370043923546186	0.28813860766042937	0.22967596534327742	0.21464854938724415	0.31329614503836534	None	0.2614398168573291	0.04062102035040109
ALA	A	645	0.17694667469388214	0.2115363206910163	0.18153282573807755	0.15026154396730368	0.37260440975407816	None	0.2289837750376189	0.08570309596748993
GLY	A	646	0.18294072989478227	0.19340188049031642	0.13823136650155646	0.11779867374615412	0.4377087792852039	None	0.22178517500580774	0.12769401478960107
THR	A	647	0.08685719839122896	0.16023055947701997	0.11761119334197007	0.10730849673061843	0.369717661295657	None	0.18871697771131635	0.10636740199443445
ALA	A	648	0.06835724264306794	0.1271143246472109	0.09754789514707957	0.1052153768465417	0.34283055438248033	None	0.16817703775582812	0.10141824762832351
LEU	A	649	0.06835724264306794	0.09106267689929334	0.08930117936326731	0.07769188477601742	0.287957820812426	None	0.136503390462751	0.08759301464089712
GLY	A	650	0.07932449781944403	0.06382114310988414	0.06731545575444907	0.05878095739783144	0.2975191330864465	None	0.1218591723371528	0.10146269371746228
LEU	A	651	0.033879358263238735	0.06166653321126458	0.05759379385316544	0.046465907749690845	0.2449826604010002	None	0.10267722380378026	0.0823482570195708
GLY	A	652	0.06349617410684506	0.04070359019093417	0.03900493795405937	0.03914577284221936	0.18673443814452467	None	0.07639718478293439	0.06370673039162776
VAL	A	653	0.04652817172008373	0.03786324936045965	0.021062331625433042	0.017018246969103673	0.2178569348738723	None	0.07345019070721717	0.08373886524258886
VAL	A	654	0.033879358263238735	0.02365726126429966	0.03928470724447761	0.025306151088212832	0.20321502498348584	None	0.07286578614511899	0.07550167338139768
ASN	A	655	0.041190129224812036	0.021227567515511355	0.02852666114677765	0.023525937499221602	0.3355549469383263	None	0.10220877827495924	0.13474831607757648
ILE	A	656	0.060198869009199824	0.029483543938507932	0.034313198372107306	0.04116346382851044	0.3404084818549962	None	0.11134217199853047	0.13231659302358917
LEU	A	657	0.06674799768193802	0.014579382236730996	0.010595414234672714	0.01889428965816586	0.2811803640409972	None	0.0813123625426417	0.11543116052875346
HIS	A	658	0.056854792069040594	0.022101673611990433	0.03404354529470223	0.0005076554453041031	0.3387534149188407	None	0.09885157231770937	0.1390279175086586
THR	A	659	0.10946165891604592	0.009293934504162226	0.029350609153335063	0.005072453992863058	0.3029884822142296	None	0.08667636996614748	0.12522421209394555
MET	A	660	0.16341185402104505	0.06964381931621579	0.09130149820463176	0.07141597488486923	0.4210740682691147	None	0.1633588401687079	0.14903472324911204
ASN	A	661	0.1601749134023919	0.07086328517159612	0.06844713243561519	0.04318091986429246	0.3904604904283663	None	0.1432379569749675	0.14314516432314942
PRO	A	662	0.12256244423200845	0.09606306078996386	0.11441656389987898	0.05924487370644587	0.25038098343049303	None	0.13002637045669543	0.07227106200018395
SER	A	663	0.17694667469388214	0.11864560641109347	0.14943826077402994	0.09457092959467125	0.13825400254684975	None	0.12522719983166108	0.02085064350165573
LEU	A	664	0.06835724264306794	0.06678806759481903	0.06594810915403933	0.06615925843845123	0.1390355083439788	None	0.0844827358828221	0.03149757325037468
VAL	A	665	0.03756308120091159	0.05995709549161332	0.06719689359895337	0.050285220602216296	0.2565266350902513	None	0.10849146119575857	0.08567847617884677
ILE	A	666	0.04652817172008373	0.034777833914865004	0.04018230721535472	0.02597322349843565	0.27753569663452504	None	0.0946172653157951	0.1057297016061613
LEU	A	667	0.14094214827064128	0.05767692657374094	0.07442510875957736	0.04568236956535358	0.3368916164550806	None	0.1286690053384381	0.12065002389199746
SER	A	668	0.3927629451661343	0.12294321493730542	0.12670220184013264	0.09675385469651038	0.40363160772866225	None	0.18750771980065267	0.1253112976422677
GLY	A	669	0.5603901715168723	0.2641788122720281	0.2757233628428162	0.19766930964312035	0.4054229276421614	None	0.28574860310003153	0.07524238700536823
VAL	A	670	0.6150176249773748	0.3814567233962598	0.39037549390548737	0.28905300890209307	0.33288528543519735	None	0.3484426279097594	0.04067386600187527
LEU	A	671	0.49787944088334346	0.2643464402029574	0.28203285747934836	0.2174229965328291	0.3922484122423343	None	0.28901267661436725	0.06410897070357163
ALA	A	672	0.4297978961197998	0.19530315573742643	0.1919962446982933	0.1573468245391421	0.336061586388646	None	0.22017695284087696	0.0685378205968688
SER	A	673	0.45936662550650725	0.26763939431536776	0.240386817367029	0.1990849786409584	0.3307654774476686	None	0.25946916694275596	0.0478547353172345
HIS	A	674	0.46509859814144194	0.2703985165447397	0.27990867466305525	0.2259559876089003	0.3345680778927666	None	0.27770781417736545	0.03863162810999959
TYR	A	675	0.3055298325167566	0.1709843055690694	0.17035775708882886	0.16543698186301176	0.39318049298396907	None	0.22498988437621975	0.09712865295039587
ILE	A	676	0.23336743140604588	0.143648582884883	0.1382472449473349	0.12824075041193375	0.3809218820982802	None	0.19776461508560794	0.10589029052283404
HIS	A	677	0.26673197535439663	0.16210846930231376	0.15385056599680463	0.15297456192262554	0.44159700450958683	None	0.2276326504328327	0.12358376642183913
ILE	A	678	0.21081806575577397	0.13431392669973372	0.12096474542491498	0.1193884698682078	0.3227469107576139	None	0.1743535131876176	0.08587095760327253
VAL	A	679	0.1121407044662207	0.09137042516193537	0.08753809834211058	0.06969279034956212	0.23151751919240074	None	0.1200297082615022	0.06488527666961935
LYS	A	680	0.12383335551157361	0.105769578058229	0.11827996993965828	0.09271703037157408	0.26251611637931305	None	0.1448206736871936	0.068549988881276
ASP	A	681	0.13976042413510906	0.12345892889408147	0.14212618145908995	0.12260590194594365	0.3722462918742348	None	0.19010932604333747	0.10544577302019321
VAL	A	682	0.08236652030262866	0.09355284535426305	0.08784157316375849	0.08628005110062706	0.33459764144389925	None	0.15056802776563696	0.10628403194574325
ILE	A	683	0.11080498717403912	0.07830442383369302	0.08455053419178996	0.08938756326488538	0.3076631189020121	None	0.1399764100480951	0.09689365993601096
ARG	A	684	0.15908598088247522	0.10390856763857015	0.13287579780143813	0.1356512936233276	0.3130135463189041	None	0.17136230134556	0.08272177527879357
GLN	A	685	0.1887861567354881	0.13467929037009033	0.1531748360710534	0.1446650430185015	0.39084082530362857	None	0.20583999869081843	0.10701068499384421
GLN	A	686	0.17694667469388214	0.14849115720496578	0.1498715906963041	0.10302620718800816	0.4579747132301265	None	0.21484091707985115	0.14163322013640328
ALA	A	687	0.18490535352600618	0.06051753089182097	0.06678167585549594	0.020759121276087325	0.41208716054213257	None	0.1400363721413842	0.15805710256507197
LEU	A	688	0.19729121228428356	0.04998681694335435	0.06408393622754603	0.03699189853394984	0.3712701380559562	None	0.1305831974402016	0.13929058017769247
SER	A	689	0.2721989674943007	0.065384007439669	0.0687285258580691	0.0627356251694489	0.4023628670749649	None	0.14980275638553797	0.14583111026017567
SER	A	690	0.2795148949748949	0.11307371306876104	0.12791746537198034	0.09415050093459398	0.421241686312459	None	0.18909584142194857	0.13456268862099968
VAL	A	691	0.2681106545549302	0.0889505328069572	0.11303663304315571	0.08992815193050592	0.5680541535494907	None	0.2149923678325274	0.20406812506237476
GLN	A	692	0.39797096515779296	0.16556078497274276	0.1768354021200895	0.1420674082474287	0.7029558278950534	None	0.2968548558088286	0.23479776178256276
ASP	A	693	0.36891194681559625	0.16801142382124834	0.18775416378994791	0.18398335938273844	0.7440562931917004	None	0.32095131004640876	0.24439217194951907
VAL	A	694	0.1887861567354881	0.15916198909785512	0.17350795054351784	0.1446279489362562	0.6274931500841768	None	0.27619775966545146	0.2030773466653846
ASP	A	695	0.17079623532312563	0.1554904782626381	0.1296867652556405	0.11740619576759337	0.5353244659866524	None	0.23447697631813108	0.17423736317747332
VAL	A	696	0.11870807819344548	0.1300607195521411	0.1392743290590091	0.09119847668492763	0.3778197204920853	None	0.1845883114470408	0.11301178473520769
VAL	A	697	0.11478964774401389	0.0960555895862534	0.10648458205713321	0.07512696188226964	0.301095812511343	None	0.1446907365092498	0.0910037832919795
VAL	A	698	0.13617928988848077	0.09136310948988753	0.10614733767505892	0.07228575412520259	0.33468549303566025	None	0.15112042358145233	0.10665898330120405
SER	A	699	0.18490535352600618	0.08173297969104407	0.08574667206323681	0.0866487607149875	0.4145373253605056	None	0.1671664344574435	0.14283163721032074
ASP	A	700	0.32948761741868987	0.130495451779082	0.12835531287103508	0.14875598450629154	0.5071810016119375	None	0.22869693769208652	0.16097818436112682
LEU	A	701	0.3257496584786125	0.09447967460606743	0.11448096839113893	0.12082144962791208	0.4664749737200096	None	0.199064266586282	0.15469542325855803
VAL	A	702	0.48178080105492993	0.11693766796145474	0.12935636179651927	0.16190676273142332	0.4914029709103479	None	0.2249009408499363	0.15473883916331
ASP	A	703	0.43628536695813297	0.08037597660141606	0.09840586979339355	0.11355295763039339	0.5076661984731726	None	0.2000002506245939	0.17801885790811378
PRO	A	704	0.31074967980342677	0.044785096546992864	0.06908696144231492	0.07443101143447187	0.4386309018700503	None	0.1567334928234575	0.16313660346622427
ALA	A	705	0.3315972822475909	0.07347787860127782	0.07895145267187012	0.040793530671207896	0.3814560271272344	None	0.14366972226789756	0.13805903349013382
LEU	A	706	0.30376388065335025	0.08373834766666845	0.0893029738041403	0.07304797567804695	0.23744983663280778	None	0.12088478344541587	0.06755190632623569
LEU	A	707	0.15244459884466913	0.05727430012395493	0.08180916222305319	0.07974169757894466	0.15052776224448117	None	0.0923382305426085	0.034946511766090316
GLY	A	708	0.19542753877329325	0.05314594280588952	0.08136046086688659	0.06355141997211121	0.10639545893071085	None	0.07611332064389954	0.020185651915302624
ALA	A	709	0.13376128436946064	0.06318998714669297	0.08913142157127511	0.06983743081671832	0.060971634611410336	None	0.07078261853652418	0.011084622339467066
ALA	A	710	0.13497338714963494	0.08287465818844299	0.10185651546184159	0.08960929896409175	0.14646904142959136	None	0.10520237851099193	0.02477803206743274
SER	A	711	0.2568486460939595	0.10931213940148406	0.11493615738724068	0.1105641637112704	0.24367355007338498	None	0.14462150264334503	0.05722582740934571
MET	A	712	0.26603960049134506	0.1446969620765175	0.157238316845944	0.12370917386718698	0.3248735137897147	None	0.1876294916448408	0.08013824654946435
VAL	A	713	0.29226143007932187	0.16923249516903108	0.1765710747896655	0.16528029448557255	0.45821738026070535	None	0.24232531117624362	0.12471116574417264
LEU	A	714	0.4249007636604494	0.234615774558093	0.23768340446914044	0.24114400752051504	0.5062254384835839	None	0.3049171562578331	0.11624833401067595
ASP	A	715	0.5419835810698835	0.36421075402744935	0.3147587029392574	0.323011499477987	0.6944090040769494	None	0.42409749013041076	0.1571846713453237
TYR	A	716	0.6541826114818289	0.4803640449953011	0.39174935824492185	0.40113585519441414	0.7924604030865859	None	0.5164274153803058	0.16304258551581896
THR	A	717	0.7738082761722551	None	None	None	None	None	None	None
THR	A	718	0.8907190213890968	None	None	None	None	None	None	None
ARG	A	719	0.9289501033541754	None	None	None	None	None	None	None
ARG	A	720	0.9680610862801161	None	None	None	None	None	None	None
ILE	A	721	0.9884713462895639	None	None	None	None	None	None	None
TYR	A	722	1.0	None	None	None	None	None	None	None
