ResName	Chain	ResID	RMSF
MET	A	1	0.9648060230038238
GLU	A	2	0.9765400784989028
LYS	A	3	0.9627002699973751
ASN	A	4	0.9684198058421554
GLY	A	5	0.9498167817863801
ASN	A	6	0.9254269220219612
ASN	A	7	0.8147304546206411
ARG	A	8	0.5691335070089908
LYS	A	9	0.36409645491783493
LEU	A	10	0.24860115737354338
ARG	A	11	0.14809021826194219
VAL	A	12	0.07023669055371153
CYS	A	13	0.04386995689321012
VAL	A	14	0.04035951312805605
ALA	A	15	0.13890809107918678
THR	A	16	0.09817877791751962
CYS	A	17	0.2040430436046172
ASN	A	18	0.3391486598268989
ARG	A	19	0.4422570633945375
ALA	A	20	0.5023202477530831
ASP	A	21	0.37215858280282815
TYR	A	22	0.18164795564711803
SER	A	23	0.38376313344407664
LYS	A	24	0.25007465510149324
LEU	A	25	0.12193707695911313
ALA	A	26	0.18839968298349374
PRO	A	27	0.21872397994788828
ILE	A	28	0.09956258396077101
MET	A	29	0.06867140052547396
PHE	A	30	0.16335515445588847
GLY	A	31	0.20045341394590227
ILE	A	32	0.11813796429094384
LYS	A	33	0.20315068415808304
THR	A	34	0.22695603274628592
GLU	A	35	0.25802021348290016
PRO	A	36	0.3112858899165382
ALA	A	37	0.33711710821177066
PHE	A	38	0.27448921716778246
PHE	A	39	0.1558446872229971
GLU	A	40	0.15033160443835036
LEU	A	41	0.07941881773646749
ASP	A	42	0.07941881773646749
VAL	A	43	0.04212118809040958
VAL	A	44	0.0349951104316499
VAL	A	45	0.04560600726491299
LEU	A	46	0.09956258396077101
GLY	A	47	0.2790861711107839
SER	A	48	0.3548071164716769
HIS	A	49	0.19496568090629599
LEU	A	50	0.23412970403972616
ILE	A	51	0.37867507138429557
ASP	A	52	0.43116809730856875
ASP	A	53	0.5171668479092882
TYR	A	54	0.47359763545109274
GLY	A	55	0.4234785169971512
ASN	A	56	0.332481897056739
THR	A	57	0.2643299872128028
TYR	A	58	0.2220509449384782
ARG	A	59	0.29904187925178227
MET	A	60	0.39160378922043165
ILE	A	61	0.23096799061264425
GLU	A	62	0.27382522265354053
GLN	A	63	0.3381350452509798
ASP	A	64	0.3146718456090105
ASP	A	65	0.2663967176466459
PHE	A	66	0.19863815140358448
ASP	A	67	0.24337108550451644
ILE	A	68	0.10230635984714839
ASN	A	69	0.17369035631264784
THR	A	70	0.15909243628768469
ARG	A	71	0.06391298633598912
LEU	A	72	0.15909243628768469
HIS	A	73	0.19029418399092216
THR	A	74	0.17267674173672798
ILE	A	75	0.3112858899165382
VAL	A	76	0.37824612989609124
ARG	A	77	0.5327224658044518
GLY	A	78	0.6270996991298394
GLU	A	79	0.6017307836391459
ASP	A	80	0.49768003065536676
GLU	A	81	0.43559816929808637
ALA	A	82	0.35809966348600364
ALA	A	83	0.36042398442054707
MET	A	84	0.35716356081984646
VAL	A	85	0.24637371470448138
GLU	A	86	0.16440904523601715
SER	A	87	0.19954750821363657
VAL	A	88	0.12691029588128677
GLY	A	89	0.11297655512164334
LEU	A	90	0.09397856619759147
ALA	A	91	0.09678690298877539
LEU	A	92	0.07179178318040731
VAL	A	93	0.1353716430791425
LYS	A	94	0.07179178318040731
LEU	A	95	0.07941881773646749
PRO	A	96	0.06391298633598912
ASP	A	97	0.1654583035142511
VAL	A	98	0.0911367960404852
LEU	A	99	0.08091541119022923
ASN	A	100	0.16857868616918292
ARG	A	101	0.10636378116930667
LEU	A	102	0.15801475556803432
LYS	A	103	0.20225497626300587
PRO	A	104	0.14696158318558583
ASP	A	105	0.23255408198932784
ILE	A	106	0.15475220992042368
MET	A	107	0.07333681041214869
ILE	A	108	0.03679667274875479
VAL	A	109	0.07791278199026538
HIS	A	110	0.09678690298877539
GLY	A	111	0.4061707440053946
ASP	A	112	0.3174572433039397
ARG	A	113	0.3730377951189117
PHE	A	114	0.31354852177619247
ASP	A	115	0.26084516803829894
ALA	A	116	0.16440904523601715
LEU	A	117	0.07333681041214869
ALA	A	118	0.08680968285882013
LEU	A	119	0.04212118809040958
ALA	A	120	0.09817877791751962
THR	A	121	0.0655096870983932
SER	A	122	0.10230635984714839
ALA	A	123	0.19954750821363657
ALA	A	124	0.30553366280670863
LEU	A	125	0.28486936881734215
MET	A	126	0.2911349745622993
ASN	A	127	0.33403698968343404
ILE	A	128	0.28486936881734215
ARG	A	129	0.19863815140358448
ILE	A	130	0.14468817672600856
LEU	A	131	0.10903091365353136
HIS	A	132	0.04035951312805605
ILE	A	133	0.06391298633598912
GLU	A	134	0.16016527348213977
GLY	A	135	0.2663967176466459
GLY	A	136	0.3396538576323046
GLU	A	137	0.2867663791240237
VAL	A	138	0.33506811817212034
SER	A	139	0.3911974812517745
GLY	A	140	0.5387153966494633
THR	A	141	0.4559740666425464
ILE	A	142	0.3911974812517745
ASP	A	143	0.38376313344407664
ASP	A	144	0.36272589111078696
SER	A	145	0.24860115737354338
ILE	A	146	0.18839968298349374
ARG	A	147	0.09256190996865012
HIS	A	148	0.1353716430791425
ALA	A	149	0.13057337350179735
ILE	A	150	0.08970312281820338
THR	A	151	0.10636378116930667
LYS	A	152	0.2529946410406228
LEU	A	153	0.25587933927646106
ALA	A	154	0.1835965858475958
HIS	A	155	0.2698019947097994
TYR	A	156	0.18552943749276277
HIS	A	157	0.07023669055371153
VAL	A	158	0.02950737739204621
CYS	A	159	0.08534970354332179
CYS	A	160	0.10366651095712655
THR	A	161	0.24786098352792
ARG	A	162	0.3803831707939707
SER	A	163	0.455663857535921
ALA	A	164	0.23017097526801336
GLU	A	165	0.17267674173672798
GLN	A	166	0.4493734836901328
HIS	A	167	0.3543330232196008
LEU	A	168	0.2948168862316555
ILE	A	169	0.44094006212848
SER	A	170	0.4966365060472395
MET	A	171	0.3829226189349783
CYS	A	172	0.4011532975822137
GLU	A	173	0.3562237727006189
ASP	A	174	0.4559740666425464
HIS	A	175	0.4934782786242614
ASP	A	176	0.4756047837545103
ARG	A	177	0.35050599336831656
ILE	A	178	0.24412529110493933
LEU	A	179	0.062305533298909074
LEU	A	180	0.08240268001366889
ALA	A	181	0.1256766710480491
GLY	A	182	0.17063650817161047
CYS	A	183	0.15475220992042368
PRO	A	184	0.16960981465786856
SER	A	185	0.2771268779717492
TYR	A	186	0.2587295925308347
ASP	A	187	0.2816737939994729
LYS	A	188	0.38626706417191525
LEU	A	189	0.38709590484476464
LEU	A	190	0.45690228248727904
SER	A	191	0.5254192308081065
ALA	A	192	0.6172101450458772
LYS	A	193	0.7807676618161523
ASN	A	194	0.7991269340192738
LYS	A	195	0.8054482320417851
ASP	A	196	0.5254192308081065
TYR	A	197	0.3816562718061183
MET	A	198	0.32881345797013883
SER	A	199	0.3141108444719364
ILE	A	200	0.30142300497038776
ILE	A	201	0.23491363208075586
ARG	A	202	0.22533217700132097
MET	A	203	0.251539112909199
TRP	A	204	0.20757949160466066
LEU	A	205	0.18552943749276277
GLY	A	206	0.3330013877382771
ASP	A	207	0.363183620635422
ASP	A	208	0.346616605914897
VAL	A	209	0.24487712125071853
LYS	A	210	0.3475949100463499
CYS	A	211	0.35575248750517324
LYS	A	212	0.26844570768629594
ASP	A	213	0.14468817672600856
TYR	A	214	0.033179847889333404
ILE	A	215	0.0
VAL	A	216	0.014224983643407099
ALA	A	217	0.0349951104316499
LEU	A	218	0.1341810876238679
GLN	A	219	0.13773508688114988
HIS	A	220	0.31241988669983695
PRO	A	221	0.33351975031755693
VAL	A	222	0.39642629412689534
THR	A	223	0.5419809178076671
THR	A	224	0.5358486865730849
ASP	A	225	0.45253939049394964
ILE	A	226	0.4173621313514728
LYS	A	227	0.3829226189349783
HIS	A	228	0.3471062591613691
SER	A	229	0.3396538576323046
ILE	A	230	0.27249166681671716
LYS	A	231	0.22937128985024133
MET	A	232	0.16229659008716957
PHE	A	233	0.1341810876238679
GLU	A	234	0.1256766710480491
LEU	A	235	0.08970312281820338
THR	A	236	0.06068718219192946
LEU	A	237	0.07791278199026538
ASP	A	238	0.09256190996865012
ALA	A	239	0.07023669055371153
LEU	A	240	0.05242663910598305
ILE	A	241	0.12443663774536882
SER	A	242	0.14921354209475862
PHE	A	243	0.10093841413239385
ASN	A	244	0.18552943749276277
LYS	A	245	0.19029418399092216
ARG	A	246	0.09256190996865012
THR	A	247	0.04732952286758905
LEU	A	248	0.06709577847507787
VAL	A	249	0.15365470971604306
LEU	A	250	0.2677646633613995
PHE	A	251	0.3576320710270747
PRO	A	252	0.42560036095891535
ASN	A	253	0.5432747197498247
ILE	A	254	0.5101061900309475
ASP	A	255	0.5475374379180278
ALA	A	256	0.5128090131567418
GLY	A	257	0.4438931621501455
SER	A	258	0.4547308040718932
LYS	A	259	0.5007835093514525
GLU	A	260	0.4136896608541852
MET	A	261	0.3495395715059381
VAL	A	262	0.3681615538506964
ARG	A	263	0.35575248750517324
VAL	A	264	0.24637371470448138
MET	A	265	0.24487712125071853
ARG	A	266	0.3169027578654085
LYS	A	267	0.251539112909199
LYS	A	268	0.27315937599041584
GLY	A	269	0.23956389357304256
ILE	A	270	0.21619796829186655
GLU	A	271	0.3911974812517745
HIS	A	272	0.37867507138429557
HIS	A	273	0.31071686491775286
PRO	A	274	0.3695013471188677
ASN	A	275	0.28864843255786016
PHE	A	276	0.11941106530309019
ARG	A	277	0.13773508688114988
ALA	A	278	0.24033020522299428
VAL	A	279	0.2948168862316555
LYS	A	280	0.40309558554758135
HIS	A	281	0.4158999162190705
VAL	A	282	0.3765226142934157
PRO	A	283	0.4493734836901328
PHE	A	284	0.455353244773871
ASP	A	285	0.4795691479861875
GLN	A	286	0.3829226189349783
PHE	A	287	0.31298487128064373
ILE	A	288	0.31856236506464886
GLN	A	289	0.3078512137679412
LEU	A	290	0.21872397994788828
VAL	A	291	0.21192762410337795
ALA	A	292	0.29175258389507275
HIS	A	293	0.24109406467147326
ALA	A	294	0.08680968285882013
GLY	A	295	0.07179178318040731
CYS	A	296	0.020071133978510316
MET	A	297	0.016189652132866952
ILE	A	298	0.008232052798398184
GLY	A	299	0.08534970354332179
ASN	A	300	0.15255214020866992
SER	A	301	0.28486936881734215
SER	A	302	0.32615819283901737
CYS	A	303	0.25943686971184254
GLY	A	304	0.22937128985024133
VAL	A	305	0.23017097526801336
ARG	A	306	0.19217376751282358
GLU	A	307	0.18456496800309977
VAL	A	308	0.19403866663849423
GLY	A	309	0.370833662432189
ALA	A	310	0.346616605914897
PHE	A	311	0.3314395116712384
GLY	A	312	0.28423366704628206
THR	A	313	0.09678690298877539
PRO	A	314	0.027649734756592464
VAL	A	315	0.010246460313689715
ILE	A	316	0.02198846054325464
ASN	A	317	0.05741718757725647
LEU	A	318	0.16440904523601715
GLY	A	319	0.346616605914897
THR	A	320	0.4709919663209601
ARG	A	321	0.42205340306898737
GLN	A	322	0.3891555023843142
ILE	A	323	0.5642598000635826
GLY	A	324	0.5936847181742663
ARG	A	325	0.4512780619372169
GLU	A	326	0.5063704976079668
THR	A	327	0.47589014645909167
GLY	A	328	0.577103759883742
GLU	A	329	0.4422570633945375
ASN	A	330	0.17469968497904245
VAL	A	331	0.2040430436046172
LEU	A	332	0.2771268779717492
HIS	A	333	0.3566941292546845
VAL	A	334	0.44486946565406943
ARG	A	335	0.5628771390875924
ASP	A	336	0.5504766854632533
ALA	A	337	0.5048596958940909
ASP	A	338	0.49871901324865053
THR	A	339	0.4412699942804573
GLN	A	340	0.21278782638184013
ASP	A	341	0.3020145935605554
LYS	A	342	0.42630347155254955
ILE	A	343	0.17570476382794079
LEU	A	344	0.12193707695911313
GLN	A	345	0.3330013877382771
ALA	A	346	0.32239049090501504
LEU	A	347	0.054101774920501194
HIS	A	348	0.09256190996865012
LEU	A	349	0.2829571620045309
GLN	A	350	0.1353716430791425
PHE	A	351	0.07023669055371153
GLY	A	352	0.3037806130136927
LYS	A	353	0.19863815140358448
GLN	A	354	0.23647380674562266
TYR	A	355	0.20757949160466066
PRO	A	356	0.30142300497038776
CYS	A	357	0.36364047412215394
SER	A	358	0.41405946088779394
LYS	A	359	0.332481897056739
ILE	A	360	0.39722065716930227
TYR	A	361	0.15909243628768469
GLY	A	362	0.28927250055764214
ASP	A	363	0.31856236506464886
GLY	A	364	0.3020145935605554
ASN	A	365	0.17570476382794079
ALA	A	366	0.09817877791751962
VAL	A	367	0.07333681041214869
PRO	A	368	0.09256190996865012
ARG	A	369	0.04212118809040958
ILE	A	370	0.04560600726491299
LEU	A	371	0.06709577847507787
LYS	A	372	0.12319012904360903
PHE	A	373	0.167543084224026
LEU	A	374	0.17063650817161047
LYS	A	375	0.25587933927646106
SER	A	376	0.34464788651669637
ILE	A	377	0.43116809730856875
ASP	A	378	0.5400269706851374
LEU	A	379	0.5398088748509122
GLN	A	380	0.6106523183331418
GLU	A	381	0.6984054336872437
PRO	A	382	0.7806085775890353
LEU	A	383	0.6900650165829981
GLN	A	384	0.6845367201892186
LYS	A	385	0.6338158435062682
LYS	A	386	0.6823851253862676
PHE	A	387	0.6010564728123378
CYS	A	388	0.6504417743881603
PHE	A	389	0.7575708587675472
PRO	A	390	0.8502923283551215
PRO	A	391	0.9136003390897147
VAL	A	392	0.9377273166569152
LYS	A	393	0.9326053020007041
GLU	A	394	0.9635521965903635
ASN	A	395	0.9680935315312645
ILE	A	396	0.944430125659364
SER	A	397	0.9676214576934625
GLN	A	398	0.9774836502709292
ASP	A	399	0.9618080495263165
ILE	A	400	0.9259901632963334
ASP	A	401	0.9472178468953213
HIS	A	402	0.9411225564065017
ILE	A	403	0.9217110701753574
LEU	A	404	0.8763854776000868
GLU	A	405	0.7757860726825719
THR	A	406	0.6114617659516196
LEU	A	407	0.5147556569639373
SER	A	408	0.373476189868312
ALA	A	409	0.19954750821363657
LEU	A	410	0.1353716430791425
ALA	A	411	0.07333681041214869
VAL	A	412	0.07487190170874321
ASP	A	413	0.26570979379431764
LEU	A	414	0.41626631057182445
GLY	A	415	0.608698371210612
GLY	A	416	0.6615713315579408
THR	A	417	0.6195650395863628
ASN	A	418	0.4741728306064058
LEU	A	419	0.304950742189912
ARG	A	420	0.16960981465786856
VAL	A	421	0.07487190170874321
ALA	A	422	0.08534970354332179
ILE	A	423	0.0911367960404852
VAL	A	424	0.15475220992042368
SER	A	425	0.3654591943408307
MET	A	426	0.4897400789227124
LYS	A	427	0.5023202477530831
GLY	A	428	0.43694489148206944
GLU	A	429	0.35098774100701313
ILE	A	430	0.2551614263324544
VAL	A	431	0.26294215845493646
LYS	A	432	0.1874467640575057
LYS	A	433	0.14921354209475862
TYR	A	434	0.17869485562545212
THR	A	435	0.18839968298349374
GLN	A	436	0.18839968298349374
PHE	A	437	0.3769546612420483
ASN	A	438	0.40540566042108933
PRO	A	439	0.3524271777745955
LYS	A	440	0.515481575031602
THR	A	441	0.3984072671055482
TYR	A	442	0.38123265878641965
GLU	A	443	0.35575248750517324
GLU	A	444	0.23176235365505177
ARG	A	445	0.23879511392639974
ILE	A	446	0.257308720038254
SER	A	447	0.20932826040745994
LEU	A	448	0.13178201342042797
ILE	A	449	0.15033160443835036
LEU	A	450	0.16335515445588847
GLN	A	451	0.12067741243195089
MET	A	452	0.0911367960404852
CYS	A	453	0.11297655512164334
VAL	A	454	0.2178849426202341
GLU	A	455	0.1612333104941233
ALA	A	456	0.17670562849738555
ALA	A	457	0.36409645491783493
ALA	A	458	0.3866818442483963
GLU	A	459	0.27515136980860794
ALA	A	460	0.38250124923341006
VAL	A	461	0.539590579569166
LYS	A	462	0.5115842497004741
LEU	A	463	0.45751909387428913
ASN	A	464	0.5369553453653891
CYS	A	465	0.4764598504859656
ARG	A	466	0.5258822879347982
ILE	A	467	0.3866818442483963
LEU	A	468	0.451594019460453
GLY	A	469	0.35050599336831656
VAL	A	470	0.167543084224026
GLY	A	471	0.1256766710480491
ILE	A	472	0.09256190996865012
SER	A	473	0.23802385033474321
THR	A	474	0.3712761201565594
GLY	A	475	0.5562487840298227
GLY	A	476	0.5456286291100322
ARG	A	477	0.47302105093415125
VAL	A	478	0.3157899079526014
ASN	A	479	0.3095747293706165
PRO	A	480	0.38460069877339664
GLN	A	481	0.4709919663209601
GLU	A	482	0.48152691070919906
GLY	A	483	0.3686089876723341
VAL	A	484	0.29724031693467823
VAL	A	485	0.3441531591397032
LEU	A	486	0.4011532975822137
HIS	A	487	0.5212107910194244
SER	A	488	0.6073867971749379
THR	A	489	0.6822650217993547
LYS	A	490	0.7116186901931605
LEU	A	491	0.7065727743671547
ILE	A	492	0.6049080015467093
GLN	A	493	0.6034082738452199
GLU	A	494	0.4544189740158515
TRP	A	495	0.4328817146746379
ASN	A	496	0.47011705071490434
SER	A	497	0.4188154440534739
VAL	A	498	0.3169027578654085
ASP	A	499	0.29175258389507275
LEU	A	500	0.28231634048153864
ARG	A	501	0.3330013877382771
THR	A	502	0.4653958906611105
PRO	A	503	0.36681419820983047
LEU	A	504	0.3645515663501759
SER	A	505	0.46509769465237005
ASP	A	506	0.5007835093514525
THR	A	507	0.46118686191946806
LEU	A	508	0.48041015604563675
HIS	A	509	0.4945356707140952
LEU	A	510	0.48152691070919906
PRO	A	511	0.4756047837545103
VAL	A	512	0.3037806130136927
TRP	A	513	0.21619796829186655
VAL	A	514	0.19217376751282358
ASP	A	515	0.2261454857061805
ASN	A	516	0.35716356081984646
ASP	A	517	0.431511806329729
GLY	A	518	0.39402721992345485
ASN	A	519	0.23647380674562266
CYS	A	520	0.24637371470448138
ALA	A	521	0.2670816704091702
ALA	A	522	0.17267674173672798
MET	A	523	0.23255408198932784
ALA	A	524	0.17968328715765958
GLU	A	525	0.1558446872229971
ARG	A	526	0.23802385033474321
LYS	A	527	0.3436574042907849
PHE	A	528	0.3118535617035848
GLY	A	529	0.286135715946202
GLN	A	530	0.21192762410337795
GLY	A	531	0.24109406467147326
LYS	A	532	0.332481897056739
GLY	A	533	0.43728038819780884
GLN	A	534	0.3146718456090105
GLU	A	535	0.28864843255786016
ASN	A	536	0.15693218739076395
PHE	A	537	0.04560600726491299
VAL	A	538	0.04904068341351155
THR	A	539	0.09956258396077101
LEU	A	540	0.16960981465786856
ILE	A	541	0.4103354247649691
THR	A	542	0.47330951728219234
GLY	A	543	0.5689404573632453
THR	A	544	0.600210896745872
GLY	A	545	0.5279550002973451
ILE	A	546	0.45905418517088276
GLY	A	547	0.4559740666425464
GLY	A	548	0.3095747293706165
GLY	A	549	0.19403866663849423
ILE	A	550	0.0655096870983932
ILE	A	551	0.08680968285882013
HIS	A	552	0.14123694734596684
GLN	A	553	0.2948168862316555
HIS	A	554	0.40463811675671735
GLU	A	555	0.38709590484476464
LEU	A	556	0.304950742189912
ILE	A	557	0.18649002580697974
HIS	A	558	0.257308720038254
GLY	A	559	0.35903210949180353
SER	A	560	0.4042534174406514
SER	A	561	0.4509616856497458
PHE	A	562	0.373476189868312
CYS	A	563	0.366363384338436
ALA	A	564	0.31634698142352785
ALA	A	565	0.3066952508602179
GLU	A	566	0.387921877551076
LEU	A	567	0.30082994659339274
GLY	A	568	0.366363384338436
HIS	A	569	0.33455311069305244
LEU	A	570	0.1256766710480491
VAL	A	571	0.06709577847507787
VAL	A	572	0.08240268001366889
SER	A	573	0.1835965858475958
LEU	A	574	0.2677646633613995
ASP	A	575	0.3976168495821694
GLY	A	576	0.3773859276176296
PRO	A	577	0.2522679863730712
ASP	A	578	0.286135715946202
CYS	A	579	0.40232056579548553
SER	A	580	0.5819076005833109
CYS	A	581	0.5568590251988685
GLY	A	582	0.5103531697466733
SER	A	583	0.4042534174406514
HIS	A	584	0.24562659085840263
GLY	A	585	0.17469968497904245
CYS	A	586	0.12443663774536882
ILE	A	587	0.10636378116930667
GLU	A	588	0.3191130132302942
ALA	A	589	0.2698019947097994
TYR	A	590	0.14354330223421735
ALA	A	591	0.21019786382440148
SER	A	592	0.387921877551076
GLY	A	593	0.4509616856497458
MET	A	594	0.48811989708776327
ALA	A	595	0.36272589111078696
LEU	A	596	0.3229323886949569
GLN	A	597	0.382079134403777
ARG	A	598	0.373476189868312
GLU	A	599	0.2948168862316555
ALA	A	600	0.3552802699941927
LYS	A	601	0.373476189868312
LYS	A	602	0.3514685183577654
LEU	A	603	0.3686089876723341
HIS	A	604	0.4304791909892727
ASP	A	605	0.46420086501652813
GLU	A	606	0.40309558554758135
ASP	A	607	0.4596654681527078
LEU	A	608	0.3712761201565594
LEU	A	609	0.42061972984670604
LEU	A	610	0.4692389165279442
VAL	A	611	0.5023202477530831
GLU	A	612	0.6178403919438895
GLY	A	613	0.6129118904691011
MET	A	614	0.5212107910194244
SER	A	615	0.6534426877548019
VAL	A	616	0.6615713315579408
PRO	A	617	0.6891330256520519
LYS	A	618	0.7516261941598958
ASP	A	619	0.7092700445793354
GLU	A	620	0.6742015183324586
ALA	A	621	0.63189495640812
VAL	A	622	0.5297824226114359
GLY	A	623	0.5188403060577634
ALA	A	624	0.5226218643340975
LEU	A	625	0.5466909623006709
HIS	A	626	0.4461650231027264
LEU	A	627	0.39200940677589585
ILE	A	628	0.4770281980733973
GLN	A	629	0.45379408917220554
ALA	A	630	0.38750924845272927
ALA	A	631	0.43928352616779165
LYS	A	632	0.47474664307972386
LEU	A	633	0.3756561673386526
GLY	A	634	0.42489517322609416
ASN	A	635	0.3078512137679412
VAL	A	636	0.299639391138119
LYS	A	637	0.30900160574846847
ALA	A	638	0.3391486598268989
GLN	A	639	0.3645515663501759
SER	A	640	0.28038348883637265
ILE	A	641	0.27515136980860794
LEU	A	642	0.3401579884932928
ARG	A	643	0.3118535617035848
THR	A	644	0.22776383681315898
ALA	A	645	0.19772531712117086
GLY	A	646	0.2049320795445825
THR	A	647	0.09817877791751962
ALA	A	648	0.07791278199026538
LEU	A	649	0.07487190170874321
GLY	A	650	0.08388073968319627
LEU	A	651	0.0349951104316499
GLY	A	652	0.0655096870983932
VAL	A	653	0.04732952286758905
VAL	A	654	0.02950737739204621
ASN	A	655	0.04212118809040958
ILE	A	656	0.06867140052547396
LEU	A	657	0.0655096870983932
HIS	A	658	0.06391298633598912
THR	A	659	0.11813796429094384
MET	A	660	0.19029418399092216
ASN	A	661	0.17869485562545212
PRO	A	662	0.13890809107918678
SER	A	663	0.19954750821363657
LEU	A	664	0.07023669055371153
VAL	A	665	0.038584740090366124
ILE	A	666	0.05242663910598305
LEU	A	667	0.16335515445588847
SER	A	668	0.40540566042108933
GLY	A	669	0.5716290475196458
VAL	A	670	0.621122161050172
LEU	A	671	0.5219173703432899
ALA	A	672	0.444544474625035
SER	A	673	0.48319230728276336
HIS	A	674	0.49108188051064156
TYR	A	675	0.33351975031755693
ILE	A	676	0.2670816704091702
HIS	A	677	0.2704772593014247
ILE	A	678	0.22937128985024133
VAL	A	679	0.11941106530309019
ARG	A	680	0.14123694734596684
ASP	A	681	0.1558446872229971
VAL	A	682	0.08680968285882013
ILE	A	683	0.11557120973254552
ARG	A	684	0.17267674173672798
GLN	A	685	0.19403866663849423
GLN	A	686	0.1835965858475958
ALA	A	687	0.19029418399092216
LEU	A	688	0.19496568090629599
SER	A	689	0.2777817641821102
SER	A	690	0.29904187925178227
VAL	A	691	0.28359626780519404
GLN	A	692	0.4038680971407544
ASP	A	693	0.3686089876723341
VAL	A	694	0.1912358257404341
ASP	A	695	0.18164795564711803
VAL	A	696	0.1256766710480491
VAL	A	697	0.12193707695911313
VAL	A	698	0.16016527348213977
SER	A	699	0.20932826040745994
ASP	A	700	0.3485692210886052
LEU	A	701	0.35002327151735085
VAL	A	702	0.50460696334115
ASP	A	703	0.47474664307972386
PRO	A	704	0.3514685183577654
ALA	A	705	0.39160378922043165
LEU	A	706	0.3396538576323046
LEU	A	707	0.18456496800309977
GLY	A	708	0.2333431930350804
ALA	A	709	0.18066764267197263
ALA	A	710	0.1654583035142511
SER	A	711	0.3078512137679412
MET	A	712	0.38123265878641965
VAL	A	713	0.3703903830588336
LEU	A	714	0.46599116746325675
ASP	A	715	0.6179976940082008
TYR	A	716	0.7236341902584107
THR	A	717	0.8189687573089556
THR	A	718	0.9141466812102368
ARG	A	719	0.9555438305747511
ARG	A	720	0.9821805608998128
ILE	A	721	1.0
HIS	A	722	0.9951910969553569
