ResName	Chain	ResID	RMSF
MET	A	1	0.9671143056856135
GLU	A	2	0.9773212545299391
LYS	A	3	0.9622443084701745
ASN	A	4	0.9684187792817949
GLY	A	5	0.9484306062041762
ASN	A	6	0.9279072766050076
ASN	A	7	0.8133667394293524
ARG	A	8	0.5668139095099154
LYS	A	9	0.3743734481592297
LEU	A	10	0.2569704518871555
ARG	A	11	0.15590703667164835
VAL	A	12	0.07786323843011643
CYS	A	13	0.047277224731723216
VAL	A	14	0.04207111462307597
ALA	A	15	0.14242653057964355
THR	A	16	0.10363855974430027
CYS	A	17	0.2172768952213415
ASN	A	18	0.35418041070507533
ARG	A	19	0.4484164914089224
ALA	A	20	0.5039155180972547
ASP	A	21	0.36356986071042585
TYR	A	22	0.1569970129271821
SER	A	23	0.36264725169871015
LYS	A	24	0.24369680796750745
LEU	A	25	0.11940416813687918
ALA	A	26	0.15371214148614548
PRO	A	27	0.19420079563974743
ILE	A	28	0.09953009470088861
MET	A	29	0.06225129970543905
PHE	A	30	0.14586820303036105
GLY	A	31	0.19972608156211843
ILE	A	32	0.12443763697628193
LYS	A	33	0.20601569457494473
THR	A	34	0.22964700191943174
GLU	A	35	0.25911316461521866
PRO	A	36	0.3158518300399561
ALA	A	37	0.3413986194645818
PHE	A	38	0.28599471263834136
PHE	A	39	0.17175933193709025
GLU	A	40	0.15916224696295908
LEU	A	41	0.0867657136782611
ASP	A	42	0.08235569357344232
VAL	A	43	0.052372949588158184
VAL	A	44	0.03674973076809028
VAL	A	45	0.054047795058754705
LEU	A	46	0.1206724526231338
GLY	A	47	0.2935059287053225
SER	A	48	0.36540452116464434
HIS	A	49	0.2086616591245369
LEU	A	50	0.2444537829315786
ILE	A	51	0.3830196809869807
ASP	A	52	0.4334008236387294
ASP	A	53	0.5166666174005352
TYR	A	54	0.47064597526094215
GLY	A	55	0.4249915919959617
ASN	A	56	0.3362956814341065
THR	A	57	0.2674979458507885
TYR	A	58	0.2359929640467749
ARG	A	59	0.30019089285071604
MET	A	60	0.3830196809869807
ILE	A	61	0.22722339127332075
GLU	A	62	0.2840796479049551
GLN	A	63	0.3310820420150657
ASP	A	64	0.3031691137657891
ASP	A	65	0.26264244025714234
PHE	A	66	0.20063473804110835
ASP	A	67	0.26264244025714234
ILE	A	68	0.12936784785543134
ASN	A	69	0.20423539493519943
THR	A	70	0.18275390118905815
ARG	A	71	0.07937007316167174
LEU	A	72	0.17379611830002847
HIS	A	73	0.20512719318443381
THR	A	74	0.1978983970705282
ILE	A	75	0.3454043680654818
VAL	A	76	0.3863929202539582
ARG	A	77	0.5513027631341318
GLY	A	78	0.615168717283728
GLU	A	79	0.5966978094253671
ASP	A	80	0.5149560098061584
GLU	A	81	0.47299363106965664
ALA	A	82	0.3804583137346464
ALA	A	83	0.38131513942792505
MET	A	84	0.3958353047330082
VAL	A	85	0.2668102791372667
GLU	A	86	0.18177492080323432
SER	A	87	0.20953721328925212
VAL	A	88	0.15260713102275408
GLY	A	89	0.13419895227616466
LEU	A	90	0.10900949504007637
ALA	A	91	0.11940416813687918
LEU	A	92	0.09109626962219351
VAL	A	93	0.14126826639854265
LYS	A	94	0.0867657136782611
LEU	A	95	0.09535017452021469
PRO	A	96	0.07173961156884573
ASP	A	97	0.17581578860887564
VAL	A	98	0.1009074013493263
LEU	A	99	0.09394055550921197
ASN	A	100	0.16970513693264425
ARG	A	101	0.11555865645931637
LEU	A	102	0.17379611830002847
LYS	A	103	0.21812167413120698
PRO	A	104	0.15481209467571455
ASP	A	105	0.23987575208771847
ILE	A	106	0.16449149751360348
MET	A	107	0.07786323843011643
ILE	A	108	0.040310378891607414
VAL	A	109	0.07482092752335218
HIS	A	110	0.09394055550921197
GLY	A	111	0.4099079690398976
ASP	A	112	0.32358755742864503
ARG	A	113	0.381742409500299
PHE	A	114	0.31975081581995524
ASP	A	115	0.2647353941432377
ALA	A	116	0.16449149751360348
LEU	A	117	0.08235569357344232
ALA	A	118	0.08530467968098447
LEU	A	119	0.04555435461266572
ALA	A	120	0.10767797167635876
THR	A	121	0.07173961156884573
SER	A	122	0.10767797167635876
ALA	A	123	0.20601569457494473
ALA	A	124	0.31472611672941586
LEU	A	125	0.28599471263834136
MET	A	126	0.29838608322493415
ASN	A	127	0.3362956814341065
ILE	A	128	0.28852462391884687
ARG	A	129	0.20423539493519943
ILE	A	130	0.14586820303036105
LEU	A	131	0.11555865645931637
HIS	A	132	0.04381904489046831
ILE	A	133	0.06861827740629424
GLU	A	134	0.17480807496311884
GLY	A	135	0.30901707508110576
GLY	A	136	0.3774351373649277
GLU	A	137	0.33265804341583083
VAL	A	138	0.38513349718472495
SER	A	139	0.45034952611146767
GLY	A	140	0.5928269601954737
THR	A	141	0.5002935432695481
ILE	A	142	0.4415257444699138
ASP	A	143	0.4114219227226676
ASP	A	144	0.4064662965891801
SER	A	145	0.30019089285071604
ILE	A	146	0.20423539493519943
ARG	A	147	0.11165061340312292
HIS	A	148	0.16023759261557977
ALA	A	149	0.15481209467571455
ILE	A	150	0.09814484964177649
THR	A	151	0.11940416813687918
LYS	A	152	0.27225729647119323
LEU	A	153	0.2548084641231331
ALA	A	154	0.1978983970705282
HIS	A	155	0.27955091238531954
TYR	A	156	0.1988139766631815
HIS	A	157	0.08086751945390647
VAL	A	158	0.034949427575578354
CYS	A	159	0.09535017452021469
CYS	A	160	0.11555865645931637
THR	A	161	0.19972608156211843
ARG	A	162	0.280203122697133
SER	A	163	0.40258350854823766
ALA	A	164	0.2444537829315786
GLU	A	165	0.1778186281361959
GLN	A	166	0.4080020165262776
HIS	A	167	0.3454043680654818
LEU	A	168	0.3141612766282778
ILE	A	169	0.43408849035225067
SER	A	170	0.5094991543931697
MET	A	171	0.39744024794194044
CYS	A	172	0.41848576868390885
GLU	A	173	0.3598579822597763
ASP	A	174	0.44938495216493285
HIS	A	175	0.47270142513407387
ASP	A	176	0.4724088635003685
ARG	A	177	0.35225768563120824
ILE	A	178	0.24968688381485193
LEU	A	179	0.07786323843011643
LEU	A	180	0.07482092752335218
ALA	A	181	0.1353917058528043
GLY	A	182	0.18275390118905815
CYS	A	183	0.16343505909872152
PRO	A	184	0.15038175074927795
SER	A	185	0.2548084641231331
TYR	A	186	0.25042525414187616
ASP	A	187	0.2598231779895333
LYS	A	188	0.3598579822597763
LEU	A	189	0.3838674397228037
LEU	A	190	0.44614145688678125
SER	A	191	0.5005540737583787
ALA	A	192	0.6112580245899406
LYS	A	193	0.7256719591534181
ASN	A	194	0.8146387530846703
LYS	A	195	0.7630264036530383
ASP	A	196	0.5002935432695481
TYR	A	197	0.38597384542692176
MET	A	198	0.3152896324680225
SER	A	199	0.30669493766952416
ILE	A	200	0.2815022574950152
ILE	A	201	0.2344221130141148
ARG	A	202	0.21386776923318418
MET	A	203	0.2452083812042524
TRP	A	204	0.19972608156211843
LEU	A	205	0.17581578860887564
GLY	A	206	0.3191976755242163
ASP	A	207	0.351774591292853
ASP	A	208	0.3342237776336304
VAL	A	209	0.2336328205069917
LYS	A	210	0.33370299876808596
CYS	A	211	0.34836546530469653
LYS	A	212	0.2674979458507885
ASP	A	213	0.13300024977927666
TYR	A	214	0.029466162695785125
ILE	A	215	0.0
VAL	A	216	0.012223279062556032
ALA	A	217	0.034949427575578354
LEU	A	218	0.14126826639854265
GLN	A	219	0.14357923951550486
HIS	A	220	0.33002560360018446
PRO	A	221	0.35465869813140244
VAL	A	222	0.4454874718508433
THR	A	223	0.582127327077828
THR	A	224	0.5826830252500413
ASP	A	225	0.4756076195825679
ILE	A	226	0.4388478409726559
LYS	A	227	0.41104432743304026
HIS	A	228	0.3649471673588629
SER	A	229	0.3598579822597763
ILE	A	230	0.28279440766347114
LYS	A	231	0.23910419652168258
MET	A	232	0.16970513693264425
PHE	A	233	0.13775960039968263
GLU	A	234	0.12814474418562924
LEU	A	235	0.09109626962219351
THR	A	236	0.059003421192241993
LEU	A	237	0.07786323843011643
ASP	A	238	0.09394055550921197
ALA	A	239	0.06704227600552838
LEU	A	240	0.052372949588158184
ILE	A	241	0.12443763697628193
SER	A	242	0.1569970129271821
PHE	A	243	0.10363855974430027
ASN	A	244	0.19326743775831348
LYS	A	245	0.1875898662036138
ARG	A	246	0.09109626962219351
THR	A	247	0.047277224731723216
LEU	A	248	0.06704227600552838
VAL	A	249	0.16023759261557977
LEU	A	250	0.2640397660095355
PHE	A	251	0.3556124269718709
PRO	A	252	0.42747482510825857
ASN	A	253	0.5464042283840885
ILE	A	254	0.5200517346625932
ASP	A	255	0.5626270542294042
ALA	A	256	0.549397817739389
GLY	A	257	0.4718226696673043
SER	A	258	0.46315816241248225
LYS	A	259	0.49099235235008165
GLU	A	260	0.42212183428946987
MET	A	261	0.3512905239541661
VAL	A	262	0.37171773768589594
ARG	A	263	0.35080547968779696
VAL	A	264	0.25335625817972224
MET	A	265	0.2576868141236547
ARG	A	266	0.3208532918467798
LYS	A	267	0.2576868141236547
LYS	A	268	0.280203122697133
GLY	A	269	0.2444537829315786
ILE	A	270	0.22559396569370416
GLU	A	271	0.39259290341562697
HIS	A	272	0.3884774029858179
HIS	A	273	0.32358755742864503
PRO	A	274	0.36858185821802175
ASN	A	275	0.29534761857860253
PHE	A	276	0.12318911805214308
ARG	A	277	0.13775960039968263
ALA	A	278	0.23677455612555567
VAL	A	279	0.28471969982094925
LYS	A	280	0.3938139357747835
HIS	A	281	0.3998277445859343
VAL	A	282	0.35798032151874787
PRO	A	283	0.41330105154803043
PHE	A	284	0.40219175727582684
ASP	A	285	0.4458146868127704
GLN	A	286	0.3607913401412096
PHE	A	287	0.2965676179110201
ILE	A	288	0.3013866134882796
GLN	A	289	0.3019822503542673
LEU	A	290	0.2086616591245369
VAL	A	291	0.20953721328925212
ALA	A	292	0.2815022574950152
HIS	A	293	0.2172768952213415
ALA	A	294	0.08530467968098447
GLY	A	295	0.06545587187996338
CYS	A	296	0.020039881895418575
MET	A	297	0.01616335668759737
ILE	A	298	0.012223279062556032
GLY	A	299	0.09675157413167307
ASN	A	300	0.17480807496311884
SER	A	301	0.3037603547832964
SER	A	302	0.34836546530469653
CYS	A	303	0.26818365060240507
GLY	A	304	0.2336328205069917
VAL	A	305	0.2562519480563316
ARG	A	306	0.20778290365776814
GLU	A	307	0.17379611830002847
VAL	A	308	0.17980491508151666
GLY	A	309	0.36586100630170526
ALA	A	310	0.33213385705229015
PHE	A	311	0.31131699074125896
GLY	A	312	0.2674979458507885
THR	A	313	0.08530467968098447
PRO	A	314	0.027610251138286582
VAL	A	315	0.008217530461656694
ILE	A	316	0.027610251138286582
ASN	A	317	0.055711049810419494
LEU	A	318	0.16970513693264425
GLY	A	319	0.3612566633309245
THR	A	320	0.49234333596588303
ARG	A	321	0.4487397454622407
GLN	A	322	0.43851099529395465
ILE	A	323	0.5679968783579863
GLY	A	324	0.5811982986600724
ARG	A	325	0.46315816241248225
GLU	A	326	0.49872440155375236
THR	A	327	0.42427735862511684
GLY	A	328	0.5640307924434024
GLU	A	329	0.4162774283163141
ASN	A	330	0.17379611830002847
VAL	A	331	0.13775960039968263
LEU	A	332	0.2444537829315786
HIS	A	333	0.25042525414187616
VAL	A	334	0.3901320694349413
ARG	A	335	0.5161791134759597
ASP	A	336	0.5059609717406129
ALA	A	337	0.46009647320678426
ASP	A	338	0.4477686760506407
THR	A	339	0.3913656359705871
GLN	A	340	0.18079193639651073
ASP	A	341	0.3180875610682912
LYS	A	342	0.3252133089653759
ILE	A	343	0.11033368214969251
LEU	A	344	0.1353917058528043
GLN	A	345	0.3463954595829782
ALA	A	346	0.26264244025714234
LEU	A	347	0.04381904489046831
HIS	A	348	0.14010439316806195
LEU	A	349	0.29227024807890384
GLN	A	350	0.12691538420386037
PHE	A	351	0.07482092752335218
GLY	A	352	0.30901707508110576
LYS	A	353	0.2344221130141148
GLN	A	354	0.21812167413120698
TYR	A	355	0.23044947128735102
PRO	A	356	0.28852462391884687
CYS	A	357	0.3570359613551633
SER	A	358	0.4002233650084533
LYS	A	359	0.304350144901144
ILE	A	360	0.36540452116464434
TYR	A	361	0.16237395648145947
GLY	A	362	0.3013866134882796
ASP	A	363	0.3061108806326117
GLY	A	364	0.29102818147774323
ASN	A	365	0.16867141769427643
ALA	A	366	0.1022768600540447
VAL	A	367	0.07786323843011643
PRO	A	368	0.0925226201137565
ARG	A	369	0.050686350719879314
ILE	A	370	0.055711049810419494
LEU	A	371	0.0732852075862563
LYS	A	372	0.1353917058528043
PHE	A	373	0.18663042639688074
LEU	A	374	0.18372891004110412
LYS	A	375	0.2661206392023518
SER	A	376	0.35370116956440595
ILE	A	377	0.42605897799498754
ASP	A	378	0.5306203849741334
LEU	A	379	0.5403028110816304
GLN	A	380	0.6238977482693129
GLU	A	381	0.7043418406865509
PRO	A	382	0.7878239231361056
LEU	A	383	0.6945539424992305
GLN	A	384	0.6861616002990066
LYS	A	385	0.6454974132106324
LYS	A	386	0.695249906361266
PHE	A	387	0.6059427704491891
CYS	A	388	0.6717865096999077
PHE	A	389	0.7515752474885021
PRO	A	390	0.8787231125074765
PRO	A	391	0.918577763173914
VAL	A	392	0.948995446305314
LYS	A	393	0.9665530708565644
GLU	A	394	0.9681212374890276
ASN	A	395	0.9726922463895497
ILE	A	396	0.9668151435465837
SER	A	397	0.972253670807242
GLN	A	398	0.9834043291944179
ASP	A	399	0.9695312917716377
ILE	A	400	0.9491968536349681
ASP	A	401	0.9556327712723702
HIS	A	402	0.92220902171087
ILE	A	403	0.9056594957531986
LEU	A	404	0.8657466257472427
GLU	A	405	0.7655467092361183
THR	A	406	0.5867193535165333
LEU	A	407	0.5214880298878884
SER	A	408	0.37260623907640755
ALA	A	409	0.19044541685370175
LEU	A	410	0.15371214148614548
ALA	A	411	0.0732852075862563
VAL	A	412	0.07937007316167174
ASP	A	413	0.2584010474945001
LEU	A	414	0.4064662965891801
GLY	A	415	0.6008506445378419
GLY	A	416	0.6462086873385599
THR	A	417	0.6109292429348214
ASN	A	418	0.46497662772639586
LEU	A	419	0.3037603547832964
ARG	A	420	0.16023759261557977
VAL	A	421	0.07482092752335218
ALA	A	422	0.09394055550921197
ILE	A	423	0.09535017452021469
VAL	A	424	0.15260713102275408
SER	A	425	0.36586100630170526
MET	A	426	0.48075182112974
LYS	A	427	0.4846781055697538
GLY	A	428	0.4249915919959617
GLU	A	429	0.3413986194645818
ILE	A	430	0.2548084641231331
VAL	A	431	0.2729295748183812
LYS	A	432	0.20690092339306962
LYS	A	433	0.15916224696295908
TYR	A	434	0.1988139766631815
THR	A	435	0.1875898662036138
GLN	A	436	0.18949733139383249
PHE	A	437	0.37127225219706766
ASN	A	438	0.3990345446830856
PRO	A	439	0.3463954595829782
LYS	A	440	0.49767258651652785
THR	A	441	0.3863929202539582
TYR	A	442	0.36948200665755987
GLU	A	443	0.35370116956440595
GLU	A	444	0.2344221130141148
ARG	A	445	0.22964700191943174
ILE	A	446	0.2619407190216779
SER	A	447	0.22559396569370416
LEU	A	448	0.1365785692643269
ILE	A	449	0.15808206827993335
LEU	A	450	0.18566714112974533
GLN	A	451	0.14010439316806195
MET	A	452	0.09535017452021469
CYS	A	453	0.14926128553849394
VAL	A	454	0.29717530307019235
GLU	A	455	0.21812167413120698
ALA	A	456	0.22477509146912553
ALA	A	457	0.4129263993249905
ALA	A	458	0.4411926337410355
GLU	A	459	0.3621846156513124
ALA	A	460	0.4041441591775985
VAL	A	461	0.5453259881170521
LYS	A	462	0.5250416582420766
LEU	A	463	0.4408590606792836
ASN	A	464	0.5097498996975114
CYS	A	465	0.4715290357243518
ARG	A	466	0.5051959651984456
ILE	A	467	0.40608082841928367
LEU	A	468	0.42356099638861816
GLY	A	469	0.32195073371896077
VAL	A	470	0.17277988273768857
GLY	A	471	0.11165061340312292
ILE	A	472	0.08821791962167097
SER	A	473	0.22964700191943174
THR	A	474	0.35608787589529467
GLY	A	475	0.5326794686508894
GLY	A	476	0.5181232239949168
ARG	A	477	0.44711910983791103
VAL	A	478	0.2729295748183812
ASN	A	479	0.2815022574950152
PRO	A	480	0.36032511428712827
GLN	A	481	0.4569952772446222
GLU	A	482	0.4551151684203094
GLY	A	483	0.353220970898343
ILE	A	484	0.24217566774787144
VAL	A	485	0.29959079428073887
LEU	A	486	0.37700013389339326
HIS	A	487	0.4841211195674849
SER	A	488	0.5924719537019586
THR	A	489	0.6630743106926222
LYS	A	490	0.6946700765205341
LEU	A	491	0.6964053862427306
ILE	A	492	0.5897925574739572
GLN	A	493	0.5834219631185641
GLU	A	494	0.4354579490569686
TRP	A	495	0.41104432743304026
ASN	A	496	0.44384468109105274
SER	A	497	0.38216892132902336
VAL	A	498	0.26818365060240507
ASP	A	499	0.2668102791372667
LEU	A	500	0.26542901468934843
ARG	A	501	0.3257527914644205
THR	A	502	0.3970400157888132
PRO	A	503	0.31975081581995524
LEU	A	504	0.33886069353288945
SER	A	505	0.44252231543094744
ASP	A	506	0.440190522411187
THR	A	507	0.46315816241248225
LEU	A	508	0.4846781055697538
HIS	A	509	0.46975965826725125
LEU	A	510	0.4480928019964777
PRO	A	511	0.43236562023319414
VAL	A	512	0.27158313234777187
TRP	A	513	0.18177492080323432
VAL	A	514	0.17379611830002847
ASP	A	515	0.20953721328925212
ASN	A	516	0.3454043680654818
ASP	A	517	0.4330562510314477
GLY	A	518	0.39218451019516637
ASN	A	519	0.23284092736087922
CYS	A	520	0.24369680796750745
ALA	A	521	0.2674979458507885
ALA	A	522	0.17379611830002847
MET	A	523	0.2336328205069917
ALA	A	524	0.18079193639651073
GLU	A	525	0.16130814829396323
ARG	A	526	0.2344221130141148
LYS	A	527	0.3378379713410635
PHE	A	528	0.3049384912228897
GLY	A	529	0.29898919358511494
GLN	A	530	0.2172768952213415
GLY	A	531	0.2555312897880077
LYS	A	532	0.32789869279542544
GLY	A	533	0.43408849035225067
GLN	A	534	0.32358755742864503
GLU	A	535	0.2749351999684516
ASN	A	536	0.16023759261557977
PHE	A	537	0.06063284677185975
VAL	A	538	0.055711049810419494
THR	A	539	0.1022768600540447
LEU	A	540	0.17881382356401962
ILE	A	541	0.3897194695869781
THR	A	542	0.47270142513407387
GLY	A	543	0.5761185302963402
THR	A	544	0.5963484789097805
GLY	A	545	0.5285435077469745
ILE	A	546	0.462243743988887
GLY	A	547	0.4569952772446222
GLY	A	548	0.30669493766952416
GLY	A	549	0.18663042639688074
ILE	A	550	0.059003421192241993
ILE	A	551	0.08235569357344232
HIS	A	552	0.14126826639854265
GLN	A	553	0.2808535678909256
HIS	A	554	0.4006183352738635
GLU	A	555	0.3942195719088981
LEU	A	556	0.30669493766952416
ILE	A	557	0.19138977701728568
HIS	A	558	0.25189522418244664
GLY	A	559	0.37525220362599965
SER	A	560	0.3994314718623414
SER	A	561	0.4357990979466273
PHE	A	562	0.36948200665755987
CYS	A	563	0.36858185821802175
ALA	A	564	0.3013866134882796
ALA	A	565	0.29898919358511494
GLU	A	566	0.3982387182857006
LEU	A	567	0.31016978401696704
GLY	A	568	0.37916732037584633
HIS	A	569	0.3503194545425663
LEU	A	570	0.15808206827993335
VAL	A	571	0.08530467968098447
VAL	A	572	0.09394055550921197
SER	A	573	0.18854549113026653
LEU	A	574	0.2640397660095355
ASP	A	575	0.3721623989642829
GLY	A	576	0.3838674397228037
PRO	A	577	0.27225729647119323
ASP	A	578	0.3019822503542673
CYS	A	579	0.4217606931961073
SER	A	580	0.582127327077828
CYS	A	581	0.5638307596791203
GLY	A	582	0.5317664975533858
SER	A	583	0.41775190749568153
HIS	A	584	0.2548084641231331
GLY	A	585	0.19044541685370175
CYS	A	586	0.14010439316806195
ILE	A	587	0.11555865645931637
GLU	A	588	0.32467261278139553
ALA	A	589	0.27426851617782094
TYR	A	590	0.15481209467571455
ALA	A	591	0.21812167413120698
SER	A	592	0.3855540385910814
GLY	A	593	0.45668294535867604
MET	A	594	0.49099235235008165
ALA	A	595	0.3676783257538374
LEU	A	596	0.3262910657149764
GLN	A	597	0.390543962170565
ARG	A	598	0.390543962170565
GLU	A	599	0.31472611672941586
ALA	A	600	0.37171773768589594
LYS	A	601	0.3990345446830856
LYS	A	602	0.3756903794126594
LEU	A	603	0.3913656359705871
HIS	A	604	0.4428535895735562
ASP	A	605	0.4787643609359994
GLU	A	606	0.4199468026811844
ASP	A	607	0.4744493554014679
LEU	A	608	0.3901320694349413
LEU	A	609	0.44318440772958867
LEU	A	610	0.49555504548438345
VAL	A	611	0.525746121919117
GLU	A	612	0.630811149734644
GLY	A	613	0.6433508730198909
MET	A	614	0.5416233602962433
SER	A	615	0.6676648335114538
VAL	A	616	0.6783370442789407
PRO	A	617	0.7208268671021987
LYS	A	618	0.7683828582320369
ASP	A	619	0.742899141515823
GLU	A	620	0.7217622430598163
PRO	A	621	0.663735492271684
VAL	A	622	0.5474776529125818
GLY	A	623	0.533815827044032
ALA	A	624	0.5371930163698058
LEU	A	625	0.5567226139364034
HIS	A	626	0.4679771579897417
LEU	A	627	0.41848576868390885
ILE	A	628	0.4893610835147143
GLN	A	629	0.4758963155360933
ALA	A	630	0.4170157986433378
ALA	A	631	0.4591703088529074
LYS	A	632	0.49234333596588303
LEU	A	633	0.41404860845683084
GLY	A	634	0.45099043143102724
ASN	A	635	0.33886069353288945
VAL	A	636	0.3368108785283052
LYS	A	637	0.3305544032687595
ALA	A	638	0.3612566633309245
GLN	A	639	0.37393286260521114
ASN	A	640	0.29898919358511494
ILE	A	641	0.28852462391884687
LEU	A	642	0.35465869813140244
ARG	A	643	0.31016978401696704
THR	A	644	0.23677455612555567
ALA	A	645	0.20690092339306962
GLY	A	646	0.20690092339306962
THR	A	647	0.10900949504007637
ALA	A	648	0.0867657136782611
LEU	A	649	0.08383470964041294
GLY	A	650	0.11684734240158355
LEU	A	651	0.06545587187996338
GLY	A	652	0.09109626962219351
VAL	A	653	0.0867657136782611
VAL	A	654	0.08086751945390647
ASN	A	655	0.09535017452021469
ILE	A	656	0.10499258784630965
LEU	A	657	0.11426302338946244
HIS	A	658	0.12691538420386037
THR	A	659	0.19138977701728568
MET	A	660	0.23044947128735102
ASP	A	661	0.26542901468934843
PRO	A	662	0.18663042639688074
SER	A	663	0.25042525414187616
LEU	A	664	0.10633903031691999
VAL	A	665	0.059003421192241993
ILE	A	666	0.06063284677185975
LEU	A	667	0.1707344290943307
SER	A	668	0.3888921388133433
GLY	A	669	0.5632296605269089
VAL	A	670	0.6306596594350105
LEU	A	671	0.5139730253994355
ALA	A	672	0.4302817399605412
SER	A	673	0.4691669591939699
HIS	A	674	0.4901781019301072
TYR	A	675	0.3362956814341065
ILE	A	676	0.27225729647119323
HIS	A	677	0.2959583923568936
ILE	A	678	0.25262685139099905
VAL	A	679	0.17379611830002847
LYS	A	680	0.20778290365776814
ASP	A	681	0.2452083812042524
VAL	A	682	0.17379611830002847
ILE	A	683	0.21812167413120698
ARG	A	684	0.29838608322493415
GLN	A	685	0.30078949677762595
GLN	A	686	0.2866296914817047
ALA	A	687	0.33318108900292287
SER	A	688	0.45947942703367006
SER	A	689	0.4682751609447359
SER	A	690	0.5114978299649052
VAL	A	691	0.4871686910950529
GLN	A	692	0.5959986399070923
ASP	A	693	0.5519344043713122
VAL	A	694	0.3031691137657891
ASP	A	695	0.24968688381485193
VAL	A	696	0.15916224696295908
VAL	A	697	0.14126826639854265
VAL	A	698	0.17277988273768857
SER	A	699	0.22641005935529293
ASP	A	700	0.353220970898343
LEU	A	701	0.3512905239541661
VAL	A	702	0.511994912566944
ASP	A	703	0.4779075352427211
PRO	A	704	0.37304926104961295
ALA	A	705	0.3998277445859343
LEU	A	706	0.3439100253088966
LEU	A	707	0.18854549113026653
GLY	A	708	0.24293744129341557
ALA	A	709	0.17277988273768857
ALA	A	710	0.16449149751360348
SER	A	711	0.3037603547832964
MET	A	712	0.36677138372510776
VAL	A	713	0.3368108785283052
LEU	A	714	0.451310244322411
ASP	A	715	0.577067364345172
TYR	A	716	0.6318689165894164
THR	A	717	0.7358624356768407
THR	A	718	0.8858503161641204
ARG	A	719	0.927378767645665
ARG	A	720	0.9922159877634882
ILE	A	721	1.0
HIS	A	722	0.995060669717108
